<?xml version="1.0" encoding="UTF-8"?>
<TestRun id="914e429f-66b4-49eb-b796-b79d698cab7e" name="yuta@MATVAIO 2016-12-02 17:27:14" runUser="MATVAIO\yuta" xmlns="http://microsoft.com/schemas/VisualStudio/TeamTest/2010">
  <TestSettings name="ローカル" id="af615b3f-2787-4d40-8c72-eb877e5b5b59">
    <Description>これらはローカル テスト実行用の既定のテスト設定です。</Description>
    <Execution>
      <TestTypeSpecific />
      <AgentRule name="Execution Agents">
      </AgentRule>
    </Execution>
    <Deployment runDeploymentRoot="yuta_MATVAIO 2016-12-02 17_27_14" />
    <Properties>
      <Property name="TestSettingsUIType" value="LoadTest" />
    </Properties>
  </TestSettings>
  <Times creation="2016-12-02T17:27:14.3067191+09:00" queuing="2016-12-02T17:27:14.5994325+09:00" start="2016-12-02T17:27:14.7185023+09:00" finish="2016-12-02T17:27:44.7123612+09:00" />
  <ResultSummary outcome="Failed">
    <Counters total="1" executed="1" error="0" failed="1" timeout="0" aborted="0" inconclusive="0" passedButRunAborted="0" notRunnable="0" notExecuted="0" disconnected="0" warning="0" passed="0" completed="0" inProgress="0" pending="0" />
  </ResultSummary>
  <TestDefinitions>
    <WebTest name="WebTest1" storage="d:\src\yuta\webandloadtestproject1\webandloadtestproject1\webtest1.webtest" id="a20ed876-00c3-4cdb-8138-c57f398c88d8" persistedWebTest="77u/PD94bWwgdmVyc2lvbj0iMS4wIiBlbmNvZGluZz0iVVRGLTgiIHN0YW5kYWxvbmU9InllcyI/Pg0KPFdlYlRlc3QgTmFtZT0iV2ViVGVzdDEiIElkPSJhMjBlZDg3Ni0wMGMzLTRjZGItODEzOC1jNTdmMzk4Yzg4ZDgiIE93bmVyPSIiIFByaW9yaXR5PSIyMTQ3NDgzNjQ3IiBFbmFibGVkPSJUcnVlIiBDc3NQcm9qZWN0U3RydWN0dXJlPSIiIENzc0l0ZXJhdGlvbj0iIiBUaW1lb3V0PSIwIiBXb3JrSXRlbUlkcz0iIiB4bWxucz0iaHR0cDovL21pY3Jvc29mdC5jb20vc2NoZW1hcy9WaXN1YWxTdHVkaW8vVGVhbVRlc3QvMjAxMCIgRGVzY3JpcHRpb249IiIgQ3JlZGVudGlhbFVzZXJOYW1lPSIiIENyZWRlbnRpYWxQYXNzd29yZD0iIiBQcmVBdXRoZW50aWNhdGU9IlRydWUiIFByb3h5PSJkZWZhdWx0IiBTdG9wT25FcnJvcj0iRmFsc2UiIFJlY29yZGVkUmVzdWx0RmlsZT0iV2ViVGVzdDEuYzQzMWIyNzAtMWJlNi00OTM1LWIxYzAtNWVmYmY1NmY3ZGEzLnJlYy53ZWJ0ZXN0cmVzdWx0IiBSZXN1bHRzTG9jYWxlPSIiPg0KICA8SXRlbXM+DQogICAgPFJlcXVlc3QgTWV0aG9kPSJHRVQiIEd1aWQ9ImZjOTJmZDc2LTYxMGQtNDQ5Ni1hNGI2LWIxMjgxMjM4ZGZhYiIgVmVyc2lvbj0iMS4xIiBVcmw9Imh0dHA6Ly9hcGkuYmluZy5jb20vcXNtbC5hc3B4IiBUaGlua1RpbWU9IjAiIFRpbWVvdXQ9IjMwMCIgUGFyc2VEZXBlbmRlbnRSZXF1ZXN0cz0iVHJ1ZSIgRm9sbG93UmVkaXJlY3RzPSJUcnVlIiBSZWNvcmRSZXN1bHQ9IlRydWUiIENhY2hlPSJGYWxzZSIgUmVzcG9uc2VUaW1lR29hbD0iMCIgRW5jb2Rpbmc9InV0Zi04IiBFeHBlY3RlZEh0dHBTdGF0dXNDb2RlPSIwIiBFeHBlY3RlZFJlc3BvbnNlVXJsPSIiIFJlcG9ydGluZ05hbWU9IiIgSWdub3JlSHR0cFN0YXR1c0NvZGU9IkZhbHNlIj4NCiAgICAgIDxRdWVyeVN0cmluZ1BhcmFtZXRlcnM+DQogICAgICAgIDxRdWVyeVN0cmluZ1BhcmFtZXRlciBOYW1lPSJxdWVyeSIgVmFsdWU9Imh0dHAlM0ElMkYlMkZteXNhdWNlZmFjdG9yeS1kZW1vLmF6dXJld2Vic2l0ZXMubmV0JTJGIiBSZWNvcmRlZFZhbHVlPSJodHRwJTNBJTJGJTJGbXlzYXVjZWZhY3RvcnktZGVtby5henVyZXdlYnNpdGVzLm5ldCUyRiIgQ29ycmVsYXRpb25CaW5kaW5nPSIiIFVybEVuY29kZT0iRmFsc2UiIFVzZVRvR3JvdXBSZXN1bHRzPSJGYWxzZSIgLz4NCiAgICAgICAgPFF1ZXJ5U3RyaW5nUGFyYW1ldGVyIE5hbWU9Im1heHdpZHRoIiBWYWx1ZT0iMzI3NjUiIFJlY29yZGVkVmFsdWU9IjMyNzY1IiBDb3JyZWxhdGlvbkJpbmRpbmc9IiIgVXJsRW5jb2RlPSJGYWxzZSIgVXNlVG9Hcm91cFJlc3VsdHM9IkZhbHNlIiAvPg0KICAgICAgICA8UXVlcnlTdHJpbmdQYXJhbWV0ZXIgTmFtZT0icm93aGVpZ2h0IiBWYWx1ZT0iMjAiIFJlY29yZGVkVmFsdWU9IjIwIiBDb3JyZWxhdGlvbkJpbmRpbmc9IiIgVXJsRW5jb2RlPSJGYWxzZSIgVXNlVG9Hcm91cFJlc3VsdHM9IkZhbHNlIiAvPg0KICAgICAgICA8UXVlcnlTdHJpbmdQYXJhbWV0ZXIgTmFtZT0ic2VjdGlvbkhlaWdodCIgVmFsdWU9IjE2MCIgUmVjb3JkZWRWYWx1ZT0iMTYwIiBDb3JyZWxhdGlvbkJpbmRpbmc9IiIgVXJsRW5jb2RlPSJGYWxzZSIgVXNlVG9Hcm91cFJlc3VsdHM9IkZhbHNlIiAvPg0KICAgICAgICA8UXVlcnlTdHJpbmdQYXJhbWV0ZXIgTmFtZT0iRk9STSIgVmFsdWU9IklFU1MwMiIgUmVjb3JkZWRWYWx1ZT0iSUVTUzAyIiBDb3JyZWxhdGlvbkJpbmRpbmc9IiIgVXJsRW5jb2RlPSJGYWxzZSIgVXNlVG9Hcm91cFJlc3VsdHM9IkZhbHNlIiAvPg0KICAgICAgICA8UXVlcnlTdHJpbmdQYXJhbWV0ZXIgTmFtZT0ibWFya2V0IiBWYWx1ZT0iamEiIFJlY29yZGVkVmFsdWU9ImphIiBDb3JyZWxhdGlvbkJpbmRpbmc9IiIgVXJsRW5jb2RlPSJGYWxzZSIgVXNlVG9Hcm91cFJlc3VsdHM9IkZhbHNlIiAvPg0KICAgICAgPC9RdWVyeVN0cmluZ1BhcmFtZXRlcnM+DQogICAgPC9SZXF1ZXN0Pg0KICAgIDxSZXF1ZXN0IE1ldGhvZD0iR0VUIiBHdWlkPSJkZDIxYjhiZS03NmNkLTRlMjEtYjhhNi1hNzYwNDA4YTBkYjMiIFZlcnNpb249IjEuMSIgVXJsPSJodHRwOi8vYXBpLmJpbmcuY29tL3FzbWwuYXNweCIgVGhpbmtUaW1lPSIxIiBUaW1lb3V0PSIzMDAiIFBhcnNlRGVwZW5kZW50UmVxdWVzdHM9IlRydWUiIEZvbGxvd1JlZGlyZWN0cz0iVHJ1ZSIgUmVjb3JkUmVzdWx0PSJUcnVlIiBDYWNoZT0iRmFsc2UiIFJlc3BvbnNlVGltZUdvYWw9IjAiIEVuY29kaW5nPSJ1dGYtOCIgRXhwZWN0ZWRIdHRwU3RhdHVzQ29kZT0iMCIgRXhwZWN0ZWRSZXNwb25zZVVybD0iIiBSZXBvcnRpbmdOYW1lPSIiIElnbm9yZUh0dHBTdGF0dXNDb2RlPSJGYWxzZSI+DQogICAgICA8UXVlcnlTdHJpbmdQYXJhbWV0ZXJzPg0KICAgICAgICA8UXVlcnlTdHJpbmdQYXJhbWV0ZXIgTmFtZT0icXVlcnkiIFZhbHVlPSJodHRwJTNBJTJGJTJGbXlzYXVjZWZhY3RvcnktZGVtby5henVyZXdlYnNpdGVzLm5ldCUyRiIgUmVjb3JkZWRWYWx1ZT0iaHR0cCUzQSUyRiUyRm15c2F1Y2VmYWN0b3J5LWRlbW8uYXp1cmV3ZWJzaXRlcy5uZXQlMkYiIENvcnJlbGF0aW9uQmluZGluZz0iIiBVcmxFbmNvZGU9IkZhbHNlIiBVc2VUb0dyb3VwUmVzdWx0cz0iRmFsc2UiIC8+DQogICAgICAgIDxRdWVyeVN0cmluZ1BhcmFtZXRlciBOYW1lPSJtYXh3aWR0aCIgVmFsdWU9IjMyNzY1IiBSZWNvcmRlZFZhbHVlPSIzMjc2NSIgQ29ycmVsYXRpb25CaW5kaW5nPSIiIFVybEVuY29kZT0iRmFsc2UiIFVzZVRvR3JvdXBSZXN1bHRzPSJGYWxzZSIgLz4NCiAgICAgICAgPFF1ZXJ5U3RyaW5nUGFyYW1ldGVyIE5hbWU9InJvd2hlaWdodCIgVmFsdWU9IjIwIiBSZWNvcmRlZFZhbHVlPSIyMCIgQ29ycmVsYXRpb25CaW5kaW5nPSIiIFVybEVuY29kZT0iRmFsc2UiIFVzZVRvR3JvdXBSZXN1bHRzPSJGYWxzZSIgLz4NCiAgICAgICAgPFF1ZXJ5U3RyaW5nUGFyYW1ldGVyIE5hbWU9InNlY3Rpb25IZWlnaHQiIFZhbHVlPSIxNjAiIFJlY29yZGVkVmFsdWU9IjE2MCIgQ29ycmVsYXRpb25CaW5kaW5nPSIiIFVybEVuY29kZT0iRmFsc2UiIFVzZVRvR3JvdXBSZXN1bHRzPSJGYWxzZSIgLz4NCiAgICAgICAgPFF1ZXJ5U3RyaW5nUGFyYW1ldGVyIE5hbWU9IkZPUk0iIFZhbHVlPSJJRVNTMDIiIFJlY29yZGVkVmFsdWU9IklFU1MwMiIgQ29ycmVsYXRpb25CaW5kaW5nPSIiIFVybEVuY29kZT0iRmFsc2UiIFVzZVRvR3JvdXBSZXN1bHRzPSJGYWxzZSIgLz4NCiAgICAgICAgPFF1ZXJ5U3RyaW5nUGFyYW1ldGVyIE5hbWU9Im1hcmtldCIgVmFsdWU9ImphIiBSZWNvcmRlZFZhbHVlPSJqYSIgQ29ycmVsYXRpb25CaW5kaW5nPSIiIFVybEVuY29kZT0iRmFsc2UiIFVzZVRvR3JvdXBSZXN1bHRzPSJGYWxzZSIgLz4NCiAgICAgIDwvUXVlcnlTdHJpbmdQYXJhbWV0ZXJzPg0KICAgIDwvUmVxdWVzdD4NCiAgICA8UmVxdWVzdCBNZXRob2Q9IkdFVCIgR3VpZD0iMjJmMDIxYTctOWFhMy00OWU4LTgwMWEtMzUwOTk3ZTVmNWIyIiBWZXJzaW9uPSIxLjEiIFVybD0iaHR0cDovL215c2F1Y2VmYWN0b3J5LWRlbW8uYXp1cmV3ZWJzaXRlcy5uZXQvIiBUaGlua1RpbWU9IjAiIFRpbWVvdXQ9IjMwMCIgUGFyc2VEZXBlbmRlbnRSZXF1ZXN0cz0iVHJ1ZSIgRm9sbG93UmVkaXJlY3RzPSJUcnVlIiBSZWNvcmRSZXN1bHQ9IlRydWUiIENhY2hlPSJGYWxzZSIgUmVzcG9uc2VUaW1lR29hbD0iMCIgRW5jb2Rpbmc9InV0Zi04IiBFeHBlY3RlZEh0dHBTdGF0dXNDb2RlPSIwIiBFeHBlY3RlZFJlc3BvbnNlVXJsPSIiIFJlcG9ydGluZ05hbWU9IiIgSWdub3JlSHR0cFN0YXR1c0NvZGU9IkZhbHNlIj4NCiAgICAgIDxEZXBlbmRlbnRSZXF1ZXN0cz4NCiAgICAgICAgPFJlcXVlc3QgTWV0aG9kPSJHRVQiIEd1aWQ9IjNjNDM4N2EzLTlmN2ItNGJmMS04MjJhLTVkNjdjMTUyNDMwMiIgVmVyc2lvbj0iMS4xIiBVcmw9Imh0dHA6Ly9teXNhdWNlZmFjdG9yeS1kZW1vLmF6dXJld2Vic2l0ZXMubmV0L2ZvbnRzL2ZvbnRhd2Vzb21lLXdlYmZvbnQuZW90IiBUaGlua1RpbWU9IjAiIFRpbWVvdXQ9IjMwMCIgUGFyc2VEZXBlbmRlbnRSZXF1ZXN0cz0iVHJ1ZSIgRm9sbG93UmVkaXJlY3RzPSJUcnVlIiBSZWNvcmRSZXN1bHQ9IlRydWUiIENhY2hlPSJGYWxzZSIgUmVzcG9uc2VUaW1lR29hbD0iMCIgRW5jb2Rpbmc9InV0Zi04IiBFeHBlY3RlZEh0dHBTdGF0dXNDb2RlPSIwIiBFeHBlY3RlZFJlc3BvbnNlVXJsPSIiIFJlcG9ydGluZ05hbWU9IiIgSWdub3JlSHR0cFN0YXR1c0NvZGU9IkZhbHNlIj4NCiAgICAgICAgICA8SGVhZGVycz4NCiAgICAgICAgICAgIDxIZWFkZXIgTmFtZT0iUmVmZXJlciIgVmFsdWU9Imh0dHA6Ly9teXNhdWNlZmFjdG9yeS1kZW1vLmF6dXJld2Vic2l0ZXMubmV0LyIgLz4NCiAgICAgICAgICA8L0hlYWRlcnM+DQogICAgICAgICAgPFF1ZXJ5U3RyaW5nUGFyYW1ldGVycz4NCiAgICAgICAgICAgIDxRdWVyeVN0cmluZ1BhcmFtZXRlciBOYW1lPSIiIFZhbHVlPSIiIFJlY29yZGVkVmFsdWU9IiIgQ29ycmVsYXRpb25CaW5kaW5nPSIiIFVybEVuY29kZT0iRmFsc2UiIFVzZVRvR3JvdXBSZXN1bHRzPSJGYWxzZSIgLz4NCiAgICAgICAgICA8L1F1ZXJ5U3RyaW5nUGFyYW1ldGVycz4NCiAgICAgICAgPC9SZXF1ZXN0Pg0KICAgICAgICA8UmVxdWVzdCBNZXRob2Q9Ik9QVElPTlMiIEd1aWQ9IjY0OTcwYThkLTkyOWItNGVhMC1iMTM5LTg4ZDcyMDk1MjY3MiIgVmVyc2lvbj0iMS4xIiBVcmw9Imh0dHBzOi8vZ3cubXlzYXVjZWZhY3RvcnkuY29tL2Rldi9teXNhdWNlLWFwaS1wcm94eS1kZXYvdjEuMC9mZWF0dXJlZHByb2R1Y3RzIiBUaGlua1RpbWU9IjAiIFRpbWVvdXQ9IjMwMCIgUGFyc2VEZXBlbmRlbnRSZXF1ZXN0cz0iVHJ1ZSIgRm9sbG93UmVkaXJlY3RzPSJUcnVlIiBSZWNvcmRSZXN1bHQ9IlRydWUiIENhY2hlPSJGYWxzZSIgUmVzcG9uc2VUaW1lR29hbD0iMCIgRW5jb2Rpbmc9InV0Zi04IiBFeHBlY3RlZEh0dHBTdGF0dXNDb2RlPSIwIiBFeHBlY3RlZFJlc3BvbnNlVXJsPSIiIFJlcG9ydGluZ05hbWU9IiIgSWdub3JlSHR0cFN0YXR1c0NvZGU9IkZhbHNlIj4NCiAgICAgICAgICA8UXVlcnlTdHJpbmdQYXJhbWV0ZXJzPg0KICAgICAgICAgICAgPFF1ZXJ5U3RyaW5nUGFyYW1ldGVyIE5hbWU9ImZpZWxkcyIgVmFsdWU9ImlkJTJDcHJvZHVjdF9pZCUyQ3RpdGxlJTJDcGljdHVyZSIgUmVjb3JkZWRWYWx1ZT0iaWQlMkNwcm9kdWN0X2lkJTJDdGl0bGUlMkNwaWN0dXJlIiBDb3JyZWxhdGlvbkJpbmRpbmc9IiIgVXJsRW5jb2RlPSJGYWxzZSIgVXNlVG9Hcm91cFJlc3VsdHM9IkZhbHNlIiAvPg0KICAgICAgICAgICAgPFF1ZXJ5U3RyaW5nUGFyYW1ldGVyIE5hbWU9ImxpbWl0IiBWYWx1ZT0iNSIgUmVjb3JkZWRWYWx1ZT0iNSIgQ29ycmVsYXRpb25CaW5kaW5nPSIiIFVybEVuY29kZT0iRmFsc2UiIFVzZVRvR3JvdXBSZXN1bHRzPSJGYWxzZSIgLz4NCiAgICAgICAgICAgIDxRdWVyeVN0cmluZ1BhcmFtZXRlciBOYW1lPSJvZmZzZXQiIFZhbHVlPSIwIiBSZWNvcmRlZFZhbHVlPSIwIiBDb3JyZWxhdGlvbkJpbmRpbmc9IiIgVXJsRW5jb2RlPSJGYWxzZSIgVXNlVG9Hcm91cFJlc3VsdHM9IkZhbHNlIiAvPg0KICAgICAgICAgICAgPFF1ZXJ5U3RyaW5nUGFyYW1ldGVyIE5hbWU9InNvcnQiIFZhbHVlPSJwcm9kdWN0X2lkIiBSZWNvcmRlZFZhbHVlPSJwcm9kdWN0X2lkIiBDb3JyZWxhdGlvbkJpbmRpbmc9IiIgVXJsRW5jb2RlPSJGYWxzZSIgVXNlVG9Hcm91cFJlc3VsdHM9IkZhbHNlIiAvPg0KICAgICAgICAgICAgPFF1ZXJ5U3RyaW5nUGFyYW1ldGVyIE5hbWU9ImFzYyIgVmFsdWU9InRydWUiIFJlY29yZGVkVmFsdWU9InRydWUiIENvcnJlbGF0aW9uQmluZGluZz0iIiBVcmxFbmNvZGU9IkZhbHNlIiBVc2VUb0dyb3VwUmVzdWx0cz0iRmFsc2UiIC8+DQogICAgICAgICAgPC9RdWVyeVN0cmluZ1BhcmFtZXRlcnM+DQogICAgICAgICAgPFN0cmluZ0h0dHBCb2R5IENvbnRlbnRUeXBlPSIiIEluc2VydEJ5dGVPcmRlck1hcms9IkZhbHNlIj4NCiAgICAgICAgICA8L1N0cmluZ0h0dHBCb2R5Pg0KICAgICAgICA8L1JlcXVlc3Q+DQogICAgICAgIDxSZXF1ZXN0IE1ldGhvZD0iR0VUIiBHdWlkPSIzNzllODg5Yy00MDIyLTRmMWYtOTdiZS0zNzMwNTUzN2Y1ZDYiIFZlcnNpb249IjEuMSIgVXJsPSJodHRwczovL2d3Lm15c2F1Y2VmYWN0b3J5LmNvbS9kZXYvbXlzYXVjZS1hcGktcHJveHktZGV2L3YxLjAvZmVhdHVyZWRwcm9kdWN0cyIgVGhpbmtUaW1lPSIwIiBUaW1lb3V0PSIzMDAiIFBhcnNlRGVwZW5kZW50UmVxdWVzdHM9IlRydWUiIEZvbGxvd1JlZGlyZWN0cz0iVHJ1ZSIgUmVjb3JkUmVzdWx0PSJUcnVlIiBDYWNoZT0iRmFsc2UiIFJlc3BvbnNlVGltZUdvYWw9IjAiIEVuY29kaW5nPSJ1dGYtOCIgRXhwZWN0ZWRIdHRwU3RhdHVzQ29kZT0iMCIgRXhwZWN0ZWRSZXNwb25zZVVybD0iIiBSZXBvcnRpbmdOYW1lPSIiIElnbm9yZUh0dHBTdGF0dXNDb2RlPSJGYWxzZSI+DQogICAgICAgICAgPEhlYWRlcnM+DQogICAgICAgICAgICA8SGVhZGVyIE5hbWU9IkFjY2VwdCIgVmFsdWU9IiovKiIgLz4NCiAgICAgICAgICAgIDxIZWFkZXIgTmFtZT0iUmVmZXJlciIgVmFsdWU9Imh0dHA6Ly9teXNhdWNlZmFjdG9yeS1kZW1vLmF6dXJld2Vic2l0ZXMubmV0LyIgLz4NCiAgICAgICAgICA8L0hlYWRlcnM+DQogICAgICAgICAgPFF1ZXJ5U3RyaW5nUGFyYW1ldGVycz4NCiAgICAgICAgICAgIDxRdWVyeVN0cmluZ1BhcmFtZXRlciBOYW1lPSJmaWVsZHMiIFZhbHVlPSJpZCUyQ3Byb2R1Y3RfaWQlMkN0aXRsZSUyQ3BpY3R1cmUiIFJlY29yZGVkVmFsdWU9ImlkJTJDcHJvZHVjdF9pZCUyQ3RpdGxlJTJDcGljdHVyZSIgQ29ycmVsYXRpb25CaW5kaW5nPSIiIFVybEVuY29kZT0iRmFsc2UiIFVzZVRvR3JvdXBSZXN1bHRzPSJGYWxzZSIgLz4NCiAgICAgICAgICAgIDxRdWVyeVN0cmluZ1BhcmFtZXRlciBOYW1lPSJsaW1pdCIgVmFsdWU9IjUiIFJlY29yZGVkVmFsdWU9IjUiIENvcnJlbGF0aW9uQmluZGluZz0iIiBVcmxFbmNvZGU9IkZhbHNlIiBVc2VUb0dyb3VwUmVzdWx0cz0iRmFsc2UiIC8+DQogICAgICAgICAgICA8UXVlcnlTdHJpbmdQYXJhbWV0ZXIgTmFtZT0ib2Zmc2V0IiBWYWx1ZT0iMCIgUmVjb3JkZWRWYWx1ZT0iMCIgQ29ycmVsYXRpb25CaW5kaW5nPSIiIFVybEVuY29kZT0iRmFsc2UiIFVzZVRvR3JvdXBSZXN1bHRzPSJGYWxzZSIgLz4NCiAgICAgICAgICAgIDxRdWVyeVN0cmluZ1BhcmFtZXRlciBOYW1lPSJzb3J0IiBWYWx1ZT0icHJvZHVjdF9pZCIgUmVjb3JkZWRWYWx1ZT0icHJvZHVjdF9pZCIgQ29ycmVsYXRpb25CaW5kaW5nPSIiIFVybEVuY29kZT0iRmFsc2UiIFVzZVRvR3JvdXBSZXN1bHRzPSJGYWxzZSIgLz4NCiAgICAgICAgICAgIDxRdWVyeVN0cmluZ1BhcmFtZXRlciBOYW1lPSJhc2MiIFZhbHVlPSJ0cnVlIiBSZWNvcmRlZFZhbHVlPSJ0cnVlIiBDb3JyZWxhdGlvbkJpbmRpbmc9IiIgVXJsRW5jb2RlPSJGYWxzZSIgVXNlVG9Hcm91cFJlc3VsdHM9IkZhbHNlIiAvPg0KICAgICAgICAgIDwvUXVlcnlTdHJpbmdQYXJhbWV0ZXJzPg0KICAgICAgICA8L1JlcXVlc3Q+DQogICAgICAgIDxSZXF1ZXN0IE1ldGhvZD0iT1BUSU9OUyIgR3VpZD0iMTg3OGVhMmUtNDYxNy00NjJmLWI2MTktNzc1ZGFjMzJkNTI5IiBWZXJzaW9uPSIxLjEiIFVybD0iaHR0cHM6Ly9ndy5teXNhdWNlZmFjdG9yeS5jb20vZGV2L215c2F1Y2UtYXBpLXByb3h5LWRldi92MS4wL3Byb2R1Y3RzLzVjYjg0ZjQ3LWM5MTMtNDA2NS03NTRjLTA4ZDQxNDBiZmIzOCIgVGhpbmtUaW1lPSIwIiBUaW1lb3V0PSIzMDAiIFBhcnNlRGVwZW5kZW50UmVxdWVzdHM9IlRydWUiIEZvbGxvd1JlZGlyZWN0cz0iVHJ1ZSIgUmVjb3JkUmVzdWx0PSJUcnVlIiBDYWNoZT0iRmFsc2UiIFJlc3BvbnNlVGltZUdvYWw9IjAiIEVuY29kaW5nPSJ1dGYtOCIgRXhwZWN0ZWRIdHRwU3RhdHVzQ29kZT0iMCIgRXhwZWN0ZWRSZXNwb25zZVVybD0iIiBSZXBvcnRpbmdOYW1lPSIiIElnbm9yZUh0dHBTdGF0dXNDb2RlPSJGYWxzZSI+DQogICAgICAgICAgPFF1ZXJ5U3RyaW5nUGFyYW1ldGVycz4NCiAgICAgICAgICAgIDxRdWVyeVN0cmluZ1BhcmFtZXRlciBOYW1lPSJmaWVsZHMiIFZhbHVlPSJuYW1lIiBSZWNvcmRlZFZhbHVlPSJuYW1lIiBDb3JyZWxhdGlvbkJpbmRpbmc9IiIgVXJsRW5jb2RlPSJGYWxzZSIgVXNlVG9Hcm91cFJlc3VsdHM9IkZhbHNlIiAvPg0KICAgICAgICAgIDwvUXVlcnlTdHJpbmdQYXJhbWV0ZXJzPg0KICAgICAgICAgIDxTdHJpbmdIdHRwQm9keSBDb250ZW50VHlwZT0iIiBJbnNlcnRCeXRlT3JkZXJNYXJrPSJGYWxzZSI+DQogICAgICAgICAgPC9TdHJpbmdIdHRwQm9keT4NCiAgICAgICAgPC9SZXF1ZXN0Pg0KICAgICAgICA8UmVxdWVzdCBNZXRob2Q9IkdFVCIgR3VpZD0iNGY1ODZlMGItY2JiYS00NTk4LWI3Y2QtMTY2ZWJmZTJlM2RmIiBWZXJzaW9uPSIxLjEiIFVybD0iaHR0cHM6Ly9ndy5teXNhdWNlZmFjdG9yeS5jb20vZGV2L215c2F1Y2UtYXBpLXByb3h5LWRldi92MS4wL3Byb2R1Y3RzLzVjYjg0ZjQ3LWM5MTMtNDA2NS03NTRjLTA4ZDQxNDBiZmIzOCIgVGhpbmtUaW1lPSIwIiBUaW1lb3V0PSIzMDAiIFBhcnNlRGVwZW5kZW50UmVxdWVzdHM9IlRydWUiIEZvbGxvd1JlZGlyZWN0cz0iVHJ1ZSIgUmVjb3JkUmVzdWx0PSJUcnVlIiBDYWNoZT0iRmFsc2UiIFJlc3BvbnNlVGltZUdvYWw9IjAiIEVuY29kaW5nPSJ1dGYtOCIgRXhwZWN0ZWRIdHRwU3RhdHVzQ29kZT0iMCIgRXhwZWN0ZWRSZXNwb25zZVVybD0iIiBSZXBvcnRpbmdOYW1lPSIiIElnbm9yZUh0dHBTdGF0dXNDb2RlPSJGYWxzZSI+DQogICAgICAgICAgPEhlYWRlcnM+DQogICAgICAgICAgICA8SGVhZGVyIE5hbWU9IkFjY2VwdCIgVmFsdWU9IiovKiIgLz4NCiAgICAgICAgICAgIDxIZWFkZXIgTmFtZT0iUmVmZXJlciIgVmFsdWU9Imh0dHA6Ly9teXNhdWNlZmFjdG9yeS1kZW1vLmF6dXJld2Vic2l0ZXMubmV0LyIgLz4NCiAgICAgICAgICA8L0hlYWRlcnM+DQogICAgICAgICAgPFF1ZXJ5U3RyaW5nUGFyYW1ldGVycz4NCiAgICAgICAgICAgIDxRdWVyeVN0cmluZ1BhcmFtZXRlciBOYW1lPSJmaWVsZHMiIFZhbHVlPSJuYW1lIiBSZWNvcmRlZFZhbHVlPSJuYW1lIiBDb3JyZWxhdGlvbkJpbmRpbmc9IiIgVXJsRW5jb2RlPSJGYWxzZSIgVXNlVG9Hcm91cFJlc3VsdHM9IkZhbHNlIiAvPg0KICAgICAgICAgIDwvUXVlcnlTdHJpbmdQYXJhbWV0ZXJzPg0KICAgICAgICA8L1JlcXVlc3Q+DQogICAgICAgIDxSZXF1ZXN0IE1ldGhvZD0iT1BUSU9OUyIgR3VpZD0iMDJhY2I4M2UtMTJhNi00MjI0LTliNjYtZDM4OGVmNjQ5ZDQ1IiBWZXJzaW9uPSIxLjEiIFVybD0iaHR0cHM6Ly9ndy5teXNhdWNlZmFjdG9yeS5jb20vZGV2L215c2F1Y2UtYXBpLXByb3h5LWRldi92MS4wL3Byb2R1Y3RzL2M0OGY1YmY1LWRmMjgtNDMwOS03NTRlLTA4ZDQxNDBiZmIzOCIgVGhpbmtUaW1lPSIwIiBUaW1lb3V0PSIzMDAiIFBhcnNlRGVwZW5kZW50UmVxdWVzdHM9IlRydWUiIEZvbGxvd1JlZGlyZWN0cz0iVHJ1ZSIgUmVjb3JkUmVzdWx0PSJUcnVlIiBDYWNoZT0iRmFsc2UiIFJlc3BvbnNlVGltZUdvYWw9IjAiIEVuY29kaW5nPSJ1dGYtOCIgRXhwZWN0ZWRIdHRwU3RhdHVzQ29kZT0iMCIgRXhwZWN0ZWRSZXNwb25zZVVybD0iIiBSZXBvcnRpbmdOYW1lPSIiIElnbm9yZUh0dHBTdGF0dXNDb2RlPSJGYWxzZSI+DQogICAgICAgICAgPFF1ZXJ5U3RyaW5nUGFyYW1ldGVycz4NCiAgICAgICAgICAgIDxRdWVyeVN0cmluZ1BhcmFtZXRlciBOYW1lPSJmaWVsZHMiIFZhbHVlPSJuYW1lIiBSZWNvcmRlZFZhbHVlPSJuYW1lIiBDb3JyZWxhdGlvbkJpbmRpbmc9IiIgVXJsRW5jb2RlPSJGYWxzZSIgVXNlVG9Hcm91cFJlc3VsdHM9IkZhbHNlIiAvPg0KICAgICAgICAgIDwvUXVlcnlTdHJpbmdQYXJhbWV0ZXJzPg0KICAgICAgICAgIDxTdHJpbmdIdHRwQm9keSBDb250ZW50VHlwZT0iIiBJbnNlcnRCeXRlT3JkZXJNYXJrPSJGYWxzZSI+DQogICAgICAgICAgPC9TdHJpbmdIdHRwQm9keT4NCiAgICAgICAgPC9SZXF1ZXN0Pg0KICAgICAgICA8UmVxdWVzdCBNZXRob2Q9IkdFVCIgR3VpZD0iOTE0NWY5NzUtNDJlNS00YzhjLWI4NjEtNTNhZWQxNjI4MzkxIiBWZXJzaW9uPSIxLjEiIFVybD0iaHR0cHM6Ly9ndy5teXNhdWNlZmFjdG9yeS5jb20vZGV2L215c2F1Y2UtYXBpLXByb3h5LWRldi92MS4wL3Byb2R1Y3RzL2M0OGY1YmY1LWRmMjgtNDMwOS03NTRlLTA4ZDQxNDBiZmIzOCIgVGhpbmtUaW1lPSIwIiBUaW1lb3V0PSIzMDAiIFBhcnNlRGVwZW5kZW50UmVxdWVzdHM9IlRydWUiIEZvbGxvd1JlZGlyZWN0cz0iVHJ1ZSIgUmVjb3JkUmVzdWx0PSJUcnVlIiBDYWNoZT0iRmFsc2UiIFJlc3BvbnNlVGltZUdvYWw9IjAiIEVuY29kaW5nPSJ1dGYtOCIgRXhwZWN0ZWRIdHRwU3RhdHVzQ29kZT0iMCIgRXhwZWN0ZWRSZXNwb25zZVVybD0iIiBSZXBvcnRpbmdOYW1lPSIiIElnbm9yZUh0dHBTdGF0dXNDb2RlPSJGYWxzZSI+DQogICAgICAgICAgPEhlYWRlcnM+DQogICAgICAgICAgICA8SGVhZGVyIE5hbWU9IkFjY2VwdCIgVmFsdWU9IiovKiIgLz4NCiAgICAgICAgICAgIDxIZWFkZXIgTmFtZT0iUmVmZXJlciIgVmFsdWU9Imh0dHA6Ly9teXNhdWNlZmFjdG9yeS1kZW1vLmF6dXJld2Vic2l0ZXMubmV0LyIgLz4NCiAgICAgICAgICA8L0hlYWRlcnM+DQogICAgICAgICAgPFF1ZXJ5U3RyaW5nUGFyYW1ldGVycz4NCiAgICAgICAgICAgIDxRdWVyeVN0cmluZ1BhcmFtZXRlciBOYW1lPSJmaWVsZHMiIFZhbHVlPSJuYW1lIiBSZWNvcmRlZFZhbHVlPSJuYW1lIiBDb3JyZWxhdGlvbkJpbmRpbmc9IiIgVXJsRW5jb2RlPSJGYWxzZSIgVXNlVG9Hcm91cFJlc3VsdHM9IkZhbHNlIiAvPg0KICAgICAgICAgIDwvUXVlcnlTdHJpbmdQYXJhbWV0ZXJzPg0KICAgICAgICA8L1JlcXVlc3Q+DQogICAgICAgIDxSZXF1ZXN0IE1ldGhvZD0iT1BUSU9OUyIgR3VpZD0iNDZjMGI1ZGQtMDFhNC00YjA3LWE0Y2MtMmIzZDEyZDAxNjU3IiBWZXJzaW9uPSIxLjEiIFVybD0iaHR0cHM6Ly9ndy5teXNhdWNlZmFjdG9yeS5jb20vZGV2L215c2F1Y2UtYXBpLXByb3h5LWRldi92MS4wL3Byb2R1Y3RzL2EwYWE0OWI5LTliOWQtNGE1ZS03NTUwLTA4ZDQxNDBiZmIzOCIgVGhpbmtUaW1lPSIwIiBUaW1lb3V0PSIzMDAiIFBhcnNlRGVwZW5kZW50UmVxdWVzdHM9IlRydWUiIEZvbGxvd1JlZGlyZWN0cz0iVHJ1ZSIgUmVjb3JkUmVzdWx0PSJUcnVlIiBDYWNoZT0iRmFsc2UiIFJlc3BvbnNlVGltZUdvYWw9IjAiIEVuY29kaW5nPSJ1dGYtOCIgRXhwZWN0ZWRIdHRwU3RhdHVzQ29kZT0iMCIgRXhwZWN0ZWRSZXNwb25zZVVybD0iIiBSZXBvcnRpbmdOYW1lPSIiIElnbm9yZUh0dHBTdGF0dXNDb2RlPSJGYWxzZSI+DQogICAgICAgICAgPFF1ZXJ5U3RyaW5nUGFyYW1ldGVycz4NCiAgICAgICAgICAgIDxRdWVyeVN0cmluZ1BhcmFtZXRlciBOYW1lPSJmaWVsZHMiIFZhbHVlPSJuYW1lIiBSZWNvcmRlZFZhbHVlPSJuYW1lIiBDb3JyZWxhdGlvbkJpbmRpbmc9IiIgVXJsRW5jb2RlPSJGYWxzZSIgVXNlVG9Hcm91cFJlc3VsdHM9IkZhbHNlIiAvPg0KICAgICAgICAgIDwvUXVlcnlTdHJpbmdQYXJhbWV0ZXJzPg0KICAgICAgICAgIDxTdHJpbmdIdHRwQm9keSBDb250ZW50VHlwZT0iIiBJbnNlcnRCeXRlT3JkZXJNYXJrPSJGYWxzZSI+DQogICAgICAgICAgPC9TdHJpbmdIdHRwQm9keT4NCiAgICAgICAgPC9SZXF1ZXN0Pg0KICAgICAgICA8UmVxdWVzdCBNZXRob2Q9IkdFVCIgR3VpZD0iZWEyZDRjYzEtZWEwYi00NmI1LWE2ODMtYWQxMTEyYjg2MThhIiBWZXJzaW9uPSIxLjEiIFVybD0iaHR0cHM6Ly9ndy5teXNhdWNlZmFjdG9yeS5jb20vZGV2L215c2F1Y2UtYXBpLXByb3h5LWRldi92MS4wL3Byb2R1Y3RzL2EwYWE0OWI5LTliOWQtNGE1ZS03NTUwLTA4ZDQxNDBiZmIzOCIgVGhpbmtUaW1lPSIwIiBUaW1lb3V0PSIzMDAiIFBhcnNlRGVwZW5kZW50UmVxdWVzdHM9IlRydWUiIEZvbGxvd1JlZGlyZWN0cz0iVHJ1ZSIgUmVjb3JkUmVzdWx0PSJUcnVlIiBDYWNoZT0iRmFsc2UiIFJlc3BvbnNlVGltZUdvYWw9IjAiIEVuY29kaW5nPSJ1dGYtOCIgRXhwZWN0ZWRIdHRwU3RhdHVzQ29kZT0iMCIgRXhwZWN0ZWRSZXNwb25zZVVybD0iIiBSZXBvcnRpbmdOYW1lPSIiIElnbm9yZUh0dHBTdGF0dXNDb2RlPSJGYWxzZSI+DQogICAgICAgICAgPEhlYWRlcnM+DQogICAgICAgICAgICA8SGVhZGVyIE5hbWU9IkFjY2VwdCIgVmFsdWU9IiovKiIgLz4NCiAgICAgICAgICAgIDxIZWFkZXIgTmFtZT0iUmVmZXJlciIgVmFsdWU9Imh0dHA6Ly9teXNhdWNlZmFjdG9yeS1kZW1vLmF6dXJld2Vic2l0ZXMubmV0LyIgLz4NCiAgICAgICAgICA8L0hlYWRlcnM+DQogICAgICAgICAgPFF1ZXJ5U3RyaW5nUGFyYW1ldGVycz4NCiAgICAgICAgICAgIDxRdWVyeVN0cmluZ1BhcmFtZXRlciBOYW1lPSJmaWVsZHMiIFZhbHVlPSJuYW1lIiBSZWNvcmRlZFZhbHVlPSJuYW1lIiBDb3JyZWxhdGlvbkJpbmRpbmc9IiIgVXJsRW5jb2RlPSJGYWxzZSIgVXNlVG9Hcm91cFJlc3VsdHM9IkZhbHNlIiAvPg0KICAgICAgICAgIDwvUXVlcnlTdHJpbmdQYXJhbWV0ZXJzPg0KICAgICAgICA8L1JlcXVlc3Q+DQogICAgICAgIDxSZXF1ZXN0IE1ldGhvZD0iT1BUSU9OUyIgR3VpZD0iYTBiOWFiZDYtMjEzZC00Y2U1LWFjYjUtNjRiNGI4M2JhOTg1IiBWZXJzaW9uPSIxLjEiIFVybD0iaHR0cHM6Ly9ndy5teXNhdWNlZmFjdG9yeS5jb20vZGV2L215c2F1Y2UtYXBpLXByb3h5LWRldi92MS4wL3Byb2R1Y3RzLzY1OWJlMjQ0LTVmNGItNDQ1ZS03NTUyLTA4ZDQxNDBiZmIzOCIgVGhpbmtUaW1lPSIwIiBUaW1lb3V0PSIzMDAiIFBhcnNlRGVwZW5kZW50UmVxdWVzdHM9IlRydWUiIEZvbGxvd1JlZGlyZWN0cz0iVHJ1ZSIgUmVjb3JkUmVzdWx0PSJUcnVlIiBDYWNoZT0iRmFsc2UiIFJlc3BvbnNlVGltZUdvYWw9IjAiIEVuY29kaW5nPSJ1dGYtOCIgRXhwZWN0ZWRIdHRwU3RhdHVzQ29kZT0iMCIgRXhwZWN0ZWRSZXNwb25zZVVybD0iIiBSZXBvcnRpbmdOYW1lPSIiIElnbm9yZUh0dHBTdGF0dXNDb2RlPSJGYWxzZSI+DQogICAgICAgICAgPFF1ZXJ5U3RyaW5nUGFyYW1ldGVycz4NCiAgICAgICAgICAgIDxRdWVyeVN0cmluZ1BhcmFtZXRlciBOYW1lPSJmaWVsZHMiIFZhbHVlPSJuYW1lIiBSZWNvcmRlZFZhbHVlPSJuYW1lIiBDb3JyZWxhdGlvbkJpbmRpbmc9IiIgVXJsRW5jb2RlPSJGYWxzZSIgVXNlVG9Hcm91cFJlc3VsdHM9IkZhbHNlIiAvPg0KICAgICAgICAgIDwvUXVlcnlTdHJpbmdQYXJhbWV0ZXJzPg0KICAgICAgICAgIDxTdHJpbmdIdHRwQm9keSBDb250ZW50VHlwZT0iIiBJbnNlcnRCeXRlT3JkZXJNYXJrPSJGYWxzZSI+DQogICAgICAgICAgPC9TdHJpbmdIdHRwQm9keT4NCiAgICAgICAgPC9SZXF1ZXN0Pg0KICAgICAgICA8UmVxdWVzdCBNZXRob2Q9IkdFVCIgR3VpZD0iOWMxNDljYmMtYzNlMy00MjI1LWE2ZDUtN2VhYzQwZmNhNWRmIiBWZXJzaW9uPSIxLjEiIFVybD0iaHR0cHM6Ly9ndy5teXNhdWNlZmFjdG9yeS5jb20vZGV2L215c2F1Y2UtYXBpLXByb3h5LWRldi92MS4wL3Byb2R1Y3RzLzY1OWJlMjQ0LTVmNGItNDQ1ZS03NTUyLTA4ZDQxNDBiZmIzOCIgVGhpbmtUaW1lPSIwIiBUaW1lb3V0PSIzMDAiIFBhcnNlRGVwZW5kZW50UmVxdWVzdHM9IlRydWUiIEZvbGxvd1JlZGlyZWN0cz0iVHJ1ZSIgUmVjb3JkUmVzdWx0PSJUcnVlIiBDYWNoZT0iRmFsc2UiIFJlc3BvbnNlVGltZUdvYWw9IjAiIEVuY29kaW5nPSJ1dGYtOCIgRXhwZWN0ZWRIdHRwU3RhdHVzQ29kZT0iMCIgRXhwZWN0ZWRSZXNwb25zZVVybD0iIiBSZXBvcnRpbmdOYW1lPSIiIElnbm9yZUh0dHBTdGF0dXNDb2RlPSJGYWxzZSI+DQogICAgICAgICAgPEhlYWRlcnM+DQogICAgICAgICAgICA8SGVhZGVyIE5hbWU9IkFjY2VwdCIgVmFsdWU9IiovKiIgLz4NCiAgICAgICAgICAgIDxIZWFkZXIgTmFtZT0iUmVmZXJlciIgVmFsdWU9Imh0dHA6Ly9teXNhdWNlZmFjdG9yeS1kZW1vLmF6dXJld2Vic2l0ZXMubmV0LyIgLz4NCiAgICAgICAgICA8L0hlYWRlcnM+DQogICAgICAgICAgPFF1ZXJ5U3RyaW5nUGFyYW1ldGVycz4NCiAgICAgICAgICAgIDxRdWVyeVN0cmluZ1BhcmFtZXRlciBOYW1lPSJmaWVsZHMiIFZhbHVlPSJuYW1lIiBSZWNvcmRlZFZhbHVlPSJuYW1lIiBDb3JyZWxhdGlvbkJpbmRpbmc9IiIgVXJsRW5jb2RlPSJGYWxzZSIgVXNlVG9Hcm91cFJlc3VsdHM9IkZhbHNlIiAvPg0KICAgICAgICAgIDwvUXVlcnlTdHJpbmdQYXJhbWV0ZXJzPg0KICAgICAgICA8L1JlcXVlc3Q+DQogICAgICAgIDxSZXF1ZXN0IE1ldGhvZD0iT1BUSU9OUyIgR3VpZD0iMzY3NmM4YzctMmQ3Zi00OWQwLTg2ZTYtZmE2ZDhlYjk2YzU3IiBWZXJzaW9uPSIxLjEiIFVybD0iaHR0cHM6Ly9ndy5teXNhdWNlZmFjdG9yeS5jb20vZGV2L215c2F1Y2UtYXBpLXByb3h5LWRldi92MS4wL3Byb2R1Y3RzL2UxY2UxMGY2LTFlYTItNGY0ZC03NTU2LTA4ZDQxNDBiZmIzOCIgVGhpbmtUaW1lPSIwIiBUaW1lb3V0PSIzMDAiIFBhcnNlRGVwZW5kZW50UmVxdWVzdHM9IlRydWUiIEZvbGxvd1JlZGlyZWN0cz0iVHJ1ZSIgUmVjb3JkUmVzdWx0PSJUcnVlIiBDYWNoZT0iRmFsc2UiIFJlc3BvbnNlVGltZUdvYWw9IjAiIEVuY29kaW5nPSJ1dGYtOCIgRXhwZWN0ZWRIdHRwU3RhdHVzQ29kZT0iMCIgRXhwZWN0ZWRSZXNwb25zZVVybD0iIiBSZXBvcnRpbmdOYW1lPSIiIElnbm9yZUh0dHBTdGF0dXNDb2RlPSJGYWxzZSI+DQogICAgICAgICAgPFF1ZXJ5U3RyaW5nUGFyYW1ldGVycz4NCiAgICAgICAgICAgIDxRdWVyeVN0cmluZ1BhcmFtZXRlciBOYW1lPSJmaWVsZHMiIFZhbHVlPSJuYW1lIiBSZWNvcmRlZFZhbHVlPSJuYW1lIiBDb3JyZWxhdGlvbkJpbmRpbmc9IiIgVXJsRW5jb2RlPSJGYWxzZSIgVXNlVG9Hcm91cFJlc3VsdHM9IkZhbHNlIiAvPg0KICAgICAgICAgIDwvUXVlcnlTdHJpbmdQYXJhbWV0ZXJzPg0KICAgICAgICAgIDxTdHJpbmdIdHRwQm9keSBDb250ZW50VHlwZT0iIiBJbnNlcnRCeXRlT3JkZXJNYXJrPSJGYWxzZSI+DQogICAgICAgICAgPC9TdHJpbmdIdHRwQm9keT4NCiAgICAgICAgPC9SZXF1ZXN0Pg0KICAgICAgICA8UmVxdWVzdCBNZXRob2Q9IkdFVCIgR3VpZD0iMTRiNmNiOTgtNGMzMy00ODBhLWE1OGItYmZjNjE0M2NhYmVmIiBWZXJzaW9uPSIxLjEiIFVybD0iaHR0cHM6Ly9ndy5teXNhdWNlZmFjdG9yeS5jb20vZGV2L215c2F1Y2UtYXBpLXByb3h5LWRldi92MS4wL3Byb2R1Y3RzL2UxY2UxMGY2LTFlYTItNGY0ZC03NTU2LTA4ZDQxNDBiZmIzOCIgVGhpbmtUaW1lPSIxIiBUaW1lb3V0PSIzMDAiIFBhcnNlRGVwZW5kZW50UmVxdWVzdHM9IlRydWUiIEZvbGxvd1JlZGlyZWN0cz0iVHJ1ZSIgUmVjb3JkUmVzdWx0PSJUcnVlIiBDYWNoZT0iRmFsc2UiIFJlc3BvbnNlVGltZUdvYWw9IjAiIEVuY29kaW5nPSJ1dGYtOCIgRXhwZWN0ZWRIdHRwU3RhdHVzQ29kZT0iMCIgRXhwZWN0ZWRSZXNwb25zZVVybD0iIiBSZXBvcnRpbmdOYW1lPSIiIElnbm9yZUh0dHBTdGF0dXNDb2RlPSJGYWxzZSI+DQogICAgICAgICAgPEhlYWRlcnM+DQogICAgICAgICAgICA8SGVhZGVyIE5hbWU9IkFjY2VwdCIgVmFsdWU9IiovKiIgLz4NCiAgICAgICAgICAgIDxIZWFkZXIgTmFtZT0iUmVmZXJlciIgVmFsdWU9Imh0dHA6Ly9teXNhdWNlZmFjdG9yeS1kZW1vLmF6dXJld2Vic2l0ZXMubmV0LyIgLz4NCiAgICAgICAgICA8L0hlYWRlcnM+DQogICAgICAgICAgPFF1ZXJ5U3RyaW5nUGFyYW1ldGVycz4NCiAgICAgICAgICAgIDxRdWVyeVN0cmluZ1BhcmFtZXRlciBOYW1lPSJmaWVsZHMiIFZhbHVlPSJuYW1lIiBSZWNvcmRlZFZhbHVlPSJuYW1lIiBDb3JyZWxhdGlvbkJpbmRpbmc9IiIgVXJsRW5jb2RlPSJGYWxzZSIgVXNlVG9Hcm91cFJlc3VsdHM9IkZhbHNlIiAvPg0KICAgICAgICAgIDwvUXVlcnlTdHJpbmdQYXJhbWV0ZXJzPg0KICAgICAgICA8L1JlcXVlc3Q+DQogICAgICA8L0RlcGVuZGVudFJlcXVlc3RzPg0KICAgIDwvUmVxdWVzdD4NCiAgICA8UmVxdWVzdCBNZXRob2Q9Ik9QVElPTlMiIEd1aWQ9IjY4MDAxZjJkLTA3MDEtNDVhOS04YjkyLWJhNWFlNTEyZTUxYiIgVmVyc2lvbj0iMS4xIiBVcmw9Imh0dHBzOi8vZGMuc2VydmljZXMudmlzdWFsc3R1ZGlvLmNvbS92Mi90cmFjayIgVGhpbmtUaW1lPSIwIiBUaW1lb3V0PSIzMDAiIFBhcnNlRGVwZW5kZW50UmVxdWVzdHM9IlRydWUiIEZvbGxvd1JlZGlyZWN0cz0iVHJ1ZSIgUmVjb3JkUmVzdWx0PSJUcnVlIiBDYWNoZT0iRmFsc2UiIFJlc3BvbnNlVGltZUdvYWw9IjAiIEVuY29kaW5nPSJ1dGYtOCIgRXhwZWN0ZWRIdHRwU3RhdHVzQ29kZT0iMCIgRXhwZWN0ZWRSZXNwb25zZVVybD0iIiBSZXBvcnRpbmdOYW1lPSIiIElnbm9yZUh0dHBTdGF0dXNDb2RlPSJGYWxzZSI+DQogICAgICA8U3RyaW5nSHR0cEJvZHkgQ29udGVudFR5cGU9IiIgSW5zZXJ0Qnl0ZU9yZGVyTWFyaz0iRmFsc2UiPg0KICAgICAgPC9TdHJpbmdIdHRwQm9keT4NCiAgICA8L1JlcXVlc3Q+DQogICAgPFJlcXVlc3QgTWV0aG9kPSJQT1NUIiBHdWlkPSIzZjY3YjI1Mi1mNGI2LTRjNzItOTlkYS00YTExMjBlOWIxMWQiIFZlcnNpb249IjEuMSIgVXJsPSJodHRwczovL2RjLnNlcnZpY2VzLnZpc3VhbHN0dWRpby5jb20vdjIvdHJhY2siIFRoaW5rVGltZT0iNSIgVGltZW91dD0iMzAwIiBQYXJzZURlcGVuZGVudFJlcXVlc3RzPSJUcnVlIiBGb2xsb3dSZWRpcmVjdHM9IlRydWUiIFJlY29yZFJlc3VsdD0iVHJ1ZSIgQ2FjaGU9IkZhbHNlIiBSZXNwb25zZVRpbWVHb2FsPSIwIiBFbmNvZGluZz0idXRmLTgiIEV4cGVjdGVkSHR0cFN0YXR1c0NvZGU9IjAiIEV4cGVjdGVkUmVzcG9uc2VVcmw9IiIgUmVwb3J0aW5nTmFtZT0iIiBJZ25vcmVIdHRwU3RhdHVzQ29kZT0iRmFsc2UiPg0KICAgICAgPEhlYWRlcnM+DQogICAgICAgIDxIZWFkZXIgTmFtZT0iUmVmZXJlciIgVmFsdWU9Imh0dHA6Ly9teXNhdWNlZmFjdG9yeS1kZW1vLmF6dXJld2Vic2l0ZXMubmV0LyIgLz4NCiAgICAgIDwvSGVhZGVycz4NCiAgICAgIDxTdHJpbmdIdHRwQm9keSBDb250ZW50VHlwZT0iYXBwbGljYXRpb24vanNvbiIgSW5zZXJ0Qnl0ZU9yZGVyTWFyaz0iRmFsc2UiPld3QjdBQ0lBZEFCcEFHMEFaUUFpQURvQUlnQXlBREFBTVFBMkFDMEFNUUF5QUMwQU1BQXlBRlFBTUFBNEFEb0FNUUE1QURvQU1nQTNBQzRBT0FBNUFEUUFXZ0FpQUN3QUlnQnBBRXNBWlFCNUFDSUFPZ0FpQURnQU9RQmxBRGdBTlFCaEFHVUFOQUF0QUdFQU5nQTVBREFBTFFBMEFHWUFPQUF4QUMwQU9BQXpBRFlBTndBdEFEY0FNQUJoQUdVQU1nQTFBR1VBT0FCbEFESUFZZ0E1QUNJQUxBQWlBRzRBWVFCdEFHVUFJZ0E2QUNJQVRRQnBBR01BY2dCdkFITUFid0JtQUhRQUxnQkJBSEFBY0FCc0FHa0FZd0JoQUhRQWFRQnZBRzRBU1FCdUFITUFhUUJuQUdnQWRBQnpBQzRBT0FBNUFHVUFPQUExQUdFQVpRQTBBR0VBTmdBNUFEQUFOQUJtQURnQU1RQTRBRE1BTmdBM0FEY0FNQUJoQUdVQU1nQTFBR1VBT0FCbEFESUFZZ0E1QUM0QVVBQmhBR2NBWlFCMkFHa0FaUUIzQUNJQUxBQWlBSFFBWVFCbkFITUFJZ0E2QUhzQUlnQmhBR2tBTGdCekFHVUFjd0J6QUdrQWJ3QnVBQzRBYVFCa0FDSUFPZ0FpQUZBQU5RQklBRk1BVUFBaUFDd0FJZ0JoQUdrQUxnQnpBR1VBY3dCekFHa0Fid0J1QUM0QWFRQnpBRVlBYVFCeUFITUFkQUFpQURvQUlnQjBBSElBZFFCbEFDSUFMQUFpQUdFQWFRQXVBR1FBWlFCMkFHa0FZd0JsQUM0QWFRQmtBQ0lBT2dBaUFHSUFjZ0J2QUhjQWN3QmxBSElBSWdBc0FDSUFZUUJwQUM0QVpBQmxBSFlBYVFCakFHVUFMZ0IwQUhrQWNBQmxBQ0lBT2dBaUFFSUFjZ0J2QUhjQWN3QmxBSElBSWdBc0FDSUFZUUJwQUM0QWFRQnVBSFFBWlFCeUFHNEFZUUJzQUM0QVlRQm5BR1VBYmdCMEFGWUFaUUJ5QUhNQWFRQnZBRzRBSWdBNkFDSUFjd0J1QUdrQWNBQndBR1VBZEFBNkFERUFMZ0F3QUNJQUxBQWlBR0VBYVFBdUFHa0FiZ0IwQUdVQWNnQnVBR0VBYkFBdUFITUFaQUJyQUZZQVpRQnlBSE1BYVFCdkFHNEFJZ0E2QUNJQWFnQmhBSFlBWVFCekFHTUFjZ0JwQUhBQWRBQTZBREVBTGdBd0FDNEFOQUFpQUN3QUlnQmhBR2tBTGdCMUFITUFaUUJ5QUM0QWFRQmtBQ0lBT2dBaUFEQUFVUUI0QUZjQWFRQWlBQ3dBSWdCaEFHa0FMZ0J2QUhBQVpRQnlBR0VBZEFCcEFHOEFiZ0F1QUdrQVpBQWlBRG9BSWdCSkFFc0Fad0IxQUdrQUlnQXNBQ0lBWVFCcEFDNEFid0J3QUdVQWNnQmhBSFFBYVFCdkFHNEFMZ0J1QUdFQWJRQmxBQ0lBT2dBaUFDOEFJZ0I5QUN3QUlnQmtBR0VBZEFCaEFDSUFPZ0I3QUNJQVlnQmhBSE1BWlFCVUFIa0FjQUJsQUNJQU9nQWlBRkFBWVFCbkFHVUFkZ0JwQUdVQWR3QkVBR0VBZEFCaEFDSUFMQUFpQUdJQVlRQnpBR1VBUkFCaEFIUUFZUUFpQURvQWV3QWlBSFlBWlFCeUFDSUFPZ0F5QUN3QUlnQnVBR0VBYlFCbEFDSUFPZ0FpQUUwQWVRQlRBR0VBZFFCakFHVUFSZ0JoQUdNQWRBQnZBSElBZVFBSS85NHdwREM5TVB3d3VURFZNS0V3cnpESU1Pb3cvREFKL3lJQUxBQWlBSFVBY2dCc0FDSUFPZ0FpQUdnQWRBQjBBSEFBT2dBdkFDOEFiUUI1QUhNQVlRQjFBR01BWlFCbUFHRUFZd0IwQUc4QWNnQjVBQzBBWkFCbEFHMEFid0F1QUdFQWVnQjFBSElBWlFCM0FHVUFZZ0J6QUdrQWRBQmxBSE1BTGdCdUFHVUFkQUF2QUNJQUxBQWlBR1FBZFFCeUFHRUFkQUJwQUc4QWJnQWlBRG9BSWdBd0FEQUFPZ0F3QURBQU9nQXdBRFFBTGdBMkFEZ0FOQUFpQUgwQWZRQjlBQ3dBZXdBaUFIUUFhUUJ0QUdVQUlnQTZBQ0lBTWdBd0FERUFOZ0F0QURFQU1nQXRBREFBTWdCVUFEQUFPQUE2QURFQU9RQTZBRElBTndBdUFEa0FNUUEyQUZvQUlnQXNBQ0lBYVFCTEFHVUFlUUFpQURvQUlnQTRBRGtBWlFBNEFEVUFZUUJsQURRQUxRQmhBRFlBT1FBd0FDMEFOQUJtQURnQU1RQXRBRGdBTXdBMkFEY0FMUUEzQURBQVlRQmxBRElBTlFCbEFEZ0FaUUF5QUdJQU9RQWlBQ3dBSWdCdUFHRUFiUUJsQUNJQU9nQWlBRTBBYVFCakFISUFid0J6QUc4QVpnQjBBQzRBUVFCd0FIQUFiQUJwQUdNQVlRQjBBR2tBYndCdUFFa0FiZ0J6QUdrQVp3Qm9BSFFBY3dBdUFEZ0FPUUJsQURnQU5RQmhBR1VBTkFCaEFEWUFPUUF3QURRQVpnQTRBREVBT0FBekFEWUFOd0EzQURBQVlRQmxBRElBTlFCbEFEZ0FaUUF5QUdJQU9RQXVBRkFBWVFCbkFHVUFkZ0JwQUdVQWR3QlFBR1VBY2dCbUFHOEFjZ0J0QUdFQWJnQmpBR1VBSWdBc0FDSUFkQUJoQUdjQWN3QWlBRG9BZXdBaUFHRUFhUUF1QUhNQVpRQnpBSE1BYVFCdkFHNEFMZ0JwQUdRQUlnQTZBQ0lBVUFBMUFFZ0FVd0JRQUNJQUxBQWlBR0VBYVFBdUFITUFaUUJ6QUhNQWFRQnZBRzRBTGdCcEFITUFSZ0JwQUhJQWN3QjBBQ0lBT2dBaUFIUUFjZ0IxQUdVQUlnQXNBQ0lBWVFCcEFDNEFaQUJsQUhZQWFRQmpBR1VBTGdCcEFHUUFJZ0E2QUNJQVlnQnlBRzhBZHdCekFHVUFjZ0FpQUN3QUlnQmhBR2tBTGdCa0FHVUFkZ0JwQUdNQVpRQXVBSFFBZVFCd0FHVUFJZ0E2QUNJQVFnQnlBRzhBZHdCekFHVUFjZ0FpQUN3QUlnQmhBR2tBTGdCcEFHNEFkQUJsQUhJQWJnQmhBR3dBTGdCaEFHY0FaUUJ1QUhRQVZnQmxBSElBY3dCcEFHOEFiZ0FpQURvQUlnQnpBRzRBYVFCd0FIQUFaUUIwQURvQU1RQXVBREFBSWdBc0FDSUFZUUJwQUM0QWFRQnVBSFFBWlFCeUFHNEFZUUJzQUM0QWN3QmtBR3NBVmdCbEFISUFjd0JwQUc4QWJnQWlBRG9BSWdCcUFHRUFkZ0JoQUhNQVl3QnlBR2tBY0FCMEFEb0FNUUF1QURBQUxnQTBBQ0lBTEFBaUFHRUFhUUF1QUhVQWN3QmxBSElBTGdCcEFHUUFJZ0E2QUNJQU1BQlJBSGdBVndCcEFDSUFMQUFpQUdFQWFRQXVBRzhBY0FCbEFISUFZUUIwQUdrQWJ3QnVBQzRBYVFCa0FDSUFPZ0FpQUVrQVN3Qm5BSFVBYVFBaUFDd0FJZ0JoQUdrQUxnQnZBSEFBWlFCeUFHRUFkQUJwQUc4QWJnQXVBRzRBWVFCdEFHVUFJZ0E2QUNJQUx3QWlBSDBBTEFBaUFHUUFZUUIwQUdFQUlnQTZBSHNBSWdCaUFHRUFjd0JsQUZRQWVRQndBR1VBSWdBNkFDSUFVQUJoQUdjQVpRQjJBR2tBWlFCM0FGQUFaUUJ5QUdZQWJ3QnlBRzBBWVFCdUFHTUFaUUJFQUdFQWRBQmhBQ0lBTEFBaUFHSUFZUUJ6QUdVQVJBQmhBSFFBWVFBaUFEb0Fld0FpQUhZQVpRQnlBQ0lBT2dBeUFDd0FJZ0J1QUdFQWJRQmxBQ0lBT2dBaUFFMEFlUUJUQUdFQWRRQmpBR1VBUmdCaEFHTUFkQUJ2QUhJQWVRQUkvOTR3cERDOU1Qd3d1VERWTUtFd3J6RElNT293L0RBSi95SUFMQUFpQUhVQWNnQnNBQ0lBT2dBaUFHZ0FkQUIwQUhBQU9nQXZBQzhBYlFCNUFITUFZUUIxQUdNQVpRQm1BR0VBWXdCMEFHOEFjZ0I1QUMwQVpBQmxBRzBBYndBdUFHRUFlZ0IxQUhJQVpRQjNBR1VBWWdCekFHa0FkQUJsQUhNQUxnQnVBR1VBZEFBdkFDSUFMQUFpQUdRQWRRQnlBR0VBZEFCcEFHOEFiZ0FpQURvQUlnQXdBREFBT2dBd0FEQUFPZ0F3QURRQUxnQTJBRGdBTkFBaUFDd0FJZ0J3QUdVQWNnQm1BRlFBYndCMEFHRUFiQUFpQURvQUlnQXdBREFBT2dBd0FEQUFPZ0F3QURRQUxnQTJBRGdBTkFBaUFDd0FJZ0J1QUdVQWRBQjNBRzhBY2dCckFFTUFid0J1QUc0QVpRQmpBSFFBSWdBNkFDSUFNQUF3QURvQU1BQXdBRG9BTUFBd0FDNEFNQUF3QURBQUlnQXNBQ0lBY3dCbEFHNEFkQUJTQUdVQWNRQjFBR1VBY3dCMEFDSUFPZ0FpQURBQU1BQTZBREFBTUFBNkFEQUFNQUF1QURBQU1BQXlBQ0lBTEFBaUFISUFaUUJqQUdVQWFRQjJBR1VBWkFCU0FHVUFjd0J3QUc4QWJnQnpBR1VBSWdBNkFDSUFNQUF3QURvQU1BQXdBRG9BTUFBd0FDNEFNQUF3QURnQUlnQXNBQ0lBWkFCdkFHMEFVQUJ5QUc4QVl3QmxBSE1BY3dCcEFHNEFad0FpQURvQUlnQXdBREFBT2dBd0FEQUFPZ0F3QURRQUxnQTFBRGdBTVFBaUFIMEFmUUI5QUYwQTwvU3RyaW5nSHR0cEJvZHk+DQogICAgPC9SZXF1ZXN0Pg0KICAgIDxSZXF1ZXN0IE1ldGhvZD0iR0VUIiBHdWlkPSJlYWVjMGU2NS1lZDI5LTRiNDktYjhlYi1lNDdiY2ZmMTk1OTEiIFZlcnNpb249IjEuMSIgVXJsPSJodHRwOi8vbXlzYXVjZWZhY3RvcnktZGVtby5henVyZXdlYnNpdGVzLm5ldC9wcm9kdWN0cy9saXN0Lmh0bWwiIFRoaW5rVGltZT0iMCIgVGltZW91dD0iMzAwIiBQYXJzZURlcGVuZGVudFJlcXVlc3RzPSJUcnVlIiBGb2xsb3dSZWRpcmVjdHM9IlRydWUiIFJlY29yZFJlc3VsdD0iVHJ1ZSIgQ2FjaGU9IkZhbHNlIiBSZXNwb25zZVRpbWVHb2FsPSIwIiBFbmNvZGluZz0idXRmLTgiIEV4cGVjdGVkSHR0cFN0YXR1c0NvZGU9IjAiIEV4cGVjdGVkUmVzcG9uc2VVcmw9IiIgUmVwb3J0aW5nTmFtZT0iIiBJZ25vcmVIdHRwU3RhdHVzQ29kZT0iRmFsc2UiPg0KICAgICAgPERlcGVuZGVudFJlcXVlc3RzPg0KICAgICAgICA8UmVxdWVzdCBNZXRob2Q9Ik9QVElPTlMiIEd1aWQ9Ijc4MDA0NDYxLTYyNDktNGU4Yy04YWJhLTAzMzZmYTQ3ZWI5MiIgVmVyc2lvbj0iMS4xIiBVcmw9Imh0dHBzOi8vZ3cubXlzYXVjZWZhY3RvcnkuY29tL2Rldi9teXNhdWNlLWFwaS1wcm94eS1kZXYvdjEuMC9wcm9kdWN0cyIgVGhpbmtUaW1lPSIwIiBUaW1lb3V0PSIzMDAiIFBhcnNlRGVwZW5kZW50UmVxdWVzdHM9IlRydWUiIEZvbGxvd1JlZGlyZWN0cz0iVHJ1ZSIgUmVjb3JkUmVzdWx0PSJUcnVlIiBDYWNoZT0iRmFsc2UiIFJlc3BvbnNlVGltZUdvYWw9IjAiIEVuY29kaW5nPSJ1dGYtOCIgRXhwZWN0ZWRIdHRwU3RhdHVzQ29kZT0iMCIgRXhwZWN0ZWRSZXNwb25zZVVybD0iIiBSZXBvcnRpbmdOYW1lPSIiIElnbm9yZUh0dHBTdGF0dXNDb2RlPSJGYWxzZSI+DQogICAgICAgICAgPFF1ZXJ5U3RyaW5nUGFyYW1ldGVycz4NCiAgICAgICAgICAgIDxRdWVyeVN0cmluZ1BhcmFtZXRlciBOYW1lPSJuYW1lIiBWYWx1ZT0iIiBSZWNvcmRlZFZhbHVlPSIiIENvcnJlbGF0aW9uQmluZGluZz0iIiBVcmxFbmNvZGU9IkZhbHNlIiBVc2VUb0dyb3VwUmVzdWx0cz0iRmFsc2UiIC8+DQogICAgICAgICAgICA8UXVlcnlTdHJpbmdQYXJhbWV0ZXIgTmFtZT0iZmllbGRzIiBWYWx1ZT0iaWQlMkNuYW1lJTJDb3ZlcnZpZXclMkNwaWN0dXJlIiBSZWNvcmRlZFZhbHVlPSJpZCUyQ25hbWUlMkNvdmVydmlldyUyQ3BpY3R1cmUiIENvcnJlbGF0aW9uQmluZGluZz0iIiBVcmxFbmNvZGU9IkZhbHNlIiBVc2VUb0dyb3VwUmVzdWx0cz0iRmFsc2UiIC8+DQogICAgICAgICAgICA8UXVlcnlTdHJpbmdQYXJhbWV0ZXIgTmFtZT0ic3RhdHVzIiBWYWx1ZT0idHJ1ZSIgUmVjb3JkZWRWYWx1ZT0idHJ1ZSIgQ29ycmVsYXRpb25CaW5kaW5nPSIiIFVybEVuY29kZT0iRmFsc2UiIFVzZVRvR3JvdXBSZXN1bHRzPSJGYWxzZSIgLz4NCiAgICAgICAgICAgIDxRdWVyeVN0cmluZ1BhcmFtZXRlciBOYW1lPSJsaW1pdCIgVmFsdWU9IjIwIiBSZWNvcmRlZFZhbHVlPSIyMCIgQ29ycmVsYXRpb25CaW5kaW5nPSIiIFVybEVuY29kZT0iRmFsc2UiIFVzZVRvR3JvdXBSZXN1bHRzPSJGYWxzZSIgLz4NCiAgICAgICAgICAgIDxRdWVyeVN0cmluZ1BhcmFtZXRlciBOYW1lPSJvZmZzZXQiIFZhbHVlPSIwIiBSZWNvcmRlZFZhbHVlPSIwIiBDb3JyZWxhdGlvbkJpbmRpbmc9IiIgVXJsRW5jb2RlPSJGYWxzZSIgVXNlVG9Hcm91cFJlc3VsdHM9IkZhbHNlIiAvPg0KICAgICAgICAgICAgPFF1ZXJ5U3RyaW5nUGFyYW1ldGVyIE5hbWU9InNvcnQiIFZhbHVlPSJuYW1lIiBSZWNvcmRlZFZhbHVlPSJuYW1lIiBDb3JyZWxhdGlvbkJpbmRpbmc9IiIgVXJsRW5jb2RlPSJGYWxzZSIgVXNlVG9Hcm91cFJlc3VsdHM9IkZhbHNlIiAvPg0KICAgICAgICAgICAgPFF1ZXJ5U3RyaW5nUGFyYW1ldGVyIE5hbWU9ImFzYyIgVmFsdWU9InRydWUiIFJlY29yZGVkVmFsdWU9InRydWUiIENvcnJlbGF0aW9uQmluZGluZz0iIiBVcmxFbmNvZGU9IkZhbHNlIiBVc2VUb0dyb3VwUmVzdWx0cz0iRmFsc2UiIC8+DQogICAgICAgICAgPC9RdWVyeVN0cmluZ1BhcmFtZXRlcnM+DQogICAgICAgICAgPFN0cmluZ0h0dHBCb2R5IENvbnRlbnRUeXBlPSIiIEluc2VydEJ5dGVPcmRlck1hcms9IkZhbHNlIj4NCiAgICAgICAgICA8L1N0cmluZ0h0dHBCb2R5Pg0KICAgICAgICA8L1JlcXVlc3Q+DQogICAgICA8L0RlcGVuZGVudFJlcXVlc3RzPg0KICAgICAgPEhlYWRlcnM+DQogICAgICAgIDxIZWFkZXIgTmFtZT0iUmVmZXJlciIgVmFsdWU9Imh0dHA6Ly9teXNhdWNlZmFjdG9yeS1kZW1vLmF6dXJld2Vic2l0ZXMubmV0LyIgLz4NCiAgICAgIDwvSGVhZGVycz4NCiAgICA8L1JlcXVlc3Q+DQogICAgPFJlcXVlc3QgTWV0aG9kPSJHRVQiIEd1aWQ9ImI0OWZlNjg2LWU0NjYtNGJkYi04MWFlLTdhZWQxZmFhZWUxYyIgVmVyc2lvbj0iMS4xIiBVcmw9Imh0dHBzOi8vZ3cubXlzYXVjZWZhY3RvcnkuY29tL2Rldi9teXNhdWNlLWFwaS1wcm94eS1kZXYvdjEuMC9wcm9kdWN0cyIgVGhpbmtUaW1lPSI0IiBUaW1lb3V0PSIzMDAiIFBhcnNlRGVwZW5kZW50UmVxdWVzdHM9IlRydWUiIEZvbGxvd1JlZGlyZWN0cz0iVHJ1ZSIgUmVjb3JkUmVzdWx0PSJUcnVlIiBDYWNoZT0iRmFsc2UiIFJlc3BvbnNlVGltZUdvYWw9IjAiIEVuY29kaW5nPSJ1dGYtOCIgRXhwZWN0ZWRIdHRwU3RhdHVzQ29kZT0iMCIgRXhwZWN0ZWRSZXNwb25zZVVybD0iIiBSZXBvcnRpbmdOYW1lPSIiIElnbm9yZUh0dHBTdGF0dXNDb2RlPSJGYWxzZSI+DQogICAgICA8SGVhZGVycz4NCiAgICAgICAgPEhlYWRlciBOYW1lPSJBY2NlcHQiIFZhbHVlPSIqLyoiIC8+DQogICAgICAgIDxIZWFkZXIgTmFtZT0iUmVmZXJlciIgVmFsdWU9Imh0dHA6Ly9teXNhdWNlZmFjdG9yeS1kZW1vLmF6dXJld2Vic2l0ZXMubmV0L3Byb2R1Y3RzL2xpc3QuaHRtbCIgLz4NCiAgICAgIDwvSGVhZGVycz4NCiAgICAgIDxRdWVyeVN0cmluZ1BhcmFtZXRlcnM+DQogICAgICAgIDxRdWVyeVN0cmluZ1BhcmFtZXRlciBOYW1lPSJuYW1lIiBWYWx1ZT0iIiBSZWNvcmRlZFZhbHVlPSIiIENvcnJlbGF0aW9uQmluZGluZz0iIiBVcmxFbmNvZGU9IkZhbHNlIiBVc2VUb0dyb3VwUmVzdWx0cz0iRmFsc2UiIC8+DQogICAgICAgIDxRdWVyeVN0cmluZ1BhcmFtZXRlciBOYW1lPSJmaWVsZHMiIFZhbHVlPSJpZCUyQ25hbWUlMkNvdmVydmlldyUyQ3BpY3R1cmUiIFJlY29yZGVkVmFsdWU9ImlkJTJDbmFtZSUyQ292ZXJ2aWV3JTJDcGljdHVyZSIgQ29ycmVsYXRpb25CaW5kaW5nPSIiIFVybEVuY29kZT0iRmFsc2UiIFVzZVRvR3JvdXBSZXN1bHRzPSJGYWxzZSIgLz4NCiAgICAgICAgPFF1ZXJ5U3RyaW5nUGFyYW1ldGVyIE5hbWU9InN0YXR1cyIgVmFsdWU9InRydWUiIFJlY29yZGVkVmFsdWU9InRydWUiIENvcnJlbGF0aW9uQmluZGluZz0iIiBVcmxFbmNvZGU9IkZhbHNlIiBVc2VUb0dyb3VwUmVzdWx0cz0iRmFsc2UiIC8+DQogICAgICAgIDxRdWVyeVN0cmluZ1BhcmFtZXRlciBOYW1lPSJsaW1pdCIgVmFsdWU9IjIwIiBSZWNvcmRlZFZhbHVlPSIyMCIgQ29ycmVsYXRpb25CaW5kaW5nPSIiIFVybEVuY29kZT0iRmFsc2UiIFVzZVRvR3JvdXBSZXN1bHRzPSJGYWxzZSIgLz4NCiAgICAgICAgPFF1ZXJ5U3RyaW5nUGFyYW1ldGVyIE5hbWU9Im9mZnNldCIgVmFsdWU9IjAiIFJlY29yZGVkVmFsdWU9IjAiIENvcnJlbGF0aW9uQmluZGluZz0iIiBVcmxFbmNvZGU9IkZhbHNlIiBVc2VUb0dyb3VwUmVzdWx0cz0iRmFsc2UiIC8+DQogICAgICAgIDxRdWVyeVN0cmluZ1BhcmFtZXRlciBOYW1lPSJzb3J0IiBWYWx1ZT0ibmFtZSIgUmVjb3JkZWRWYWx1ZT0ibmFtZSIgQ29ycmVsYXRpb25CaW5kaW5nPSIiIFVybEVuY29kZT0iRmFsc2UiIFVzZVRvR3JvdXBSZXN1bHRzPSJGYWxzZSIgLz4NCiAgICAgICAgPFF1ZXJ5U3RyaW5nUGFyYW1ldGVyIE5hbWU9ImFzYyIgVmFsdWU9InRydWUiIFJlY29yZGVkVmFsdWU9InRydWUiIENvcnJlbGF0aW9uQmluZGluZz0iIiBVcmxFbmNvZGU9IkZhbHNlIiBVc2VUb0dyb3VwUmVzdWx0cz0iRmFsc2UiIC8+DQogICAgICA8L1F1ZXJ5U3RyaW5nUGFyYW1ldGVycz4NCiAgICA8L1JlcXVlc3Q+DQogICAgPFJlcXVlc3QgTWV0aG9kPSJHRVQiIEd1aWQ9ImUyZTQ3OWJhLTYwN2ItNDU4Zi1hMjY2LTdhMTYyNWUxN2VlMSIgVmVyc2lvbj0iMS4xIiBVcmw9Imh0dHA6Ly9teXNhdWNlZmFjdG9yeS1kZW1vLmF6dXJld2Vic2l0ZXMubmV0L3Byb2R1Y3RzL2RldGFpbC5odG1sIiBUaGlua1RpbWU9IjAiIFRpbWVvdXQ9IjMwMCIgUGFyc2VEZXBlbmRlbnRSZXF1ZXN0cz0iVHJ1ZSIgRm9sbG93UmVkaXJlY3RzPSJUcnVlIiBSZWNvcmRSZXN1bHQ9IlRydWUiIENhY2hlPSJGYWxzZSIgUmVzcG9uc2VUaW1lR29hbD0iMCIgRW5jb2Rpbmc9InV0Zi04IiBFeHBlY3RlZEh0dHBTdGF0dXNDb2RlPSIwIiBFeHBlY3RlZFJlc3BvbnNlVXJsPSIiIFJlcG9ydGluZ05hbWU9IiIgSWdub3JlSHR0cFN0YXR1c0NvZGU9IkZhbHNlIj4NCiAgICAgIDxEZXBlbmRlbnRSZXF1ZXN0cz4NCiAgICAgICAgPFJlcXVlc3QgTWV0aG9kPSJHRVQiIEd1aWQ9ImIzYzU3NDcyLTViNDEtNGVhZi1hOGIxLWMyMTFjZjkwYThiMSIgVmVyc2lvbj0iMS4xIiBVcmw9Imh0dHA6Ly9teXNhdWNlZmFjdG9yeS1kZW1vLmF6dXJld2Vic2l0ZXMubmV0L2ZvbnRzL2ZvbnRhd2Vzb21lLXdlYmZvbnQuZW90IiBUaGlua1RpbWU9IjAiIFRpbWVvdXQ9IjMwMCIgUGFyc2VEZXBlbmRlbnRSZXF1ZXN0cz0iVHJ1ZSIgRm9sbG93UmVkaXJlY3RzPSJUcnVlIiBSZWNvcmRSZXN1bHQ9IlRydWUiIENhY2hlPSJGYWxzZSIgUmVzcG9uc2VUaW1lR29hbD0iMCIgRW5jb2Rpbmc9InV0Zi04IiBFeHBlY3RlZEh0dHBTdGF0dXNDb2RlPSIwIiBFeHBlY3RlZFJlc3BvbnNlVXJsPSIiIFJlcG9ydGluZ05hbWU9IiIgSWdub3JlSHR0cFN0YXR1c0NvZGU9IkZhbHNlIj4NCiAgICAgICAgICA8SGVhZGVycz4NCiAgICAgICAgICAgIDxIZWFkZXIgTmFtZT0iUmVmZXJlciIgVmFsdWU9Imh0dHA6Ly9teXNhdWNlZmFjdG9yeS1kZW1vLmF6dXJld2Vic2l0ZXMubmV0L3Byb2R1Y3RzL2RldGFpbC5odG1sP2lkPWEwYWE0OWI5LTliOWQtNGE1ZS03NTUwLTA4ZDQxNDBiZmIzOCIgLz4NCiAgICAgICAgICA8L0hlYWRlcnM+DQogICAgICAgICAgPFF1ZXJ5U3RyaW5nUGFyYW1ldGVycz4NCiAgICAgICAgICAgIDxRdWVyeVN0cmluZ1BhcmFtZXRlciBOYW1lPSIiIFZhbHVlPSIiIFJlY29yZGVkVmFsdWU9IiIgQ29ycmVsYXRpb25CaW5kaW5nPSIiIFVybEVuY29kZT0iRmFsc2UiIFVzZVRvR3JvdXBSZXN1bHRzPSJGYWxzZSIgLz4NCiAgICAgICAgICA8L1F1ZXJ5U3RyaW5nUGFyYW1ldGVycz4NCiAgICAgICAgPC9SZXF1ZXN0Pg0KICAgICAgICA8UmVxdWVzdCBNZXRob2Q9Ik9QVElPTlMiIEd1aWQ9IjI3YWJiYzczLTY4YWItNDMzZS1iZGRlLTdlMjgwNWMxZTBlMiIgVmVyc2lvbj0iMS4xIiBVcmw9Imh0dHBzOi8vZ3cubXlzYXVjZWZhY3RvcnkuY29tL2Rldi9teXNhdWNlLWFwaS1wcm94eS1kZXYvdjEuMC9wcm9kdWN0cy9hMGFhNDliOS05YjlkLTRhNWUtNzU1MC0wOGQ0MTQwYmZiMzgvYWxsIiBUaGlua1RpbWU9IjAiIFRpbWVvdXQ9IjMwMCIgUGFyc2VEZXBlbmRlbnRSZXF1ZXN0cz0iVHJ1ZSIgRm9sbG93UmVkaXJlY3RzPSJUcnVlIiBSZWNvcmRSZXN1bHQ9IlRydWUiIENhY2hlPSJGYWxzZSIgUmVzcG9uc2VUaW1lR29hbD0iMCIgRW5jb2Rpbmc9InV0Zi04IiBFeHBlY3RlZEh0dHBTdGF0dXNDb2RlPSIwIiBFeHBlY3RlZFJlc3BvbnNlVXJsPSIiIFJlcG9ydGluZ05hbWU9IiIgSWdub3JlSHR0cFN0YXR1c0NvZGU9IkZhbHNlIj4NCiAgICAgICAgICA8U3RyaW5nSHR0cEJvZHkgQ29udGVudFR5cGU9IiIgSW5zZXJ0Qnl0ZU9yZGVyTWFyaz0iRmFsc2UiPg0KICAgICAgICAgIDwvU3RyaW5nSHR0cEJvZHk+DQogICAgICAgIDwvUmVxdWVzdD4NCiAgICAgICAgPFJlcXVlc3QgTWV0aG9kPSJHRVQiIEd1aWQ9ImE4MzI1Yzg3LTAzYjItNDAyNy1hMWYyLTFiNDFhZjA0ODk2NCIgVmVyc2lvbj0iMS4xIiBVcmw9Imh0dHBzOi8vZ3cubXlzYXVjZWZhY3RvcnkuY29tL2Rldi9teXNhdWNlLWFwaS1wcm94eS1kZXYvdjEuMC9wcm9kdWN0cy9hMGFhNDliOS05YjlkLTRhNWUtNzU1MC0wOGQ0MTQwYmZiMzgvYWxsIiBUaGlua1RpbWU9IjAiIFRpbWVvdXQ9IjMwMCIgUGFyc2VEZXBlbmRlbnRSZXF1ZXN0cz0iVHJ1ZSIgRm9sbG93UmVkaXJlY3RzPSJUcnVlIiBSZWNvcmRSZXN1bHQ9IlRydWUiIENhY2hlPSJGYWxzZSIgUmVzcG9uc2VUaW1lR29hbD0iMCIgRW5jb2Rpbmc9InV0Zi04IiBFeHBlY3RlZEh0dHBTdGF0dXNDb2RlPSIwIiBFeHBlY3RlZFJlc3BvbnNlVXJsPSIiIFJlcG9ydGluZ05hbWU9IiIgSWdub3JlSHR0cFN0YXR1c0NvZGU9IkZhbHNlIj4NCiAgICAgICAgICA8SGVhZGVycz4NCiAgICAgICAgICAgIDxIZWFkZXIgTmFtZT0iQWNjZXB0IiBWYWx1ZT0iKi8qIiAvPg0KICAgICAgICAgICAgPEhlYWRlciBOYW1lPSJSZWZlcmVyIiBWYWx1ZT0iaHR0cDovL215c2F1Y2VmYWN0b3J5LWRlbW8uYXp1cmV3ZWJzaXRlcy5uZXQvcHJvZHVjdHMvZGV0YWlsLmh0bWw/aWQ9YTBhYTQ5YjktOWI5ZC00YTVlLTc1NTAtMDhkNDE0MGJmYjM4IiAvPg0KICAgICAgICAgIDwvSGVhZGVycz4NCiAgICAgICAgPC9SZXF1ZXN0Pg0KICAgICAgICA8UmVxdWVzdCBNZXRob2Q9Ik9QVElPTlMiIEd1aWQ9ImM1ZmU1YjcyLTFiZmQtNDk3Yy05NzhhLWMzNzA2N2JjNTg0YyIgVmVyc2lvbj0iMS4xIiBVcmw9Imh0dHBzOi8vZ3cubXlzYXVjZWZhY3RvcnkuY29tL2Rldi9teXNhdWNlLWFwaS1wcm94eS1kZXYvdjEuMC9wcm9kdWN0Y29udGFpbmVycyIgVGhpbmtUaW1lPSIwIiBUaW1lb3V0PSIzMDAiIFBhcnNlRGVwZW5kZW50UmVxdWVzdHM9IlRydWUiIEZvbGxvd1JlZGlyZWN0cz0iVHJ1ZSIgUmVjb3JkUmVzdWx0PSJUcnVlIiBDYWNoZT0iRmFsc2UiIFJlc3BvbnNlVGltZUdvYWw9IjAiIEVuY29kaW5nPSJ1dGYtOCIgRXhwZWN0ZWRIdHRwU3RhdHVzQ29kZT0iMCIgRXhwZWN0ZWRSZXNwb25zZVVybD0iIiBSZXBvcnRpbmdOYW1lPSIiIElnbm9yZUh0dHBTdGF0dXNDb2RlPSJGYWxzZSI+DQogICAgICAgICAgPFF1ZXJ5U3RyaW5nUGFyYW1ldGVycz4NCiAgICAgICAgICAgIDxRdWVyeVN0cmluZ1BhcmFtZXRlciBOYW1lPSJQcm9kdWN0SWQiIFZhbHVlPSJhMGFhNDliOS05YjlkLTRhNWUtNzU1MC0wOGQ0MTQwYmZiMzgiIFJlY29yZGVkVmFsdWU9ImEwYWE0OWI5LTliOWQtNGE1ZS03NTUwLTA4ZDQxNDBiZmIzOCIgQ29ycmVsYXRpb25CaW5kaW5nPSIiIFVybEVuY29kZT0iRmFsc2UiIFVzZVRvR3JvdXBSZXN1bHRzPSJGYWxzZSIgLz4NCiAgICAgICAgICA8L1F1ZXJ5U3RyaW5nUGFyYW1ldGVycz4NCiAgICAgICAgICA8U3RyaW5nSHR0cEJvZHkgQ29udGVudFR5cGU9IiIgSW5zZXJ0Qnl0ZU9yZGVyTWFyaz0iRmFsc2UiPg0KICAgICAgICAgIDwvU3RyaW5nSHR0cEJvZHk+DQogICAgICAgIDwvUmVxdWVzdD4NCiAgICAgICAgPFJlcXVlc3QgTWV0aG9kPSJHRVQiIEd1aWQ9ImQ1OTg3Mzg2LWMwYTMtNDYwMC1hY2M5LWQ4ZTJhYzI1ZTYyMSIgVmVyc2lvbj0iMS4xIiBVcmw9Imh0dHBzOi8vZ3cubXlzYXVjZWZhY3RvcnkuY29tL2Rldi9teXNhdWNlLWFwaS1wcm94eS1kZXYvdjEuMC9wcm9kdWN0Y29udGFpbmVycyIgVGhpbmtUaW1lPSIwIiBUaW1lb3V0PSIzMDAiIFBhcnNlRGVwZW5kZW50UmVxdWVzdHM9IlRydWUiIEZvbGxvd1JlZGlyZWN0cz0iVHJ1ZSIgUmVjb3JkUmVzdWx0PSJUcnVlIiBDYWNoZT0iRmFsc2UiIFJlc3BvbnNlVGltZUdvYWw9IjAiIEVuY29kaW5nPSJ1dGYtOCIgRXhwZWN0ZWRIdHRwU3RhdHVzQ29kZT0iMCIgRXhwZWN0ZWRSZXNwb25zZVVybD0iIiBSZXBvcnRpbmdOYW1lPSIiIElnbm9yZUh0dHBTdGF0dXNDb2RlPSJGYWxzZSI+DQogICAgICAgICAgPEhlYWRlcnM+DQogICAgICAgICAgICA8SGVhZGVyIE5hbWU9IkFjY2VwdCIgVmFsdWU9IiovKiIgLz4NCiAgICAgICAgICAgIDxIZWFkZXIgTmFtZT0iUmVmZXJlciIgVmFsdWU9Imh0dHA6Ly9teXNhdWNlZmFjdG9yeS1kZW1vLmF6dXJld2Vic2l0ZXMubmV0L3Byb2R1Y3RzL2RldGFpbC5odG1sP2lkPWEwYWE0OWI5LTliOWQtNGE1ZS03NTUwLTA4ZDQxNDBiZmIzOCIgLz4NCiAgICAgICAgICA8L0hlYWRlcnM+DQogICAgICAgICAgPFF1ZXJ5U3RyaW5nUGFyYW1ldGVycz4NCiAgICAgICAgICAgIDxRdWVyeVN0cmluZ1BhcmFtZXRlciBOYW1lPSJQcm9kdWN0SWQiIFZhbHVlPSJhMGFhNDliOS05YjlkLTRhNWUtNzU1MC0wOGQ0MTQwYmZiMzgiIFJlY29yZGVkVmFsdWU9ImEwYWE0OWI5LTliOWQtNGE1ZS03NTUwLTA4ZDQxNDBiZmIzOCIgQ29ycmVsYXRpb25CaW5kaW5nPSIiIFVybEVuY29kZT0iRmFsc2UiIFVzZVRvR3JvdXBSZXN1bHRzPSJGYWxzZSIgLz4NCiAgICAgICAgICA8L1F1ZXJ5U3RyaW5nUGFyYW1ldGVycz4NCiAgICAgICAgPC9SZXF1ZXN0Pg0KICAgICAgICA8UmVxdWVzdCBNZXRob2Q9Ik9QVElPTlMiIEd1aWQ9ImM0YjEzNDVmLTU5ZDUtNDEzYy05NzExLTg1Y2IxOWUxMTY0NSIgVmVyc2lvbj0iMS4xIiBVcmw9Imh0dHBzOi8vZ3cubXlzYXVjZWZhY3RvcnkuY29tL2Rldi9teXNhdWNlLWFwaS1wcm94eS1kZXYvdjEuMC9jb250YWluZXJzLzgyNTM4MjI2LWFkNGYtNDA1My0xOWU3LTA4ZDQxNDBiZmE0NiIgVGhpbmtUaW1lPSIwIiBUaW1lb3V0PSIzMDAiIFBhcnNlRGVwZW5kZW50UmVxdWVzdHM9IlRydWUiIEZvbGxvd1JlZGlyZWN0cz0iVHJ1ZSIgUmVjb3JkUmVzdWx0PSJUcnVlIiBDYWNoZT0iRmFsc2UiIFJlc3BvbnNlVGltZUdvYWw9IjAiIEVuY29kaW5nPSJ1dGYtOCIgRXhwZWN0ZWRIdHRwU3RhdHVzQ29kZT0iMCIgRXhwZWN0ZWRSZXNwb25zZVVybD0iIiBSZXBvcnRpbmdOYW1lPSIiIElnbm9yZUh0dHBTdGF0dXNDb2RlPSJGYWxzZSI+DQogICAgICAgICAgPFN0cmluZ0h0dHBCb2R5IENvbnRlbnRUeXBlPSIiIEluc2VydEJ5dGVPcmRlck1hcms9IkZhbHNlIj4NCiAgICAgICAgICA8L1N0cmluZ0h0dHBCb2R5Pg0KICAgICAgICA8L1JlcXVlc3Q+DQogICAgICAgIDxSZXF1ZXN0IE1ldGhvZD0iR0VUIiBHdWlkPSI5ZTk2MzE0OS1lNDQ1LTQyM2MtYmQxYS01NTlkNzZkMzQwMWUiIFZlcnNpb249IjEuMSIgVXJsPSJodHRwczovL2d3Lm15c2F1Y2VmYWN0b3J5LmNvbS9kZXYvbXlzYXVjZS1hcGktcHJveHktZGV2L3YxLjAvY29udGFpbmVycy84MjUzODIyNi1hZDRmLTQwNTMtMTllNy0wOGQ0MTQwYmZhNDYiIFRoaW5rVGltZT0iMTYiIFRpbWVvdXQ9IjMwMCIgUGFyc2VEZXBlbmRlbnRSZXF1ZXN0cz0iVHJ1ZSIgRm9sbG93UmVkaXJlY3RzPSJUcnVlIiBSZWNvcmRSZXN1bHQ9IlRydWUiIENhY2hlPSJGYWxzZSIgUmVzcG9uc2VUaW1lR29hbD0iMCIgRW5jb2Rpbmc9InV0Zi04IiBFeHBlY3RlZEh0dHBTdGF0dXNDb2RlPSIwIiBFeHBlY3RlZFJlc3BvbnNlVXJsPSIiIFJlcG9ydGluZ05hbWU9IiIgSWdub3JlSHR0cFN0YXR1c0NvZGU9IkZhbHNlIj4NCiAgICAgICAgICA8SGVhZGVycz4NCiAgICAgICAgICAgIDxIZWFkZXIgTmFtZT0iQWNjZXB0IiBWYWx1ZT0iKi8qIiAvPg0KICAgICAgICAgICAgPEhlYWRlciBOYW1lPSJSZWZlcmVyIiBWYWx1ZT0iaHR0cDovL215c2F1Y2VmYWN0b3J5LWRlbW8uYXp1cmV3ZWJzaXRlcy5uZXQvcHJvZHVjdHMvZGV0YWlsLmh0bWw/aWQ9YTBhYTQ5YjktOWI5ZC00YTVlLTc1NTAtMDhkNDE0MGJmYjM4IiAvPg0KICAgICAgICAgIDwvSGVhZGVycz4NCiAgICAgICAgPC9SZXF1ZXN0Pg0KICAgICAgPC9EZXBlbmRlbnRSZXF1ZXN0cz4NCiAgICAgIDxIZWFkZXJzPg0KICAgICAgICA8SGVhZGVyIE5hbWU9IlJlZmVyZXIiIFZhbHVlPSJodHRwOi8vbXlzYXVjZWZhY3RvcnktZGVtby5henVyZXdlYnNpdGVzLm5ldC9wcm9kdWN0cy9saXN0Lmh0bWwiIC8+DQogICAgICA8L0hlYWRlcnM+DQogICAgICA8UXVlcnlTdHJpbmdQYXJhbWV0ZXJzPg0KICAgICAgICA8UXVlcnlTdHJpbmdQYXJhbWV0ZXIgTmFtZT0iaWQiIFZhbHVlPSJhMGFhNDliOS05YjlkLTRhNWUtNzU1MC0wOGQ0MTQwYmZiMzgiIFJlY29yZGVkVmFsdWU9ImEwYWE0OWI5LTliOWQtNGE1ZS03NTUwLTA4ZDQxNDBiZmIzOCIgQ29ycmVsYXRpb25CaW5kaW5nPSIiIFVybEVuY29kZT0iRmFsc2UiIFVzZVRvR3JvdXBSZXN1bHRzPSJGYWxzZSIgLz4NCiAgICAgIDwvUXVlcnlTdHJpbmdQYXJhbWV0ZXJzPg0KICAgIDwvUmVxdWVzdD4NCiAgICA8UmVxdWVzdCBNZXRob2Q9IkdFVCIgR3VpZD0iZWIzZDM5NjEtN2Y5Mi00NGY4LTgyNTEtM2I3OTA2ODk5NTUzIiBWZXJzaW9uPSIxLjEiIFVybD0iaHR0cDovL215c2F1Y2VmYWN0b3J5LWRlbW8uYXp1cmV3ZWJzaXRlcy5uZXQvb3JkZXIvcHJvZHVjdC5odG1sIiBUaGlua1RpbWU9IjAiIFRpbWVvdXQ9IjMwMCIgUGFyc2VEZXBlbmRlbnRSZXF1ZXN0cz0iVHJ1ZSIgRm9sbG93UmVkaXJlY3RzPSJUcnVlIiBSZWNvcmRSZXN1bHQ9IlRydWUiIENhY2hlPSJGYWxzZSIgUmVzcG9uc2VUaW1lR29hbD0iMCIgRW5jb2Rpbmc9InV0Zi04IiBFeHBlY3RlZEh0dHBTdGF0dXNDb2RlPSIwIiBFeHBlY3RlZFJlc3BvbnNlVXJsPSIiIFJlcG9ydGluZ05hbWU9IiIgSWdub3JlSHR0cFN0YXR1c0NvZGU9IkZhbHNlIj4NCiAgICAgIDxEZXBlbmRlbnRSZXF1ZXN0cz4NCiAgICAgICAgPFJlcXVlc3QgTWV0aG9kPSJHRVQiIEd1aWQ9IjFjODdhMGU5LTc2ZWYtNDU0Yy05MTE5LThjMjY3MzIyMWY4MyIgVmVyc2lvbj0iMS4xIiBVcmw9Imh0dHA6Ly9teXNhdWNlZmFjdG9yeS1kZW1vLmF6dXJld2Vic2l0ZXMubmV0L2ZvbnRzL2ZvbnRhd2Vzb21lLXdlYmZvbnQuZW90IiBUaGlua1RpbWU9IjAiIFRpbWVvdXQ9IjMwMCIgUGFyc2VEZXBlbmRlbnRSZXF1ZXN0cz0iVHJ1ZSIgRm9sbG93UmVkaXJlY3RzPSJUcnVlIiBSZWNvcmRSZXN1bHQ9IlRydWUiIENhY2hlPSJGYWxzZSIgUmVzcG9uc2VUaW1lR29hbD0iMCIgRW5jb2Rpbmc9InV0Zi04IiBFeHBlY3RlZEh0dHBTdGF0dXNDb2RlPSIwIiBFeHBlY3RlZFJlc3BvbnNlVXJsPSIiIFJlcG9ydGluZ05hbWU9IiIgSWdub3JlSHR0cFN0YXR1c0NvZGU9IkZhbHNlIj4NCiAgICAgICAgICA8SGVhZGVycz4NCiAgICAgICAgICAgIDxIZWFkZXIgTmFtZT0iUmVmZXJlciIgVmFsdWU9Imh0dHA6Ly9teXNhdWNlZmFjdG9yeS1kZW1vLmF6dXJld2Vic2l0ZXMubmV0L29yZGVyL3Byb2R1Y3QuaHRtbCIgLz4NCiAgICAgICAgICA8L0hlYWRlcnM+DQogICAgICAgICAgPFF1ZXJ5U3RyaW5nUGFyYW1ldGVycz4NCiAgICAgICAgICAgIDxRdWVyeVN0cmluZ1BhcmFtZXRlciBOYW1lPSIiIFZhbHVlPSIiIFJlY29yZGVkVmFsdWU9IiIgQ29ycmVsYXRpb25CaW5kaW5nPSIiIFVybEVuY29kZT0iRmFsc2UiIFVzZVRvR3JvdXBSZXN1bHRzPSJGYWxzZSIgLz4NCiAgICAgICAgICA8L1F1ZXJ5U3RyaW5nUGFyYW1ldGVycz4NCiAgICAgICAgPC9SZXF1ZXN0Pg0KICAgICAgICA8UmVxdWVzdCBNZXRob2Q9Ik9QVElPTlMiIEd1aWQ9IjY3ZDZlOWI3LTQzYTUtNDFmNS04YTAyLWE5NjBhYWJlYjY0YiIgVmVyc2lvbj0iMS4xIiBVcmw9Imh0dHBzOi8vZ3cubXlzYXVjZWZhY3RvcnkuY29tL2Rldi9teXNhdWNlLWFwaS1wcm94eS1kZXYvdjEuMC9wcm9kdWN0cy9hMGFhNDliOS05YjlkLTRhNWUtNzU1MC0wOGQ0MTQwYmZiMzgvbGFiZWxzLyIgVGhpbmtUaW1lPSIwIiBUaW1lb3V0PSIzMDAiIFBhcnNlRGVwZW5kZW50UmVxdWVzdHM9IlRydWUiIEZvbGxvd1JlZGlyZWN0cz0iVHJ1ZSIgUmVjb3JkUmVzdWx0PSJUcnVlIiBDYWNoZT0iRmFsc2UiIFJlc3BvbnNlVGltZUdvYWw9IjAiIEVuY29kaW5nPSJ1dGYtOCIgRXhwZWN0ZWRIdHRwU3RhdHVzQ29kZT0iMCIgRXhwZWN0ZWRSZXNwb25zZVVybD0iIiBSZXBvcnRpbmdOYW1lPSIiIElnbm9yZUh0dHBTdGF0dXNDb2RlPSJGYWxzZSI+DQogICAgICAgICAgPFN0cmluZ0h0dHBCb2R5IENvbnRlbnRUeXBlPSIiIEluc2VydEJ5dGVPcmRlck1hcms9IkZhbHNlIj4NCiAgICAgICAgICA8L1N0cmluZ0h0dHBCb2R5Pg0KICAgICAgICA8L1JlcXVlc3Q+DQogICAgICA8L0RlcGVuZGVudFJlcXVlc3RzPg0KICAgICAgPEhlYWRlcnM+DQogICAgICAgIDxIZWFkZXIgTmFtZT0iUmVmZXJlciIgVmFsdWU9Imh0dHA6Ly9teXNhdWNlZmFjdG9yeS1kZW1vLmF6dXJld2Vic2l0ZXMubmV0L3Byb2R1Y3RzL2RldGFpbC5odG1sP2lkPWEwYWE0OWI5LTliOWQtNGE1ZS03NTUwLTA4ZDQxNDBiZmIzOCIgLz4NCiAgICAgIDwvSGVhZGVycz4NCiAgICA8L1JlcXVlc3Q+DQogICAgPFJlcXVlc3QgTWV0aG9kPSJHRVQiIEd1aWQ9ImVhMWIxNmQwLWUzNWUtNGQ1OS04ZTQ1LTU4ZjA4NjAzOGQ3ZSIgVmVyc2lvbj0iMS4xIiBVcmw9Imh0dHBzOi8vZ3cubXlzYXVjZWZhY3RvcnkuY29tL2Rldi9teXNhdWNlLWFwaS1wcm94eS1kZXYvdjEuMC9wcm9kdWN0cy9hMGFhNDliOS05YjlkLTRhNWUtNzU1MC0wOGQ0MTQwYmZiMzgvbGFiZWxzLyIgVGhpbmtUaW1lPSIwIiBUaW1lb3V0PSIzMDAiIFBhcnNlRGVwZW5kZW50UmVxdWVzdHM9IlRydWUiIEZvbGxvd1JlZGlyZWN0cz0iVHJ1ZSIgUmVjb3JkUmVzdWx0PSJUcnVlIiBDYWNoZT0iRmFsc2UiIFJlc3BvbnNlVGltZUdvYWw9IjAiIEVuY29kaW5nPSJ1dGYtOCIgRXhwZWN0ZWRIdHRwU3RhdHVzQ29kZT0iMCIgRXhwZWN0ZWRSZXNwb25zZVVybD0iIiBSZXBvcnRpbmdOYW1lPSIiIElnbm9yZUh0dHBTdGF0dXNDb2RlPSJGYWxzZSI+DQogICAgICA8SGVhZGVycz4NCiAgICAgICAgPEhlYWRlciBOYW1lPSJBY2NlcHQiIFZhbHVlPSIqLyoiIC8+DQogICAgICAgIDxIZWFkZXIgTmFtZT0iUmVmZXJlciIgVmFsdWU9Imh0dHA6Ly9teXNhdWNlZmFjdG9yeS1kZW1vLmF6dXJld2Vic2l0ZXMubmV0L29yZGVyL3Byb2R1Y3QuaHRtbCIgLz4NCiAgICAgIDwvSGVhZGVycz4NCiAgICA8L1JlcXVlc3Q+DQogICAgPFJlcXVlc3QgTWV0aG9kPSJPUFRJT05TIiBHdWlkPSJiOTllMzgzZS05YzY4LTRiMmQtYTY3OC1hMGFhNGMwN2UwNzMiIFZlcnNpb249IjEuMSIgVXJsPSJodHRwczovL2d3Lm15c2F1Y2VmYWN0b3J5LmNvbS9kZXYvbXlzYXVjZS1hcGktcHJveHktZGV2L3YxLjAvcHJvZHVjdHMvYTBhYTQ5YjktOWI5ZC00YTVlLTc1NTAtMDhkNDE0MGJmYjM4L21hdHRlciIgVGhpbmtUaW1lPSIwIiBUaW1lb3V0PSIzMDAiIFBhcnNlRGVwZW5kZW50UmVxdWVzdHM9IlRydWUiIEZvbGxvd1JlZGlyZWN0cz0iVHJ1ZSIgUmVjb3JkUmVzdWx0PSJUcnVlIiBDYWNoZT0iRmFsc2UiIFJlc3BvbnNlVGltZUdvYWw9IjAiIEVuY29kaW5nPSJ1dGYtOCIgRXhwZWN0ZWRIdHRwU3RhdHVzQ29kZT0iMCIgRXhwZWN0ZWRSZXNwb25zZVVybD0iIiBSZXBvcnRpbmdOYW1lPSIiIElnbm9yZUh0dHBTdGF0dXNDb2RlPSJGYWxzZSI+DQogICAgICA8U3RyaW5nSHR0cEJvZHkgQ29udGVudFR5cGU9IiIgSW5zZXJ0Qnl0ZU9yZGVyTWFyaz0iRmFsc2UiPg0KICAgICAgPC9TdHJpbmdIdHRwQm9keT4NCiAgICA8L1JlcXVlc3Q+DQogICAgPFJlcXVlc3QgTWV0aG9kPSJQT1NUIiBHdWlkPSIzNDY3ZDg4Zi1lMmJmLTQ0OWMtOTI3OC1jNTk3MWM4MmQxOGEiIFZlcnNpb249IjEuMSIgVXJsPSJodHRwczovL2d3Lm15c2F1Y2VmYWN0b3J5LmNvbS9kZXYvbXlzYXVjZS1hcGktcHJveHktZGV2L3YxLjAvcHJvZHVjdHMvYTBhYTQ5YjktOWI5ZC00YTVlLTc1NTAtMDhkNDE0MGJmYjM4L21hdHRlciIgVGhpbmtUaW1lPSI2IiBUaW1lb3V0PSIzMDAiIFBhcnNlRGVwZW5kZW50UmVxdWVzdHM9IlRydWUiIEZvbGxvd1JlZGlyZWN0cz0iVHJ1ZSIgUmVjb3JkUmVzdWx0PSJUcnVlIiBDYWNoZT0iRmFsc2UiIFJlc3BvbnNlVGltZUdvYWw9IjAiIEVuY29kaW5nPSJ1dGYtOCIgRXhwZWN0ZWRIdHRwU3RhdHVzQ29kZT0iMCIgRXhwZWN0ZWRSZXNwb25zZVVybD0iIiBSZXBvcnRpbmdOYW1lPSIiIElnbm9yZUh0dHBTdGF0dXNDb2RlPSJGYWxzZSI+DQogICAgICA8SGVhZGVycz4NCiAgICAgICAgPEhlYWRlciBOYW1lPSJBY2NlcHQiIFZhbHVlPSJhcHBsaWNhdGlvbi9qc29uLCB0ZXh0L2phdmFzY3JpcHQsICovKjsgcT0wLjAxIiAvPg0KICAgICAgICA8SGVhZGVyIE5hbWU9IlJlZmVyZXIiIFZhbHVlPSJodHRwOi8vbXlzYXVjZWZhY3RvcnktZGVtby5henVyZXdlYnNpdGVzLm5ldC9vcmRlci9wcm9kdWN0Lmh0bWwiIC8+DQogICAgICA8L0hlYWRlcnM+DQogICAgICA8U3RyaW5nSHR0cEJvZHkgQ29udGVudFR5cGU9ImFwcGxpY2F0aW9uL2pzb24iIEluc2VydEJ5dGVPcmRlck1hcms9IkZhbHNlIj5ld0FpQUcwQVlRQjBBR1VBY2dCcEFHRUFiQUJ6QUNJQU9nQmJBSHNBSWdCcEFHUUFJZ0E2QUNJQU1BQTBBR1FBTndBMEFHVUFNUUF4QUMwQU1RQXpBRElBWmdBdEFEUUFOQUJtQUdNQUxRQmxBRGNBWkFBMUFDMEFNQUE0QUdRQU5BQXhBRFFBTUFCaUFHWUFZZ0E0QUdJQUlnQXNBQ0lBY0FCaEFISUFZUUJ0QUdVQWRBQmxBSElBSWdBNkFDSUFNUUFpQUN3QUlnQnZBSElBWkFCbEFISUFYd0JwQUdRQUlnQTZBREFBTEFBaUFHOEFjZ0JrQUdVQWNnQWlBRG9BYmdCMUFHd0FiQUI5QUN3QWV3QWlBR2tBWkFBaUFEb0FJZ0F4QUdFQU1nQmxBR1lBTUFBeEFEY0FMUUJpQURNQVlRQmxBQzBBTkFCaUFEQUFNZ0F0QUdVQU53QmtBRFlBTFFBd0FEZ0FaQUEwQURFQU5BQXdBR0lBWmdCaUFEZ0FZZ0FpQUN3QUlnQndBR0VBY2dCaEFHMEFaUUIwQUdVQWNnQWlBRG9BSWdBeUFDSUFMQUFpQUc4QWNnQmtBR1VBY2dCZkFHa0FaQUFpQURvQU1BQXNBQ0lBYndCeUFHUUFaUUJ5QUNJQU9nQnVBSFVBYkFCc0FIMEFMQUI3QUNJQWFRQmtBQ0lBT2dBaUFHRUFNUUF5QURrQU9BQXlBR0VBTndBdEFEZ0FOd0JqQURjQUxRQTBBRFVBTWdCaEFDMEFaUUEzQUdRQU53QXRBREFBT0FCa0FEUUFNUUEwQURBQVlnQm1BR0lBT0FCaUFDSUFMQUFpQUhBQVlRQnlBR0VBYlFCbEFIUUFaUUJ5QUNJQU9nQWlBREVBSWdBc0FDSUFid0J5QUdRQVpRQnlBRjhBYVFCa0FDSUFPZ0F3QUN3QUlnQnZBSElBWkFCbEFISUFJZ0E2QUc0QWRRQnNBR3dBZlFBc0FIc0FJZ0JwQUdRQUlnQTZBQ0lBWVFCbEFHVUFOUUJoQURnQU5BQXhBQzBBTXdBd0FHSUFOUUF0QURRQU1nQXhBR01BTFFCbEFEY0FaQUE0QUMwQU1BQTRBR1FBTkFBeEFEUUFNQUJpQUdZQVlnQTRBR0lBSWdBc0FDSUFjQUJoQUhJQVlRQnRBR1VBZEFCbEFISUFJZ0E2QUNJQU1nQWlBQ3dBSWdCdkFISUFaQUJsQUhJQVh3QnBBR1FBSWdBNkFEQUFMQUFpQUc4QWNnQmtBR1VBY2dBaUFEb0FiZ0IxQUd3QWJBQjlBQ3dBZXdBaUFHa0FaQUFpQURvQUlnQmlBR0lBTkFBMEFEa0FaZ0E1QURjQUxRQXlBR1FBWmdBd0FDMEFOQUE0QUdJQVlnQXRBR1VBTndCa0FEa0FMUUF3QURnQVpBQTBBREVBTkFBd0FHSUFaZ0JpQURnQVlnQWlBQ3dBSWdCd0FHRUFjZ0JoQUcwQVpRQjBBR1VBY2dBaUFEb0FJZ0F4QUNJQUxBQWlBRzhBY2dCa0FHVUFjZ0JmQUdrQVpBQWlBRG9BTUFBc0FDSUFid0J5QUdRQVpRQnlBQ0lBT2dCdUFIVUFiQUJzQUgwQVhRQjlBQT09PC9TdHJpbmdIdHRwQm9keT4NCiAgICA8L1JlcXVlc3Q+DQogICAgPFJlcXVlc3QgTWV0aG9kPSJHRVQiIEd1aWQ9IjI5ZGI1ZjgwLTAyYjgtNGU3Yy1hOWQ2LWNkYzliZDc5OTMzOSIgVmVyc2lvbj0iMS4xIiBVcmw9Imh0dHA6Ly9teXNhdWNlZmFjdG9yeS1kZW1vLmF6dXJld2Vic2l0ZXMubmV0L2xvZ2luLmh0bWwiIFRoaW5rVGltZT0iMCIgVGltZW91dD0iMzAwIiBQYXJzZURlcGVuZGVudFJlcXVlc3RzPSJUcnVlIiBGb2xsb3dSZWRpcmVjdHM9IlRydWUiIFJlY29yZFJlc3VsdD0iVHJ1ZSIgQ2FjaGU9IkZhbHNlIiBSZXNwb25zZVRpbWVHb2FsPSIwIiBFbmNvZGluZz0idXRmLTgiIEV4cGVjdGVkSHR0cFN0YXR1c0NvZGU9IjAiIEV4cGVjdGVkUmVzcG9uc2VVcmw9IiIgUmVwb3J0aW5nTmFtZT0iIiBJZ25vcmVIdHRwU3RhdHVzQ29kZT0iRmFsc2UiPg0KICAgICAgPEhlYWRlcnM+DQogICAgICAgIDxIZWFkZXIgTmFtZT0iUmVmZXJlciIgVmFsdWU9Imh0dHA6Ly9teXNhdWNlZmFjdG9yeS1kZW1vLmF6dXJld2Vic2l0ZXMubmV0L29yZGVyL3Byb2R1Y3QuaHRtbCIgLz4NCiAgICAgIDwvSGVhZGVycz4NCiAgICAgIDxRdWVyeVN0cmluZ1BhcmFtZXRlcnM+DQogICAgICAgIDxRdWVyeVN0cmluZ1BhcmFtZXRlciBOYW1lPSJtb2RlIiBWYWx1ZT0ic2hvcHBpbmciIFJlY29yZGVkVmFsdWU9InNob3BwaW5nIiBDb3JyZWxhdGlvbkJpbmRpbmc9IiIgVXJsRW5jb2RlPSJGYWxzZSIgVXNlVG9Hcm91cFJlc3VsdHM9IkZhbHNlIiAvPg0KICAgICAgPC9RdWVyeVN0cmluZ1BhcmFtZXRlcnM+DQogICAgPC9SZXF1ZXN0Pg0KICAgIDxSZXF1ZXN0IE1ldGhvZD0iR0VUIiBHdWlkPSI2NjAzOWY5NS01NmE5LTQ5NzgtYWFiNy1jMzc2YzdhODA4MWIiIFZlcnNpb249IjEuMSIgVXJsPSJodHRwOi8vYXBpLmJpbmcuY29tL3FzbWwuYXNweCIgVGhpbmtUaW1lPSIwIiBUaW1lb3V0PSIzMDAiIFBhcnNlRGVwZW5kZW50UmVxdWVzdHM9IlRydWUiIEZvbGxvd1JlZGlyZWN0cz0iVHJ1ZSIgUmVjb3JkUmVzdWx0PSJUcnVlIiBDYWNoZT0iRmFsc2UiIFJlc3BvbnNlVGltZUdvYWw9IjAiIEVuY29kaW5nPSJ1dGYtOCIgRXhwZWN0ZWRIdHRwU3RhdHVzQ29kZT0iMCIgRXhwZWN0ZWRSZXNwb25zZVVybD0iIiBSZXBvcnRpbmdOYW1lPSIiIElnbm9yZUh0dHBTdGF0dXNDb2RlPSJGYWxzZSI+DQogICAgICA8UXVlcnlTdHJpbmdQYXJhbWV0ZXJzPg0KICAgICAgICA8UXVlcnlTdHJpbmdQYXJhbWV0ZXIgTmFtZT0icXVlcnkiIFZhbHVlPSJodHRwJTNBJTJGJTJGbXlzYXVjZWZhY3RvcnktZGVtby5henVyZXdlYnNpdGVzLm5ldCUyRiIgUmVjb3JkZWRWYWx1ZT0iaHR0cCUzQSUyRiUyRm15c2F1Y2VmYWN0b3J5LWRlbW8uYXp1cmV3ZWJzaXRlcy5uZXQlMkYiIENvcnJlbGF0aW9uQmluZGluZz0iIiBVcmxFbmNvZGU9IkZhbHNlIiBVc2VUb0dyb3VwUmVzdWx0cz0iRmFsc2UiIC8+DQogICAgICAgIDxRdWVyeVN0cmluZ1BhcmFtZXRlciBOYW1lPSJtYXh3aWR0aCIgVmFsdWU9IjMyNzY1IiBSZWNvcmRlZFZhbHVlPSIzMjc2NSIgQ29ycmVsYXRpb25CaW5kaW5nPSIiIFVybEVuY29kZT0iRmFsc2UiIFVzZVRvR3JvdXBSZXN1bHRzPSJGYWxzZSIgLz4NCiAgICAgICAgPFF1ZXJ5U3RyaW5nUGFyYW1ldGVyIE5hbWU9InJvd2hlaWdodCIgVmFsdWU9IjIwIiBSZWNvcmRlZFZhbHVlPSIyMCIgQ29ycmVsYXRpb25CaW5kaW5nPSIiIFVybEVuY29kZT0iRmFsc2UiIFVzZVRvR3JvdXBSZXN1bHRzPSJGYWxzZSIgLz4NCiAgICAgICAgPFF1ZXJ5U3RyaW5nUGFyYW1ldGVyIE5hbWU9InNlY3Rpb25IZWlnaHQiIFZhbHVlPSIxNjAiIFJlY29yZGVkVmFsdWU9IjE2MCIgQ29ycmVsYXRpb25CaW5kaW5nPSIiIFVybEVuY29kZT0iRmFsc2UiIFVzZVRvR3JvdXBSZXN1bHRzPSJGYWxzZSIgLz4NCiAgICAgICAgPFF1ZXJ5U3RyaW5nUGFyYW1ldGVyIE5hbWU9IkZPUk0iIFZhbHVlPSJJRVNTMDIiIFJlY29yZGVkVmFsdWU9IklFU1MwMiIgQ29ycmVsYXRpb25CaW5kaW5nPSIiIFVybEVuY29kZT0iRmFsc2UiIFVzZVRvR3JvdXBSZXN1bHRzPSJGYWxzZSIgLz4NCiAgICAgICAgPFF1ZXJ5U3RyaW5nUGFyYW1ldGVyIE5hbWU9Im1hcmtldCIgVmFsdWU9ImphIiBSZWNvcmRlZFZhbHVlPSJqYSIgQ29ycmVsYXRpb25CaW5kaW5nPSIiIFVybEVuY29kZT0iRmFsc2UiIFVzZVRvR3JvdXBSZXN1bHRzPSJGYWxzZSIgLz4NCiAgICAgIDwvUXVlcnlTdHJpbmdQYXJhbWV0ZXJzPg0KICAgIDwvUmVxdWVzdD4NCiAgICA8UmVxdWVzdCBNZXRob2Q9IkdFVCIgR3VpZD0iMjEwZDg2MTktYjBmOC00ZDUxLTgwNWEtMGEzYTE3N2FlMmYzIiBWZXJzaW9uPSIxLjEiIFVybD0iaHR0cDovL2FwaS5iaW5nLmNvbS9xc21sLmFzcHgiIFRoaW5rVGltZT0iMSIgVGltZW91dD0iMzAwIiBQYXJzZURlcGVuZGVudFJlcXVlc3RzPSJUcnVlIiBGb2xsb3dSZWRpcmVjdHM9IlRydWUiIFJlY29yZFJlc3VsdD0iVHJ1ZSIgQ2FjaGU9IkZhbHNlIiBSZXNwb25zZVRpbWVHb2FsPSIwIiBFbmNvZGluZz0idXRmLTgiIEV4cGVjdGVkSHR0cFN0YXR1c0NvZGU9IjAiIEV4cGVjdGVkUmVzcG9uc2VVcmw9IiIgUmVwb3J0aW5nTmFtZT0iIiBJZ25vcmVIdHRwU3RhdHVzQ29kZT0iRmFsc2UiPg0KICAgICAgPFF1ZXJ5U3RyaW5nUGFyYW1ldGVycz4NCiAgICAgICAgPFF1ZXJ5U3RyaW5nUGFyYW1ldGVyIE5hbWU9InF1ZXJ5IiBWYWx1ZT0iaHR0cCUzQSUyRiUyRm15c2F1Y2VmYWN0b3J5LWRlbW8uYXp1cmV3ZWJzaXRlcy5uZXQlMkYiIFJlY29yZGVkVmFsdWU9Imh0dHAlM0ElMkYlMkZteXNhdWNlZmFjdG9yeS1kZW1vLmF6dXJld2Vic2l0ZXMubmV0JTJGIiBDb3JyZWxhdGlvbkJpbmRpbmc9IiIgVXJsRW5jb2RlPSJGYWxzZSIgVXNlVG9Hcm91cFJlc3VsdHM9IkZhbHNlIiAvPg0KICAgICAgICA8UXVlcnlTdHJpbmdQYXJhbWV0ZXIgTmFtZT0ibWF4d2lkdGgiIFZhbHVlPSIzMjc2NSIgUmVjb3JkZWRWYWx1ZT0iMzI3NjUiIENvcnJlbGF0aW9uQmluZGluZz0iIiBVcmxFbmNvZGU9IkZhbHNlIiBVc2VUb0dyb3VwUmVzdWx0cz0iRmFsc2UiIC8+DQogICAgICAgIDxRdWVyeVN0cmluZ1BhcmFtZXRlciBOYW1lPSJyb3doZWlnaHQiIFZhbHVlPSIyMCIgUmVjb3JkZWRWYWx1ZT0iMjAiIENvcnJlbGF0aW9uQmluZGluZz0iIiBVcmxFbmNvZGU9IkZhbHNlIiBVc2VUb0dyb3VwUmVzdWx0cz0iRmFsc2UiIC8+DQogICAgICAgIDxRdWVyeVN0cmluZ1BhcmFtZXRlciBOYW1lPSJzZWN0aW9uSGVpZ2h0IiBWYWx1ZT0iMTYwIiBSZWNvcmRlZFZhbHVlPSIxNjAiIENvcnJlbGF0aW9uQmluZGluZz0iIiBVcmxFbmNvZGU9IkZhbHNlIiBVc2VUb0dyb3VwUmVzdWx0cz0iRmFsc2UiIC8+DQogICAgICAgIDxRdWVyeVN0cmluZ1BhcmFtZXRlciBOYW1lPSJGT1JNIiBWYWx1ZT0iSUVTUzAyIiBSZWNvcmRlZFZhbHVlPSJJRVNTMDIiIENvcnJlbGF0aW9uQmluZGluZz0iIiBVcmxFbmNvZGU9IkZhbHNlIiBVc2VUb0dyb3VwUmVzdWx0cz0iRmFsc2UiIC8+DQogICAgICAgIDxRdWVyeVN0cmluZ1BhcmFtZXRlciBOYW1lPSJtYXJrZXQiIFZhbHVlPSJqYSIgUmVjb3JkZWRWYWx1ZT0iamEiIENvcnJlbGF0aW9uQmluZGluZz0iIiBVcmxFbmNvZGU9IkZhbHNlIiBVc2VUb0dyb3VwUmVzdWx0cz0iRmFsc2UiIC8+DQogICAgICA8L1F1ZXJ5U3RyaW5nUGFyYW1ldGVycz4NCiAgICA8L1JlcXVlc3Q+DQogICAgPFJlcXVlc3QgTWV0aG9kPSJHRVQiIEd1aWQ9IjNkMGE4Yzk2LWFkODYtNDY5YS1iNmU3LWY3Mjc0YWZmNzA4ZCIgVmVyc2lvbj0iMS4xIiBVcmw9Imh0dHA6Ly9teXNhdWNlZmFjdG9yeS1kZW1vLmF6dXJld2Vic2l0ZXMubmV0LyIgVGhpbmtUaW1lPSIwIiBUaW1lb3V0PSIzMDAiIFBhcnNlRGVwZW5kZW50UmVxdWVzdHM9IlRydWUiIEZvbGxvd1JlZGlyZWN0cz0iVHJ1ZSIgUmVjb3JkUmVzdWx0PSJUcnVlIiBDYWNoZT0iRmFsc2UiIFJlc3BvbnNlVGltZUdvYWw9IjAiIEVuY29kaW5nPSJ1dGYtOCIgRXhwZWN0ZWRIdHRwU3RhdHVzQ29kZT0iMCIgRXhwZWN0ZWRSZXNwb25zZVVybD0iIiBSZXBvcnRpbmdOYW1lPSIiIElnbm9yZUh0dHBTdGF0dXNDb2RlPSJGYWxzZSI+DQogICAgICA8RGVwZW5kZW50UmVxdWVzdHM+DQogICAgICAgIDxSZXF1ZXN0IE1ldGhvZD0iR0VUIiBHdWlkPSI1MTFkNzc2Mi00YjVlLTQwMTAtODU2ZS0yNzkxOTA4N2Q4ZmMiIFZlcnNpb249IjEuMSIgVXJsPSJodHRwOi8vbXlzYXVjZWZhY3RvcnktZGVtby5henVyZXdlYnNpdGVzLm5ldC9mb250cy9mb250YXdlc29tZS13ZWJmb250LmVvdCIgVGhpbmtUaW1lPSIwIiBUaW1lb3V0PSIzMDAiIFBhcnNlRGVwZW5kZW50UmVxdWVzdHM9IlRydWUiIEZvbGxvd1JlZGlyZWN0cz0iVHJ1ZSIgUmVjb3JkUmVzdWx0PSJUcnVlIiBDYWNoZT0iRmFsc2UiIFJlc3BvbnNlVGltZUdvYWw9IjAiIEVuY29kaW5nPSJ1dGYtOCIgRXhwZWN0ZWRIdHRwU3RhdHVzQ29kZT0iMCIgRXhwZWN0ZWRSZXNwb25zZVVybD0iIiBSZXBvcnRpbmdOYW1lPSIiIElnbm9yZUh0dHBTdGF0dXNDb2RlPSJGYWxzZSI+DQogICAgICAgICAgPEhlYWRlcnM+DQogICAgICAgICAgICA8SGVhZGVyIE5hbWU9IlJlZmVyZXIiIFZhbHVlPSJodHRwOi8vbXlzYXVjZWZhY3RvcnktZGVtby5henVyZXdlYnNpdGVzLm5ldC8iIC8+DQogICAgICAgICAgPC9IZWFkZXJzPg0KICAgICAgICAgIDxRdWVyeVN0cmluZ1BhcmFtZXRlcnM+DQogICAgICAgICAgICA8UXVlcnlTdHJpbmdQYXJhbWV0ZXIgTmFtZT0iIiBWYWx1ZT0iIiBSZWNvcmRlZFZhbHVlPSIiIENvcnJlbGF0aW9uQmluZGluZz0iIiBVcmxFbmNvZGU9IkZhbHNlIiBVc2VUb0dyb3VwUmVzdWx0cz0iRmFsc2UiIC8+DQogICAgICAgICAgPC9RdWVyeVN0cmluZ1BhcmFtZXRlcnM+DQogICAgICAgIDwvUmVxdWVzdD4NCiAgICAgICAgPFJlcXVlc3QgTWV0aG9kPSJPUFRJT05TIiBHdWlkPSIzZTcwMjQ1OC0yY2QzLTQzZGEtYTFjYS1mMzYzYmQ2N2U3M2YiIFZlcnNpb249IjEuMSIgVXJsPSJodHRwczovL2d3Lm15c2F1Y2VmYWN0b3J5LmNvbS9kZXYvbXlzYXVjZS1hcGktcHJveHktZGV2L3YxLjAvZmVhdHVyZWRwcm9kdWN0cyIgVGhpbmtUaW1lPSIwIiBUaW1lb3V0PSIzMDAiIFBhcnNlRGVwZW5kZW50UmVxdWVzdHM9IlRydWUiIEZvbGxvd1JlZGlyZWN0cz0iVHJ1ZSIgUmVjb3JkUmVzdWx0PSJUcnVlIiBDYWNoZT0iRmFsc2UiIFJlc3BvbnNlVGltZUdvYWw9IjAiIEVuY29kaW5nPSJ1dGYtOCIgRXhwZWN0ZWRIdHRwU3RhdHVzQ29kZT0iMCIgRXhwZWN0ZWRSZXNwb25zZVVybD0iIiBSZXBvcnRpbmdOYW1lPSIiIElnbm9yZUh0dHBTdGF0dXNDb2RlPSJGYWxzZSI+DQogICAgICAgICAgPFF1ZXJ5U3RyaW5nUGFyYW1ldGVycz4NCiAgICAgICAgICAgIDxRdWVyeVN0cmluZ1BhcmFtZXRlciBOYW1lPSJmaWVsZHMiIFZhbHVlPSJpZCUyQ3Byb2R1Y3RfaWQlMkN0aXRsZSUyQ3BpY3R1cmUiIFJlY29yZGVkVmFsdWU9ImlkJTJDcHJvZHVjdF9pZCUyQ3RpdGxlJTJDcGljdHVyZSIgQ29ycmVsYXRpb25CaW5kaW5nPSIiIFVybEVuY29kZT0iRmFsc2UiIFVzZVRvR3JvdXBSZXN1bHRzPSJGYWxzZSIgLz4NCiAgICAgICAgICAgIDxRdWVyeVN0cmluZ1BhcmFtZXRlciBOYW1lPSJsaW1pdCIgVmFsdWU9IjUiIFJlY29yZGVkVmFsdWU9IjUiIENvcnJlbGF0aW9uQmluZGluZz0iIiBVcmxFbmNvZGU9IkZhbHNlIiBVc2VUb0dyb3VwUmVzdWx0cz0iRmFsc2UiIC8+DQogICAgICAgICAgICA8UXVlcnlTdHJpbmdQYXJhbWV0ZXIgTmFtZT0ib2Zmc2V0IiBWYWx1ZT0iMCIgUmVjb3JkZWRWYWx1ZT0iMCIgQ29ycmVsYXRpb25CaW5kaW5nPSIiIFVybEVuY29kZT0iRmFsc2UiIFVzZVRvR3JvdXBSZXN1bHRzPSJGYWxzZSIgLz4NCiAgICAgICAgICAgIDxRdWVyeVN0cmluZ1BhcmFtZXRlciBOYW1lPSJzb3J0IiBWYWx1ZT0icHJvZHVjdF9pZCIgUmVjb3JkZWRWYWx1ZT0icHJvZHVjdF9pZCIgQ29ycmVsYXRpb25CaW5kaW5nPSIiIFVybEVuY29kZT0iRmFsc2UiIFVzZVRvR3JvdXBSZXN1bHRzPSJGYWxzZSIgLz4NCiAgICAgICAgICAgIDxRdWVyeVN0cmluZ1BhcmFtZXRlciBOYW1lPSJhc2MiIFZhbHVlPSJ0cnVlIiBSZWNvcmRlZFZhbHVlPSJ0cnVlIiBDb3JyZWxhdGlvbkJpbmRpbmc9IiIgVXJsRW5jb2RlPSJGYWxzZSIgVXNlVG9Hcm91cFJlc3VsdHM9IkZhbHNlIiAvPg0KICAgICAgICAgIDwvUXVlcnlTdHJpbmdQYXJhbWV0ZXJzPg0KICAgICAgICAgIDxTdHJpbmdIdHRwQm9keSBDb250ZW50VHlwZT0iIiBJbnNlcnRCeXRlT3JkZXJNYXJrPSJGYWxzZSI+DQogICAgICAgICAgPC9TdHJpbmdIdHRwQm9keT4NCiAgICAgICAgPC9SZXF1ZXN0Pg0KICAgICAgICA8UmVxdWVzdCBNZXRob2Q9IkdFVCIgR3VpZD0iZThhYmFhNjMtMzI0ZC00YTBmLThkOTYtZjY1OTgyY2YyNWZmIiBWZXJzaW9uPSIxLjEiIFVybD0iaHR0cHM6Ly9ndy5teXNhdWNlZmFjdG9yeS5jb20vZGV2L215c2F1Y2UtYXBpLXByb3h5LWRldi92MS4wL2ZlYXR1cmVkcHJvZHVjdHMiIFRoaW5rVGltZT0iMCIgVGltZW91dD0iMzAwIiBQYXJzZURlcGVuZGVudFJlcXVlc3RzPSJUcnVlIiBGb2xsb3dSZWRpcmVjdHM9IlRydWUiIFJlY29yZFJlc3VsdD0iVHJ1ZSIgQ2FjaGU9IkZhbHNlIiBSZXNwb25zZVRpbWVHb2FsPSIwIiBFbmNvZGluZz0idXRmLTgiIEV4cGVjdGVkSHR0cFN0YXR1c0NvZGU9IjAiIEV4cGVjdGVkUmVzcG9uc2VVcmw9IiIgUmVwb3J0aW5nTmFtZT0iIiBJZ25vcmVIdHRwU3RhdHVzQ29kZT0iRmFsc2UiPg0KICAgICAgICAgIDxIZWFkZXJzPg0KICAgICAgICAgICAgPEhlYWRlciBOYW1lPSJBY2NlcHQiIFZhbHVlPSIqLyoiIC8+DQogICAgICAgICAgICA8SGVhZGVyIE5hbWU9IlJlZmVyZXIiIFZhbHVlPSJodHRwOi8vbXlzYXVjZWZhY3RvcnktZGVtby5henVyZXdlYnNpdGVzLm5ldC8iIC8+DQogICAgICAgICAgPC9IZWFkZXJzPg0KICAgICAgICAgIDxRdWVyeVN0cmluZ1BhcmFtZXRlcnM+DQogICAgICAgICAgICA8UXVlcnlTdHJpbmdQYXJhbWV0ZXIgTmFtZT0iZmllbGRzIiBWYWx1ZT0iaWQlMkNwcm9kdWN0X2lkJTJDdGl0bGUlMkNwaWN0dXJlIiBSZWNvcmRlZFZhbHVlPSJpZCUyQ3Byb2R1Y3RfaWQlMkN0aXRsZSUyQ3BpY3R1cmUiIENvcnJlbGF0aW9uQmluZGluZz0iIiBVcmxFbmNvZGU9IkZhbHNlIiBVc2VUb0dyb3VwUmVzdWx0cz0iRmFsc2UiIC8+DQogICAgICAgICAgICA8UXVlcnlTdHJpbmdQYXJhbWV0ZXIgTmFtZT0ibGltaXQiIFZhbHVlPSI1IiBSZWNvcmRlZFZhbHVlPSI1IiBDb3JyZWxhdGlvbkJpbmRpbmc9IiIgVXJsRW5jb2RlPSJGYWxzZSIgVXNlVG9Hcm91cFJlc3VsdHM9IkZhbHNlIiAvPg0KICAgICAgICAgICAgPFF1ZXJ5U3RyaW5nUGFyYW1ldGVyIE5hbWU9Im9mZnNldCIgVmFsdWU9IjAiIFJlY29yZGVkVmFsdWU9IjAiIENvcnJlbGF0aW9uQmluZGluZz0iIiBVcmxFbmNvZGU9IkZhbHNlIiBVc2VUb0dyb3VwUmVzdWx0cz0iRmFsc2UiIC8+DQogICAgICAgICAgICA8UXVlcnlTdHJpbmdQYXJhbWV0ZXIgTmFtZT0ic29ydCIgVmFsdWU9InByb2R1Y3RfaWQiIFJlY29yZGVkVmFsdWU9InByb2R1Y3RfaWQiIENvcnJlbGF0aW9uQmluZGluZz0iIiBVcmxFbmNvZGU9IkZhbHNlIiBVc2VUb0dyb3VwUmVzdWx0cz0iRmFsc2UiIC8+DQogICAgICAgICAgICA8UXVlcnlTdHJpbmdQYXJhbWV0ZXIgTmFtZT0iYXNjIiBWYWx1ZT0idHJ1ZSIgUmVjb3JkZWRWYWx1ZT0idHJ1ZSIgQ29ycmVsYXRpb25CaW5kaW5nPSIiIFVybEVuY29kZT0iRmFsc2UiIFVzZVRvR3JvdXBSZXN1bHRzPSJGYWxzZSIgLz4NCiAgICAgICAgICA8L1F1ZXJ5U3RyaW5nUGFyYW1ldGVycz4NCiAgICAgICAgPC9SZXF1ZXN0Pg0KICAgICAgICA8UmVxdWVzdCBNZXRob2Q9Ik9QVElPTlMiIEd1aWQ9ImZlMTBhMDdkLTRkYWQtNDE4Ny1hNjEzLWEzZjRhYmVlMGUxNiIgVmVyc2lvbj0iMS4xIiBVcmw9Imh0dHBzOi8vZ3cubXlzYXVjZWZhY3RvcnkuY29tL2Rldi9teXNhdWNlLWFwaS1wcm94eS1kZXYvdjEuMC9wcm9kdWN0cy81Y2I4NGY0Ny1jOTEzLTQwNjUtNzU0Yy0wOGQ0MTQwYmZiMzgiIFRoaW5rVGltZT0iMCIgVGltZW91dD0iMzAwIiBQYXJzZURlcGVuZGVudFJlcXVlc3RzPSJUcnVlIiBGb2xsb3dSZWRpcmVjdHM9IlRydWUiIFJlY29yZFJlc3VsdD0iVHJ1ZSIgQ2FjaGU9IkZhbHNlIiBSZXNwb25zZVRpbWVHb2FsPSIwIiBFbmNvZGluZz0idXRmLTgiIEV4cGVjdGVkSHR0cFN0YXR1c0NvZGU9IjAiIEV4cGVjdGVkUmVzcG9uc2VVcmw9IiIgUmVwb3J0aW5nTmFtZT0iIiBJZ25vcmVIdHRwU3RhdHVzQ29kZT0iRmFsc2UiPg0KICAgICAgICAgIDxIZWFkZXJzPg0KICAgICAgICAgICAgPEhlYWRlciBOYW1lPSJBdXRob3JpemF0aW9uIiBWYWx1ZT0ieHh4IiAvPg0KICAgICAgICAgIDwvSGVhZGVycz4NCiAgICAgICAgICA8UXVlcnlTdHJpbmdQYXJhbWV0ZXJzPg0KICAgICAgICAgICAgPFF1ZXJ5U3RyaW5nUGFyYW1ldGVyIE5hbWU9ImZpZWxkcyIgVmFsdWU9Im5hbWUiIFJlY29yZGVkVmFsdWU9Im5hbWUiIENvcnJlbGF0aW9uQmluZGluZz0iIiBVcmxFbmNvZGU9IkZhbHNlIiBVc2VUb0dyb3VwUmVzdWx0cz0iRmFsc2UiIC8+DQogICAgICAgICAgPC9RdWVyeVN0cmluZ1BhcmFtZXRlcnM+DQogICAgICAgICAgPFN0cmluZ0h0dHBCb2R5IENvbnRlbnRUeXBlPSIiIEluc2VydEJ5dGVPcmRlck1hcms9IkZhbHNlIj4NCiAgICAgICAgICA8L1N0cmluZ0h0dHBCb2R5Pg0KICAgICAgICA8L1JlcXVlc3Q+DQogICAgICAgIDxSZXF1ZXN0IE1ldGhvZD0iR0VUIiBHdWlkPSI4N2UwZjkyNC0zZDA2LTRjYzItODc0OC00YmNlMGJlNzUyMGUiIFZlcnNpb249IjEuMSIgVXJsPSJodHRwczovL2d3Lm15c2F1Y2VmYWN0b3J5LmNvbS9kZXYvbXlzYXVjZS1hcGktcHJveHktZGV2L3YxLjAvcHJvZHVjdHMvNWNiODRmNDctYzkxMy00MDY1LTc1NGMtMDhkNDE0MGJmYjM4IiBUaGlua1RpbWU9IjAiIFRpbWVvdXQ9IjMwMCIgUGFyc2VEZXBlbmRlbnRSZXF1ZXN0cz0iVHJ1ZSIgRm9sbG93UmVkaXJlY3RzPSJUcnVlIiBSZWNvcmRSZXN1bHQ9IlRydWUiIENhY2hlPSJGYWxzZSIgUmVzcG9uc2VUaW1lR29hbD0iMCIgRW5jb2Rpbmc9InV0Zi04IiBFeHBlY3RlZEh0dHBTdGF0dXNDb2RlPSIwIiBFeHBlY3RlZFJlc3BvbnNlVXJsPSIiIFJlcG9ydGluZ05hbWU9IiIgSWdub3JlSHR0cFN0YXR1c0NvZGU9IkZhbHNlIj4NCiAgICAgICAgICA8SGVhZGVycz4NCiAgICAgICAgICAgIDxIZWFkZXIgTmFtZT0iQWNjZXB0IiBWYWx1ZT0iKi8qIiAvPg0KICAgICAgICAgICAgPEhlYWRlciBOYW1lPSJSZWZlcmVyIiBWYWx1ZT0iaHR0cDovL215c2F1Y2VmYWN0b3J5LWRlbW8uYXp1cmV3ZWJzaXRlcy5uZXQvIiAvPg0KICAgICAgICAgICAgPEhlYWRlciBOYW1lPSJBdXRob3JpemF0aW9uIiBWYWx1ZT0ieHh4IiAvPg0KICAgICAgICAgIDwvSGVhZGVycz4NCiAgICAgICAgICA8UXVlcnlTdHJpbmdQYXJhbWV0ZXJzPg0KICAgICAgICAgICAgPFF1ZXJ5U3RyaW5nUGFyYW1ldGVyIE5hbWU9ImZpZWxkcyIgVmFsdWU9Im5hbWUiIFJlY29yZGVkVmFsdWU9Im5hbWUiIENvcnJlbGF0aW9uQmluZGluZz0iIiBVcmxFbmNvZGU9IkZhbHNlIiBVc2VUb0dyb3VwUmVzdWx0cz0iRmFsc2UiIC8+DQogICAgICAgICAgPC9RdWVyeVN0cmluZ1BhcmFtZXRlcnM+DQogICAgICAgIDwvUmVxdWVzdD4NCiAgICAgICAgPFJlcXVlc3QgTWV0aG9kPSJPUFRJT05TIiBHdWlkPSJmZTIyZDRjMi0zYzFiLTQwM2MtODgxMC00NTY0OWU5MmY0ZWYiIFZlcnNpb249IjEuMSIgVXJsPSJodHRwczovL2d3Lm15c2F1Y2VmYWN0b3J5LmNvbS9kZXYvbXlzYXVjZS1hcGktcHJveHktZGV2L3YxLjAvcHJvZHVjdHMvYzQ4ZjViZjUtZGYyOC00MzA5LTc1NGUtMDhkNDE0MGJmYjM4IiBUaGlua1RpbWU9IjAiIFRpbWVvdXQ9IjMwMCIgUGFyc2VEZXBlbmRlbnRSZXF1ZXN0cz0iVHJ1ZSIgRm9sbG93UmVkaXJlY3RzPSJUcnVlIiBSZWNvcmRSZXN1bHQ9IlRydWUiIENhY2hlPSJGYWxzZSIgUmVzcG9uc2VUaW1lR29hbD0iMCIgRW5jb2Rpbmc9InV0Zi04IiBFeHBlY3RlZEh0dHBTdGF0dXNDb2RlPSIwIiBFeHBlY3RlZFJlc3BvbnNlVXJsPSIiIFJlcG9ydGluZ05hbWU9IiIgSWdub3JlSHR0cFN0YXR1c0NvZGU9IkZhbHNlIj4NCiAgICAgICAgICA8SGVhZGVycz4NCiAgICAgICAgICAgIDxIZWFkZXIgTmFtZT0iQXV0aG9yaXphdGlvbiIgVmFsdWU9Inh4eCIgLz4NCiAgICAgICAgICA8L0hlYWRlcnM+DQogICAgICAgICAgPFF1ZXJ5U3RyaW5nUGFyYW1ldGVycz4NCiAgICAgICAgICAgIDxRdWVyeVN0cmluZ1BhcmFtZXRlciBOYW1lPSJmaWVsZHMiIFZhbHVlPSJuYW1lIiBSZWNvcmRlZFZhbHVlPSJuYW1lIiBDb3JyZWxhdGlvbkJpbmRpbmc9IiIgVXJsRW5jb2RlPSJGYWxzZSIgVXNlVG9Hcm91cFJlc3VsdHM9IkZhbHNlIiAvPg0KICAgICAgICAgIDwvUXVlcnlTdHJpbmdQYXJhbWV0ZXJzPg0KICAgICAgICAgIDxTdHJpbmdIdHRwQm9keSBDb250ZW50VHlwZT0iIiBJbnNlcnRCeXRlT3JkZXJNYXJrPSJGYWxzZSI+DQogICAgICAgICAgPC9TdHJpbmdIdHRwQm9keT4NCiAgICAgICAgPC9SZXF1ZXN0Pg0KICAgICAgICA8UmVxdWVzdCBNZXRob2Q9IkdFVCIgR3VpZD0iOWI4NjlhMWYtZTc4NS00MGM5LWFhZTYtZTQxYTg3OGU4YTllIiBWZXJzaW9uPSIxLjEiIFVybD0iaHR0cHM6Ly9ndy5teXNhdWNlZmFjdG9yeS5jb20vZGV2L215c2F1Y2UtYXBpLXByb3h5LWRldi92MS4wL3Byb2R1Y3RzL2M0OGY1YmY1LWRmMjgtNDMwOS03NTRlLTA4ZDQxNDBiZmIzOCIgVGhpbmtUaW1lPSIwIiBUaW1lb3V0PSIzMDAiIFBhcnNlRGVwZW5kZW50UmVxdWVzdHM9IlRydWUiIEZvbGxvd1JlZGlyZWN0cz0iVHJ1ZSIgUmVjb3JkUmVzdWx0PSJUcnVlIiBDYWNoZT0iRmFsc2UiIFJlc3BvbnNlVGltZUdvYWw9IjAiIEVuY29kaW5nPSJ1dGYtOCIgRXhwZWN0ZWRIdHRwU3RhdHVzQ29kZT0iMCIgRXhwZWN0ZWRSZXNwb25zZVVybD0iIiBSZXBvcnRpbmdOYW1lPSIiIElnbm9yZUh0dHBTdGF0dXNDb2RlPSJGYWxzZSI+DQogICAgICAgICAgPEhlYWRlcnM+DQogICAgICAgICAgICA8SGVhZGVyIE5hbWU9IkFjY2VwdCIgVmFsdWU9IiovKiIgLz4NCiAgICAgICAgICAgIDxIZWFkZXIgTmFtZT0iUmVmZXJlciIgVmFsdWU9Imh0dHA6Ly9teXNhdWNlZmFjdG9yeS1kZW1vLmF6dXJld2Vic2l0ZXMubmV0LyIgLz4NCiAgICAgICAgICAgIDxIZWFkZXIgTmFtZT0iQXV0aG9yaXphdGlvbiIgVmFsdWU9Inh4eCIgLz4NCiAgICAgICAgICA8L0hlYWRlcnM+DQogICAgICAgICAgPFF1ZXJ5U3RyaW5nUGFyYW1ldGVycz4NCiAgICAgICAgICAgIDxRdWVyeVN0cmluZ1BhcmFtZXRlciBOYW1lPSJmaWVsZHMiIFZhbHVlPSJuYW1lIiBSZWNvcmRlZFZhbHVlPSJuYW1lIiBDb3JyZWxhdGlvbkJpbmRpbmc9IiIgVXJsRW5jb2RlPSJGYWxzZSIgVXNlVG9Hcm91cFJlc3VsdHM9IkZhbHNlIiAvPg0KICAgICAgICAgIDwvUXVlcnlTdHJpbmdQYXJhbWV0ZXJzPg0KICAgICAgICA8L1JlcXVlc3Q+DQogICAgICAgIDxSZXF1ZXN0IE1ldGhvZD0iT1BUSU9OUyIgR3VpZD0iMGQ1ZjNkZTgtY2M3MC00MWU4LWJhYzktMjY5ZDU3NzIzNzgyIiBWZXJzaW9uPSIxLjEiIFVybD0iaHR0cHM6Ly9ndy5teXNhdWNlZmFjdG9yeS5jb20vZGV2L215c2F1Y2UtYXBpLXByb3h5LWRldi92MS4wL3Byb2R1Y3RzL2EwYWE0OWI5LTliOWQtNGE1ZS03NTUwLTA4ZDQxNDBiZmIzOCIgVGhpbmtUaW1lPSIwIiBUaW1lb3V0PSIzMDAiIFBhcnNlRGVwZW5kZW50UmVxdWVzdHM9IlRydWUiIEZvbGxvd1JlZGlyZWN0cz0iVHJ1ZSIgUmVjb3JkUmVzdWx0PSJUcnVlIiBDYWNoZT0iRmFsc2UiIFJlc3BvbnNlVGltZUdvYWw9IjAiIEVuY29kaW5nPSJ1dGYtOCIgRXhwZWN0ZWRIdHRwU3RhdHVzQ29kZT0iMCIgRXhwZWN0ZWRSZXNwb25zZVVybD0iIiBSZXBvcnRpbmdOYW1lPSIiIElnbm9yZUh0dHBTdGF0dXNDb2RlPSJGYWxzZSI+DQogICAgICAgICAgPEhlYWRlcnM+DQogICAgICAgICAgICA8SGVhZGVyIE5hbWU9IkF1dGhvcml6YXRpb24iIFZhbHVlPSJ4eHgiIC8+DQogICAgICAgICAgPC9IZWFkZXJzPg0KICAgICAgICAgIDxRdWVyeVN0cmluZ1BhcmFtZXRlcnM+DQogICAgICAgICAgICA8UXVlcnlTdHJpbmdQYXJhbWV0ZXIgTmFtZT0iZmllbGRzIiBWYWx1ZT0ibmFtZSIgUmVjb3JkZWRWYWx1ZT0ibmFtZSIgQ29ycmVsYXRpb25CaW5kaW5nPSIiIFVybEVuY29kZT0iRmFsc2UiIFVzZVRvR3JvdXBSZXN1bHRzPSJGYWxzZSIgLz4NCiAgICAgICAgICA8L1F1ZXJ5U3RyaW5nUGFyYW1ldGVycz4NCiAgICAgICAgICA8U3RyaW5nSHR0cEJvZHkgQ29udGVudFR5cGU9IiIgSW5zZXJ0Qnl0ZU9yZGVyTWFyaz0iRmFsc2UiPg0KICAgICAgICAgIDwvU3RyaW5nSHR0cEJvZHk+DQogICAgICAgIDwvUmVxdWVzdD4NCiAgICAgICAgPFJlcXVlc3QgTWV0aG9kPSJHRVQiIEd1aWQ9IjY5N2EyZTEyLTFmN2UtNDcyYy05YTBkLWRkNTVhYzc0YzMxOCIgVmVyc2lvbj0iMS4xIiBVcmw9Imh0dHBzOi8vZ3cubXlzYXVjZWZhY3RvcnkuY29tL2Rldi9teXNhdWNlLWFwaS1wcm94eS1kZXYvdjEuMC9wcm9kdWN0cy9hMGFhNDliOS05YjlkLTRhNWUtNzU1MC0wOGQ0MTQwYmZiMzgiIFRoaW5rVGltZT0iMCIgVGltZW91dD0iMzAwIiBQYXJzZURlcGVuZGVudFJlcXVlc3RzPSJUcnVlIiBGb2xsb3dSZWRpcmVjdHM9IlRydWUiIFJlY29yZFJlc3VsdD0iVHJ1ZSIgQ2FjaGU9IkZhbHNlIiBSZXNwb25zZVRpbWVHb2FsPSIwIiBFbmNvZGluZz0idXRmLTgiIEV4cGVjdGVkSHR0cFN0YXR1c0NvZGU9IjAiIEV4cGVjdGVkUmVzcG9uc2VVcmw9IiIgUmVwb3J0aW5nTmFtZT0iIiBJZ25vcmVIdHRwU3RhdHVzQ29kZT0iRmFsc2UiPg0KICAgICAgICAgIDxIZWFkZXJzPg0KICAgICAgICAgICAgPEhlYWRlciBOYW1lPSJBY2NlcHQiIFZhbHVlPSIqLyoiIC8+DQogICAgICAgICAgICA8SGVhZGVyIE5hbWU9IlJlZmVyZXIiIFZhbHVlPSJodHRwOi8vbXlzYXVjZWZhY3RvcnktZGVtby5henVyZXdlYnNpdGVzLm5ldC8iIC8+DQogICAgICAgICAgICA8SGVhZGVyIE5hbWU9IkF1dGhvcml6YXRpb24iIFZhbHVlPSJ4eHgiIC8+DQogICAgICAgICAgPC9IZWFkZXJzPg0KICAgICAgICAgIDxRdWVyeVN0cmluZ1BhcmFtZXRlcnM+DQogICAgICAgICAgICA8UXVlcnlTdHJpbmdQYXJhbWV0ZXIgTmFtZT0iZmllbGRzIiBWYWx1ZT0ibmFtZSIgUmVjb3JkZWRWYWx1ZT0ibmFtZSIgQ29ycmVsYXRpb25CaW5kaW5nPSIiIFVybEVuY29kZT0iRmFsc2UiIFVzZVRvR3JvdXBSZXN1bHRzPSJGYWxzZSIgLz4NCiAgICAgICAgICA8L1F1ZXJ5U3RyaW5nUGFyYW1ldGVycz4NCiAgICAgICAgPC9SZXF1ZXN0Pg0KICAgICAgICA8UmVxdWVzdCBNZXRob2Q9Ik9QVElPTlMiIEd1aWQ9IjA4YWQ3ZTY5LTc5M2UtNGQxMi05YzQzLTcxMzkyYWMwMWUxNCIgVmVyc2lvbj0iMS4xIiBVcmw9Imh0dHBzOi8vZ3cubXlzYXVjZWZhY3RvcnkuY29tL2Rldi9teXNhdWNlLWFwaS1wcm94eS1kZXYvdjEuMC9wcm9kdWN0cy82NTliZTI0NC01ZjRiLTQ0NWUtNzU1Mi0wOGQ0MTQwYmZiMzgiIFRoaW5rVGltZT0iMCIgVGltZW91dD0iMzAwIiBQYXJzZURlcGVuZGVudFJlcXVlc3RzPSJUcnVlIiBGb2xsb3dSZWRpcmVjdHM9IlRydWUiIFJlY29yZFJlc3VsdD0iVHJ1ZSIgQ2FjaGU9IkZhbHNlIiBSZXNwb25zZVRpbWVHb2FsPSIwIiBFbmNvZGluZz0idXRmLTgiIEV4cGVjdGVkSHR0cFN0YXR1c0NvZGU9IjAiIEV4cGVjdGVkUmVzcG9uc2VVcmw9IiIgUmVwb3J0aW5nTmFtZT0iIiBJZ25vcmVIdHRwU3RhdHVzQ29kZT0iRmFsc2UiPg0KICAgICAgICAgIDxIZWFkZXJzPg0KICAgICAgICAgICAgPEhlYWRlciBOYW1lPSJBdXRob3JpemF0aW9uIiBWYWx1ZT0ieHh4IiAvPg0KICAgICAgICAgIDwvSGVhZGVycz4NCiAgICAgICAgICA8UXVlcnlTdHJpbmdQYXJhbWV0ZXJzPg0KICAgICAgICAgICAgPFF1ZXJ5U3RyaW5nUGFyYW1ldGVyIE5hbWU9ImZpZWxkcyIgVmFsdWU9Im5hbWUiIFJlY29yZGVkVmFsdWU9Im5hbWUiIENvcnJlbGF0aW9uQmluZGluZz0iIiBVcmxFbmNvZGU9IkZhbHNlIiBVc2VUb0dyb3VwUmVzdWx0cz0iRmFsc2UiIC8+DQogICAgICAgICAgPC9RdWVyeVN0cmluZ1BhcmFtZXRlcnM+DQogICAgICAgICAgPFN0cmluZ0h0dHBCb2R5IENvbnRlbnRUeXBlPSIiIEluc2VydEJ5dGVPcmRlck1hcms9IkZhbHNlIj4NCiAgICAgICAgICA8L1N0cmluZ0h0dHBCb2R5Pg0KICAgICAgICA8L1JlcXVlc3Q+DQogICAgICAgIDxSZXF1ZXN0IE1ldGhvZD0iR0VUIiBHdWlkPSJlNTlmNzE5OS1mZWE1LTRkMTItOTQ3Ny00ZDE4NjE4MTRlYzkiIFZlcnNpb249IjEuMSIgVXJsPSJodHRwczovL2d3Lm15c2F1Y2VmYWN0b3J5LmNvbS9kZXYvbXlzYXVjZS1hcGktcHJveHktZGV2L3YxLjAvcHJvZHVjdHMvNjU5YmUyNDQtNWY0Yi00NDVlLTc1NTItMDhkNDE0MGJmYjM4IiBUaGlua1RpbWU9IjAiIFRpbWVvdXQ9IjMwMCIgUGFyc2VEZXBlbmRlbnRSZXF1ZXN0cz0iVHJ1ZSIgRm9sbG93UmVkaXJlY3RzPSJUcnVlIiBSZWNvcmRSZXN1bHQ9IlRydWUiIENhY2hlPSJGYWxzZSIgUmVzcG9uc2VUaW1lR29hbD0iMCIgRW5jb2Rpbmc9InV0Zi04IiBFeHBlY3RlZEh0dHBTdGF0dXNDb2RlPSIwIiBFeHBlY3RlZFJlc3BvbnNlVXJsPSIiIFJlcG9ydGluZ05hbWU9IiIgSWdub3JlSHR0cFN0YXR1c0NvZGU9IkZhbHNlIj4NCiAgICAgICAgICA8SGVhZGVycz4NCiAgICAgICAgICAgIDxIZWFkZXIgTmFtZT0iQWNjZXB0IiBWYWx1ZT0iKi8qIiAvPg0KICAgICAgICAgICAgPEhlYWRlciBOYW1lPSJSZWZlcmVyIiBWYWx1ZT0iaHR0cDovL215c2F1Y2VmYWN0b3J5LWRlbW8uYXp1cmV3ZWJzaXRlcy5uZXQvIiAvPg0KICAgICAgICAgICAgPEhlYWRlciBOYW1lPSJBdXRob3JpemF0aW9uIiBWYWx1ZT0ieHh4IiAvPg0KICAgICAgICAgIDwvSGVhZGVycz4NCiAgICAgICAgICA8UXVlcnlTdHJpbmdQYXJhbWV0ZXJzPg0KICAgICAgICAgICAgPFF1ZXJ5U3RyaW5nUGFyYW1ldGVyIE5hbWU9ImZpZWxkcyIgVmFsdWU9Im5hbWUiIFJlY29yZGVkVmFsdWU9Im5hbWUiIENvcnJlbGF0aW9uQmluZGluZz0iIiBVcmxFbmNvZGU9IkZhbHNlIiBVc2VUb0dyb3VwUmVzdWx0cz0iRmFsc2UiIC8+DQogICAgICAgICAgPC9RdWVyeVN0cmluZ1BhcmFtZXRlcnM+DQogICAgICAgIDwvUmVxdWVzdD4NCiAgICAgICAgPFJlcXVlc3QgTWV0aG9kPSJPUFRJT05TIiBHdWlkPSJlNmMwMjYzNy03MzZhLTQ0YjQtOThhNS01ODM3NTE3MzY0ZjYiIFZlcnNpb249IjEuMSIgVXJsPSJodHRwczovL2d3Lm15c2F1Y2VmYWN0b3J5LmNvbS9kZXYvbXlzYXVjZS1hcGktcHJveHktZGV2L3YxLjAvcHJvZHVjdHMvZTFjZTEwZjYtMWVhMi00ZjRkLTc1NTYtMDhkNDE0MGJmYjM4IiBUaGlua1RpbWU9IjAiIFRpbWVvdXQ9IjMwMCIgUGFyc2VEZXBlbmRlbnRSZXF1ZXN0cz0iVHJ1ZSIgRm9sbG93UmVkaXJlY3RzPSJUcnVlIiBSZWNvcmRSZXN1bHQ9IlRydWUiIENhY2hlPSJGYWxzZSIgUmVzcG9uc2VUaW1lR29hbD0iMCIgRW5jb2Rpbmc9InV0Zi04IiBFeHBlY3RlZEh0dHBTdGF0dXNDb2RlPSIwIiBFeHBlY3RlZFJlc3BvbnNlVXJsPSIiIFJlcG9ydGluZ05hbWU9IiIgSWdub3JlSHR0cFN0YXR1c0NvZGU9IkZhbHNlIj4NCiAgICAgICAgICA8SGVhZGVycz4NCiAgICAgICAgICAgIDxIZWFkZXIgTmFtZT0iQXV0aG9yaXphdGlvbiIgVmFsdWU9Inh4eCIgLz4NCiAgICAgICAgICA8L0hlYWRlcnM+DQogICAgICAgICAgPFF1ZXJ5U3RyaW5nUGFyYW1ldGVycz4NCiAgICAgICAgICAgIDxRdWVyeVN0cmluZ1BhcmFtZXRlciBOYW1lPSJmaWVsZHMiIFZhbHVlPSJuYW1lIiBSZWNvcmRlZFZhbHVlPSJuYW1lIiBDb3JyZWxhdGlvbkJpbmRpbmc9IiIgVXJsRW5jb2RlPSJGYWxzZSIgVXNlVG9Hcm91cFJlc3VsdHM9IkZhbHNlIiAvPg0KICAgICAgICAgIDwvUXVlcnlTdHJpbmdQYXJhbWV0ZXJzPg0KICAgICAgICAgIDxTdHJpbmdIdHRwQm9keSBDb250ZW50VHlwZT0iIiBJbnNlcnRCeXRlT3JkZXJNYXJrPSJGYWxzZSI+DQogICAgICAgICAgPC9TdHJpbmdIdHRwQm9keT4NCiAgICAgICAgPC9SZXF1ZXN0Pg0KICAgICAgICA8UmVxdWVzdCBNZXRob2Q9IkdFVCIgR3VpZD0iMjdiNzRkNjgtNjQ0Yy00ZjQ2LThhOGItZTZmNzdmYjc4OWE0IiBWZXJzaW9uPSIxLjEiIFVybD0iaHR0cHM6Ly9ndy5teXNhdWNlZmFjdG9yeS5jb20vZGV2L215c2F1Y2UtYXBpLXByb3h5LWRldi92MS4wL3Byb2R1Y3RzL2UxY2UxMGY2LTFlYTItNGY0ZC03NTU2LTA4ZDQxNDBiZmIzOCIgVGhpbmtUaW1lPSIxIiBUaW1lb3V0PSIzMDAiIFBhcnNlRGVwZW5kZW50UmVxdWVzdHM9IlRydWUiIEZvbGxvd1JlZGlyZWN0cz0iVHJ1ZSIgUmVjb3JkUmVzdWx0PSJUcnVlIiBDYWNoZT0iRmFsc2UiIFJlc3BvbnNlVGltZUdvYWw9IjAiIEVuY29kaW5nPSJ1dGYtOCIgRXhwZWN0ZWRIdHRwU3RhdHVzQ29kZT0iMCIgRXhwZWN0ZWRSZXNwb25zZVVybD0iIiBSZXBvcnRpbmdOYW1lPSIiIElnbm9yZUh0dHBTdGF0dXNDb2RlPSJGYWxzZSI+DQogICAgICAgICAgPEhlYWRlcnM+DQogICAgICAgICAgICA8SGVhZGVyIE5hbWU9IkFjY2VwdCIgVmFsdWU9IiovKiIgLz4NCiAgICAgICAgICAgIDxIZWFkZXIgTmFtZT0iUmVmZXJlciIgVmFsdWU9Imh0dHA6Ly9teXNhdWNlZmFjdG9yeS1kZW1vLmF6dXJld2Vic2l0ZXMubmV0LyIgLz4NCiAgICAgICAgICAgIDxIZWFkZXIgTmFtZT0iQXV0aG9yaXphdGlvbiIgVmFsdWU9Inh4eCIgLz4NCiAgICAgICAgICA8L0hlYWRlcnM+DQogICAgICAgICAgPFF1ZXJ5U3RyaW5nUGFyYW1ldGVycz4NCiAgICAgICAgICAgIDxRdWVyeVN0cmluZ1BhcmFtZXRlciBOYW1lPSJmaWVsZHMiIFZhbHVlPSJuYW1lIiBSZWNvcmRlZFZhbHVlPSJuYW1lIiBDb3JyZWxhdGlvbkJpbmRpbmc9IiIgVXJsRW5jb2RlPSJGYWxzZSIgVXNlVG9Hcm91cFJlc3VsdHM9IkZhbHNlIiAvPg0KICAgICAgICAgIDwvUXVlcnlTdHJpbmdQYXJhbWV0ZXJzPg0KICAgICAgICA8L1JlcXVlc3Q+DQogICAgICA8L0RlcGVuZGVudFJlcXVlc3RzPg0KICAgIDwvUmVxdWVzdD4NCiAgICA8UmVxdWVzdCBNZXRob2Q9Ik9QVElPTlMiIEd1aWQ9IjViY2U5MDYyLWQxZGEtNGZkMi04NGZjLTM0ZDJhNDllYjJmMSIgVmVyc2lvbj0iMS4xIiBVcmw9Imh0dHBzOi8vZGMuc2VydmljZXMudmlzdWFsc3R1ZGlvLmNvbS92Mi90cmFjayIgVGhpbmtUaW1lPSIwIiBUaW1lb3V0PSIzMDAiIFBhcnNlRGVwZW5kZW50UmVxdWVzdHM9IlRydWUiIEZvbGxvd1JlZGlyZWN0cz0iVHJ1ZSIgUmVjb3JkUmVzdWx0PSJUcnVlIiBDYWNoZT0iRmFsc2UiIFJlc3BvbnNlVGltZUdvYWw9IjAiIEVuY29kaW5nPSJ1dGYtOCIgRXhwZWN0ZWRIdHRwU3RhdHVzQ29kZT0iMCIgRXhwZWN0ZWRSZXNwb25zZVVybD0iIiBSZXBvcnRpbmdOYW1lPSIiIElnbm9yZUh0dHBTdGF0dXNDb2RlPSJGYWxzZSI+DQogICAgICA8U3RyaW5nSHR0cEJvZHkgQ29udGVudFR5cGU9IiIgSW5zZXJ0Qnl0ZU9yZGVyTWFyaz0iRmFsc2UiPg0KICAgICAgPC9TdHJpbmdIdHRwQm9keT4NCiAgICA8L1JlcXVlc3Q+DQogICAgPFJlcXVlc3QgTWV0aG9kPSJQT1NUIiBHdWlkPSI0OTFmOTE3OC05ODA5LTQ5ZDAtYjUxZS05NmYzYjkzOTMzZmIiIFZlcnNpb249IjEuMSIgVXJsPSJodHRwczovL2RjLnNlcnZpY2VzLnZpc3VhbHN0dWRpby5jb20vdjIvdHJhY2siIFRoaW5rVGltZT0iNiIgVGltZW91dD0iMzAwIiBQYXJzZURlcGVuZGVudFJlcXVlc3RzPSJUcnVlIiBGb2xsb3dSZWRpcmVjdHM9IlRydWUiIFJlY29yZFJlc3VsdD0iVHJ1ZSIgQ2FjaGU9IkZhbHNlIiBSZXNwb25zZVRpbWVHb2FsPSIwIiBFbmNvZGluZz0idXRmLTgiIEV4cGVjdGVkSHR0cFN0YXR1c0NvZGU9IjAiIEV4cGVjdGVkUmVzcG9uc2VVcmw9IiIgUmVwb3J0aW5nTmFtZT0iIiBJZ25vcmVIdHRwU3RhdHVzQ29kZT0iRmFsc2UiPg0KICAgICAgPEhlYWRlcnM+DQogICAgICAgIDxIZWFkZXIgTmFtZT0iUmVmZXJlciIgVmFsdWU9Imh0dHA6Ly9teXNhdWNlZmFjdG9yeS1kZW1vLmF6dXJld2Vic2l0ZXMubmV0LyIgLz4NCiAgICAgIDwvSGVhZGVycz4NCiAgICAgIDxTdHJpbmdIdHRwQm9keSBDb250ZW50VHlwZT0iYXBwbGljYXRpb24vanNvbiIgSW5zZXJ0Qnl0ZU9yZGVyTWFyaz0iRmFsc2UiPld3QjdBQ0lBZEFCcEFHMEFaUUFpQURvQUlnQXlBREFBTVFBMkFDMEFNUUF5QUMwQU1BQXlBRlFBTUFBNEFEb0FNZ0F5QURvQU1nQTJBQzRBTndBd0FEUUFXZ0FpQUN3QUlnQnBBRXNBWlFCNUFDSUFPZ0FpQURnQU9RQmxBRGdBTlFCaEFHVUFOQUF0QUdFQU5nQTVBREFBTFFBMEFHWUFPQUF4QUMwQU9BQXpBRFlBTndBdEFEY0FNQUJoQUdVQU1nQTFBR1VBT0FCbEFESUFZZ0E1QUNJQUxBQWlBRzRBWVFCdEFHVUFJZ0E2QUNJQVRRQnBBR01BY2dCdkFITUFid0JtQUhRQUxnQkJBSEFBY0FCc0FHa0FZd0JoQUhRQWFRQnZBRzRBU1FCdUFITUFhUUJuQUdnQWRBQnpBQzRBT0FBNUFHVUFPQUExQUdFQVpRQTBBR0VBTmdBNUFEQUFOQUJtQURnQU1RQTRBRE1BTmdBM0FEY0FNQUJoQUdVQU1nQTFBR1VBT0FCbEFESUFZZ0E1QUM0QVVBQmhBR2NBWlFCMkFHa0FaUUIzQUNJQUxBQWlBSFFBWVFCbkFITUFJZ0E2QUhzQUlnQmhBR2tBTGdCekFHVUFjd0J6QUdrQWJ3QnVBQzRBYVFCa0FDSUFPZ0FpQUdNQVFnQlRBR2tBWXdBaUFDd0FJZ0JoQUdrQUxnQnpBR1VBY3dCekFHa0Fid0J1QUM0QWFRQnpBRVlBYVFCeUFITUFkQUFpQURvQUlnQjBBSElBZFFCbEFDSUFMQUFpQUdFQWFRQXVBR1FBWlFCMkFHa0FZd0JsQUM0QWFRQmtBQ0lBT2dBaUFHSUFjZ0J2QUhjQWN3QmxBSElBSWdBc0FDSUFZUUJwQUM0QVpBQmxBSFlBYVFCakFHVUFMZ0IwQUhrQWNBQmxBQ0lBT2dBaUFFSUFjZ0J2QUhjQWN3QmxBSElBSWdBc0FDSUFZUUJwQUM0QWFRQnVBSFFBWlFCeUFHNEFZUUJzQUM0QVlRQm5BR1VBYmdCMEFGWUFaUUJ5QUhNQWFRQnZBRzRBSWdBNkFDSUFjd0J1QUdrQWNBQndBR1VBZEFBNkFERUFMZ0F3QUNJQUxBQWlBR0VBYVFBdUFHa0FiZ0IwQUdVQWNnQnVBR0VBYkFBdUFITUFaQUJyQUZZQVpRQnlBSE1BYVFCdkFHNEFJZ0E2QUNJQWFnQmhBSFlBWVFCekFHTUFjZ0JwQUhBQWRBQTZBREVBTGdBd0FDNEFOQUFpQUN3QUlnQmhBR2tBTGdCMUFITUFaUUJ5QUM0QWFRQmtBQ0lBT2dBaUFIUUFiZ0JNQUVRQWRBQWlBQ3dBSWdCaEFHa0FMZ0J2QUhBQVpRQnlBR0VBZEFCcEFHOEFiZ0F1QUdrQVpBQWlBRG9BSWdCYUFFY0FNQUJMQURFQUlnQXNBQ0lBWVFCcEFDNEFid0J3QUdVQWNnQmhBSFFBYVFCdkFHNEFMZ0J1QUdFQWJRQmxBQ0lBT2dBaUFDOEFJZ0I5QUN3QUlnQmtBR0VBZEFCaEFDSUFPZ0I3QUNJQVlnQmhBSE1BWlFCVUFIa0FjQUJsQUNJQU9nQWlBRkFBWVFCbkFHVUFkZ0JwQUdVQWR3QkVBR0VBZEFCaEFDSUFMQUFpQUdJQVlRQnpBR1VBUkFCaEFIUUFZUUFpQURvQWV3QWlBSFlBWlFCeUFDSUFPZ0F5QUN3QUlnQnVBR0VBYlFCbEFDSUFPZ0FpQUUwQWVRQlRBR0VBZFFCakFHVUFSZ0JoQUdNQWRBQnZBSElBZVFBSS85NHdwREM5TVB3d3VURFZNS0V3cnpESU1Pb3cvREFKL3lJQUxBQWlBSFVBY2dCc0FDSUFPZ0FpQUdnQWRBQjBBSEFBT2dBdkFDOEFiUUI1QUhNQVlRQjFBR01BWlFCbUFHRUFZd0IwQUc4QWNnQjVBQzBBWkFCbEFHMEFid0F1QUdFQWVnQjFBSElBWlFCM0FHVUFZZ0J6QUdrQWRBQmxBSE1BTGdCdUFHVUFkQUF2QUNJQUxBQWlBR1FBZFFCeUFHRUFkQUJwQUc4QWJnQWlBRG9BSWdBd0FEQUFPZ0F3QURBQU9nQXdBRFFBTGdBMUFERUFOUUFpQUgwQWZRQjlBQ3dBZXdBaUFIUUFhUUJ0QUdVQUlnQTZBQ0lBTWdBd0FERUFOZ0F0QURFQU1nQXRBREFBTWdCVUFEQUFPQUE2QURJQU1nQTZBRElBTmdBdUFEY0FNZ0F5QUZvQUlnQXNBQ0lBYVFCTEFHVUFlUUFpQURvQUlnQTRBRGtBWlFBNEFEVUFZUUJsQURRQUxRQmhBRFlBT1FBd0FDMEFOQUJtQURnQU1RQXRBRGdBTXdBMkFEY0FMUUEzQURBQVlRQmxBRElBTlFCbEFEZ0FaUUF5QUdJQU9RQWlBQ3dBSWdCdUFHRUFiUUJsQUNJQU9nQWlBRTBBYVFCakFISUFid0J6QUc4QVpnQjBBQzRBUVFCd0FIQUFiQUJwQUdNQVlRQjBBR2tBYndCdUFFa0FiZ0J6QUdrQVp3Qm9BSFFBY3dBdUFEZ0FPUUJsQURnQU5RQmhBR1VBTkFCaEFEWUFPUUF3QURRQVpnQTRBREVBT0FBekFEWUFOd0EzQURBQVlRQmxBRElBTlFCbEFEZ0FaUUF5QUdJQU9RQXVBRkFBWVFCbkFHVUFkZ0JwQUdVQWR3QlFBR1VBY2dCbUFHOEFjZ0J0QUdFQWJnQmpBR1VBSWdBc0FDSUFkQUJoQUdjQWN3QWlBRG9BZXdBaUFHRUFhUUF1QUhNQVpRQnpBSE1BYVFCdkFHNEFMZ0JwQUdRQUlnQTZBQ0lBWXdCQ0FGTUFhUUJqQUNJQUxBQWlBR0VBYVFBdUFITUFaUUJ6QUhNQWFRQnZBRzRBTGdCcEFITUFSZ0JwQUhJQWN3QjBBQ0lBT2dBaUFIUUFjZ0IxQUdVQUlnQXNBQ0lBWVFCcEFDNEFaQUJsQUhZQWFRQmpBR1VBTGdCcEFHUUFJZ0E2QUNJQVlnQnlBRzhBZHdCekFHVUFjZ0FpQUN3QUlnQmhBR2tBTGdCa0FHVUFkZ0JwQUdNQVpRQXVBSFFBZVFCd0FHVUFJZ0E2QUNJQVFnQnlBRzhBZHdCekFHVUFjZ0FpQUN3QUlnQmhBR2tBTGdCcEFHNEFkQUJsQUhJQWJnQmhBR3dBTGdCaEFHY0FaUUJ1QUhRQVZnQmxBSElBY3dCcEFHOEFiZ0FpQURvQUlnQnpBRzRBYVFCd0FIQUFaUUIwQURvQU1RQXVBREFBSWdBc0FDSUFZUUJwQUM0QWFRQnVBSFFBWlFCeUFHNEFZUUJzQUM0QWN3QmtBR3NBVmdCbEFISUFjd0JwQUc4QWJnQWlBRG9BSWdCcUFHRUFkZ0JoQUhNQVl3QnlBR2tBY0FCMEFEb0FNUUF1QURBQUxnQTBBQ0lBTEFBaUFHRUFhUUF1QUhVQWN3QmxBSElBTGdCcEFHUUFJZ0E2QUNJQWRBQnVBRXdBUkFCMEFDSUFMQUFpQUdFQWFRQXVBRzhBY0FCbEFISUFZUUIwQUdrQWJ3QnVBQzRBYVFCa0FDSUFPZ0FpQUZvQVJ3QXdBRXNBTVFBaUFDd0FJZ0JoQUdrQUxnQnZBSEFBWlFCeUFHRUFkQUJwQUc4QWJnQXVBRzRBWVFCdEFHVUFJZ0E2QUNJQUx3QWlBSDBBTEFBaUFHUUFZUUIwQUdFQUlnQTZBSHNBSWdCaUFHRUFjd0JsQUZRQWVRQndBR1VBSWdBNkFDSUFVQUJoQUdjQVpRQjJBR2tBWlFCM0FGQUFaUUJ5QUdZQWJ3QnlBRzBBWVFCdUFHTUFaUUJFQUdFQWRBQmhBQ0lBTEFBaUFHSUFZUUJ6QUdVQVJBQmhBSFFBWVFBaUFEb0Fld0FpQUhZQVpRQnlBQ0lBT2dBeUFDd0FJZ0J1QUdFQWJRQmxBQ0lBT2dBaUFFMEFlUUJUQUdFQWRRQmpBR1VBUmdCaEFHTUFkQUJ2QUhJQWVRQUkvOTR3cERDOU1Qd3d1VERWTUtFd3J6RElNT293L0RBSi95SUFMQUFpQUhVQWNnQnNBQ0lBT2dBaUFHZ0FkQUIwQUhBQU9nQXZBQzhBYlFCNUFITUFZUUIxQUdNQVpRQm1BR0VBWXdCMEFHOEFjZ0I1QUMwQVpBQmxBRzBBYndBdUFHRUFlZ0IxQUhJQVpRQjNBR1VBWWdCekFHa0FkQUJsQUhNQUxnQnVBR1VBZEFBdkFDSUFMQUFpQUdRQWRRQnlBR0VBZEFCcEFHOEFiZ0FpQURvQUlnQXdBREFBT2dBd0FEQUFPZ0F3QURRQUxnQTFBREVBTlFBaUFDd0FJZ0J3QUdVQWNnQm1BRlFBYndCMEFHRUFiQUFpQURvQUlnQXdBREFBT2dBd0FEQUFPZ0F3QURRQUxnQTFBREVBTlFBaUFDd0FJZ0J1QUdVQWRBQjNBRzhBY2dCckFFTUFid0J1QUc0QVpRQmpBSFFBSWdBNkFDSUFNQUF3QURvQU1BQXdBRG9BTUFBd0FDNEFNQUF3QURBQUlnQXNBQ0lBY3dCbEFHNEFkQUJTQUdVQWNRQjFBR1VBY3dCMEFDSUFPZ0FpQURBQU1BQTZBREFBTUFBNkFEQUFNQUF1QURBQU1BQXpBQ0lBTEFBaUFISUFaUUJqQUdVQWFRQjJBR1VBWkFCU0FHVUFjd0J3QUc4QWJnQnpBR1VBSWdBNkFDSUFNQUF3QURvQU1BQXdBRG9BTUFBd0FDNEFNQUF3QURZQUlnQXNBQ0lBWkFCdkFHMEFVQUJ5QUc4QVl3QmxBSE1BY3dCcEFHNEFad0FpQURvQUlnQXdBREFBT2dBd0FEQUFPZ0F3QURRQUxnQXpBRGtBT0FBaUFIMEFmUUI5QUYwQTwvU3RyaW5nSHR0cEJvZHk+DQogICAgPC9SZXF1ZXN0Pg0KICAgIDxSZXF1ZXN0IE1ldGhvZD0iR0VUIiBHdWlkPSJkZTRhYTllOC1iMDlmLTRjYmMtYTcwYS0yYzkyMzI1ODk2YzAiIFZlcnNpb249IjEuMSIgVXJsPSJodHRwOi8vbXlzYXVjZWZhY3RvcnktZGVtby5henVyZXdlYnNpdGVzLm5ldC9sb2dpbi5odG1sIiBUaGlua1RpbWU9IjEwIiBUaW1lb3V0PSIzMDAiIFBhcnNlRGVwZW5kZW50UmVxdWVzdHM9IlRydWUiIEZvbGxvd1JlZGlyZWN0cz0iVHJ1ZSIgUmVjb3JkUmVzdWx0PSJUcnVlIiBDYWNoZT0iRmFsc2UiIFJlc3BvbnNlVGltZUdvYWw9IjAiIEVuY29kaW5nPSJ1dGYtOCIgRXhwZWN0ZWRIdHRwU3RhdHVzQ29kZT0iMCIgRXhwZWN0ZWRSZXNwb25zZVVybD0iIiBSZXBvcnRpbmdOYW1lPSIiIElnbm9yZUh0dHBTdGF0dXNDb2RlPSJGYWxzZSI+DQogICAgICA8SGVhZGVycz4NCiAgICAgICAgPEhlYWRlciBOYW1lPSJSZWZlcmVyIiBWYWx1ZT0iaHR0cDovL215c2F1Y2VmYWN0b3J5LWRlbW8uYXp1cmV3ZWJzaXRlcy5uZXQvIiAvPg0KICAgICAgPC9IZWFkZXJzPg0KICAgIDwvUmVxdWVzdD4NCiAgICA8UmVxdWVzdCBNZXRob2Q9IkdFVCIgR3VpZD0iODhhNGM0YmYtYzhiMi00NzU5LWE1OGEtZTI5MjcyMTAzODI3IiBWZXJzaW9uPSIxLjEiIFVybD0iaHR0cDovL215c2F1Y2VmYWN0b3J5LWRlbW8uYXp1cmV3ZWJzaXRlcy5uZXQvZm9udHMvZm9udGF3ZXNvbWUtd2ViZm9udC5lb3QiIFRoaW5rVGltZT0iMSIgVGltZW91dD0iMzAwIiBQYXJzZURlcGVuZGVudFJlcXVlc3RzPSJUcnVlIiBGb2xsb3dSZWRpcmVjdHM9IlRydWUiIFJlY29yZFJlc3VsdD0iVHJ1ZSIgQ2FjaGU9IkZhbHNlIiBSZXNwb25zZVRpbWVHb2FsPSIwIiBFbmNvZGluZz0idXRmLTgiIEV4cGVjdGVkSHR0cFN0YXR1c0NvZGU9IjAiIEV4cGVjdGVkUmVzcG9uc2VVcmw9IiIgUmVwb3J0aW5nTmFtZT0iIiBJZ25vcmVIdHRwU3RhdHVzQ29kZT0iRmFsc2UiPg0KICAgICAgPEhlYWRlcnM+DQogICAgICAgIDxIZWFkZXIgTmFtZT0iUmVmZXJlciIgVmFsdWU9Imh0dHA6Ly9teXNhdWNlZmFjdG9yeS1kZW1vLmF6dXJld2Vic2l0ZXMubmV0L2xvZ2luLmh0bWwiIC8+DQogICAgICA8L0hlYWRlcnM+DQogICAgICA8UXVlcnlTdHJpbmdQYXJhbWV0ZXJzPg0KICAgICAgICA8UXVlcnlTdHJpbmdQYXJhbWV0ZXIgTmFtZT0iIiBWYWx1ZT0iIiBSZWNvcmRlZFZhbHVlPSIiIENvcnJlbGF0aW9uQmluZGluZz0iIiBVcmxFbmNvZGU9IkZhbHNlIiBVc2VUb0dyb3VwUmVzdWx0cz0iRmFsc2UiIC8+DQogICAgICA8L1F1ZXJ5U3RyaW5nUGFyYW1ldGVycz4NCiAgICA8L1JlcXVlc3Q+DQogICAgPFJlcXVlc3QgTWV0aG9kPSJPUFRJT05TIiBHdWlkPSI0YjA4MTg3ZC05NzNlLTRlZDEtYjgwOC1hMmYwOWYxYTc4ZjQiIFZlcnNpb249IjEuMSIgVXJsPSJodHRwczovL2NvZ25pdG8taWRlbnRpdHkuYXAtbm9ydGhlYXN0LTEuYW1hem9uYXdzLmNvbS8iIFRoaW5rVGltZT0iMCIgVGltZW91dD0iMzAwIiBQYXJzZURlcGVuZGVudFJlcXVlc3RzPSJUcnVlIiBGb2xsb3dSZWRpcmVjdHM9IlRydWUiIFJlY29yZFJlc3VsdD0iVHJ1ZSIgQ2FjaGU9IkZhbHNlIiBSZXNwb25zZVRpbWVHb2FsPSIwIiBFbmNvZGluZz0idXRmLTgiIEV4cGVjdGVkSHR0cFN0YXR1c0NvZGU9IjAiIEV4cGVjdGVkUmVzcG9uc2VVcmw9IiIgUmVwb3J0aW5nTmFtZT0iIiBJZ25vcmVIdHRwU3RhdHVzQ29kZT0iRmFsc2UiPg0KICAgICAgPFN0cmluZ0h0dHBCb2R5IENvbnRlbnRUeXBlPSIiIEluc2VydEJ5dGVPcmRlck1hcms9IkZhbHNlIj4NCiAgICAgIDwvU3RyaW5nSHR0cEJvZHk+DQogICAgPC9SZXF1ZXN0Pg0KICAgIDxSZXF1ZXN0IE1ldGhvZD0iUE9TVCIgR3VpZD0iZDM3MjRiZjAtYWU1ZC00NjFmLWFhYjYtMzU4NjRmZjBhNWFlIiBWZXJzaW9uPSIxLjEiIFVybD0iaHR0cHM6Ly9jb2duaXRvLWlkZW50aXR5LmFwLW5vcnRoZWFzdC0xLmFtYXpvbmF3cy5jb20vIiBUaGlua1RpbWU9IjAiIFRpbWVvdXQ9IjMwMCIgUGFyc2VEZXBlbmRlbnRSZXF1ZXN0cz0iVHJ1ZSIgRm9sbG93UmVkaXJlY3RzPSJUcnVlIiBSZWNvcmRSZXN1bHQ9IlRydWUiIENhY2hlPSJGYWxzZSIgUmVzcG9uc2VUaW1lR29hbD0iMCIgRW5jb2Rpbmc9InV0Zi04IiBFeHBlY3RlZEh0dHBTdGF0dXNDb2RlPSIwIiBFeHBlY3RlZFJlc3BvbnNlVXJsPSIiIFJlcG9ydGluZ05hbWU9IiIgSWdub3JlSHR0cFN0YXR1c0NvZGU9IkZhbHNlIj4NCiAgICAgIDxIZWFkZXJzPg0KICAgICAgICA8SGVhZGVyIE5hbWU9IlJlZmVyZXIiIFZhbHVlPSJodHRwOi8vbXlzYXVjZWZhY3RvcnktZGVtby5henVyZXdlYnNpdGVzLm5ldC9sb2dpbi5odG1sIiAvPg0KICAgICAgPC9IZWFkZXJzPg0KICAgICAgPFN0cmluZ0h0dHBCb2R5IENvbnRlbnRUeXBlPSJhcHBsaWNhdGlvbi94LWFtei1qc29uLTEuMSIgSW5zZXJ0Qnl0ZU9yZGVyTWFyaz0iRmFsc2UiPmV3QWlBRWtBWkFCbEFHNEFkQUJwQUhRQWVRQlFBRzhBYndCc0FFa0FaQUFpQURvQUlnQmhBSEFBTFFCdUFHOEFjZ0IwQUdnQVpRQmhBSE1BZEFBdEFERUFPZ0JoQURRQU5nQTFBRFVBWVFBMEFHRUFMUUE1QURBQU53QmhBQzBBTkFBd0FETUFNQUF0QURrQU9RQTJBR01BTFFBMkFHTUFOUUJsQURBQU9RQTRBRE1BWmdBd0FHUUFaZ0FpQUgwQTwvU3RyaW5nSHR0cEJvZHk+DQogICAgPC9SZXF1ZXN0Pg0KICAgIDxSZXF1ZXN0IE1ldGhvZD0iUE9TVCIgR3VpZD0iZmQ5YTMyNzItNDQ1ZC00ODA0LTk1NjgtZjUzMmRkMjJlOWU1IiBWZXJzaW9uPSIxLjEiIFVybD0iaHR0cHM6Ly9jb2duaXRvLWlkZW50aXR5LmFwLW5vcnRoZWFzdC0xLmFtYXpvbmF3cy5jb20vIiBUaGlua1RpbWU9IjAiIFRpbWVvdXQ9IjMwMCIgUGFyc2VEZXBlbmRlbnRSZXF1ZXN0cz0iVHJ1ZSIgRm9sbG93UmVkaXJlY3RzPSJUcnVlIiBSZWNvcmRSZXN1bHQ9IlRydWUiIENhY2hlPSJGYWxzZSIgUmVzcG9uc2VUaW1lR29hbD0iMCIgRW5jb2Rpbmc9InV0Zi04IiBFeHBlY3RlZEh0dHBTdGF0dXNDb2RlPSIwIiBFeHBlY3RlZFJlc3BvbnNlVXJsPSIiIFJlcG9ydGluZ05hbWU9IiIgSWdub3JlSHR0cFN0YXR1c0NvZGU9IkZhbHNlIj4NCiAgICAgIDxIZWFkZXJzPg0KICAgICAgICA8SGVhZGVyIE5hbWU9IlJlZmVyZXIiIFZhbHVlPSJodHRwOi8vbXlzYXVjZWZhY3RvcnktZGVtby5henVyZXdlYnNpdGVzLm5ldC9sb2dpbi5odG1sIiAvPg0KICAgICAgPC9IZWFkZXJzPg0KICAgICAgPFN0cmluZ0h0dHBCb2R5IENvbnRlbnRUeXBlPSJhcHBsaWNhdGlvbi94LWFtei1qc29uLTEuMSIgSW5zZXJ0Qnl0ZU9yZGVyTWFyaz0iRmFsc2UiPmV3QWlBRWtBWkFCbEFHNEFkQUJwQUhRQWVRQkpBR1FBSWdBNkFDSUFZUUJ3QUMwQWJnQnZBSElBZEFCb0FHVUFZUUJ6QUhRQUxRQXhBRG9BWVFCaUFHSUFZZ0EzQURJQU5nQXpBQzBBWVFBNEFHUUFZd0F0QURRQU9BQTVBR01BTFFCaEFEa0FOQUJsQUMwQU5nQXlBRFFBT0FBMEFEUUFOQUEwQURNQU13QmpBR0lBSWdCOUFBPT08L1N0cmluZ0h0dHBCb2R5Pg0KICAgIDwvUmVxdWVzdD4NCiAgICA8UmVxdWVzdCBNZXRob2Q9Ik9QVElPTlMiIEd1aWQ9ImIzOTljOTIzLWQyNzgtNDBhMy05MTU5LWE2OTJiYzkyZjBmZiIgVmVyc2lvbj0iMS4xIiBVcmw9Imh0dHBzOi8vY29nbml0by1pZHAuYXAtbm9ydGhlYXN0LTEuYW1hem9uYXdzLmNvbS8iIFRoaW5rVGltZT0iMCIgVGltZW91dD0iMzAwIiBQYXJzZURlcGVuZGVudFJlcXVlc3RzPSJUcnVlIiBGb2xsb3dSZWRpcmVjdHM9IlRydWUiIFJlY29yZFJlc3VsdD0iVHJ1ZSIgQ2FjaGU9IkZhbHNlIiBSZXNwb25zZVRpbWVHb2FsPSIwIiBFbmNvZGluZz0idXRmLTgiIEV4cGVjdGVkSHR0cFN0YXR1c0NvZGU9IjAiIEV4cGVjdGVkUmVzcG9uc2VVcmw9IiIgUmVwb3J0aW5nTmFtZT0iIiBJZ25vcmVIdHRwU3RhdHVzQ29kZT0iRmFsc2UiPg0KICAgICAgPFN0cmluZ0h0dHBCb2R5IENvbnRlbnRUeXBlPSIiIEluc2VydEJ5dGVPcmRlck1hcms9IkZhbHNlIj4NCiAgICAgIDwvU3RyaW5nSHR0cEJvZHk+DQogICAgPC9SZXF1ZXN0Pg0KICAgIDxSZXF1ZXN0IE1ldGhvZD0iUE9TVCIgR3VpZD0iMjhiNTI1YjYtOGMzZi00ZDdkLTlkNDItMTk3OTBiZjc4ZTJmIiBWZXJzaW9uPSIxLjEiIFVybD0iaHR0cHM6Ly9jb2duaXRvLWlkcC5hcC1ub3J0aGVhc3QtMS5hbWF6b25hd3MuY29tLyIgVGhpbmtUaW1lPSIyIiBUaW1lb3V0PSIzMDAiIFBhcnNlRGVwZW5kZW50UmVxdWVzdHM9IlRydWUiIEZvbGxvd1JlZGlyZWN0cz0iVHJ1ZSIgUmVjb3JkUmVzdWx0PSJUcnVlIiBDYWNoZT0iRmFsc2UiIFJlc3BvbnNlVGltZUdvYWw9IjAiIEVuY29kaW5nPSJ1dGYtOCIgRXhwZWN0ZWRIdHRwU3RhdHVzQ29kZT0iMCIgRXhwZWN0ZWRSZXNwb25zZVVybD0iIiBSZXBvcnRpbmdOYW1lPSIiIElnbm9yZUh0dHBTdGF0dXNDb2RlPSJGYWxzZSI+DQogICAgICA8SGVhZGVycz4NCiAgICAgICAgPEhlYWRlciBOYW1lPSJSZWZlcmVyIiBWYWx1ZT0iaHR0cDovL215c2F1Y2VmYWN0b3J5LWRlbW8uYXp1cmV3ZWJzaXRlcy5uZXQvbG9naW4uaHRtbCIgLz4NCiAgICAgIDwvSGVhZGVycz4NCiAgICAgIDxTdHJpbmdIdHRwQm9keSBDb250ZW50VHlwZT0iYXBwbGljYXRpb24veC1hbXotanNvbi0xLjEiIEluc2VydEJ5dGVPcmRlck1hcms9IkZhbHNlIj5ld0FpQUVNQWJBQnBBR1VBYmdCMEFFa0FaQUFpQURvQUlnQTJBREVBTXdCakFEY0FjUUJ2QUd3QWFBQmhBREVBTVFCa0FIVUFiQUF4QURJQU53QXpBRzRBWkFCdEFHMEFaQUJyQUhJQUlnQXNBQ0lBVlFCekFHVUFjZ0J1QUdFQWJRQmxBQ0lBT2dBaUFIUUFhd0J0QUdJQWJRQmlBSElBUUFCbkFHMEFZUUJwQUd3QUxnQmpBRzhBYlFBaUFDd0FJZ0JUQUhJQWNBQkJBQ0lBT2dBaUFHWUFPUUE0QURjQVlRQTFBRE1BTWdCaEFERUFPUUJsQUdZQU9RQm1BR1FBTXdBMkFESUFaQUExQURVQVlRQmpBR01BTUFCbEFHUUFOZ0JrQUdVQU1nQTJBR1lBWlFCbUFEVUFNd0JsQURjQVl3QmpBRGdBTWdCakFEVUFZUUF4QURVQU9RQTFBR1FBWXdBeEFEVUFOQUEyQURnQU1RQmlBR1VBWVFBNUFHRUFNUUF3QURRQU9BQTJBRFlBTWdCaUFHRUFOQUJsQURNQU9BQTRBR01BWlFBNUFEVUFOQUEzQUdVQU13QmxBRGNBWkFBd0FEVUFZZ0E0QUdNQU1BQXlBRFFBWXdCbUFERUFZd0F6QUdNQU1nQmxBRGNBWWdBd0FESUFOd0F5QURZQVlRQmlBRFlBT0FBNUFEQUFNZ0F4QURrQU9RQmhBREVBTUFBeEFEUUFZZ0F5QURRQU1RQmhBRFVBWkFBMEFERUFZd0JpQURnQU53QmxBR1lBTWdBeEFEVUFPUUF4QURVQVl3QTBBR0lBTndBMUFESUFOUUJqQURFQVl3QTVBRFlBTUFBM0FHWUFNZ0JtQURnQVpBQXlBRE1BTXdCakFEUUFNUUF6QURFQVpBQTRBREFBTndBNUFEWUFZZ0JoQUdZQU1RQTBBR1FBWkFCbEFEQUFPUUF3QURnQU13QXpBR01BWVFCbEFHSUFNUUF6QUdFQVl3QTBBRFVBWmdBeUFEZ0FaZ0F6QURrQVpRQXlBR1VBWXdBeUFERUFOd0EwQURNQU5RQXdBRElBTUFBNEFEUUFOUUF5QURrQU13QmpBR1lBWkFBMEFHRUFOd0JpQURVQU5RQXdBRFVBWlFCbUFEZ0FPUUF6QURRQU1nQXlBR01BTmdCbEFEY0FNUUJsQURBQU53QTFBRFFBT0FBeEFERUFNQUF3QURJQU1nQXpBR1FBTndBeEFEQUFPQUF5QURnQVpRQmpBR0VBWXdBeUFEZ0FOQUExQURnQU9BQmpBRFFBT1FCa0FEQUFZd0EzQURRQVpnQXhBR01BTVFCbEFHRUFaQUEwQUdNQU5BQTNBR1lBWmdBd0FHWUFPUUF6QURrQU1BQmhBR0lBWXdBeUFEZ0FPUUJrQURjQVpBQTVBRFVBTmdCbUFEQUFOZ0EwQUdVQVpRQXlBR1FBWlFCbEFHRUFOQUJpQUdFQU5RQTRBREFBTUFBMUFHVUFZUUEyQURFQU5nQmhBRFVBWlFBMEFEWUFNUUEzQURBQU9RQXhBR1VBTkFCaEFEVUFPUUEwQUdJQVlRQXhBREVBWkFBeUFETUFZZ0E0QURZQVl3QTBBR0lBTndCaUFHSUFNZ0F6QURNQU5RQTVBR0VBWkFBMEFEY0FOZ0F4QURFQU5RQXpBREFBWmdBekFERUFNZ0ExQUdVQU9RQmtBRGtBTWdCa0FEQUFaZ0E0QUdZQU53QXhBRFVBWkFBM0FEa0FaQUEzQURVQU1BQmhBR1VBWmdBeUFESUFNUUJtQURBQVlnQm1BRFFBWVFCbUFEWUFNZ0JpQUdZQVpnQmhBR0lBTXdCbEFHTUFOZ0EzQURNQU5BQXpBRFVBWkFCa0FHRUFaZ0F4QURVQVpBQmtBRGNBT1FCbUFEY0FZZ0JsQUdVQVpBQXpBRFFBTVFBeUFHWUFZZ0E0QURnQU5nQXpBR1lBTlFBd0FHUUFOd0JrQUdVQVlRQTFBR1FBT0FBeUFESUFPQUEwQURBQU1RQTVBR0lBTkFBeEFHWUFZd0JoQUdJQU9RQm1BREVBWXdBMEFEY0FOZ0JrQURnQVlRQXdBRFFBTmdBMUFHRUFOUUF3QUdJQU5nQmlBRGtBTWdBeEFHWUFNQUF4QURNQU5RQm1BR0lBT1FBMEFHSUFaZ0EyQUdRQU53QXdBR1FBTmdBeEFEVUFZZ0JqQUdRQU5nQTRBRFFBTndBMUFEZ0FPUUF5QUdJQU9BQmtBR0lBTlFCakFHVUFPQUF3QURnQVlnQmhBRFFBTUFCaUFEQUFOZ0F6QUdNQVpBQXlBRFVBWWdBd0FEQUFZd0JoQUdZQU13QXlBRFVBT1FBeEFHSUFOd0F6QURRQU1BQm1BR1lBWlFCbEFEZ0FZd0F3QUdRQU5nQTVBRE1BTkFBeUFERUFOZ0F5QUdFQVlRQXpBR1FBTUFBM0FHWUFNUUEzQUdJQU5nQTFBRFlBT1FCbUFHSUFOZ0E0QURBQU5RQXlBRE1BTXdCbEFHSUFNUUEzQURNQU1BQmlBRFVBT0FBNEFEQUFOUUJrQUdRQU1nQXpBR0lBWWdBM0FHTUFZUUF3QURjQU5BQTRBRElBT1FBekFHVUFNd0F4QURJQU5nQmxBR0lBWVFBMkFHVUFNUUEzQURrQU1RQXdBRE1BWWdCbUFEa0FPUUF4QURrQU53QmlBRGdBWmdBMUFHSUFaUUEwQURFQVl3QTRBRFlBWVFBd0FHSUFZd0F6QUdNQVpBQTBBR01BTndCbUFHSUFZUUE0QURZQU1RQmhBRElBWkFCa0FHTUFZd0EzQUdRQU9RQmhBRGtBTkFBeUFHWUFNUUJpQUdZQU9BQXhBREVBT1FBeUFHUUFPUUE1QURNQU5BQmlBRFVBTndBd0FEUUFZd0EwQURjQU5RQXhBR0lBWmdBNUFEVUFNQUJpQUdRQU5RQXdBRElBTndBNEFHUUFOZ0F3QURZQVlRQXpBRGNBT0FCa0FEUUFPUUE0QUNJQUxBQWlBRllBWVFCc0FHa0FaQUJoQUhRQWFRQnZBRzRBUkFCaEFIUUFZUUFpQURvQVd3QmRBSDBBPC9TdHJpbmdIdHRwQm9keT4NCiAgICA8L1JlcXVlc3Q+DQogICAgPFJlcXVlc3QgTWV0aG9kPSJQT1NUIiBHdWlkPSIwNTVhOTNjMC1mOWJmLTRmZDEtOWE3Zi0xNTM2MzY4MGE5MTUiIFZlcnNpb249IjEuMSIgVXJsPSJodHRwczovL2NvZ25pdG8taWRwLmFwLW5vcnRoZWFzdC0xLmFtYXpvbmF3cy5jb20vIiBUaGlua1RpbWU9IjAiIFRpbWVvdXQ9IjMwMCIgUGFyc2VEZXBlbmRlbnRSZXF1ZXN0cz0iVHJ1ZSIgRm9sbG93UmVkaXJlY3RzPSJUcnVlIiBSZWNvcmRSZXN1bHQ9IlRydWUiIENhY2hlPSJGYWxzZSIgUmVzcG9uc2VUaW1lR29hbD0iMCIgRW5jb2Rpbmc9InV0Zi04IiBFeHBlY3RlZEh0dHBTdGF0dXNDb2RlPSIwIiBFeHBlY3RlZFJlc3BvbnNlVXJsPSIiIFJlcG9ydGluZ05hbWU9IiIgSWdub3JlSHR0cFN0YXR1c0NvZGU9IkZhbHNlIj4NCiAgICAgIDxIZWFkZXJzPg0KICAgICAgICA8SGVhZGVyIE5hbWU9IlJlZmVyZXIiIFZhbHVlPSJodHRwOi8vbXlzYXVjZWZhY3RvcnktZGVtby5henVyZXdlYnNpdGVzLm5ldC9sb2dpbi5odG1sIiAvPg0KICAgICAgPC9IZWFkZXJzPg0KICAgICAgPFN0cmluZ0h0dHBCb2R5IENvbnRlbnRUeXBlPSJhcHBsaWNhdGlvbi94LWFtei1qc29uLTEuMSIgSW5zZXJ0Qnl0ZU9yZGVyTWFyaz0iRmFsc2UiPmV3QWlBRU1BYkFCcEFHVUFiZ0IwQUVrQVpBQWlBRG9BSWdBMkFERUFNd0JqQURjQWNRQnZBR3dBYUFCaEFERUFNUUJrQUhVQWJBQXhBRElBTndBekFHNEFaQUJ0QUcwQVpBQnJBSElBSWdBc0FDSUFWUUJ6QUdVQWNnQnVBR0VBYlFCbEFDSUFPZ0FpQUhRQWF3QnRBR0lBYlFCaUFISUFRQUJuQUcwQVlRQnBBR3dBTGdCakFHOEFiUUFpQUN3QUlnQlFBR0VBY3dCekFIY0Fid0J5QUdRQVF3QnNBR0VBYVFCdEFDSUFPZ0I3QUNJQVV3QmxBR01BY2dCbEFIUUFRZ0JzQUc4QVl3QnJBQ0lBT2dBaUFHOEFkQUJFQURFQVRnQXdBR1lBUXdCdUFIb0FNUUJDQURZQVFnQkRBR2tBTHdCT0FFTUFRUUF6QUVzQVpnQkhBRllBZEFBNEFFNEFPQUJxQUhjQWVBQnJBSGdBT1FCYUFGa0FhZ0JsQUVnQVNRQlhBRzhBZHdCakFFc0FMd0JOQUdRQWRnQTBBRFlBYVFBNUFGWUFZd0JFQUc4QVFRQkNBRkFBTXdCWEFHVUFLd0JuQURVQU1RQjFBSElBV2dCdUFHRUFjQUI0QUZJQVV3QnhBR2tBU0FCekFFMEFkUUJFQUhFQU9BQTFBRWNBYXdCNkFHNEFZd0JqQUhRQVV3QklBRGNBUkFCd0FEWUFjd0F6QUVJQWFRQkRBR1FBWWdCQ0FETUFTQUJUQUZnQVN3QldBSFlBTHdBdkFISUFXUUI0QUU0QVJBQmtBQ3NBTVFCckFGY0Fjd0J6QUhnQU5RQnBBRUVBYndBMUFIVUFXUUF2QUU0QVlnQTRBRU1BTVFCREFFb0FkUUJSQUU0QVNBQkJBRTRBVlFBNUFDc0FRd0JGQUVVQVl3QlZBRWtBU2dCTEFGVUFZUUJhQUZBQVlRQnZBRm9BV1FCcEFFa0FTQUJCQUM4QWNnQjJBQ3NBYndCS0FGb0FUd0EzQURRQVJ3QmlBRWdBVGdBM0FEWUFWd0JSQUZrQVZ3QmxBRU1BS3dCQ0FFb0FaZ0JQQUhvQWRRQkpBRFFBZWdCMEFFd0FlZ0JKQUdVQWN3QmpBRFFBZFFCSEFFWUFXUUJSQUZrQWVRQnlBSElBVWdCU0FFOEFNd0F3QURZQVdBQlNBSGtBZWdCVkFEY0FUQUJLQUVZQWVBQmhBRm9BY1FCSEFGSUFad0EyQUhBQVZRQkhBRVFBZUFBd0FEY0FLd0JVQURVQVN3QnpBRXNBWXdCVkFFVUFZUUI0QURRQVNRQlJBREVBS3dBMUFGZ0FkZ0JGQUdZQWFRQXJBSFVBVXdCakFHNEFNd0IxQUhNQWFBQjBBR2dBV1FBckFFRUFVQUI2QUdrQVlnQTFBRm9BZFFCckFFc0FlQUJSQUZnQVl3QklBRUlBYVFCTUFHWUFNd0F6QUhFQWRBQkVBR2NBYkFCUEFEY0FiUUFyQUdFQVJnQndBRXdBV2dBMUFGSUFWUUJxQUdRQU1BQjRBRXdBVGdCb0FFMEFZZ0JJQUdnQVZnQjRBREFBVUFCMEFFa0Fjd0I0QUdzQVF3QnhBR2dBV1FBeUFGZ0FRZ0JGQUZvQVdRQndBSGdBTndCbkFFRUFkd0JYQUcwQVl3Qk5BRUlBYVFCQ0FIWUFTZ0IxQUVnQVlRQXhBREFBWXdCWkFIb0FhQUE1QURNQVV3Qm9BR1lBUWdCWkFGb0FZZ0JCQUc4QVR3QnhBRWdBTndBckFFNEFXUUE1QUV3QU1BQlRBRUlBWkFCMUFERUFkZ0JSQUZBQVpRQjNBREVBYlFCTUFGRUFhQUF2QUd3QVJBQmhBR2tBWndCNUFGWUFPUUEzQURnQVpRQlRBRUlBV2dCREFDc0FRUUE1QURNQVp3QlhBRmNBWndCR0FGZ0FZZ0ExQUZBQWVRQmlBRGdBUlFCU0FFWUFTZ0JrQUhvQVR3QTNBRThBYmdCS0FIb0FlZ0EyQUZZQVJBQlVBQ3NBT1FCNkFFOEFMd0JUQURnQWVBQnVBR1VBVUFCMkFEZ0FOUUJIQUZVQVRnQnlBR0lBYWdCUUFGY0FPQUJ1QUdVQVFnQXdBRTBBYlFCWkFHb0FOd0JLQUZFQVFnQjVBRmdBVXdBNUFIb0FWd0JxQURjQVJBQXpBSFVBVWdCdEFFd0Fjd0F4QUM4QVNBQkJBREVBYXdBNEFGb0FWd0JPQUNzQVJnQldBRVFBWndBeEFIY0FOQUE1QUdJQVJRQkVBRXdBWkFCRkFHWUFjZ0JMQURJQWVnQkpBRlVBWndCNUFEa0FUZ0JSQUhrQVpRQkxBRElBVWdBMkFGZ0FTQUJwQUU4QVpRQTRBREVBU2dCREFFZ0FaZ0JyQUdJQVVBQktBRUVBTlFCSkFGWUFaZ0J6QURBQWRnQnpBRU1BZVFCVkFFNEFaZ0JPQUZZQU5RQlFBSFVBWXdCTEFFMEFTd0F4QUVZQWJ3Qm1BRmNBWVFCNUFEUUFZZ0JvQUhnQWJBQnRBQ3NBTVFBd0FISUFUZ0JhQURjQVFRQkxBRUlBTndCMUFEa0FaZ0JaQUZrQVJRQTVBRk1BYVFCeEFEUUFhQUJyQUZFQVFnQnBBREFBWkFCdUFHRUFTd0J2QUVFQVJBQXpBRWtBZUFBekFISUFRUUJJQUhZQVVBQm1BSGtBTUFCUkFGQUFUQUJYQUdvQVNRQkZBSGtBZGdCU0FFSUFhZ0J3QURnQU1nQXhBSG9BU1FCRkFHc0FWQUEzQUZBQVRRQTFBRElBTVFCMkFEUUFkQUJNQUZvQVV3QnJBR2NBU1FCWUFIQUFhd0I2QUVJQVlRQlhBRTRBU2dCTUFHNEFOQUEwQUhrQVJBQXdBRTBBYUFCRkFDOEFkQUJaQUdVQWRRQjFBR29BUmdBdkFGUUFjd0F2QUdVQVF3QTBBRUlBT0FCR0FITUFiQUJ4QUdVQVp3QjFBSFVBZFFCckFGWUFTZ0JFQUZRQVN3QlVBREVBTndCT0FGTUFkd0JWQUhJQWR3QmtBSGdBT1FCaEFHc0FOd0F4QURNQUx3QktBQzhBT0FCT0FHNEFiQUJUQUhBQWN3QldBRzBBV1FBM0FHSUFXUUEzQUhRQWNBQk5BR2tBUWdCeUFIb0FUQUJQQUhNQWVnQjVBRThBTXdBMUFHWUFUZ0JFQURNQVFRQlRBR1FBYlFCdUFHTUFiZ0J0QUdrQVNBQlFBRzhBU0FCeUFFb0FkZ0J4QUZjQVNBQlZBSFFBVndCS0FIZ0FjUUI1QUhNQWVBQnFBR0VBY3dCSEFFNEFXQUJwQUhRQWJ3QTNBSEFBU3dCeUFFUUFNd0EzQUhvQVpRQlJBRmdBYUFCSEFFb0FOd0JUQUVjQVdnQndBR1lBWmdCQkFEa0FlQUE0QUZZQU1RQm1BSGNBY1FBNUFHNEFjZ0JhQUV3QVdRQlJBR2dBVndCU0FERUFkQUJKQURBQUx3QlhBR29BZVFCb0FEa0FNUUJqQUdFQVNBQlhBSEFBU2dCQkFFVUFLd0JHQUZVQWNRQmFBRklBUndCUUFFTUFiQUJEQUhjQU53QXJBRmNBYndCRkFHc0FRUUJWQURrQU1nQk9BREFBT0FBekFFTUFSZ0F3QURrQWJ3QnhBRmtBTXdCaUFIY0FjQUJRQUhrQWRnQlBBRGNBTHdCTUFHZ0FTZ0JLQURVQVJnQmtBRkVBY1FCdEFEUUFLd0J0QURrQVVBQktBRm9BY0FCTUFFOEFNQUJ1QUZRQU1BQmlBRFlBTmdCUEFGVUFXQUJEQUZVQWRRQnlBRk1BYkFCckFHa0FRZ0E1QUdVQWJRQllBSEVBUVFCVUFHUUFhZ0JDQUU4QVdnQXJBR1VBVkFCMkFEQUFPQUF5QUhnQVFnQXpBQ3NBTmdCNkFFY0Fkd0EwQUZZQU9BQnVBR0VBUWdCcEFFVUFaZ0JsQUVNQUt3Qm5BSFFBU2dCdEFGY0FRUUJDQURVQVJnQmpBRFVBVEFCdUFHOEFRZ0JYQUhBQVRBQnVBRFVBYkFCRkFGb0FNd0F5QUZJQVFRQmpBR0VBUVFBckFEa0FTZ0J5QUhVQU5BQnpBSG9BZWdCUUFFc0FkZ0JUQUZJQVdRQllBRWdBVHdCcEFITUFLd0FyQURNQVJ3QmhBSEFBVHdCR0FHZ0FlUUJ4QUVNQU5RQmlBR3NBUWdBNEFHb0FXQUJUQURNQVZnQmlBR3NBU3dCckFGQUFWUUJJQUU0QU5BQkpBRzhBYndCT0FIY0FNUUJzQUhNQWJBQkRBREVBVVFCTkFHRUFjQUJzQUVFQVdRQnhBRE1BYmdBM0FHb0FZZ0F4QUdrQWNnQXlBR01BWWdCNUFFWUFXZ0F2QUZZQVZBQlJBRVVBY3dCbkFGY0FTUUEwQUZNQWF3QXhBRU1BYndCeUFHMEFSZ0JaQUZJQVpRQjRBRkFBYlFCSUFITUFkUUJwQUZRQWVBQXlBQ3NBUmdCSUFFTUFVQUJSQUhNQVZnQnJBSFFBZUFCaUFHRUFVUUF2QURJQWVBQm1BRllBWXdCdUFFZ0FjUUJyQURVQWVnQm1BRlFBZFFBMEFFRUFMd0JPQUhBQWRnQkxBRGdBTXdCM0FGZ0FiUUJOQUU4QWVRQldBSGNBYXdCWkFIa0FaUUIxQUhZQVdRQjNBR1VBVGdCWkFDc0FOQUJ6QUZZQVJRQk9BSElBTkFBekFGWUFTQUE1QUVVQVZRQnhBRGdBWndCTEFGWUFiQUF3QUVFQVRBQlhBRk1BTndCMUFGTUFOQUF3QUZjQWFBQkNBR2dBVEFCVUFGQUFNd0I1QUU4QWR3QTNBRE1BV1FBMUFHY0FlUUJ1QUc0QVR3QjZBR2NBZGdBMkFHSUFOZ0EwQUZZQU1RQjBBRmdBY0FCSEFGRUFjQUJ4QUVzQVNRQlVBREVBUVFCUUFHb0FhUUF4QUVZQU1RQkhBRllBU1FCYUFFVUFNUUJ3QUV3QWFRQk9BQ3NBWXdCeUFEVUFjd0I0QUVVQU53QnpBSEVBZUFCU0FFNEFjUUFyQUdrQVpRQnRBRW9BWndCTEFIQUFiZ0JYQUVNQVRnQTRBSElBVVFCaUFEa0FkZ0JGQURNQWFBQnVBRUlBU3dBNUFIRUFXQUJRQUcwQVl3Qm5BRFFBWWdCc0FFUUFid0JXQURVQVFnQm9BRUlBYVFCWUFHZ0Fkd0JxQUZJQU5RQjZBR1lBZHdCcEFIVUFSd0E0QUdJQWJRQnRBRTRBYkFCVUFEa0FVd0JRQUVVQU13QkVBRkFBVUFCTEFIa0FRUUEzQUVFQU5RQjRBRVVBU2dCMUFHMEFXQUJZQUdJQVl3QXZBRlFBY1FCdkFGY0FTZ0JaQUZJQVVnQkdBR1FBWkFBd0FHRUFNZ0JLQUhvQVp3QlZBSGdBYlFCQ0FFc0FWUUJYQURVQVlnQlhBSFlBZWdCRUFEa0Fad0JWQUdNQWFBQlhBSG9BU1FCb0FIa0FVUUI2QUNzQWN3QkRBRWNBZGdCQkFFMEFjQUEzQUZRQVJnQnRBR3dBT1FCS0FEa0Fhd0F4QUhNQWRRQTFBRThBTVFBekFEQUFjQUJ4QUdvQVRBQldBSGtBYndCTUFHWUFNUUJ0QURnQVlnQnBBSGNBTWdCQ0FHSUFUUUJ1QURrQWFRQklBR1VBYXdCSUFGY0FMd0JYQUhNQWFBQkpBREVBZVFCbUFIQUFMd0JVQURBQVZ3QndBQ3NBVEFCekFETUFWd0JKQUVZQVV3Qm5BR3NBZWdCSUFGWUFUUUF3QUhNQWVnQmxBSFVBWkFCekFHVUFXQUJrQUVvQWVRQnpBRXNBTHdCS0FFUUFUUUJzQUcwQVdRQk5BR2tBV2dCUkFGRUFZUUJOQURFQVR3QlBBRElBTWdCVkFEVUFNd0F2QUU0QVdRQTBBRE1BYXdCdEFHWUFVZ0JUQUU0QWJ3Qk1BRkVBWlFCcEFHWUFTQUJRQUVRQVJRQmtBRk1BT1FBeUFDOEFhZ0J6QUZFQWJBQkRBRFlBUndCNEFEQUFVQUJ2QUhFQVR3QkJBR29BY2dCaUFHMEFOUUJLQUVNQU9RQnZBRGNBTmdCeEFHTUFRUUEzQUZRQVR3QlRBRWtBVVFCTUFIZ0Fkd0F3QUV3QU5BQktBRklBVFFCb0FETUFiQUJKQUc4QWJ3QjNBSEFBYndCdUFFY0FTd0JMQUZBQUt3QjJBRTBBVkFCeEFIQUFkZ0JaQUZFQVV3QnNBRXdBYlFCVEFITUFUUUEzQUU4QWFnQnhBRGdBV0FCaUFGY0FOQUJSQUhBQU5RQndBRXdBVmdCeEFFb0FkZ0ExQURBQVRnQTJBREFBYUFCdkFIRUFhZ0J3QUdNQVJ3QjNBRE1BTlFCcUFHY0FRZ0J0QURrQVF3QnlBRllBUmdCYUFIRUFPUUJDQUhnQVJnQlBBRmdBWlFCTkFITUFQUUFpQUN3QUlnQlRBR2tBWndCdUFHRUFkQUIxQUhJQVpRQWlBRG9BSWdCWUFIb0FXQUJJQUZrQWFRQjFBSElBTWdCYUFIWUFNZ0JDQUdnQWJRQllBSEVBTmdCT0FDc0FSQUJEQUc0QWRRQTBBRWtBWkFCT0FHb0FUd0F5QUc4QVJRQXdBRGdBTlFCa0FITUFhZ0J3QUUwQWVRQjNBRDBBSWdCOUFDd0FJZ0JVQUdrQWJRQmxBSE1BZEFCaEFHMEFjQUFpQURvQU1RQTBBRGdBTUFBMkFEWUFOZ0E1QURZQU53QjlBQT09PC9TdHJpbmdIdHRwQm9keT4NCiAgICA8L1JlcXVlc3Q+DQogICAgPFJlcXVlc3QgTWV0aG9kPSJQT1NUIiBHdWlkPSIyNGRlMWY4OC1jZDliLTQ1OTMtOGFlMy0yMDEwYWUwYzU2YTkiIFZlcnNpb249IjEuMSIgVXJsPSJodHRwczovL2NvZ25pdG8taWRwLmFwLW5vcnRoZWFzdC0xLmFtYXpvbmF3cy5jb20vIiBUaGlua1RpbWU9IjAiIFRpbWVvdXQ9IjMwMCIgUGFyc2VEZXBlbmRlbnRSZXF1ZXN0cz0iVHJ1ZSIgRm9sbG93UmVkaXJlY3RzPSJUcnVlIiBSZWNvcmRSZXN1bHQ9IlRydWUiIENhY2hlPSJGYWxzZSIgUmVzcG9uc2VUaW1lR29hbD0iMCIgRW5jb2Rpbmc9InV0Zi04IiBFeHBlY3RlZEh0dHBTdGF0dXNDb2RlPSIwIiBFeHBlY3RlZFJlc3BvbnNlVXJsPSIiIFJlcG9ydGluZ05hbWU9IiIgSWdub3JlSHR0cFN0YXR1c0NvZGU9IkZhbHNlIj4NCiAgICAgIDxIZWFkZXJzPg0KICAgICAgICA8SGVhZGVyIE5hbWU9IlJlZmVyZXIiIFZhbHVlPSJodHRwOi8vbXlzYXVjZWZhY3RvcnktZGVtby5henVyZXdlYnNpdGVzLm5ldC9sb2dpbi5odG1sIiAvPg0KICAgICAgPC9IZWFkZXJzPg0KICAgICAgPFN0cmluZ0h0dHBCb2R5IENvbnRlbnRUeXBlPSJhcHBsaWNhdGlvbi94LWFtei1qc29uLTEuMSIgSW5zZXJ0Qnl0ZU9yZGVyTWFyaz0iRmFsc2UiPmV3QWlBRUVBWXdCakFHVUFjd0J6QUZRQWJ3QnJBR1VBYmdBaUFEb0FJZ0JsQUhrQVNnQnlBR0VBVndCUkFHa0FUd0JwQUVvQU5RQkxBRElBVWdCWUFGWUFSUUEwQUhvQVZnQjZBRVlBZEFCT0FIb0FTZ0JwQUZZQWF3QmFBRllBVGdCWEFFb0FRZ0JOQUZRQWJBQk5BRTRBTVFCd0FHb0FZUUJWQUdnQWRnQmlBSG9BVGdCWEFGWUFSZ0JDQUZVQVdRQlVBRW9BZVFCUEFGY0FPUUJHQUdNQVdBQk9BRTRBVUFCVEFFa0Fjd0JKQUcwQVJnQnpBRm9BZVFCSkFEWUFTUUJzQUVvQVZBQk5BR29BVlFBeUFFa0FiZ0F3QUM0QVpRQjVBRW9BZWdCa0FGY0FTUUJwQUU4QWFRQktBR3dBVFFBeUFGSUFhZ0JOQUdvQVVRQXdBRm9BUXdBd0FEUUFUZ0JxQUdjQU1RQk1BRlFBVVFCNkFFMEFlZ0JuQUhRQVdRQnFBR3NBTXdCWkFGTUFNQUF3QUUwQWVnQnJBREVBVFFCRUFHY0FOUUJhQUVRQVdRQTBBRTRBVkFCQkFHa0FUQUJEQUVvQU1BQmlBRElBZEFCc0FHSUFiQUE1QURFQVl3QXlBRlVBYVFCUEFHa0FTZ0JvQUZrQU1nQk9BR3dBWXdBekFFMEFhUUJNQUVNQVNnQjZBRmtBTWdBNUFIY0FXZ0JUQUVrQU5nQkpBRzBBUmdBekFHTUFlUUExQUdvQVlnQXlBR1FBZFFCaEFGZ0FVZ0IyQUV3QWJnQk9BSEFBV2dBeUFEVUFjQUJpQUdrQU5RQXhBR01BTWdCV0FIa0FUQUJ0QUVZQWF3QmlBRmNBYkFCMUFFa0FhUUIzQUdrQVlRQllBRTRBZWdCSkFHb0Fid0JwQUdFQVNBQlNBREFBWXdCSUFFMEFOZ0JZQUVNQU9RQmpBRXdBTWdCT0FIWUFXZ0F5QURVQWNBQmtBRWNBT0FCMEFHRUFWd0JTQUhjQVRBQnRBRVlBZHdCTUFGY0FOUUIyQUdNQWJnQlNBRzhBV2dCWEFFWUFlZ0JrQUVNQU1BQjRBRXdBYlFCR0FIUUFXUUJZQUhBQWRnQmlBRzBBUmdBekFHTUFlUUExQUdvQVlnQXlBREVBWXdCTUFESUFSZ0IzQUV3QVZ3QTFBSFlBWXdCdUFGSUFid0JhQUZjQVJnQjZBR1FBUXdBd0FIZ0FXQUF5QURVQVNnQk5BRmNBVlFBeEFFOEFXQUJzQUdrQVZnQlRBRWtBY3dCSkFHMEFWZ0EwQUdNQVF3QkpBRFlBVFFCVUFGRUFOQUJOQUVRQVdRQXpBRTBBUkFCVkFESUFUZ0I1QUhjQWFRQmhBRmNBUmdBd0FFa0FhZ0J2QUhnQVRnQkVBR2NBZHdCT0FHb0FXUUF5QUU4QVZBQlpBRE1BVEFCREFFb0FjUUJrQUVjQWF3QnBBRThBYVFCSkFIa0FUUUI2QUZVQWR3Qk5BRlFBWndCM0FGb0FRd0F3QURBQVRnQnFBRVlBYUFCTUFGUUFVUUF4QUUwQVJ3QlJBSFFBV1FCVUFGRUFlUUJPQUdrQU1BQXdBRThBUkFCRkFIb0FUd0JIQUVrQWVRQk9BSG9BWkFCckFGa0FNZ0JKQUdrQVRBQkRBRW9BYWdCaUFFY0FiQUJzQUdJQWJnQlNBR1lBWVFCWEFGRUFhUUJQQUdrQVNRQXlBRTBBVkFCT0FHb0FUZ0F6QUVZQWRnQmlBRWNBYUFCb0FFMEFWQUJHQUdzQVpBQlhBSGNBZUFCTkFHb0FZd0I2QUdJQWJRQlNBSFFBWWdCWEFGSUFjZ0JqQUdrQVNRQnpBRWtBYmdCV0FIb0FXZ0JZQUVvQWRRQlpBRmNBTVFCc0FFa0FhZ0J2QUdrQVpBQkhBSFFBZEFCWkFHMEFNUUJwQUdNQWF3QkNBRzRBWWdCWEFFWUFjQUJpQUVNQU5RQnFBR0lBTWdBd0FHa0FaZ0JSQUM0QVVBQkZBSEVBZEFBNEFGQUFNZ0JXQUdjQVZRQnRBRTRBTmdCa0FGSUFWd0JKQUhRQWVBQTNBRGtBVEFCQkFHNEFSQUJIQUY4QU5nQnRBSFlBVndBdEFHc0FjZ0I0QUhJQU13QkxBRThBVmdCQkFHRUFhUUJNQUVrQWR3QXdBR2tBZFFCTUFGTUFjZ0JEQUdrQVRRQnZBRmNBVFFCV0FIa0FUQUJTQUVrQVVnQkVBRGtBVWdCTkFIa0FWZ0JOQUcwQU1nQkdBRjhBU0FCc0FIY0FXQUJMQUdzQU9BQlhBRlFBTkFCSEFFVUFRZ0JoQUhZQU53QllBR2NBVFFCQ0FERUFhd0F0QUhJQVR3Qm5BR2dBVUFCb0FFOEFXQUJQQUZNQU1nQXlBRGNBTndCa0FHb0FjUUJ6QUcwQWNnQXRBRFFBV1FCeUFGY0Fjd0JyQUdVQU5RQXhBRTRBWndCeUFFVUFiUUJMQUhrQU5nQmFBRVVBZEFCd0FGSUFNZ0IzQUhvQWJ3QXlBREVBTndBNUFESUFWQUJ2QUc4QVVBQlFBRlFBTndCTUFHRUFXZ0F4QUdZQWJRQlRBR1lBYXdCb0FIQUFXUUJyQUY4QVVnQjJBRm9BWmdCV0FHb0FjQUJVQURRQVlnQklBR29BTWdCMkFIVUFhQUJXQUhrQVdnQmlBSGNBTUFBMUFHUUFTQUJRQUZJQWF3QmhBRWNBTVFCNUFHRUFjUUE0QUdVQWVRQmZBREVBTlFCMUFESUFaZ0JWQUV3QVdRQlRBSGdBU1FCRkFEZ0FkQUI2QUMwQU5RQm9BRWtBUndCakFIRUFiUUJPQUhRQVJRQmxBRWNBUkFCYUFHOEFVZ0J5QUZNQU13QjZBRzBBUkFBd0FFSUFUUUJDQUhZQVZnQnZBR2NBUVFCVkFHY0Fid0JyQUhFQWFRQmpBRkVBZFFCekFITUFjUUJJQUhFQVRRQlJBRlVBYVFCTkFEWUFaUUJIQUdNQVJ3QXRBRXNBTUFBMEFHRUFOQUIwQURVQWRBQklBSEVBYmdCUUFIQUFhUUJRQUVJQVNBQTFBRWNBUmdCSEFFZ0FNUUJyQUU0QUxRQXlBRW9BV1FCYUFFWUFUd0JmQUhFQWN3QldBRVFBUkFCYUFHTUFkUUI2QUc4QVFnQjBBR29BZUFCYUFFUUFiQUJsQUc0QVlnQnhBR3dBZHdCM0FIWUFaQUJZQUdjQUlnQjlBQT09PC9TdHJpbmdIdHRwQm9keT4NCiAgICA8L1JlcXVlc3Q+DQogICAgPFJlcXVlc3QgTWV0aG9kPSJHRVQiIEd1aWQ9ImQ4YjdlOTMyLWQ3Y2YtNGY0NC05Yzg0LTg5OTY0ZjVmZjJmMyIgVmVyc2lvbj0iMS4xIiBVcmw9Imh0dHA6Ly9teXNhdWNlZmFjdG9yeS1kZW1vLmF6dXJld2Vic2l0ZXMubmV0L215cGFnZS8iIFRoaW5rVGltZT0iMCIgVGltZW91dD0iMzAwIiBQYXJzZURlcGVuZGVudFJlcXVlc3RzPSJUcnVlIiBGb2xsb3dSZWRpcmVjdHM9IlRydWUiIFJlY29yZFJlc3VsdD0iVHJ1ZSIgQ2FjaGU9IkZhbHNlIiBSZXNwb25zZVRpbWVHb2FsPSIwIiBFbmNvZGluZz0idXRmLTgiIEV4cGVjdGVkSHR0cFN0YXR1c0NvZGU9IjAiIEV4cGVjdGVkUmVzcG9uc2VVcmw9IiIgUmVwb3J0aW5nTmFtZT0iIiBJZ25vcmVIdHRwU3RhdHVzQ29kZT0iRmFsc2UiPg0KICAgICAgPERlcGVuZGVudFJlcXVlc3RzPg0KICAgICAgICA8UmVxdWVzdCBNZXRob2Q9Ik9QVElPTlMiIEd1aWQ9IjdiZDhhMGQ5LTk1OTItNDAxMi05ZmFlLTI1MmQ3NmExYWI4YSIgVmVyc2lvbj0iMS4xIiBVcmw9Imh0dHBzOi8vZ3cubXlzYXVjZWZhY3RvcnkuY29tL2Rldi9teXNhdWNlLWFwaS1wcm94eS1kZXYvdjEuMC9kb2N1bWVudHMvc2hvcHBpbmdjYXJ0IiBUaGlua1RpbWU9IjAiIFRpbWVvdXQ9IjMwMCIgUGFyc2VEZXBlbmRlbnRSZXF1ZXN0cz0iVHJ1ZSIgRm9sbG93UmVkaXJlY3RzPSJUcnVlIiBSZWNvcmRSZXN1bHQ9IlRydWUiIENhY2hlPSJGYWxzZSIgUmVzcG9uc2VUaW1lR29hbD0iMCIgRW5jb2Rpbmc9InV0Zi04IiBFeHBlY3RlZEh0dHBTdGF0dXNDb2RlPSIwIiBFeHBlY3RlZFJlc3BvbnNlVXJsPSIiIFJlcG9ydGluZ05hbWU9IiIgSWdub3JlSHR0cFN0YXR1c0NvZGU9IkZhbHNlIj4NCiAgICAgICAgICA8UXVlcnlTdHJpbmdQYXJhbWV0ZXJzPg0KICAgICAgICAgICAgPFF1ZXJ5U3RyaW5nUGFyYW1ldGVyIE5hbWU9IlVzZXJJZCIgVmFsdWU9IjJlMDZjOTUwLWEzODUtNDRjNC1mMzUzLTA4ZDQxNTBkZWFmMiIgUmVjb3JkZWRWYWx1ZT0iMmUwNmM5NTAtYTM4NS00NGM0LWYzNTMtMDhkNDE1MGRlYWYyIiBDb3JyZWxhdGlvbkJpbmRpbmc9IiIgVXJsRW5jb2RlPSJGYWxzZSIgVXNlVG9Hcm91cFJlc3VsdHM9IkZhbHNlIiAvPg0KICAgICAgICAgICAgPFF1ZXJ5U3RyaW5nUGFyYW1ldGVyIE5hbWU9Il8iIFZhbHVlPSIxNDgwNjY2OTY4ODg0IiBSZWNvcmRlZFZhbHVlPSIxNDgwNjY2OTY4ODg0IiBDb3JyZWxhdGlvbkJpbmRpbmc9IiIgVXJsRW5jb2RlPSJGYWxzZSIgVXNlVG9Hcm91cFJlc3VsdHM9IkZhbHNlIiAvPg0KICAgICAgICAgIDwvUXVlcnlTdHJpbmdQYXJhbWV0ZXJzPg0KICAgICAgICAgIDxTdHJpbmdIdHRwQm9keSBDb250ZW50VHlwZT0iIiBJbnNlcnRCeXRlT3JkZXJNYXJrPSJGYWxzZSI+DQogICAgICAgICAgPC9TdHJpbmdIdHRwQm9keT4NCiAgICAgICAgPC9SZXF1ZXN0Pg0KICAgICAgICA8UmVxdWVzdCBNZXRob2Q9Ik9QVElPTlMiIEd1aWQ9IjZiOWRkYzg3LTBkZmUtNDhlNS1iOWQ5LThjZDAxZmZhMjRkNSIgVmVyc2lvbj0iMS4xIiBVcmw9Imh0dHBzOi8vZ3cubXlzYXVjZWZhY3RvcnkuY29tL2Rldi9teXNhdWNlLWFwaS1wcm94eS1kZXYvdjEuMC9kb2N1bWVudHMvcHVyY2hhc2VoaXN0b3J5IiBUaGlua1RpbWU9IjAiIFRpbWVvdXQ9IjMwMCIgUGFyc2VEZXBlbmRlbnRSZXF1ZXN0cz0iVHJ1ZSIgRm9sbG93UmVkaXJlY3RzPSJUcnVlIiBSZWNvcmRSZXN1bHQ9IlRydWUiIENhY2hlPSJGYWxzZSIgUmVzcG9uc2VUaW1lR29hbD0iMCIgRW5jb2Rpbmc9InV0Zi04IiBFeHBlY3RlZEh0dHBTdGF0dXNDb2RlPSIwIiBFeHBlY3RlZFJlc3BvbnNlVXJsPSIiIFJlcG9ydGluZ05hbWU9IiIgSWdub3JlSHR0cFN0YXR1c0NvZGU9IkZhbHNlIj4NCiAgICAgICAgICA8UXVlcnlTdHJpbmdQYXJhbWV0ZXJzPg0KICAgICAgICAgICAgPFF1ZXJ5U3RyaW5nUGFyYW1ldGVyIE5hbWU9IlVzZXJJZCIgVmFsdWU9IjJlMDZjOTUwLWEzODUtNDRjNC1mMzUzLTA4ZDQxNTBkZWFmMiIgUmVjb3JkZWRWYWx1ZT0iMmUwNmM5NTAtYTM4NS00NGM0LWYzNTMtMDhkNDE1MGRlYWYyIiBDb3JyZWxhdGlvbkJpbmRpbmc9IiIgVXJsRW5jb2RlPSJGYWxzZSIgVXNlVG9Hcm91cFJlc3VsdHM9IkZhbHNlIiAvPg0KICAgICAgICAgICAgPFF1ZXJ5U3RyaW5nUGFyYW1ldGVyIE5hbWU9ImFzYyIgVmFsdWU9ImZhbHNlIiBSZWNvcmRlZFZhbHVlPSJmYWxzZSIgQ29ycmVsYXRpb25CaW5kaW5nPSIiIFVybEVuY29kZT0iRmFsc2UiIFVzZVRvR3JvdXBSZXN1bHRzPSJGYWxzZSIgLz4NCiAgICAgICAgICAgIDxRdWVyeVN0cmluZ1BhcmFtZXRlciBOYW1lPSJfIiBWYWx1ZT0iMTQ4MDY2Njk2ODg4NSIgUmVjb3JkZWRWYWx1ZT0iMTQ4MDY2Njk2ODg4NSIgQ29ycmVsYXRpb25CaW5kaW5nPSIiIFVybEVuY29kZT0iRmFsc2UiIFVzZVRvR3JvdXBSZXN1bHRzPSJGYWxzZSIgLz4NCiAgICAgICAgICA8L1F1ZXJ5U3RyaW5nUGFyYW1ldGVycz4NCiAgICAgICAgICA8U3RyaW5nSHR0cEJvZHkgQ29udGVudFR5cGU9IiIgSW5zZXJ0Qnl0ZU9yZGVyTWFyaz0iRmFsc2UiPg0KICAgICAgICAgIDwvU3RyaW5nSHR0cEJvZHk+DQogICAgICAgIDwvUmVxdWVzdD4NCiAgICAgIDwvRGVwZW5kZW50UmVxdWVzdHM+DQogICAgICA8SGVhZGVycz4NCiAgICAgICAgPEhlYWRlciBOYW1lPSJSZWZlcmVyIiBWYWx1ZT0iaHR0cDovL215c2F1Y2VmYWN0b3J5LWRlbW8uYXp1cmV3ZWJzaXRlcy5uZXQvbG9naW4uaHRtbCIgLz4NCiAgICAgIDwvSGVhZGVycz4NCiAgICA8L1JlcXVlc3Q+DQogICAgPFJlcXVlc3QgTWV0aG9kPSJHRVQiIEd1aWQ9IjE3Njc2YTVhLWNmYjgtNDgwNi1hOTQxLWI5ZGJhMWZhZWMwNyIgVmVyc2lvbj0iMS4xIiBVcmw9Imh0dHBzOi8vZ3cubXlzYXVjZWZhY3RvcnkuY29tL2Rldi9teXNhdWNlLWFwaS1wcm94eS1kZXYvdjEuMC9kb2N1bWVudHMvc2hvcHBpbmdjYXJ0IiBUaGlua1RpbWU9IjAiIFRpbWVvdXQ9IjMwMCIgUGFyc2VEZXBlbmRlbnRSZXF1ZXN0cz0iVHJ1ZSIgRm9sbG93UmVkaXJlY3RzPSJUcnVlIiBSZWNvcmRSZXN1bHQ9IlRydWUiIENhY2hlPSJGYWxzZSIgUmVzcG9uc2VUaW1lR29hbD0iMCIgRW5jb2Rpbmc9InV0Zi04IiBFeHBlY3RlZEh0dHBTdGF0dXNDb2RlPSIwIiBFeHBlY3RlZFJlc3BvbnNlVXJsPSIiIFJlcG9ydGluZ05hbWU9IiIgSWdub3JlSHR0cFN0YXR1c0NvZGU9IkZhbHNlIj4NCiAgICAgIDxIZWFkZXJzPg0KICAgICAgICA8SGVhZGVyIE5hbWU9IkFjY2VwdCIgVmFsdWU9IiovKiIgLz4NCiAgICAgICAgPEhlYWRlciBOYW1lPSJSZWZlcmVyIiBWYWx1ZT0iaHR0cDovL215c2F1Y2VmYWN0b3J5LWRlbW8uYXp1cmV3ZWJzaXRlcy5uZXQvbXlwYWdlLyIgLz4NCiAgICAgIDwvSGVhZGVycz4NCiAgICAgIDxRdWVyeVN0cmluZ1BhcmFtZXRlcnM+DQogICAgICAgIDxRdWVyeVN0cmluZ1BhcmFtZXRlciBOYW1lPSJVc2VySWQiIFZhbHVlPSIyZTA2Yzk1MC1hMzg1LTQ0YzQtZjM1My0wOGQ0MTUwZGVhZjIiIFJlY29yZGVkVmFsdWU9IjJlMDZjOTUwLWEzODUtNDRjNC1mMzUzLTA4ZDQxNTBkZWFmMiIgQ29ycmVsYXRpb25CaW5kaW5nPSIiIFVybEVuY29kZT0iRmFsc2UiIFVzZVRvR3JvdXBSZXN1bHRzPSJGYWxzZSIgLz4NCiAgICAgICAgPFF1ZXJ5U3RyaW5nUGFyYW1ldGVyIE5hbWU9Il8iIFZhbHVlPSIxNDgwNjY2OTY4ODg0IiBSZWNvcmRlZFZhbHVlPSIxNDgwNjY2OTY4ODg0IiBDb3JyZWxhdGlvbkJpbmRpbmc9IiIgVXJsRW5jb2RlPSJGYWxzZSIgVXNlVG9Hcm91cFJlc3VsdHM9IkZhbHNlIiAvPg0KICAgICAgPC9RdWVyeVN0cmluZ1BhcmFtZXRlcnM+DQogICAgPC9SZXF1ZXN0Pg0KICAgIDxSZXF1ZXN0IE1ldGhvZD0iR0VUIiBHdWlkPSI1NzRjMmM5OC02NjhlLTQ1MGQtODQyNS1iZTEyM2I3MjgxMTYiIFZlcnNpb249IjEuMSIgVXJsPSJodHRwczovL2d3Lm15c2F1Y2VmYWN0b3J5LmNvbS9kZXYvbXlzYXVjZS1hcGktcHJveHktZGV2L3YxLjAvZG9jdW1lbnRzL3B1cmNoYXNlaGlzdG9yeSIgVGhpbmtUaW1lPSIwIiBUaW1lb3V0PSIzMDAiIFBhcnNlRGVwZW5kZW50UmVxdWVzdHM9IlRydWUiIEZvbGxvd1JlZGlyZWN0cz0iVHJ1ZSIgUmVjb3JkUmVzdWx0PSJUcnVlIiBDYWNoZT0iRmFsc2UiIFJlc3BvbnNlVGltZUdvYWw9IjAiIEVuY29kaW5nPSJ1dGYtOCIgRXhwZWN0ZWRIdHRwU3RhdHVzQ29kZT0iMCIgRXhwZWN0ZWRSZXNwb25zZVVybD0iIiBSZXBvcnRpbmdOYW1lPSIiIElnbm9yZUh0dHBTdGF0dXNDb2RlPSJGYWxzZSI+DQogICAgICA8SGVhZGVycz4NCiAgICAgICAgPEhlYWRlciBOYW1lPSJBY2NlcHQiIFZhbHVlPSIqLyoiIC8+DQogICAgICAgIDxIZWFkZXIgTmFtZT0iUmVmZXJlciIgVmFsdWU9Imh0dHA6Ly9teXNhdWNlZmFjdG9yeS1kZW1vLmF6dXJld2Vic2l0ZXMubmV0L215cGFnZS8iIC8+DQogICAgICA8L0hlYWRlcnM+DQogICAgICA8UXVlcnlTdHJpbmdQYXJhbWV0ZXJzPg0KICAgICAgICA8UXVlcnlTdHJpbmdQYXJhbWV0ZXIgTmFtZT0iVXNlcklkIiBWYWx1ZT0iMmUwNmM5NTAtYTM4NS00NGM0LWYzNTMtMDhkNDE1MGRlYWYyIiBSZWNvcmRlZFZhbHVlPSIyZTA2Yzk1MC1hMzg1LTQ0YzQtZjM1My0wOGQ0MTUwZGVhZjIiIENvcnJlbGF0aW9uQmluZGluZz0iIiBVcmxFbmNvZGU9IkZhbHNlIiBVc2VUb0dyb3VwUmVzdWx0cz0iRmFsc2UiIC8+DQogICAgICAgIDxRdWVyeVN0cmluZ1BhcmFtZXRlciBOYW1lPSJhc2MiIFZhbHVlPSJmYWxzZSIgUmVjb3JkZWRWYWx1ZT0iZmFsc2UiIENvcnJlbGF0aW9uQmluZGluZz0iIiBVcmxFbmNvZGU9IkZhbHNlIiBVc2VUb0dyb3VwUmVzdWx0cz0iRmFsc2UiIC8+DQogICAgICAgIDxRdWVyeVN0cmluZ1BhcmFtZXRlciBOYW1lPSJfIiBWYWx1ZT0iMTQ4MDY2Njk2ODg4NSIgUmVjb3JkZWRWYWx1ZT0iMTQ4MDY2Njk2ODg4NSIgQ29ycmVsYXRpb25CaW5kaW5nPSIiIFVybEVuY29kZT0iRmFsc2UiIFVzZVRvR3JvdXBSZXN1bHRzPSJGYWxzZSIgLz4NCiAgICAgIDwvUXVlcnlTdHJpbmdQYXJhbWV0ZXJzPg0KICAgIDwvUmVxdWVzdD4NCiAgPC9JdGVtcz4NCiAgPFZhbGlkYXRpb25SdWxlcz4NCiAgICA8VmFsaWRhdGlvblJ1bGUgQ2xhc3NuYW1lPSJNaWNyb3NvZnQuVmlzdWFsU3R1ZGlvLlRlc3RUb29scy5XZWJUZXN0aW5nLlJ1bGVzLlZhbGlkYXRlUmVzcG9uc2VVcmwsIE1pY3Jvc29mdC5WaXN1YWxTdHVkaW8uUXVhbGl0eVRvb2xzLldlYlRlc3RGcmFtZXdvcmssIFZlcnNpb249MTAuMC4wLjAsIEN1bHR1cmU9bmV1dHJhbCwgUHVibGljS2V5VG9rZW49YjAzZjVmN2YxMWQ1MGEzYSIgRGlzcGxheU5hbWU9IuW/nOetlCBVUkwiIERlc2NyaXB0aW9uPSLjg6rjg4DjgqTjg6zjgq/jg4jlvozjga7lv5znrZQgVVJMIOOBjOOAgeiomOmMsuOBleOCjOOBn+W/nOetlCBVUkwg44Go5ZCM44GY44GL44Gp44GG44GL44KS5qSc6Ki844GX44G+44GZ44CCUXVlcnlTdHJpbmcg44OR44Op44Oh44O844K/44O844Gv54Sh6KaW44GV44KM44G+44GZ44CCIiBMZXZlbD0iTG93IiBFeGVjdHVpb25PcmRlcj0iQmVmb3JlRGVwZW5kZW50cyIgLz4NCiAgICA8VmFsaWRhdGlvblJ1bGUgQ2xhc3NuYW1lPSJNaWNyb3NvZnQuVmlzdWFsU3R1ZGlvLlRlc3RUb29scy5XZWJUZXN0aW5nLlJ1bGVzLlZhbGlkYXRpb25SdWxlUmVzcG9uc2VUaW1lR29hbCwgTWljcm9zb2Z0LlZpc3VhbFN0dWRpby5RdWFsaXR5VG9vbHMuV2ViVGVzdEZyYW1ld29yaywgVmVyc2lvbj0xMC4wLjAuMCwgQ3VsdHVyZT1uZXV0cmFsLCBQdWJsaWNLZXlUb2tlbj1iMDNmNWY3ZjExZDUwYTNhIiBEaXNwbGF5TmFtZT0i5b+c562U5pmC6ZaT44Gu55uu5qiZIiBEZXNjcmlwdGlvbj0i6KaB5rGC44Gu5b+c562U5pmC6ZaT44GM44CB6KaB5rGC44Gn5oyH5a6a44GV44KM44Gf55uu5qiZ5YCk5Lul5LiL44Gn44GC44KL44GL44Gp44GG44GL5qSc6Ki844GX44G+44GZ44CC5b+c562U5pmC6ZaT44Gu55uu5qiZ5YCk44GMIDAg44Gu5aC05ZCI44CB44GT44Gu55uu5qiZ5YCk44Gv54Sh6KaW44GV44KM44G+44GZ44CCIiBMZXZlbD0iTG93IiBFeGVjdHVpb25PcmRlcj0iQWZ0ZXJEZXBlbmRlbnRzIj4NCiAgICAgIDxSdWxlUGFyYW1ldGVycz4NCiAgICAgICAgPFJ1bGVQYXJhbWV0ZXIgTmFtZT0iVG9sZXJhbmNlIiBWYWx1ZT0iMCIgLz4NCiAgICAgIDwvUnVsZVBhcmFtZXRlcnM+DQogICAgPC9WYWxpZGF0aW9uUnVsZT4NCiAgPC9WYWxpZGF0aW9uUnVsZXM+DQo8L1dlYlRlc3Q+">
      <Execution id="a05af5ba-2742-4b9e-b7e4-81dc91c64e53" />
    </WebTest>
  </TestDefinitions>
  <TestLists>
    <TestList name="一覧に存在しない結果" id="8c84fa94-04c1-424b-9868-57a2d4851a1d" />
    <TestList name="読み込まれたすべての結果" id="19431567-8539-422a-85d7-44ee4e166bda" />
  </TestLists>
  <TestEntries>
    <TestEntry isTransparent="false" testId="a20ed876-00c3-4cdb-8138-c57f398c88d8" executionId="a05af5ba-2742-4b9e-b7e4-81dc91c64e53" testListId="8c84fa94-04c1-424b-9868-57a2d4851a1d" />
  </TestEntries>
  <Results>
    <WebTestResult executionId="a05af5ba-2742-4b9e-b7e4-81dc91c64e53" testId="a20ed876-00c3-4cdb-8138-c57f398c88d8" testName="WebTest1" computerName="MATVAIO" duration="00:00:19.0007398" startTime="2016-12-02T17:27:14.7865563+09:00" endTime="2016-12-02T17:27:44.4442289+09:00" testType="4e7599fa-5ecb-43e9-a887-cd63cf72d207" outcome="Failed" testListId="8c84fa94-04c1-424b-9868-57a2d4851a1d" relativeResultsDirectory="a05af5ba-2742-4b9e-b7e4-81dc91c64e53">
      <Output>
        <ErrorInfo>
          <Message>12 件のプライマリ要求、10 件の依存要求、および 0 件の条件付き規則に失敗しました</Message>
        </ErrorInfo>
      </Output>
      <ResultFiles>
        <ResultFile path="WebTest1.webtestResult" />
      </ResultFiles>
      <TestSettings name="ローカル" id="af615b3f-2787-4d40-8c72-eb877e5b5b59">
        <Description>これらはローカル テスト実行用の既定のテスト設定です。</Description>
        <Execution>
          <TestTypeSpecific>
            <WebTestRunConfiguration testTypeId="4e7599fa-5ecb-43e9-a887-cd63cf72d207">
              <Browser name="Internet Explorer 9.0" MaxConnections="6">
                <Headers>
                  <Header name="User-Agent" value="Mozilla/5.0 (compatible; MSIE 9.0; Windows NT 6.1; Trident/5.0)" />
                  <Header name="Accept" value="*/*" />
                  <Header name="Accept-Language" value="{{$IEAcceptLanguage}}" />
                  <Header name="Accept-Encoding" value="GZIP" />
                </Headers>
              </Browser>
            </WebTestRunConfiguration>
          </TestTypeSpecific>
          <AgentRule name="Execution Agents">
          </AgentRule>
        </Execution>
        <Deployment runDeploymentRoot="yuta_MATVAIO 2016-12-02 17_27_14" />
        <Properties>
          <Property name="TestSettingsUIType" value="LoadTest" />
        </Properties>
      </TestSettings>
      <WebTestResultFilePath>yuta_MATVAIO 2016-12-02 17_27_14\In\a05af5ba-2742-4b9e-b7e4-81dc91c64e53\WebTest1.webtestResult</WebTestResultFilePath>
    </WebTestResult>
  </Results>
</TestRun>