<?xml version="1.0" encoding="UTF-8"?>
<TestRun id="74304809-62cd-46a4-9c4d-fbe7d16dbe49" name="yuta@MATVAIO 2016-12-20 16:27:11" runUser="MATVAIO\yuta" xmlns="http://microsoft.com/schemas/VisualStudio/TeamTest/2010">
  <TestSettings name="ローカル" id="af615b3f-2787-4d40-8c72-eb877e5b5b59">
    <Description>これらはローカル テスト実行用の既定のテスト設定です。</Description>
    <Execution>
      <TestTypeSpecific />
      <AgentRule name="Execution Agents">
      </AgentRule>
    </Execution>
    <Deployment runDeploymentRoot="yuta_MATVAIO 2016-12-20 16_27_11" />
    <Properties>
      <Property name="TestSettingsUIType" value="LoadTest" />
    </Properties>
  </TestSettings>
  <Times creation="2016-12-20T16:27:11.0575977+09:00" queuing="2016-12-20T16:27:11.3349197+09:00" start="2016-12-20T16:27:11.4159814+09:00" finish="2016-12-20T16:27:33.1052850+09:00" />
  <ResultSummary outcome="Completed">
    <Counters total="1" error="0" failed="0" timeout="0" aborted="0" inconclusive="0" passedButRunAborted="0" notRunnable="0" notExecuted="0" disconnected="0" warning="0" passed="0" completed="0" inProgress="0" pending="0" />
  </ResultSummary>
  <TestDefinitions>
    <WebTest name="WebTest1" storage="d:\src\yuta\webandloadtestproject1\webandloadtestproject1\webtest1.webtest" id="a20ed876-00c3-4cdb-8138-c57f398c88d8" persistedWebTest="77u/PD94bWwgdmVyc2lvbj0iMS4wIiBlbmNvZGluZz0iVVRGLTgiIHN0YW5kYWxvbmU9InllcyI/Pg0KPFdlYlRlc3QgTmFtZT0iV2ViVGVzdDEiIElkPSJhMjBlZDg3Ni0wMGMzLTRjZGItODEzOC1jNTdmMzk4Yzg4ZDgiIE93bmVyPSIiIFByaW9yaXR5PSIyMTQ3NDgzNjQ3IiBFbmFibGVkPSJUcnVlIiBDc3NQcm9qZWN0U3RydWN0dXJlPSIiIENzc0l0ZXJhdGlvbj0iIiBUaW1lb3V0PSIwIiBXb3JrSXRlbUlkcz0iIiB4bWxucz0iaHR0cDovL21pY3Jvc29mdC5jb20vc2NoZW1hcy9WaXN1YWxTdHVkaW8vVGVhbVRlc3QvMjAxMCIgRGVzY3JpcHRpb249IiIgQ3JlZGVudGlhbFVzZXJOYW1lPSIiIENyZWRlbnRpYWxQYXNzd29yZD0iIiBQcmVBdXRoZW50aWNhdGU9IlRydWUiIFByb3h5PSJkZWZhdWx0IiBTdG9wT25FcnJvcj0iRmFsc2UiIFJlY29yZGVkUmVzdWx0RmlsZT0iV2ViVGVzdDEuYzQzMWIyNzAtMWJlNi00OTM1LWIxYzAtNWVmYmY1NmY3ZGEzLnJlYy53ZWJ0ZXN0cmVzdWx0IiBSZXN1bHRzTG9jYWxlPSIiPg0KICA8SXRlbXM+DQogICAgPFJlcXVlc3QgTWV0aG9kPSJHRVQiIEd1aWQ9IjIyZjAyMWE3LTlhYTMtNDllOC04MDFhLTM1MDk5N2U1ZjViMiIgVmVyc2lvbj0iMS4xIiBVcmw9Imh0dHBzOi8vbXlzYXVjZWZhY3Rvcnktc3RhZ2luZy5henVyZXdlYnNpdGVzLm5ldC8iIFRoaW5rVGltZT0iMCIgVGltZW91dD0iMzAwIiBQYXJzZURlcGVuZGVudFJlcXVlc3RzPSJUcnVlIiBGb2xsb3dSZWRpcmVjdHM9IlRydWUiIFJlY29yZFJlc3VsdD0iVHJ1ZSIgQ2FjaGU9IkZhbHNlIiBSZXNwb25zZVRpbWVHb2FsPSIwIiBFbmNvZGluZz0idXRmLTgiIEV4cGVjdGVkSHR0cFN0YXR1c0NvZGU9IjAiIEV4cGVjdGVkUmVzcG9uc2VVcmw9IiIgUmVwb3J0aW5nTmFtZT0iIiBJZ25vcmVIdHRwU3RhdHVzQ29kZT0iRmFsc2UiPg0KICAgICAgPERlcGVuZGVudFJlcXVlc3RzPg0KICAgICAgICA8UmVxdWVzdCBNZXRob2Q9IkdFVCIgR3VpZD0iM2M0Mzg3YTMtOWY3Yi00YmYxLTgyMmEtNWQ2N2MxNTI0MzAyIiBWZXJzaW9uPSIxLjEiIFVybD0iaHR0cDovL215c2F1Y2VmYWN0b3J5LWRlbW8uYXp1cmV3ZWJzaXRlcy5uZXQvZm9udHMvZm9udGF3ZXNvbWUtd2ViZm9udC5lb3QiIFRoaW5rVGltZT0iMCIgVGltZW91dD0iMzAwIiBQYXJzZURlcGVuZGVudFJlcXVlc3RzPSJUcnVlIiBGb2xsb3dSZWRpcmVjdHM9IlRydWUiIFJlY29yZFJlc3VsdD0iVHJ1ZSIgQ2FjaGU9IkZhbHNlIiBSZXNwb25zZVRpbWVHb2FsPSIwIiBFbmNvZGluZz0idXRmLTgiIEV4cGVjdGVkSHR0cFN0YXR1c0NvZGU9IjAiIEV4cGVjdGVkUmVzcG9uc2VVcmw9IiIgUmVwb3J0aW5nTmFtZT0iIiBJZ25vcmVIdHRwU3RhdHVzQ29kZT0iRmFsc2UiPg0KICAgICAgICAgIDxIZWFkZXJzPg0KICAgICAgICAgICAgPEhlYWRlciBOYW1lPSJSZWZlcmVyIiBWYWx1ZT0iaHR0cDovL215c2F1Y2VmYWN0b3J5LWRlbW8uYXp1cmV3ZWJzaXRlcy5uZXQvIiAvPg0KICAgICAgICAgIDwvSGVhZGVycz4NCiAgICAgICAgICA8UXVlcnlTdHJpbmdQYXJhbWV0ZXJzPg0KICAgICAgICAgICAgPFF1ZXJ5U3RyaW5nUGFyYW1ldGVyIE5hbWU9IiIgVmFsdWU9IiIgUmVjb3JkZWRWYWx1ZT0iIiBDb3JyZWxhdGlvbkJpbmRpbmc9IiIgVXJsRW5jb2RlPSJGYWxzZSIgVXNlVG9Hcm91cFJlc3VsdHM9IkZhbHNlIiAvPg0KICAgICAgICAgIDwvUXVlcnlTdHJpbmdQYXJhbWV0ZXJzPg0KICAgICAgICA8L1JlcXVlc3Q+DQogICAgICAgIDxSZXF1ZXN0IE1ldGhvZD0iT1BUSU9OUyIgR3VpZD0iNjQ5NzBhOGQtOTI5Yi00ZWEwLWIxMzktODhkNzIwOTUyNjcyIiBWZXJzaW9uPSIxLjEiIFVybD0iaHR0cHM6Ly9ndy5teXNhdWNlZmFjdG9yeS5jb20vZGV2L215c2F1Y2UtYXBpLXByb3h5LWRldi92MS4wL2ZlYXR1cmVkcHJvZHVjdHMiIFRoaW5rVGltZT0iMCIgVGltZW91dD0iMzAwIiBQYXJzZURlcGVuZGVudFJlcXVlc3RzPSJUcnVlIiBGb2xsb3dSZWRpcmVjdHM9IlRydWUiIFJlY29yZFJlc3VsdD0iVHJ1ZSIgQ2FjaGU9IkZhbHNlIiBSZXNwb25zZVRpbWVHb2FsPSIwIiBFbmNvZGluZz0idXRmLTgiIEV4cGVjdGVkSHR0cFN0YXR1c0NvZGU9IjAiIEV4cGVjdGVkUmVzcG9uc2VVcmw9IiIgUmVwb3J0aW5nTmFtZT0iIiBJZ25vcmVIdHRwU3RhdHVzQ29kZT0iRmFsc2UiPg0KICAgICAgICAgIDxIZWFkZXJzPg0KICAgICAgICAgICAgPEhlYWRlciBOYW1lPSJBdXRob3JpemF0aW9uIiBWYWx1ZT0ieHh4IiAvPg0KICAgICAgICAgIDwvSGVhZGVycz4NCiAgICAgICAgICA8UXVlcnlTdHJpbmdQYXJhbWV0ZXJzPg0KICAgICAgICAgICAgPFF1ZXJ5U3RyaW5nUGFyYW1ldGVyIE5hbWU9ImZpZWxkcyIgVmFsdWU9ImlkJTJDcHJvZHVjdF9pZCUyQ3RpdGxlJTJDcGljdHVyZSIgUmVjb3JkZWRWYWx1ZT0iaWQlMkNwcm9kdWN0X2lkJTJDdGl0bGUlMkNwaWN0dXJlIiBDb3JyZWxhdGlvbkJpbmRpbmc9IiIgVXJsRW5jb2RlPSJGYWxzZSIgVXNlVG9Hcm91cFJlc3VsdHM9IkZhbHNlIiAvPg0KICAgICAgICAgICAgPFF1ZXJ5U3RyaW5nUGFyYW1ldGVyIE5hbWU9ImxpbWl0IiBWYWx1ZT0iNSIgUmVjb3JkZWRWYWx1ZT0iNSIgQ29ycmVsYXRpb25CaW5kaW5nPSIiIFVybEVuY29kZT0iRmFsc2UiIFVzZVRvR3JvdXBSZXN1bHRzPSJGYWxzZSIgLz4NCiAgICAgICAgICAgIDxRdWVyeVN0cmluZ1BhcmFtZXRlciBOYW1lPSJvZmZzZXQiIFZhbHVlPSIwIiBSZWNvcmRlZFZhbHVlPSIwIiBDb3JyZWxhdGlvbkJpbmRpbmc9IiIgVXJsRW5jb2RlPSJGYWxzZSIgVXNlVG9Hcm91cFJlc3VsdHM9IkZhbHNlIiAvPg0KICAgICAgICAgICAgPFF1ZXJ5U3RyaW5nUGFyYW1ldGVyIE5hbWU9InNvcnQiIFZhbHVlPSJwcm9kdWN0X2lkIiBSZWNvcmRlZFZhbHVlPSJwcm9kdWN0X2lkIiBDb3JyZWxhdGlvbkJpbmRpbmc9IiIgVXJsRW5jb2RlPSJGYWxzZSIgVXNlVG9Hcm91cFJlc3VsdHM9IkZhbHNlIiAvPg0KICAgICAgICAgICAgPFF1ZXJ5U3RyaW5nUGFyYW1ldGVyIE5hbWU9ImFzYyIgVmFsdWU9InRydWUiIFJlY29yZGVkVmFsdWU9InRydWUiIENvcnJlbGF0aW9uQmluZGluZz0iIiBVcmxFbmNvZGU9IkZhbHNlIiBVc2VUb0dyb3VwUmVzdWx0cz0iRmFsc2UiIC8+DQogICAgICAgICAgPC9RdWVyeVN0cmluZ1BhcmFtZXRlcnM+DQogICAgICAgICAgPFN0cmluZ0h0dHBCb2R5IENvbnRlbnRUeXBlPSIiIEluc2VydEJ5dGVPcmRlck1hcms9IkZhbHNlIj4NCiAgICAgICAgICA8L1N0cmluZ0h0dHBCb2R5Pg0KICAgICAgICA8L1JlcXVlc3Q+DQogICAgICAgIDxSZXF1ZXN0IE1ldGhvZD0iR0VUIiBHdWlkPSIzNzllODg5Yy00MDIyLTRmMWYtOTdiZS0zNzMwNTUzN2Y1ZDYiIFZlcnNpb249IjEuMSIgVXJsPSJodHRwczovL2d3Lm15c2F1Y2VmYWN0b3J5LmNvbS9kZXYvbXlzYXVjZS1hcGktcHJveHktZGV2L3YxLjAvZmVhdHVyZWRwcm9kdWN0cyIgVGhpbmtUaW1lPSIwIiBUaW1lb3V0PSIzMDAiIFBhcnNlRGVwZW5kZW50UmVxdWVzdHM9IlRydWUiIEZvbGxvd1JlZGlyZWN0cz0iVHJ1ZSIgUmVjb3JkUmVzdWx0PSJUcnVlIiBDYWNoZT0iRmFsc2UiIFJlc3BvbnNlVGltZUdvYWw9IjAiIEVuY29kaW5nPSJ1dGYtOCIgRXhwZWN0ZWRIdHRwU3RhdHVzQ29kZT0iMCIgRXhwZWN0ZWRSZXNwb25zZVVybD0iIiBSZXBvcnRpbmdOYW1lPSIiIElnbm9yZUh0dHBTdGF0dXNDb2RlPSJGYWxzZSI+DQogICAgICAgICAgPEhlYWRlcnM+DQogICAgICAgICAgICA8SGVhZGVyIE5hbWU9IkFjY2VwdCIgVmFsdWU9IiovKiIgLz4NCiAgICAgICAgICAgIDxIZWFkZXIgTmFtZT0iUmVmZXJlciIgVmFsdWU9Imh0dHA6Ly9teXNhdWNlZmFjdG9yeS1kZW1vLmF6dXJld2Vic2l0ZXMubmV0LyIgLz4NCiAgICAgICAgICAgIDxIZWFkZXIgTmFtZT0iQXV0aG9yaXphdGlvbiIgVmFsdWU9Inh4eCIgLz4NCiAgICAgICAgICA8L0hlYWRlcnM+DQogICAgICAgICAgPFF1ZXJ5U3RyaW5nUGFyYW1ldGVycz4NCiAgICAgICAgICAgIDxRdWVyeVN0cmluZ1BhcmFtZXRlciBOYW1lPSJmaWVsZHMiIFZhbHVlPSJpZCUyQ3Byb2R1Y3RfaWQlMkN0aXRsZSUyQ3BpY3R1cmUiIFJlY29yZGVkVmFsdWU9ImlkJTJDcHJvZHVjdF9pZCUyQ3RpdGxlJTJDcGljdHVyZSIgQ29ycmVsYXRpb25CaW5kaW5nPSIiIFVybEVuY29kZT0iRmFsc2UiIFVzZVRvR3JvdXBSZXN1bHRzPSJGYWxzZSIgLz4NCiAgICAgICAgICAgIDxRdWVyeVN0cmluZ1BhcmFtZXRlciBOYW1lPSJsaW1pdCIgVmFsdWU9IjUiIFJlY29yZGVkVmFsdWU9IjUiIENvcnJlbGF0aW9uQmluZGluZz0iIiBVcmxFbmNvZGU9IkZhbHNlIiBVc2VUb0dyb3VwUmVzdWx0cz0iRmFsc2UiIC8+DQogICAgICAgICAgICA8UXVlcnlTdHJpbmdQYXJhbWV0ZXIgTmFtZT0ib2Zmc2V0IiBWYWx1ZT0iMCIgUmVjb3JkZWRWYWx1ZT0iMCIgQ29ycmVsYXRpb25CaW5kaW5nPSIiIFVybEVuY29kZT0iRmFsc2UiIFVzZVRvR3JvdXBSZXN1bHRzPSJGYWxzZSIgLz4NCiAgICAgICAgICAgIDxRdWVyeVN0cmluZ1BhcmFtZXRlciBOYW1lPSJzb3J0IiBWYWx1ZT0icHJvZHVjdF9pZCIgUmVjb3JkZWRWYWx1ZT0icHJvZHVjdF9pZCIgQ29ycmVsYXRpb25CaW5kaW5nPSIiIFVybEVuY29kZT0iRmFsc2UiIFVzZVRvR3JvdXBSZXN1bHRzPSJGYWxzZSIgLz4NCiAgICAgICAgICAgIDxRdWVyeVN0cmluZ1BhcmFtZXRlciBOYW1lPSJhc2MiIFZhbHVlPSJ0cnVlIiBSZWNvcmRlZFZhbHVlPSJ0cnVlIiBDb3JyZWxhdGlvbkJpbmRpbmc9IiIgVXJsRW5jb2RlPSJGYWxzZSIgVXNlVG9Hcm91cFJlc3VsdHM9IkZhbHNlIiAvPg0KICAgICAgICAgIDwvUXVlcnlTdHJpbmdQYXJhbWV0ZXJzPg0KICAgICAgICA8L1JlcXVlc3Q+DQogICAgICAgIDxSZXF1ZXN0IE1ldGhvZD0iT1BUSU9OUyIgR3VpZD0iMTg3OGVhMmUtNDYxNy00NjJmLWI2MTktNzc1ZGFjMzJkNTI5IiBWZXJzaW9uPSIxLjEiIFVybD0iaHR0cHM6Ly9ndy5teXNhdWNlZmFjdG9yeS5jb20vZGV2L215c2F1Y2UtYXBpLXByb3h5LWRldi92MS4wL3Byb2R1Y3RzLzVjYjg0ZjQ3LWM5MTMtNDA2NS03NTRjLTA4ZDQxNDBiZmIzOCIgVGhpbmtUaW1lPSIwIiBUaW1lb3V0PSIzMDAiIFBhcnNlRGVwZW5kZW50UmVxdWVzdHM9IlRydWUiIEZvbGxvd1JlZGlyZWN0cz0iVHJ1ZSIgUmVjb3JkUmVzdWx0PSJUcnVlIiBDYWNoZT0iRmFsc2UiIFJlc3BvbnNlVGltZUdvYWw9IjAiIEVuY29kaW5nPSJ1dGYtOCIgRXhwZWN0ZWRIdHRwU3RhdHVzQ29kZT0iMCIgRXhwZWN0ZWRSZXNwb25zZVVybD0iIiBSZXBvcnRpbmdOYW1lPSIiIElnbm9yZUh0dHBTdGF0dXNDb2RlPSJGYWxzZSI+DQogICAgICAgICAgPEhlYWRlcnM+DQogICAgICAgICAgICA8SGVhZGVyIE5hbWU9IkF1dGhvcml6YXRpb24iIFZhbHVlPSJ4eHgiIC8+DQogICAgICAgICAgPC9IZWFkZXJzPg0KICAgICAgICAgIDxRdWVyeVN0cmluZ1BhcmFtZXRlcnM+DQogICAgICAgICAgICA8UXVlcnlTdHJpbmdQYXJhbWV0ZXIgTmFtZT0iZmllbGRzIiBWYWx1ZT0ibmFtZSIgUmVjb3JkZWRWYWx1ZT0ibmFtZSIgQ29ycmVsYXRpb25CaW5kaW5nPSIiIFVybEVuY29kZT0iRmFsc2UiIFVzZVRvR3JvdXBSZXN1bHRzPSJGYWxzZSIgLz4NCiAgICAgICAgICA8L1F1ZXJ5U3RyaW5nUGFyYW1ldGVycz4NCiAgICAgICAgICA8U3RyaW5nSHR0cEJvZHkgQ29udGVudFR5cGU9IiIgSW5zZXJ0Qnl0ZU9yZGVyTWFyaz0iRmFsc2UiPg0KICAgICAgICAgIDwvU3RyaW5nSHR0cEJvZHk+DQogICAgICAgIDwvUmVxdWVzdD4NCiAgICAgICAgPFJlcXVlc3QgTWV0aG9kPSJHRVQiIEd1aWQ9IjRmNTg2ZTBiLWNiYmEtNDU5OC1iN2NkLTE2NmViZmUyZTNkZiIgVmVyc2lvbj0iMS4xIiBVcmw9Imh0dHBzOi8vZ3cubXlzYXVjZWZhY3RvcnkuY29tL2Rldi9teXNhdWNlLWFwaS1wcm94eS1kZXYvdjEuMC9wcm9kdWN0cy81Y2I4NGY0Ny1jOTEzLTQwNjUtNzU0Yy0wOGQ0MTQwYmZiMzgiIFRoaW5rVGltZT0iMCIgVGltZW91dD0iMzAwIiBQYXJzZURlcGVuZGVudFJlcXVlc3RzPSJUcnVlIiBGb2xsb3dSZWRpcmVjdHM9IlRydWUiIFJlY29yZFJlc3VsdD0iVHJ1ZSIgQ2FjaGU9IkZhbHNlIiBSZXNwb25zZVRpbWVHb2FsPSIwIiBFbmNvZGluZz0idXRmLTgiIEV4cGVjdGVkSHR0cFN0YXR1c0NvZGU9IjAiIEV4cGVjdGVkUmVzcG9uc2VVcmw9IiIgUmVwb3J0aW5nTmFtZT0iIiBJZ25vcmVIdHRwU3RhdHVzQ29kZT0iRmFsc2UiPg0KICAgICAgICAgIDxIZWFkZXJzPg0KICAgICAgICAgICAgPEhlYWRlciBOYW1lPSJBY2NlcHQiIFZhbHVlPSIqLyoiIC8+DQogICAgICAgICAgICA8SGVhZGVyIE5hbWU9IlJlZmVyZXIiIFZhbHVlPSJodHRwOi8vbXlzYXVjZWZhY3RvcnktZGVtby5henVyZXdlYnNpdGVzLm5ldC8iIC8+DQogICAgICAgICAgICA8SGVhZGVyIE5hbWU9IkF1dGhvcml6YXRpb24iIFZhbHVlPSJ4eHgiIC8+DQogICAgICAgICAgPC9IZWFkZXJzPg0KICAgICAgICAgIDxRdWVyeVN0cmluZ1BhcmFtZXRlcnM+DQogICAgICAgICAgICA8UXVlcnlTdHJpbmdQYXJhbWV0ZXIgTmFtZT0iZmllbGRzIiBWYWx1ZT0ibmFtZSIgUmVjb3JkZWRWYWx1ZT0ibmFtZSIgQ29ycmVsYXRpb25CaW5kaW5nPSIiIFVybEVuY29kZT0iRmFsc2UiIFVzZVRvR3JvdXBSZXN1bHRzPSJGYWxzZSIgLz4NCiAgICAgICAgICA8L1F1ZXJ5U3RyaW5nUGFyYW1ldGVycz4NCiAgICAgICAgPC9SZXF1ZXN0Pg0KICAgICAgICA8UmVxdWVzdCBNZXRob2Q9Ik9QVElPTlMiIEd1aWQ9IjAyYWNiODNlLTEyYTYtNDIyNC05YjY2LWQzODhlZjY0OWQ0NSIgVmVyc2lvbj0iMS4xIiBVcmw9Imh0dHBzOi8vZ3cubXlzYXVjZWZhY3RvcnkuY29tL2Rldi9teXNhdWNlLWFwaS1wcm94eS1kZXYvdjEuMC9wcm9kdWN0cy9jNDhmNWJmNS1kZjI4LTQzMDktNzU0ZS0wOGQ0MTQwYmZiMzgiIFRoaW5rVGltZT0iMCIgVGltZW91dD0iMzAwIiBQYXJzZURlcGVuZGVudFJlcXVlc3RzPSJUcnVlIiBGb2xsb3dSZWRpcmVjdHM9IlRydWUiIFJlY29yZFJlc3VsdD0iVHJ1ZSIgQ2FjaGU9IkZhbHNlIiBSZXNwb25zZVRpbWVHb2FsPSIwIiBFbmNvZGluZz0idXRmLTgiIEV4cGVjdGVkSHR0cFN0YXR1c0NvZGU9IjAiIEV4cGVjdGVkUmVzcG9uc2VVcmw9IiIgUmVwb3J0aW5nTmFtZT0iIiBJZ25vcmVIdHRwU3RhdHVzQ29kZT0iRmFsc2UiPg0KICAgICAgICAgIDxIZWFkZXJzPg0KICAgICAgICAgICAgPEhlYWRlciBOYW1lPSJBdXRob3JpemF0aW9uIiBWYWx1ZT0ieHh4IiAvPg0KICAgICAgICAgIDwvSGVhZGVycz4NCiAgICAgICAgICA8UXVlcnlTdHJpbmdQYXJhbWV0ZXJzPg0KICAgICAgICAgICAgPFF1ZXJ5U3RyaW5nUGFyYW1ldGVyIE5hbWU9ImZpZWxkcyIgVmFsdWU9Im5hbWUiIFJlY29yZGVkVmFsdWU9Im5hbWUiIENvcnJlbGF0aW9uQmluZGluZz0iIiBVcmxFbmNvZGU9IkZhbHNlIiBVc2VUb0dyb3VwUmVzdWx0cz0iRmFsc2UiIC8+DQogICAgICAgICAgPC9RdWVyeVN0cmluZ1BhcmFtZXRlcnM+DQogICAgICAgICAgPFN0cmluZ0h0dHBCb2R5IENvbnRlbnRUeXBlPSIiIEluc2VydEJ5dGVPcmRlck1hcms9IkZhbHNlIj4NCiAgICAgICAgICA8L1N0cmluZ0h0dHBCb2R5Pg0KICAgICAgICA8L1JlcXVlc3Q+DQogICAgICAgIDxSZXF1ZXN0IE1ldGhvZD0iR0VUIiBHdWlkPSI5MTQ1Zjk3NS00MmU1LTRjOGMtYjg2MS01M2FlZDE2MjgzOTEiIFZlcnNpb249IjEuMSIgVXJsPSJodHRwczovL2d3Lm15c2F1Y2VmYWN0b3J5LmNvbS9kZXYvbXlzYXVjZS1hcGktcHJveHktZGV2L3YxLjAvcHJvZHVjdHMvYzQ4ZjViZjUtZGYyOC00MzA5LTc1NGUtMDhkNDE0MGJmYjM4IiBUaGlua1RpbWU9IjAiIFRpbWVvdXQ9IjMwMCIgUGFyc2VEZXBlbmRlbnRSZXF1ZXN0cz0iVHJ1ZSIgRm9sbG93UmVkaXJlY3RzPSJUcnVlIiBSZWNvcmRSZXN1bHQ9IlRydWUiIENhY2hlPSJGYWxzZSIgUmVzcG9uc2VUaW1lR29hbD0iMCIgRW5jb2Rpbmc9InV0Zi04IiBFeHBlY3RlZEh0dHBTdGF0dXNDb2RlPSIwIiBFeHBlY3RlZFJlc3BvbnNlVXJsPSIiIFJlcG9ydGluZ05hbWU9IiIgSWdub3JlSHR0cFN0YXR1c0NvZGU9IkZhbHNlIj4NCiAgICAgICAgICA8SGVhZGVycz4NCiAgICAgICAgICAgIDxIZWFkZXIgTmFtZT0iQWNjZXB0IiBWYWx1ZT0iKi8qIiAvPg0KICAgICAgICAgICAgPEhlYWRlciBOYW1lPSJSZWZlcmVyIiBWYWx1ZT0iaHR0cDovL215c2F1Y2VmYWN0b3J5LWRlbW8uYXp1cmV3ZWJzaXRlcy5uZXQvIiAvPg0KICAgICAgICAgICAgPEhlYWRlciBOYW1lPSJBdXRob3JpemF0aW9uIiBWYWx1ZT0ieHh4IiAvPg0KICAgICAgICAgIDwvSGVhZGVycz4NCiAgICAgICAgICA8UXVlcnlTdHJpbmdQYXJhbWV0ZXJzPg0KICAgICAgICAgICAgPFF1ZXJ5U3RyaW5nUGFyYW1ldGVyIE5hbWU9ImZpZWxkcyIgVmFsdWU9Im5hbWUiIFJlY29yZGVkVmFsdWU9Im5hbWUiIENvcnJlbGF0aW9uQmluZGluZz0iIiBVcmxFbmNvZGU9IkZhbHNlIiBVc2VUb0dyb3VwUmVzdWx0cz0iRmFsc2UiIC8+DQogICAgICAgICAgPC9RdWVyeVN0cmluZ1BhcmFtZXRlcnM+DQogICAgICAgIDwvUmVxdWVzdD4NCiAgICAgICAgPFJlcXVlc3QgTWV0aG9kPSJPUFRJT05TIiBHdWlkPSI0NmMwYjVkZC0wMWE0LTRiMDctYTRjYy0yYjNkMTJkMDE2NTciIFZlcnNpb249IjEuMSIgVXJsPSJodHRwczovL2d3Lm15c2F1Y2VmYWN0b3J5LmNvbS9kZXYvbXlzYXVjZS1hcGktcHJveHktZGV2L3YxLjAvcHJvZHVjdHMvYTBhYTQ5YjktOWI5ZC00YTVlLTc1NTAtMDhkNDE0MGJmYjM4IiBUaGlua1RpbWU9IjAiIFRpbWVvdXQ9IjMwMCIgUGFyc2VEZXBlbmRlbnRSZXF1ZXN0cz0iVHJ1ZSIgRm9sbG93UmVkaXJlY3RzPSJUcnVlIiBSZWNvcmRSZXN1bHQ9IlRydWUiIENhY2hlPSJGYWxzZSIgUmVzcG9uc2VUaW1lR29hbD0iMCIgRW5jb2Rpbmc9InV0Zi04IiBFeHBlY3RlZEh0dHBTdGF0dXNDb2RlPSIwIiBFeHBlY3RlZFJlc3BvbnNlVXJsPSIiIFJlcG9ydGluZ05hbWU9IiIgSWdub3JlSHR0cFN0YXR1c0NvZGU9IkZhbHNlIj4NCiAgICAgICAgICA8SGVhZGVycz4NCiAgICAgICAgICAgIDxIZWFkZXIgTmFtZT0iQXV0aG9yaXphdGlvbiIgVmFsdWU9Inh4eCIgLz4NCiAgICAgICAgICA8L0hlYWRlcnM+DQogICAgICAgICAgPFF1ZXJ5U3RyaW5nUGFyYW1ldGVycz4NCiAgICAgICAgICAgIDxRdWVyeVN0cmluZ1BhcmFtZXRlciBOYW1lPSJmaWVsZHMiIFZhbHVlPSJuYW1lIiBSZWNvcmRlZFZhbHVlPSJuYW1lIiBDb3JyZWxhdGlvbkJpbmRpbmc9IiIgVXJsRW5jb2RlPSJGYWxzZSIgVXNlVG9Hcm91cFJlc3VsdHM9IkZhbHNlIiAvPg0KICAgICAgICAgIDwvUXVlcnlTdHJpbmdQYXJhbWV0ZXJzPg0KICAgICAgICAgIDxTdHJpbmdIdHRwQm9keSBDb250ZW50VHlwZT0iIiBJbnNlcnRCeXRlT3JkZXJNYXJrPSJGYWxzZSI+DQogICAgICAgICAgPC9TdHJpbmdIdHRwQm9keT4NCiAgICAgICAgPC9SZXF1ZXN0Pg0KICAgICAgICA8UmVxdWVzdCBNZXRob2Q9IkdFVCIgR3VpZD0iZWEyZDRjYzEtZWEwYi00NmI1LWE2ODMtYWQxMTEyYjg2MThhIiBWZXJzaW9uPSIxLjEiIFVybD0iaHR0cHM6Ly9ndy5teXNhdWNlZmFjdG9yeS5jb20vZGV2L215c2F1Y2UtYXBpLXByb3h5LWRldi92MS4wL3Byb2R1Y3RzL2EwYWE0OWI5LTliOWQtNGE1ZS03NTUwLTA4ZDQxNDBiZmIzOCIgVGhpbmtUaW1lPSIwIiBUaW1lb3V0PSIzMDAiIFBhcnNlRGVwZW5kZW50UmVxdWVzdHM9IlRydWUiIEZvbGxvd1JlZGlyZWN0cz0iVHJ1ZSIgUmVjb3JkUmVzdWx0PSJUcnVlIiBDYWNoZT0iRmFsc2UiIFJlc3BvbnNlVGltZUdvYWw9IjAiIEVuY29kaW5nPSJ1dGYtOCIgRXhwZWN0ZWRIdHRwU3RhdHVzQ29kZT0iMCIgRXhwZWN0ZWRSZXNwb25zZVVybD0iIiBSZXBvcnRpbmdOYW1lPSIiIElnbm9yZUh0dHBTdGF0dXNDb2RlPSJGYWxzZSI+DQogICAgICAgICAgPEhlYWRlcnM+DQogICAgICAgICAgICA8SGVhZGVyIE5hbWU9IkFjY2VwdCIgVmFsdWU9IiovKiIgLz4NCiAgICAgICAgICAgIDxIZWFkZXIgTmFtZT0iUmVmZXJlciIgVmFsdWU9Imh0dHA6Ly9teXNhdWNlZmFjdG9yeS1kZW1vLmF6dXJld2Vic2l0ZXMubmV0LyIgLz4NCiAgICAgICAgICAgIDxIZWFkZXIgTmFtZT0iQXV0aG9yaXphdGlvbiIgVmFsdWU9Inh4eCIgLz4NCiAgICAgICAgICA8L0hlYWRlcnM+DQogICAgICAgICAgPFF1ZXJ5U3RyaW5nUGFyYW1ldGVycz4NCiAgICAgICAgICAgIDxRdWVyeVN0cmluZ1BhcmFtZXRlciBOYW1lPSJmaWVsZHMiIFZhbHVlPSJuYW1lIiBSZWNvcmRlZFZhbHVlPSJuYW1lIiBDb3JyZWxhdGlvbkJpbmRpbmc9IiIgVXJsRW5jb2RlPSJGYWxzZSIgVXNlVG9Hcm91cFJlc3VsdHM9IkZhbHNlIiAvPg0KICAgICAgICAgIDwvUXVlcnlTdHJpbmdQYXJhbWV0ZXJzPg0KICAgICAgICA8L1JlcXVlc3Q+DQogICAgICAgIDxSZXF1ZXN0IE1ldGhvZD0iT1BUSU9OUyIgR3VpZD0iYTBiOWFiZDYtMjEzZC00Y2U1LWFjYjUtNjRiNGI4M2JhOTg1IiBWZXJzaW9uPSIxLjEiIFVybD0iaHR0cHM6Ly9ndy5teXNhdWNlZmFjdG9yeS5jb20vZGV2L215c2F1Y2UtYXBpLXByb3h5LWRldi92MS4wL3Byb2R1Y3RzLzY1OWJlMjQ0LTVmNGItNDQ1ZS03NTUyLTA4ZDQxNDBiZmIzOCIgVGhpbmtUaW1lPSIwIiBUaW1lb3V0PSIzMDAiIFBhcnNlRGVwZW5kZW50UmVxdWVzdHM9IlRydWUiIEZvbGxvd1JlZGlyZWN0cz0iVHJ1ZSIgUmVjb3JkUmVzdWx0PSJUcnVlIiBDYWNoZT0iRmFsc2UiIFJlc3BvbnNlVGltZUdvYWw9IjAiIEVuY29kaW5nPSJ1dGYtOCIgRXhwZWN0ZWRIdHRwU3RhdHVzQ29kZT0iMCIgRXhwZWN0ZWRSZXNwb25zZVVybD0iIiBSZXBvcnRpbmdOYW1lPSIiIElnbm9yZUh0dHBTdGF0dXNDb2RlPSJGYWxzZSI+DQogICAgICAgICAgPEhlYWRlcnM+DQogICAgICAgICAgICA8SGVhZGVyIE5hbWU9IkF1dGhvcml6YXRpb24iIFZhbHVlPSJ4eHgiIC8+DQogICAgICAgICAgPC9IZWFkZXJzPg0KICAgICAgICAgIDxRdWVyeVN0cmluZ1BhcmFtZXRlcnM+DQogICAgICAgICAgICA8UXVlcnlTdHJpbmdQYXJhbWV0ZXIgTmFtZT0iZmllbGRzIiBWYWx1ZT0ibmFtZSIgUmVjb3JkZWRWYWx1ZT0ibmFtZSIgQ29ycmVsYXRpb25CaW5kaW5nPSIiIFVybEVuY29kZT0iRmFsc2UiIFVzZVRvR3JvdXBSZXN1bHRzPSJGYWxzZSIgLz4NCiAgICAgICAgICA8L1F1ZXJ5U3RyaW5nUGFyYW1ldGVycz4NCiAgICAgICAgICA8U3RyaW5nSHR0cEJvZHkgQ29udGVudFR5cGU9IiIgSW5zZXJ0Qnl0ZU9yZGVyTWFyaz0iRmFsc2UiPg0KICAgICAgICAgIDwvU3RyaW5nSHR0cEJvZHk+DQogICAgICAgIDwvUmVxdWVzdD4NCiAgICAgICAgPFJlcXVlc3QgTWV0aG9kPSJHRVQiIEd1aWQ9IjljMTQ5Y2JjLWMzZTMtNDIyNS1hNmQ1LTdlYWM0MGZjYTVkZiIgVmVyc2lvbj0iMS4xIiBVcmw9Imh0dHBzOi8vZ3cubXlzYXVjZWZhY3RvcnkuY29tL2Rldi9teXNhdWNlLWFwaS1wcm94eS1kZXYvdjEuMC9wcm9kdWN0cy82NTliZTI0NC01ZjRiLTQ0NWUtNzU1Mi0wOGQ0MTQwYmZiMzgiIFRoaW5rVGltZT0iMCIgVGltZW91dD0iMzAwIiBQYXJzZURlcGVuZGVudFJlcXVlc3RzPSJUcnVlIiBGb2xsb3dSZWRpcmVjdHM9IlRydWUiIFJlY29yZFJlc3VsdD0iVHJ1ZSIgQ2FjaGU9IkZhbHNlIiBSZXNwb25zZVRpbWVHb2FsPSIwIiBFbmNvZGluZz0idXRmLTgiIEV4cGVjdGVkSHR0cFN0YXR1c0NvZGU9IjAiIEV4cGVjdGVkUmVzcG9uc2VVcmw9IiIgUmVwb3J0aW5nTmFtZT0iIiBJZ25vcmVIdHRwU3RhdHVzQ29kZT0iRmFsc2UiPg0KICAgICAgICAgIDxIZWFkZXJzPg0KICAgICAgICAgICAgPEhlYWRlciBOYW1lPSJBY2NlcHQiIFZhbHVlPSIqLyoiIC8+DQogICAgICAgICAgICA8SGVhZGVyIE5hbWU9IlJlZmVyZXIiIFZhbHVlPSJodHRwOi8vbXlzYXVjZWZhY3RvcnktZGVtby5henVyZXdlYnNpdGVzLm5ldC8iIC8+DQogICAgICAgICAgICA8SGVhZGVyIE5hbWU9IkF1dGhvcml6YXRpb24iIFZhbHVlPSJ4eHgiIC8+DQogICAgICAgICAgPC9IZWFkZXJzPg0KICAgICAgICAgIDxRdWVyeVN0cmluZ1BhcmFtZXRlcnM+DQogICAgICAgICAgICA8UXVlcnlTdHJpbmdQYXJhbWV0ZXIgTmFtZT0iZmllbGRzIiBWYWx1ZT0ibmFtZSIgUmVjb3JkZWRWYWx1ZT0ibmFtZSIgQ29ycmVsYXRpb25CaW5kaW5nPSIiIFVybEVuY29kZT0iRmFsc2UiIFVzZVRvR3JvdXBSZXN1bHRzPSJGYWxzZSIgLz4NCiAgICAgICAgICA8L1F1ZXJ5U3RyaW5nUGFyYW1ldGVycz4NCiAgICAgICAgPC9SZXF1ZXN0Pg0KICAgICAgICA8UmVxdWVzdCBNZXRob2Q9Ik9QVElPTlMiIEd1aWQ9IjM2NzZjOGM3LTJkN2YtNDlkMC04NmU2LWZhNmQ4ZWI5NmM1NyIgVmVyc2lvbj0iMS4xIiBVcmw9Imh0dHBzOi8vZ3cubXlzYXVjZWZhY3RvcnkuY29tL2Rldi9teXNhdWNlLWFwaS1wcm94eS1kZXYvdjEuMC9wcm9kdWN0cy9lMWNlMTBmNi0xZWEyLTRmNGQtNzU1Ni0wOGQ0MTQwYmZiMzgiIFRoaW5rVGltZT0iMCIgVGltZW91dD0iMzAwIiBQYXJzZURlcGVuZGVudFJlcXVlc3RzPSJUcnVlIiBGb2xsb3dSZWRpcmVjdHM9IlRydWUiIFJlY29yZFJlc3VsdD0iVHJ1ZSIgQ2FjaGU9IkZhbHNlIiBSZXNwb25zZVRpbWVHb2FsPSIwIiBFbmNvZGluZz0idXRmLTgiIEV4cGVjdGVkSHR0cFN0YXR1c0NvZGU9IjAiIEV4cGVjdGVkUmVzcG9uc2VVcmw9IiIgUmVwb3J0aW5nTmFtZT0iIiBJZ25vcmVIdHRwU3RhdHVzQ29kZT0iRmFsc2UiPg0KICAgICAgICAgIDxIZWFkZXJzPg0KICAgICAgICAgICAgPEhlYWRlciBOYW1lPSJBdXRob3JpemF0aW9uIiBWYWx1ZT0ieHh4IiAvPg0KICAgICAgICAgIDwvSGVhZGVycz4NCiAgICAgICAgICA8UXVlcnlTdHJpbmdQYXJhbWV0ZXJzPg0KICAgICAgICAgICAgPFF1ZXJ5U3RyaW5nUGFyYW1ldGVyIE5hbWU9ImZpZWxkcyIgVmFsdWU9Im5hbWUiIFJlY29yZGVkVmFsdWU9Im5hbWUiIENvcnJlbGF0aW9uQmluZGluZz0iIiBVcmxFbmNvZGU9IkZhbHNlIiBVc2VUb0dyb3VwUmVzdWx0cz0iRmFsc2UiIC8+DQogICAgICAgICAgPC9RdWVyeVN0cmluZ1BhcmFtZXRlcnM+DQogICAgICAgICAgPFN0cmluZ0h0dHBCb2R5IENvbnRlbnRUeXBlPSIiIEluc2VydEJ5dGVPcmRlck1hcms9IkZhbHNlIj4NCiAgICAgICAgICA8L1N0cmluZ0h0dHBCb2R5Pg0KICAgICAgICA8L1JlcXVlc3Q+DQogICAgICAgIDxSZXF1ZXN0IE1ldGhvZD0iR0VUIiBHdWlkPSIxNGI2Y2I5OC00YzMzLTQ4MGEtYTU4Yi1iZmM2MTQzY2FiZWYiIFZlcnNpb249IjEuMSIgVXJsPSJodHRwczovL2d3Lm15c2F1Y2VmYWN0b3J5LmNvbS9kZXYvbXlzYXVjZS1hcGktcHJveHktZGV2L3YxLjAvcHJvZHVjdHMvZTFjZTEwZjYtMWVhMi00ZjRkLTc1NTYtMDhkNDE0MGJmYjM4IiBUaGlua1RpbWU9IjEiIFRpbWVvdXQ9IjMwMCIgUGFyc2VEZXBlbmRlbnRSZXF1ZXN0cz0iVHJ1ZSIgRm9sbG93UmVkaXJlY3RzPSJUcnVlIiBSZWNvcmRSZXN1bHQ9IlRydWUiIENhY2hlPSJGYWxzZSIgUmVzcG9uc2VUaW1lR29hbD0iMCIgRW5jb2Rpbmc9InV0Zi04IiBFeHBlY3RlZEh0dHBTdGF0dXNDb2RlPSIwIiBFeHBlY3RlZFJlc3BvbnNlVXJsPSIiIFJlcG9ydGluZ05hbWU9IiIgSWdub3JlSHR0cFN0YXR1c0NvZGU9IkZhbHNlIj4NCiAgICAgICAgICA8SGVhZGVycz4NCiAgICAgICAgICAgIDxIZWFkZXIgTmFtZT0iQWNjZXB0IiBWYWx1ZT0iKi8qIiAvPg0KICAgICAgICAgICAgPEhlYWRlciBOYW1lPSJSZWZlcmVyIiBWYWx1ZT0iaHR0cDovL215c2F1Y2VmYWN0b3J5LWRlbW8uYXp1cmV3ZWJzaXRlcy5uZXQvIiAvPg0KICAgICAgICAgICAgPEhlYWRlciBOYW1lPSJBdXRob3JpemF0aW9uIiBWYWx1ZT0ieHh4IiAvPg0KICAgICAgICAgIDwvSGVhZGVycz4NCiAgICAgICAgICA8UXVlcnlTdHJpbmdQYXJhbWV0ZXJzPg0KICAgICAgICAgICAgPFF1ZXJ5U3RyaW5nUGFyYW1ldGVyIE5hbWU9ImZpZWxkcyIgVmFsdWU9Im5hbWUiIFJlY29yZGVkVmFsdWU9Im5hbWUiIENvcnJlbGF0aW9uQmluZGluZz0iIiBVcmxFbmNvZGU9IkZhbHNlIiBVc2VUb0dyb3VwUmVzdWx0cz0iRmFsc2UiIC8+DQogICAgICAgICAgPC9RdWVyeVN0cmluZ1BhcmFtZXRlcnM+DQogICAgICAgIDwvUmVxdWVzdD4NCiAgICAgIDwvRGVwZW5kZW50UmVxdWVzdHM+DQogICAgPC9SZXF1ZXN0Pg0KICAgIDxSZXF1ZXN0IE1ldGhvZD0iR0VUIiBHdWlkPSJlYWVjMGU2NS1lZDI5LTRiNDktYjhlYi1lNDdiY2ZmMTk1OTEiIFZlcnNpb249IjEuMSIgVXJsPSJodHRwczovL215c2F1Y2VmYWN0b3J5LXN0YWdpbmcuYXp1cmV3ZWJzaXRlcy5uZXQvcHJvZHVjdHMvbGlzdC5odG1sIiBUaGlua1RpbWU9IjAiIFRpbWVvdXQ9IjMwMCIgUGFyc2VEZXBlbmRlbnRSZXF1ZXN0cz0iVHJ1ZSIgRm9sbG93UmVkaXJlY3RzPSJUcnVlIiBSZWNvcmRSZXN1bHQ9IlRydWUiIENhY2hlPSJGYWxzZSIgUmVzcG9uc2VUaW1lR29hbD0iMCIgRW5jb2Rpbmc9InV0Zi04IiBFeHBlY3RlZEh0dHBTdGF0dXNDb2RlPSIwIiBFeHBlY3RlZFJlc3BvbnNlVXJsPSIiIFJlcG9ydGluZ05hbWU9IiIgSWdub3JlSHR0cFN0YXR1c0NvZGU9IkZhbHNlIj4NCiAgICAgIDxEZXBlbmRlbnRSZXF1ZXN0cz4NCiAgICAgICAgPFJlcXVlc3QgTWV0aG9kPSJPUFRJT05TIiBHdWlkPSI3ODAwNDQ2MS02MjQ5LTRlOGMtOGFiYS0wMzM2ZmE0N2ViOTIiIFZlcnNpb249IjEuMSIgVXJsPSJodHRwczovL2d3Lm15c2F1Y2VmYWN0b3J5LmNvbS9kZXYvbXlzYXVjZS1hcGktcHJveHktZGV2L3YxLjAvcHJvZHVjdHMiIFRoaW5rVGltZT0iMCIgVGltZW91dD0iMzAwIiBQYXJzZURlcGVuZGVudFJlcXVlc3RzPSJUcnVlIiBGb2xsb3dSZWRpcmVjdHM9IlRydWUiIFJlY29yZFJlc3VsdD0iVHJ1ZSIgQ2FjaGU9IkZhbHNlIiBSZXNwb25zZVRpbWVHb2FsPSIwIiBFbmNvZGluZz0idXRmLTgiIEV4cGVjdGVkSHR0cFN0YXR1c0NvZGU9IjAiIEV4cGVjdGVkUmVzcG9uc2VVcmw9IiIgUmVwb3J0aW5nTmFtZT0iIiBJZ25vcmVIdHRwU3RhdHVzQ29kZT0iRmFsc2UiPg0KICAgICAgICAgIDxRdWVyeVN0cmluZ1BhcmFtZXRlcnM+DQogICAgICAgICAgICA8UXVlcnlTdHJpbmdQYXJhbWV0ZXIgTmFtZT0ibmFtZSIgVmFsdWU9IiIgUmVjb3JkZWRWYWx1ZT0iIiBDb3JyZWxhdGlvbkJpbmRpbmc9IiIgVXJsRW5jb2RlPSJGYWxzZSIgVXNlVG9Hcm91cFJlc3VsdHM9IkZhbHNlIiAvPg0KICAgICAgICAgICAgPFF1ZXJ5U3RyaW5nUGFyYW1ldGVyIE5hbWU9ImZpZWxkcyIgVmFsdWU9ImlkJTJDbmFtZSUyQ292ZXJ2aWV3JTJDcGljdHVyZSIgUmVjb3JkZWRWYWx1ZT0iaWQlMkNuYW1lJTJDb3ZlcnZpZXclMkNwaWN0dXJlIiBDb3JyZWxhdGlvbkJpbmRpbmc9IiIgVXJsRW5jb2RlPSJGYWxzZSIgVXNlVG9Hcm91cFJlc3VsdHM9IkZhbHNlIiAvPg0KICAgICAgICAgICAgPFF1ZXJ5U3RyaW5nUGFyYW1ldGVyIE5hbWU9InN0YXR1cyIgVmFsdWU9InRydWUiIFJlY29yZGVkVmFsdWU9InRydWUiIENvcnJlbGF0aW9uQmluZGluZz0iIiBVcmxFbmNvZGU9IkZhbHNlIiBVc2VUb0dyb3VwUmVzdWx0cz0iRmFsc2UiIC8+DQogICAgICAgICAgICA8UXVlcnlTdHJpbmdQYXJhbWV0ZXIgTmFtZT0ibGltaXQiIFZhbHVlPSIyMCIgUmVjb3JkZWRWYWx1ZT0iMjAiIENvcnJlbGF0aW9uQmluZGluZz0iIiBVcmxFbmNvZGU9IkZhbHNlIiBVc2VUb0dyb3VwUmVzdWx0cz0iRmFsc2UiIC8+DQogICAgICAgICAgICA8UXVlcnlTdHJpbmdQYXJhbWV0ZXIgTmFtZT0ib2Zmc2V0IiBWYWx1ZT0iMCIgUmVjb3JkZWRWYWx1ZT0iMCIgQ29ycmVsYXRpb25CaW5kaW5nPSIiIFVybEVuY29kZT0iRmFsc2UiIFVzZVRvR3JvdXBSZXN1bHRzPSJGYWxzZSIgLz4NCiAgICAgICAgICAgIDxRdWVyeVN0cmluZ1BhcmFtZXRlciBOYW1lPSJzb3J0IiBWYWx1ZT0ibmFtZSIgUmVjb3JkZWRWYWx1ZT0ibmFtZSIgQ29ycmVsYXRpb25CaW5kaW5nPSIiIFVybEVuY29kZT0iRmFsc2UiIFVzZVRvR3JvdXBSZXN1bHRzPSJGYWxzZSIgLz4NCiAgICAgICAgICAgIDxRdWVyeVN0cmluZ1BhcmFtZXRlciBOYW1lPSJhc2MiIFZhbHVlPSJ0cnVlIiBSZWNvcmRlZFZhbHVlPSJ0cnVlIiBDb3JyZWxhdGlvbkJpbmRpbmc9IiIgVXJsRW5jb2RlPSJGYWxzZSIgVXNlVG9Hcm91cFJlc3VsdHM9IkZhbHNlIiAvPg0KICAgICAgICAgIDwvUXVlcnlTdHJpbmdQYXJhbWV0ZXJzPg0KICAgICAgICAgIDxTdHJpbmdIdHRwQm9keSBDb250ZW50VHlwZT0iIiBJbnNlcnRCeXRlT3JkZXJNYXJrPSJGYWxzZSI+DQogICAgICAgICAgPC9TdHJpbmdIdHRwQm9keT4NCiAgICAgICAgPC9SZXF1ZXN0Pg0KICAgICAgPC9EZXBlbmRlbnRSZXF1ZXN0cz4NCiAgICAgIDxIZWFkZXJzPg0KICAgICAgICA8SGVhZGVyIE5hbWU9IlJlZmVyZXIiIFZhbHVlPSJodHRwOi8vbXlzYXVjZWZhY3RvcnktZGVtby5henVyZXdlYnNpdGVzLm5ldC8iIC8+DQogICAgICA8L0hlYWRlcnM+DQogICAgPC9SZXF1ZXN0Pg0KICAgIDxSZXF1ZXN0IE1ldGhvZD0iR0VUIiBHdWlkPSJiNDlmZTY4Ni1lNDY2LTRiZGItODFhZS03YWVkMWZhYWVlMWMiIFZlcnNpb249IjEuMSIgVXJsPSJodHRwczovL2d3Lm15c2F1Y2VmYWN0b3J5LmNvbS9kZXYvbXlzYXVjZS1hcGktcHJveHktZGV2L3YxLjAvcHJvZHVjdHMiIFRoaW5rVGltZT0iNCIgVGltZW91dD0iMzAwIiBQYXJzZURlcGVuZGVudFJlcXVlc3RzPSJUcnVlIiBGb2xsb3dSZWRpcmVjdHM9IlRydWUiIFJlY29yZFJlc3VsdD0iVHJ1ZSIgQ2FjaGU9IkZhbHNlIiBSZXNwb25zZVRpbWVHb2FsPSIwIiBFbmNvZGluZz0idXRmLTgiIEV4cGVjdGVkSHR0cFN0YXR1c0NvZGU9IjAiIEV4cGVjdGVkUmVzcG9uc2VVcmw9IiIgUmVwb3J0aW5nTmFtZT0iIiBJZ25vcmVIdHRwU3RhdHVzQ29kZT0iRmFsc2UiPg0KICAgICAgPEhlYWRlcnM+DQogICAgICAgIDxIZWFkZXIgTmFtZT0iQWNjZXB0IiBWYWx1ZT0iKi8qIiAvPg0KICAgICAgICA8SGVhZGVyIE5hbWU9IlJlZmVyZXIiIFZhbHVlPSJodHRwOi8vbXlzYXVjZWZhY3RvcnktZGVtby5henVyZXdlYnNpdGVzLm5ldC9wcm9kdWN0cy9saXN0Lmh0bWwiIC8+DQogICAgICAgIDxIZWFkZXIgTmFtZT0iQXV0aG9yaXphdGlvbiIgVmFsdWU9Inh4eCIgLz4NCiAgICAgIDwvSGVhZGVycz4NCiAgICAgIDxRdWVyeVN0cmluZ1BhcmFtZXRlcnM+DQogICAgICAgIDxRdWVyeVN0cmluZ1BhcmFtZXRlciBOYW1lPSJuYW1lIiBWYWx1ZT0iIiBSZWNvcmRlZFZhbHVlPSIiIENvcnJlbGF0aW9uQmluZGluZz0iIiBVcmxFbmNvZGU9IkZhbHNlIiBVc2VUb0dyb3VwUmVzdWx0cz0iRmFsc2UiIC8+DQogICAgICAgIDxRdWVyeVN0cmluZ1BhcmFtZXRlciBOYW1lPSJmaWVsZHMiIFZhbHVlPSJpZCUyQ25hbWUlMkNvdmVydmlldyUyQ3BpY3R1cmUiIFJlY29yZGVkVmFsdWU9ImlkJTJDbmFtZSUyQ292ZXJ2aWV3JTJDcGljdHVyZSIgQ29ycmVsYXRpb25CaW5kaW5nPSIiIFVybEVuY29kZT0iRmFsc2UiIFVzZVRvR3JvdXBSZXN1bHRzPSJGYWxzZSIgLz4NCiAgICAgICAgPFF1ZXJ5U3RyaW5nUGFyYW1ldGVyIE5hbWU9InN0YXR1cyIgVmFsdWU9InRydWUiIFJlY29yZGVkVmFsdWU9InRydWUiIENvcnJlbGF0aW9uQmluZGluZz0iIiBVcmxFbmNvZGU9IkZhbHNlIiBVc2VUb0dyb3VwUmVzdWx0cz0iRmFsc2UiIC8+DQogICAgICAgIDxRdWVyeVN0cmluZ1BhcmFtZXRlciBOYW1lPSJsaW1pdCIgVmFsdWU9IjIwIiBSZWNvcmRlZFZhbHVlPSIyMCIgQ29ycmVsYXRpb25CaW5kaW5nPSIiIFVybEVuY29kZT0iRmFsc2UiIFVzZVRvR3JvdXBSZXN1bHRzPSJGYWxzZSIgLz4NCiAgICAgICAgPFF1ZXJ5U3RyaW5nUGFyYW1ldGVyIE5hbWU9Im9mZnNldCIgVmFsdWU9IjAiIFJlY29yZGVkVmFsdWU9IjAiIENvcnJlbGF0aW9uQmluZGluZz0iIiBVcmxFbmNvZGU9IkZhbHNlIiBVc2VUb0dyb3VwUmVzdWx0cz0iRmFsc2UiIC8+DQogICAgICAgIDxRdWVyeVN0cmluZ1BhcmFtZXRlciBOYW1lPSJzb3J0IiBWYWx1ZT0ibmFtZSIgUmVjb3JkZWRWYWx1ZT0ibmFtZSIgQ29ycmVsYXRpb25CaW5kaW5nPSIiIFVybEVuY29kZT0iRmFsc2UiIFVzZVRvR3JvdXBSZXN1bHRzPSJGYWxzZSIgLz4NCiAgICAgICAgPFF1ZXJ5U3RyaW5nUGFyYW1ldGVyIE5hbWU9ImFzYyIgVmFsdWU9InRydWUiIFJlY29yZGVkVmFsdWU9InRydWUiIENvcnJlbGF0aW9uQmluZGluZz0iIiBVcmxFbmNvZGU9IkZhbHNlIiBVc2VUb0dyb3VwUmVzdWx0cz0iRmFsc2UiIC8+DQogICAgICA8L1F1ZXJ5U3RyaW5nUGFyYW1ldGVycz4NCiAgICA8L1JlcXVlc3Q+DQogICAgPFJlcXVlc3QgTWV0aG9kPSJHRVQiIEd1aWQ9ImUyZTQ3OWJhLTYwN2ItNDU4Zi1hMjY2LTdhMTYyNWUxN2VlMSIgVmVyc2lvbj0iMS4xIiBVcmw9Imh0dHBzOi8vbXlzYXVjZWZhY3Rvcnktc3RhZ2luZy5henVyZXdlYnNpdGVzLm5ldC9wcm9kdWN0cy9kZXRhaWwuaHRtbCIgVGhpbmtUaW1lPSIwIiBUaW1lb3V0PSIzMDAiIFBhcnNlRGVwZW5kZW50UmVxdWVzdHM9IlRydWUiIEZvbGxvd1JlZGlyZWN0cz0iVHJ1ZSIgUmVjb3JkUmVzdWx0PSJUcnVlIiBDYWNoZT0iRmFsc2UiIFJlc3BvbnNlVGltZUdvYWw9IjAiIEVuY29kaW5nPSJ1dGYtOCIgRXhwZWN0ZWRIdHRwU3RhdHVzQ29kZT0iMCIgRXhwZWN0ZWRSZXNwb25zZVVybD0iIiBSZXBvcnRpbmdOYW1lPSIiIElnbm9yZUh0dHBTdGF0dXNDb2RlPSJGYWxzZSI+DQogICAgICA8RGVwZW5kZW50UmVxdWVzdHM+DQogICAgICAgIDxSZXF1ZXN0IE1ldGhvZD0iR0VUIiBHdWlkPSJiM2M1NzQ3Mi01YjQxLTRlYWYtYThiMS1jMjExY2Y5MGE4YjEiIFZlcnNpb249IjEuMSIgVXJsPSJodHRwOi8vbXlzYXVjZWZhY3RvcnktZGVtby5henVyZXdlYnNpdGVzLm5ldC9mb250cy9mb250YXdlc29tZS13ZWJmb250LmVvdCIgVGhpbmtUaW1lPSIwIiBUaW1lb3V0PSIzMDAiIFBhcnNlRGVwZW5kZW50UmVxdWVzdHM9IlRydWUiIEZvbGxvd1JlZGlyZWN0cz0iVHJ1ZSIgUmVjb3JkUmVzdWx0PSJUcnVlIiBDYWNoZT0iRmFsc2UiIFJlc3BvbnNlVGltZUdvYWw9IjAiIEVuY29kaW5nPSJ1dGYtOCIgRXhwZWN0ZWRIdHRwU3RhdHVzQ29kZT0iMCIgRXhwZWN0ZWRSZXNwb25zZVVybD0iIiBSZXBvcnRpbmdOYW1lPSIiIElnbm9yZUh0dHBTdGF0dXNDb2RlPSJGYWxzZSI+DQogICAgICAgICAgPEhlYWRlcnM+DQogICAgICAgICAgICA8SGVhZGVyIE5hbWU9IlJlZmVyZXIiIFZhbHVlPSJodHRwOi8vbXlzYXVjZWZhY3RvcnktZGVtby5henVyZXdlYnNpdGVzLm5ldC9wcm9kdWN0cy9kZXRhaWwuaHRtbD9pZD1hMGFhNDliOS05YjlkLTRhNWUtNzU1MC0wOGQ0MTQwYmZiMzgiIC8+DQogICAgICAgICAgPC9IZWFkZXJzPg0KICAgICAgICAgIDxRdWVyeVN0cmluZ1BhcmFtZXRlcnM+DQogICAgICAgICAgICA8UXVlcnlTdHJpbmdQYXJhbWV0ZXIgTmFtZT0iIiBWYWx1ZT0iIiBSZWNvcmRlZFZhbHVlPSIiIENvcnJlbGF0aW9uQmluZGluZz0iIiBVcmxFbmNvZGU9IkZhbHNlIiBVc2VUb0dyb3VwUmVzdWx0cz0iRmFsc2UiIC8+DQogICAgICAgICAgPC9RdWVyeVN0cmluZ1BhcmFtZXRlcnM+DQogICAgICAgIDwvUmVxdWVzdD4NCiAgICAgICAgPFJlcXVlc3QgTWV0aG9kPSJPUFRJT05TIiBHdWlkPSIyN2FiYmM3My02OGFiLTQzM2UtYmRkZS03ZTI4MDVjMWUwZTIiIFZlcnNpb249IjEuMSIgVXJsPSJodHRwczovL2d3Lm15c2F1Y2VmYWN0b3J5LmNvbS9kZXYvbXlzYXVjZS1hcGktcHJveHktZGV2L3YxLjAvcHJvZHVjdHMvYTBhYTQ5YjktOWI5ZC00YTVlLTc1NTAtMDhkNDE0MGJmYjM4L2FsbCIgVGhpbmtUaW1lPSIwIiBUaW1lb3V0PSIzMDAiIFBhcnNlRGVwZW5kZW50UmVxdWVzdHM9IlRydWUiIEZvbGxvd1JlZGlyZWN0cz0iVHJ1ZSIgUmVjb3JkUmVzdWx0PSJUcnVlIiBDYWNoZT0iRmFsc2UiIFJlc3BvbnNlVGltZUdvYWw9IjAiIEVuY29kaW5nPSJ1dGYtOCIgRXhwZWN0ZWRIdHRwU3RhdHVzQ29kZT0iMCIgRXhwZWN0ZWRSZXNwb25zZVVybD0iIiBSZXBvcnRpbmdOYW1lPSIiIElnbm9yZUh0dHBTdGF0dXNDb2RlPSJGYWxzZSI+DQogICAgICAgICAgPFN0cmluZ0h0dHBCb2R5IENvbnRlbnRUeXBlPSIiIEluc2VydEJ5dGVPcmRlck1hcms9IkZhbHNlIj4NCiAgICAgICAgICA8L1N0cmluZ0h0dHBCb2R5Pg0KICAgICAgICA8L1JlcXVlc3Q+DQogICAgICAgIDxSZXF1ZXN0IE1ldGhvZD0iR0VUIiBHdWlkPSJhODMyNWM4Ny0wM2IyLTQwMjctYTFmMi0xYjQxYWYwNDg5NjQiIFZlcnNpb249IjEuMSIgVXJsPSJodHRwczovL2d3Lm15c2F1Y2VmYWN0b3J5LmNvbS9kZXYvbXlzYXVjZS1hcGktcHJveHktZGV2L3YxLjAvcHJvZHVjdHMvYTBhYTQ5YjktOWI5ZC00YTVlLTc1NTAtMDhkNDE0MGJmYjM4L2FsbCIgVGhpbmtUaW1lPSIwIiBUaW1lb3V0PSIzMDAiIFBhcnNlRGVwZW5kZW50UmVxdWVzdHM9IlRydWUiIEZvbGxvd1JlZGlyZWN0cz0iVHJ1ZSIgUmVjb3JkUmVzdWx0PSJUcnVlIiBDYWNoZT0iRmFsc2UiIFJlc3BvbnNlVGltZUdvYWw9IjAiIEVuY29kaW5nPSJ1dGYtOCIgRXhwZWN0ZWRIdHRwU3RhdHVzQ29kZT0iMCIgRXhwZWN0ZWRSZXNwb25zZVVybD0iIiBSZXBvcnRpbmdOYW1lPSIiIElnbm9yZUh0dHBTdGF0dXNDb2RlPSJGYWxzZSI+DQogICAgICAgICAgPEhlYWRlcnM+DQogICAgICAgICAgICA8SGVhZGVyIE5hbWU9IkFjY2VwdCIgVmFsdWU9IiovKiIgLz4NCiAgICAgICAgICAgIDxIZWFkZXIgTmFtZT0iUmVmZXJlciIgVmFsdWU9Imh0dHA6Ly9teXNhdWNlZmFjdG9yeS1kZW1vLmF6dXJld2Vic2l0ZXMubmV0L3Byb2R1Y3RzL2RldGFpbC5odG1sP2lkPWEwYWE0OWI5LTliOWQtNGE1ZS03NTUwLTA4ZDQxNDBiZmIzOCIgLz4NCiAgICAgICAgICA8L0hlYWRlcnM+DQogICAgICAgIDwvUmVxdWVzdD4NCiAgICAgICAgPFJlcXVlc3QgTWV0aG9kPSJPUFRJT05TIiBHdWlkPSJjNWZlNWI3Mi0xYmZkLTQ5N2MtOTc4YS1jMzcwNjdiYzU4NGMiIFZlcnNpb249IjEuMSIgVXJsPSJodHRwczovL2d3Lm15c2F1Y2VmYWN0b3J5LmNvbS9kZXYvbXlzYXVjZS1hcGktcHJveHktZGV2L3YxLjAvcHJvZHVjdGNvbnRhaW5lcnMiIFRoaW5rVGltZT0iMCIgVGltZW91dD0iMzAwIiBQYXJzZURlcGVuZGVudFJlcXVlc3RzPSJUcnVlIiBGb2xsb3dSZWRpcmVjdHM9IlRydWUiIFJlY29yZFJlc3VsdD0iVHJ1ZSIgQ2FjaGU9IkZhbHNlIiBSZXNwb25zZVRpbWVHb2FsPSIwIiBFbmNvZGluZz0idXRmLTgiIEV4cGVjdGVkSHR0cFN0YXR1c0NvZGU9IjAiIEV4cGVjdGVkUmVzcG9uc2VVcmw9IiIgUmVwb3J0aW5nTmFtZT0iIiBJZ25vcmVIdHRwU3RhdHVzQ29kZT0iRmFsc2UiPg0KICAgICAgICAgIDxRdWVyeVN0cmluZ1BhcmFtZXRlcnM+DQogICAgICAgICAgICA8UXVlcnlTdHJpbmdQYXJhbWV0ZXIgTmFtZT0iUHJvZHVjdElkIiBWYWx1ZT0iYTBhYTQ5YjktOWI5ZC00YTVlLTc1NTAtMDhkNDE0MGJmYjM4IiBSZWNvcmRlZFZhbHVlPSJhMGFhNDliOS05YjlkLTRhNWUtNzU1MC0wOGQ0MTQwYmZiMzgiIENvcnJlbGF0aW9uQmluZGluZz0iIiBVcmxFbmNvZGU9IkZhbHNlIiBVc2VUb0dyb3VwUmVzdWx0cz0iRmFsc2UiIC8+DQogICAgICAgICAgPC9RdWVyeVN0cmluZ1BhcmFtZXRlcnM+DQogICAgICAgICAgPFN0cmluZ0h0dHBCb2R5IENvbnRlbnRUeXBlPSIiIEluc2VydEJ5dGVPcmRlck1hcms9IkZhbHNlIj4NCiAgICAgICAgICA8L1N0cmluZ0h0dHBCb2R5Pg0KICAgICAgICA8L1JlcXVlc3Q+DQogICAgICAgIDxSZXF1ZXN0IE1ldGhvZD0iR0VUIiBHdWlkPSJkNTk4NzM4Ni1jMGEzLTQ2MDAtYWNjOS1kOGUyYWMyNWU2MjEiIFZlcnNpb249IjEuMSIgVXJsPSJodHRwczovL2d3Lm15c2F1Y2VmYWN0b3J5LmNvbS9kZXYvbXlzYXVjZS1hcGktcHJveHktZGV2L3YxLjAvcHJvZHVjdGNvbnRhaW5lcnMiIFRoaW5rVGltZT0iMCIgVGltZW91dD0iMzAwIiBQYXJzZURlcGVuZGVudFJlcXVlc3RzPSJUcnVlIiBGb2xsb3dSZWRpcmVjdHM9IlRydWUiIFJlY29yZFJlc3VsdD0iVHJ1ZSIgQ2FjaGU9IkZhbHNlIiBSZXNwb25zZVRpbWVHb2FsPSIwIiBFbmNvZGluZz0idXRmLTgiIEV4cGVjdGVkSHR0cFN0YXR1c0NvZGU9IjAiIEV4cGVjdGVkUmVzcG9uc2VVcmw9IiIgUmVwb3J0aW5nTmFtZT0iIiBJZ25vcmVIdHRwU3RhdHVzQ29kZT0iRmFsc2UiPg0KICAgICAgICAgIDxIZWFkZXJzPg0KICAgICAgICAgICAgPEhlYWRlciBOYW1lPSJBY2NlcHQiIFZhbHVlPSIqLyoiIC8+DQogICAgICAgICAgICA8SGVhZGVyIE5hbWU9IlJlZmVyZXIiIFZhbHVlPSJodHRwOi8vbXlzYXVjZWZhY3RvcnktZGVtby5henVyZXdlYnNpdGVzLm5ldC9wcm9kdWN0cy9kZXRhaWwuaHRtbD9pZD1hMGFhNDliOS05YjlkLTRhNWUtNzU1MC0wOGQ0MTQwYmZiMzgiIC8+DQogICAgICAgICAgPC9IZWFkZXJzPg0KICAgICAgICAgIDxRdWVyeVN0cmluZ1BhcmFtZXRlcnM+DQogICAgICAgICAgICA8UXVlcnlTdHJpbmdQYXJhbWV0ZXIgTmFtZT0iUHJvZHVjdElkIiBWYWx1ZT0iYTBhYTQ5YjktOWI5ZC00YTVlLTc1NTAtMDhkNDE0MGJmYjM4IiBSZWNvcmRlZFZhbHVlPSJhMGFhNDliOS05YjlkLTRhNWUtNzU1MC0wOGQ0MTQwYmZiMzgiIENvcnJlbGF0aW9uQmluZGluZz0iIiBVcmxFbmNvZGU9IkZhbHNlIiBVc2VUb0dyb3VwUmVzdWx0cz0iRmFsc2UiIC8+DQogICAgICAgICAgPC9RdWVyeVN0cmluZ1BhcmFtZXRlcnM+DQogICAgICAgIDwvUmVxdWVzdD4NCiAgICAgICAgPFJlcXVlc3QgTWV0aG9kPSJPUFRJT05TIiBHdWlkPSJjNGIxMzQ1Zi01OWQ1LTQxM2MtOTcxMS04NWNiMTllMTE2NDUiIFZlcnNpb249IjEuMSIgVXJsPSJodHRwczovL2d3Lm15c2F1Y2VmYWN0b3J5LmNvbS9kZXYvbXlzYXVjZS1hcGktcHJveHktZGV2L3YxLjAvY29udGFpbmVycy84MjUzODIyNi1hZDRmLTQwNTMtMTllNy0wOGQ0MTQwYmZhNDYiIFRoaW5rVGltZT0iMCIgVGltZW91dD0iMzAwIiBQYXJzZURlcGVuZGVudFJlcXVlc3RzPSJUcnVlIiBGb2xsb3dSZWRpcmVjdHM9IlRydWUiIFJlY29yZFJlc3VsdD0iVHJ1ZSIgQ2FjaGU9IkZhbHNlIiBSZXNwb25zZVRpbWVHb2FsPSIwIiBFbmNvZGluZz0idXRmLTgiIEV4cGVjdGVkSHR0cFN0YXR1c0NvZGU9IjAiIEV4cGVjdGVkUmVzcG9uc2VVcmw9IiIgUmVwb3J0aW5nTmFtZT0iIiBJZ25vcmVIdHRwU3RhdHVzQ29kZT0iRmFsc2UiPg0KICAgICAgICAgIDxTdHJpbmdIdHRwQm9keSBDb250ZW50VHlwZT0iIiBJbnNlcnRCeXRlT3JkZXJNYXJrPSJGYWxzZSI+DQogICAgICAgICAgPC9TdHJpbmdIdHRwQm9keT4NCiAgICAgICAgPC9SZXF1ZXN0Pg0KICAgICAgICA8UmVxdWVzdCBNZXRob2Q9IkdFVCIgR3VpZD0iOWU5NjMxNDktZTQ0NS00MjNjLWJkMWEtNTU5ZDc2ZDM0MDFlIiBWZXJzaW9uPSIxLjEiIFVybD0iaHR0cHM6Ly9ndy5teXNhdWNlZmFjdG9yeS5jb20vZGV2L215c2F1Y2UtYXBpLXByb3h5LWRldi92MS4wL2NvbnRhaW5lcnMvODI1MzgyMjYtYWQ0Zi00MDUzLTE5ZTctMDhkNDE0MGJmYTQ2IiBUaGlua1RpbWU9IjE2IiBUaW1lb3V0PSIzMDAiIFBhcnNlRGVwZW5kZW50UmVxdWVzdHM9IlRydWUiIEZvbGxvd1JlZGlyZWN0cz0iVHJ1ZSIgUmVjb3JkUmVzdWx0PSJUcnVlIiBDYWNoZT0iRmFsc2UiIFJlc3BvbnNlVGltZUdvYWw9IjAiIEVuY29kaW5nPSJ1dGYtOCIgRXhwZWN0ZWRIdHRwU3RhdHVzQ29kZT0iMCIgRXhwZWN0ZWRSZXNwb25zZVVybD0iIiBSZXBvcnRpbmdOYW1lPSIiIElnbm9yZUh0dHBTdGF0dXNDb2RlPSJGYWxzZSI+DQogICAgICAgICAgPEhlYWRlcnM+DQogICAgICAgICAgICA8SGVhZGVyIE5hbWU9IkFjY2VwdCIgVmFsdWU9IiovKiIgLz4NCiAgICAgICAgICAgIDxIZWFkZXIgTmFtZT0iUmVmZXJlciIgVmFsdWU9Imh0dHA6Ly9teXNhdWNlZmFjdG9yeS1kZW1vLmF6dXJld2Vic2l0ZXMubmV0L3Byb2R1Y3RzL2RldGFpbC5odG1sP2lkPWEwYWE0OWI5LTliOWQtNGE1ZS03NTUwLTA4ZDQxNDBiZmIzOCIgLz4NCiAgICAgICAgICA8L0hlYWRlcnM+DQogICAgICAgIDwvUmVxdWVzdD4NCiAgICAgIDwvRGVwZW5kZW50UmVxdWVzdHM+DQogICAgICA8SGVhZGVycz4NCiAgICAgICAgPEhlYWRlciBOYW1lPSJSZWZlcmVyIiBWYWx1ZT0iaHR0cDovL215c2F1Y2VmYWN0b3J5LWRlbW8uYXp1cmV3ZWJzaXRlcy5uZXQvcHJvZHVjdHMvbGlzdC5odG1sIiAvPg0KICAgICAgPC9IZWFkZXJzPg0KICAgICAgPFF1ZXJ5U3RyaW5nUGFyYW1ldGVycz4NCiAgICAgICAgPFF1ZXJ5U3RyaW5nUGFyYW1ldGVyIE5hbWU9ImlkIiBWYWx1ZT0iYTBhYTQ5YjktOWI5ZC00YTVlLTc1NTAtMDhkNDE0MGJmYjM4IiBSZWNvcmRlZFZhbHVlPSJhMGFhNDliOS05YjlkLTRhNWUtNzU1MC0wOGQ0MTQwYmZiMzgiIENvcnJlbGF0aW9uQmluZGluZz0iIiBVcmxFbmNvZGU9IkZhbHNlIiBVc2VUb0dyb3VwUmVzdWx0cz0iRmFsc2UiIC8+DQogICAgICA8L1F1ZXJ5U3RyaW5nUGFyYW1ldGVycz4NCiAgICA8L1JlcXVlc3Q+DQogICAgPFJlcXVlc3QgTWV0aG9kPSJHRVQiIEd1aWQ9ImViM2QzOTYxLTdmOTItNDRmOC04MjUxLTNiNzkwNjg5OTU1MyIgVmVyc2lvbj0iMS4xIiBVcmw9Imh0dHBzOi8vbXlzYXVjZWZhY3Rvcnktc3RhZ2luZy5henVyZXdlYnNpdGVzLm5ldC9vcmRlci9wcm9kdWN0Lmh0bWwiIFRoaW5rVGltZT0iMCIgVGltZW91dD0iMzAwIiBQYXJzZURlcGVuZGVudFJlcXVlc3RzPSJUcnVlIiBGb2xsb3dSZWRpcmVjdHM9IlRydWUiIFJlY29yZFJlc3VsdD0iVHJ1ZSIgQ2FjaGU9IkZhbHNlIiBSZXNwb25zZVRpbWVHb2FsPSIwIiBFbmNvZGluZz0idXRmLTgiIEV4cGVjdGVkSHR0cFN0YXR1c0NvZGU9IjAiIEV4cGVjdGVkUmVzcG9uc2VVcmw9IiIgUmVwb3J0aW5nTmFtZT0iIiBJZ25vcmVIdHRwU3RhdHVzQ29kZT0iRmFsc2UiPg0KICAgICAgPERlcGVuZGVudFJlcXVlc3RzPg0KICAgICAgICA8UmVxdWVzdCBNZXRob2Q9IkdFVCIgR3VpZD0iMWM4N2EwZTktNzZlZi00NTRjLTkxMTktOGMyNjczMjIxZjgzIiBWZXJzaW9uPSIxLjEiIFVybD0iaHR0cDovL215c2F1Y2VmYWN0b3J5LWRlbW8uYXp1cmV3ZWJzaXRlcy5uZXQvZm9udHMvZm9udGF3ZXNvbWUtd2ViZm9udC5lb3QiIFRoaW5rVGltZT0iMCIgVGltZW91dD0iMzAwIiBQYXJzZURlcGVuZGVudFJlcXVlc3RzPSJUcnVlIiBGb2xsb3dSZWRpcmVjdHM9IlRydWUiIFJlY29yZFJlc3VsdD0iVHJ1ZSIgQ2FjaGU9IkZhbHNlIiBSZXNwb25zZVRpbWVHb2FsPSIwIiBFbmNvZGluZz0idXRmLTgiIEV4cGVjdGVkSHR0cFN0YXR1c0NvZGU9IjAiIEV4cGVjdGVkUmVzcG9uc2VVcmw9IiIgUmVwb3J0aW5nTmFtZT0iIiBJZ25vcmVIdHRwU3RhdHVzQ29kZT0iRmFsc2UiPg0KICAgICAgICAgIDxIZWFkZXJzPg0KICAgICAgICAgICAgPEhlYWRlciBOYW1lPSJSZWZlcmVyIiBWYWx1ZT0iaHR0cDovL215c2F1Y2VmYWN0b3J5LWRlbW8uYXp1cmV3ZWJzaXRlcy5uZXQvb3JkZXIvcHJvZHVjdC5odG1sIiAvPg0KICAgICAgICAgIDwvSGVhZGVycz4NCiAgICAgICAgICA8UXVlcnlTdHJpbmdQYXJhbWV0ZXJzPg0KICAgICAgICAgICAgPFF1ZXJ5U3RyaW5nUGFyYW1ldGVyIE5hbWU9IiIgVmFsdWU9IiIgUmVjb3JkZWRWYWx1ZT0iIiBDb3JyZWxhdGlvbkJpbmRpbmc9IiIgVXJsRW5jb2RlPSJGYWxzZSIgVXNlVG9Hcm91cFJlc3VsdHM9IkZhbHNlIiAvPg0KICAgICAgICAgIDwvUXVlcnlTdHJpbmdQYXJhbWV0ZXJzPg0KICAgICAgICA8L1JlcXVlc3Q+DQogICAgICAgIDxSZXF1ZXN0IE1ldGhvZD0iT1BUSU9OUyIgR3VpZD0iNjdkNmU5YjctNDNhNS00MWY1LThhMDItYTk2MGFhYmViNjRiIiBWZXJzaW9uPSIxLjEiIFVybD0iaHR0cHM6Ly9ndy5teXNhdWNlZmFjdG9yeS5jb20vZGV2L215c2F1Y2UtYXBpLXByb3h5LWRldi92MS4wL3Byb2R1Y3RzL2EwYWE0OWI5LTliOWQtNGE1ZS03NTUwLTA4ZDQxNDBiZmIzOC9sYWJlbHMvIiBUaGlua1RpbWU9IjAiIFRpbWVvdXQ9IjMwMCIgUGFyc2VEZXBlbmRlbnRSZXF1ZXN0cz0iVHJ1ZSIgRm9sbG93UmVkaXJlY3RzPSJUcnVlIiBSZWNvcmRSZXN1bHQ9IlRydWUiIENhY2hlPSJGYWxzZSIgUmVzcG9uc2VUaW1lR29hbD0iMCIgRW5jb2Rpbmc9InV0Zi04IiBFeHBlY3RlZEh0dHBTdGF0dXNDb2RlPSIwIiBFeHBlY3RlZFJlc3BvbnNlVXJsPSIiIFJlcG9ydGluZ05hbWU9IiIgSWdub3JlSHR0cFN0YXR1c0NvZGU9IkZhbHNlIj4NCiAgICAgICAgICA8U3RyaW5nSHR0cEJvZHkgQ29udGVudFR5cGU9IiIgSW5zZXJ0Qnl0ZU9yZGVyTWFyaz0iRmFsc2UiPg0KICAgICAgICAgIDwvU3RyaW5nSHR0cEJvZHk+DQogICAgICAgIDwvUmVxdWVzdD4NCiAgICAgIDwvRGVwZW5kZW50UmVxdWVzdHM+DQogICAgICA8SGVhZGVycz4NCiAgICAgICAgPEhlYWRlciBOYW1lPSJSZWZlcmVyIiBWYWx1ZT0iaHR0cDovL215c2F1Y2VmYWN0b3J5LWRlbW8uYXp1cmV3ZWJzaXRlcy5uZXQvcHJvZHVjdHMvZGV0YWlsLmh0bWw/aWQ9YTBhYTQ5YjktOWI5ZC00YTVlLTc1NTAtMDhkNDE0MGJmYjM4IiAvPg0KICAgICAgPC9IZWFkZXJzPg0KICAgIDwvUmVxdWVzdD4NCiAgICA8UmVxdWVzdCBNZXRob2Q9IkdFVCIgR3VpZD0iZWExYjE2ZDAtZTM1ZS00ZDU5LThlNDUtNThmMDg2MDM4ZDdlIiBWZXJzaW9uPSIxLjEiIFVybD0iaHR0cHM6Ly9ndy5teXNhdWNlZmFjdG9yeS5jb20vZGV2L215c2F1Y2UtYXBpLXByb3h5LWRldi92MS4wL3Byb2R1Y3RzL2EwYWE0OWI5LTliOWQtNGE1ZS03NTUwLTA4ZDQxNDBiZmIzOC9sYWJlbHMvIiBUaGlua1RpbWU9IjAiIFRpbWVvdXQ9IjMwMCIgUGFyc2VEZXBlbmRlbnRSZXF1ZXN0cz0iVHJ1ZSIgRm9sbG93UmVkaXJlY3RzPSJUcnVlIiBSZWNvcmRSZXN1bHQ9IlRydWUiIENhY2hlPSJGYWxzZSIgUmVzcG9uc2VUaW1lR29hbD0iMCIgRW5jb2Rpbmc9InV0Zi04IiBFeHBlY3RlZEh0dHBTdGF0dXNDb2RlPSIwIiBFeHBlY3RlZFJlc3BvbnNlVXJsPSIiIFJlcG9ydGluZ05hbWU9IiIgSWdub3JlSHR0cFN0YXR1c0NvZGU9IkZhbHNlIj4NCiAgICAgIDxIZWFkZXJzPg0KICAgICAgICA8SGVhZGVyIE5hbWU9IkFjY2VwdCIgVmFsdWU9IiovKiIgLz4NCiAgICAgICAgPEhlYWRlciBOYW1lPSJSZWZlcmVyIiBWYWx1ZT0iaHR0cDovL215c2F1Y2VmYWN0b3J5LWRlbW8uYXp1cmV3ZWJzaXRlcy5uZXQvb3JkZXIvcHJvZHVjdC5odG1sIiAvPg0KICAgICAgICA8SGVhZGVyIE5hbWU9IkF1dGhvcml6YXRpb24iIFZhbHVlPSJ4eHgiIC8+DQogICAgICA8L0hlYWRlcnM+DQogICAgPC9SZXF1ZXN0Pg0KICAgIDxSZXF1ZXN0IE1ldGhvZD0iT1BUSU9OUyIgR3VpZD0iYjk5ZTM4M2UtOWM2OC00YjJkLWE2NzgtYTBhYTRjMDdlMDczIiBWZXJzaW9uPSIxLjEiIFVybD0iaHR0cHM6Ly9ndy5teXNhdWNlZmFjdG9yeS5jb20vZGV2L215c2F1Y2UtYXBpLXByb3h5LWRldi92MS4wL3Byb2R1Y3RzL2EwYWE0OWI5LTliOWQtNGE1ZS03NTUwLTA4ZDQxNDBiZmIzOC9tYXR0ZXIiIFRoaW5rVGltZT0iMCIgVGltZW91dD0iMzAwIiBQYXJzZURlcGVuZGVudFJlcXVlc3RzPSJUcnVlIiBGb2xsb3dSZWRpcmVjdHM9IlRydWUiIFJlY29yZFJlc3VsdD0iVHJ1ZSIgQ2FjaGU9IkZhbHNlIiBSZXNwb25zZVRpbWVHb2FsPSIwIiBFbmNvZGluZz0idXRmLTgiIEV4cGVjdGVkSHR0cFN0YXR1c0NvZGU9IjAiIEV4cGVjdGVkUmVzcG9uc2VVcmw9IiIgUmVwb3J0aW5nTmFtZT0iIiBJZ25vcmVIdHRwU3RhdHVzQ29kZT0iRmFsc2UiPg0KICAgICAgPEhlYWRlcnM+DQogICAgICAgIDxIZWFkZXIgTmFtZT0iQXV0aG9yaXphdGlvbiIgVmFsdWU9Inh4eCIgLz4NCiAgICAgIDwvSGVhZGVycz4NCiAgICAgIDxTdHJpbmdIdHRwQm9keSBDb250ZW50VHlwZT0iIiBJbnNlcnRCeXRlT3JkZXJNYXJrPSJGYWxzZSI+DQogICAgICA8L1N0cmluZ0h0dHBCb2R5Pg0KICAgIDwvUmVxdWVzdD4NCiAgICA8UmVxdWVzdCBNZXRob2Q9IlBPU1QiIEd1aWQ9IjM0NjdkODhmLWUyYmYtNDQ5Yy05Mjc4LWM1OTcxYzgyZDE4YSIgVmVyc2lvbj0iMS4xIiBVcmw9Imh0dHBzOi8vZ3cubXlzYXVjZWZhY3RvcnkuY29tL2Rldi9teXNhdWNlLWFwaS1wcm94eS1kZXYvdjEuMC9wcm9kdWN0cy9hMGFhNDliOS05YjlkLTRhNWUtNzU1MC0wOGQ0MTQwYmZiMzgvbWF0dGVyIiBUaGlua1RpbWU9IjYiIFRpbWVvdXQ9IjMwMCIgUGFyc2VEZXBlbmRlbnRSZXF1ZXN0cz0iVHJ1ZSIgRm9sbG93UmVkaXJlY3RzPSJUcnVlIiBSZWNvcmRSZXN1bHQ9IlRydWUiIENhY2hlPSJGYWxzZSIgUmVzcG9uc2VUaW1lR29hbD0iMCIgRW5jb2Rpbmc9InV0Zi04IiBFeHBlY3RlZEh0dHBTdGF0dXNDb2RlPSIwIiBFeHBlY3RlZFJlc3BvbnNlVXJsPSIiIFJlcG9ydGluZ05hbWU9IiIgSWdub3JlSHR0cFN0YXR1c0NvZGU9IkZhbHNlIj4NCiAgICAgIDxIZWFkZXJzPg0KICAgICAgICA8SGVhZGVyIE5hbWU9IkFjY2VwdCIgVmFsdWU9ImFwcGxpY2F0aW9uL2pzb24sIHRleHQvamF2YXNjcmlwdCwgKi8qOyBxPTAuMDEiIC8+DQogICAgICAgIDxIZWFkZXIgTmFtZT0iUmVmZXJlciIgVmFsdWU9Imh0dHA6Ly9teXNhdWNlZmFjdG9yeS1kZW1vLmF6dXJld2Vic2l0ZXMubmV0L29yZGVyL3Byb2R1Y3QuaHRtbCIgLz4NCiAgICAgICAgPEhlYWRlciBOYW1lPSJBdXRob3JpemF0aW9uIiBWYWx1ZT0ieHh4IiAvPg0KICAgICAgPC9IZWFkZXJzPg0KICAgICAgPFN0cmluZ0h0dHBCb2R5IENvbnRlbnRUeXBlPSJhcHBsaWNhdGlvbi9qc29uIiBJbnNlcnRCeXRlT3JkZXJNYXJrPSJGYWxzZSI+ZXdBaUFHMEFZUUIwQUdVQWNnQnBBR0VBYkFCekFDSUFPZ0JiQUhzQUlnQnBBR1FBSWdBNkFDSUFNQUEwQUdRQU53QTBBR1VBTVFBeEFDMEFNUUF6QURJQVpnQXRBRFFBTkFCbUFHTUFMUUJsQURjQVpBQTFBQzBBTUFBNEFHUUFOQUF4QURRQU1BQmlBR1lBWWdBNEFHSUFJZ0FzQUNJQWNBQmhBSElBWVFCdEFHVUFkQUJsQUhJQUlnQTZBQ0lBTVFBaUFDd0FJZ0J2QUhJQVpBQmxBSElBWHdCcEFHUUFJZ0E2QURBQUxBQWlBRzhBY2dCa0FHVUFjZ0FpQURvQWJnQjFBR3dBYkFCOUFDd0Fld0FpQUdrQVpBQWlBRG9BSWdBeEFHRUFNZ0JsQUdZQU1BQXhBRGNBTFFCaUFETUFZUUJsQUMwQU5BQmlBREFBTWdBdEFHVUFOd0JrQURZQUxRQXdBRGdBWkFBMEFERUFOQUF3QUdJQVpnQmlBRGdBWWdBaUFDd0FJZ0J3QUdFQWNnQmhBRzBBWlFCMEFHVUFjZ0FpQURvQUlnQXlBQ0lBTEFBaUFHOEFjZ0JrQUdVQWNnQmZBR2tBWkFBaUFEb0FNQUFzQUNJQWJ3QnlBR1FBWlFCeUFDSUFPZ0J1QUhVQWJBQnNBSDBBTEFCN0FDSUFhUUJrQUNJQU9nQWlBR0VBTVFBeUFEa0FPQUF5QUdFQU53QXRBRGdBTndCakFEY0FMUUEwQURVQU1nQmhBQzBBWlFBM0FHUUFOd0F0QURBQU9BQmtBRFFBTVFBMEFEQUFZZ0JtQUdJQU9BQmlBQ0lBTEFBaUFIQUFZUUJ5QUdFQWJRQmxBSFFBWlFCeUFDSUFPZ0FpQURFQUlnQXNBQ0lBYndCeUFHUUFaUUJ5QUY4QWFRQmtBQ0lBT2dBd0FDd0FJZ0J2QUhJQVpBQmxBSElBSWdBNkFHNEFkUUJzQUd3QWZRQXNBSHNBSWdCcEFHUUFJZ0E2QUNJQVlRQmxBR1VBTlFCaEFEZ0FOQUF4QUMwQU13QXdBR0lBTlFBdEFEUUFNZ0F4QUdNQUxRQmxBRGNBWkFBNEFDMEFNQUE0QUdRQU5BQXhBRFFBTUFCaUFHWUFZZ0E0QUdJQUlnQXNBQ0lBY0FCaEFISUFZUUJ0QUdVQWRBQmxBSElBSWdBNkFDSUFNZ0FpQUN3QUlnQnZBSElBWkFCbEFISUFYd0JwQUdRQUlnQTZBREFBTEFBaUFHOEFjZ0JrQUdVQWNnQWlBRG9BYmdCMUFHd0FiQUI5QUN3QWV3QWlBR2tBWkFBaUFEb0FJZ0JpQUdJQU5BQTBBRGtBWmdBNUFEY0FMUUF5QUdRQVpnQXdBQzBBTkFBNEFHSUFZZ0F0QUdVQU53QmtBRGtBTFFBd0FEZ0FaQUEwQURFQU5BQXdBR0lBWmdCaUFEZ0FZZ0FpQUN3QUlnQndBR0VBY2dCaEFHMEFaUUIwQUdVQWNnQWlBRG9BSWdBeEFDSUFMQUFpQUc4QWNnQmtBR1VBY2dCZkFHa0FaQUFpQURvQU1BQXNBQ0lBYndCeUFHUUFaUUJ5QUNJQU9nQnVBSFVBYkFCc0FIMEFYUUI5QUE9PTwvU3RyaW5nSHR0cEJvZHk+DQogICAgPC9SZXF1ZXN0Pg0KICAgIDxSZXF1ZXN0IE1ldGhvZD0iR0VUIiBHdWlkPSIyOWRiNWY4MC0wMmI4LTRlN2MtYTlkNi1jZGM5YmQ3OTkzMzkiIFZlcnNpb249IjEuMSIgVXJsPSJodHRwczovL215c2F1Y2VmYWN0b3J5LXN0YWdpbmcuYXp1cmV3ZWJzaXRlcy5uZXQvbG9naW4uaHRtbCIgVGhpbmtUaW1lPSIwIiBUaW1lb3V0PSIzMDAiIFBhcnNlRGVwZW5kZW50UmVxdWVzdHM9IlRydWUiIEZvbGxvd1JlZGlyZWN0cz0iVHJ1ZSIgUmVjb3JkUmVzdWx0PSJUcnVlIiBDYWNoZT0iRmFsc2UiIFJlc3BvbnNlVGltZUdvYWw9IjAiIEVuY29kaW5nPSJ1dGYtOCIgRXhwZWN0ZWRIdHRwU3RhdHVzQ29kZT0iMCIgRXhwZWN0ZWRSZXNwb25zZVVybD0iIiBSZXBvcnRpbmdOYW1lPSIiIElnbm9yZUh0dHBTdGF0dXNDb2RlPSJGYWxzZSI+DQogICAgICA8SGVhZGVycz4NCiAgICAgICAgPEhlYWRlciBOYW1lPSJSZWZlcmVyIiBWYWx1ZT0iaHR0cDovL215c2F1Y2VmYWN0b3J5LWRlbW8uYXp1cmV3ZWJzaXRlcy5uZXQvb3JkZXIvcHJvZHVjdC5odG1sIiAvPg0KICAgICAgPC9IZWFkZXJzPg0KICAgICAgPFF1ZXJ5U3RyaW5nUGFyYW1ldGVycz4NCiAgICAgICAgPFF1ZXJ5U3RyaW5nUGFyYW1ldGVyIE5hbWU9Im1vZGUiIFZhbHVlPSJzaG9wcGluZyIgUmVjb3JkZWRWYWx1ZT0ic2hvcHBpbmciIENvcnJlbGF0aW9uQmluZGluZz0iIiBVcmxFbmNvZGU9IkZhbHNlIiBVc2VUb0dyb3VwUmVzdWx0cz0iRmFsc2UiIC8+DQogICAgICA8L1F1ZXJ5U3RyaW5nUGFyYW1ldGVycz4NCiAgICA8L1JlcXVlc3Q+DQogIDwvSXRlbXM+DQogIDxWYWxpZGF0aW9uUnVsZXM+DQogICAgPFZhbGlkYXRpb25SdWxlIENsYXNzbmFtZT0iTWljcm9zb2Z0LlZpc3VhbFN0dWRpby5UZXN0VG9vbHMuV2ViVGVzdGluZy5SdWxlcy5WYWxpZGF0ZVJlc3BvbnNlVXJsLCBNaWNyb3NvZnQuVmlzdWFsU3R1ZGlvLlF1YWxpdHlUb29scy5XZWJUZXN0RnJhbWV3b3JrLCBWZXJzaW9uPTEwLjAuMC4wLCBDdWx0dXJlPW5ldXRyYWwsIFB1YmxpY0tleVRva2VuPWIwM2Y1ZjdmMTFkNTBhM2EiIERpc3BsYXlOYW1lPSLlv5znrZQgVVJMIiBEZXNjcmlwdGlvbj0i44Oq44OA44Kk44Os44Kv44OI5b6M44Gu5b+c562UIFVSTCDjgYzjgIHoqJjpjLLjgZXjgozjgZ/lv5znrZQgVVJMIOOBqOWQjOOBmOOBi+OBqeOBhuOBi+OCkuaknOiovOOBl+OBvuOBmeOAglF1ZXJ5U3RyaW5nIOODkeODqeODoeODvOOCv+ODvOOBr+eEoeimluOBleOCjOOBvuOBmeOAgiIgTGV2ZWw9IkxvdyIgRXhlY3R1aW9uT3JkZXI9IkJlZm9yZURlcGVuZGVudHMiIC8+DQogICAgPFZhbGlkYXRpb25SdWxlIENsYXNzbmFtZT0iTWljcm9zb2Z0LlZpc3VhbFN0dWRpby5UZXN0VG9vbHMuV2ViVGVzdGluZy5SdWxlcy5WYWxpZGF0aW9uUnVsZVJlc3BvbnNlVGltZUdvYWwsIE1pY3Jvc29mdC5WaXN1YWxTdHVkaW8uUXVhbGl0eVRvb2xzLldlYlRlc3RGcmFtZXdvcmssIFZlcnNpb249MTAuMC4wLjAsIEN1bHR1cmU9bmV1dHJhbCwgUHVibGljS2V5VG9rZW49YjAzZjVmN2YxMWQ1MGEzYSIgRGlzcGxheU5hbWU9IuW/nOetlOaZgumWk+OBruebruaomSIgRGVzY3JpcHRpb249IuimgeaxguOBruW/nOetlOaZgumWk+OBjOOAgeimgeaxguOBp+aMh+WumuOBleOCjOOBn+ebruaomeWApOS7peS4i+OBp+OBguOCi+OBi+OBqeOBhuOBi+aknOiovOOBl+OBvuOBmeOAguW/nOetlOaZgumWk+OBruebruaomeWApOOBjCAwIOOBruWgtOWQiOOAgeOBk+OBruebruaomeWApOOBr+eEoeimluOBleOCjOOBvuOBmeOAgiIgTGV2ZWw9IkxvdyIgRXhlY3R1aW9uT3JkZXI9IkFmdGVyRGVwZW5kZW50cyI+DQogICAgICA8UnVsZVBhcmFtZXRlcnM+DQogICAgICAgIDxSdWxlUGFyYW1ldGVyIE5hbWU9IlRvbGVyYW5jZSIgVmFsdWU9IjAiIC8+DQogICAgICA8L1J1bGVQYXJhbWV0ZXJzPg0KICAgIDwvVmFsaWRhdGlvblJ1bGU+DQogIDwvVmFsaWRhdGlvblJ1bGVzPg0KPC9XZWJUZXN0Pg==">
      <Execution id="3e405aca-ff6c-4cf6-9e20-272f20943ab3" />
    </WebTest>
  </TestDefinitions>
  <TestLists>
    <TestList name="一覧に存在しない結果" id="8c84fa94-04c1-424b-9868-57a2d4851a1d" />
    <TestList name="読み込まれたすべての結果" id="19431567-8539-422a-85d7-44ee4e166bda" />
  </TestLists>
  <TestEntries>
    <TestEntry isTransparent="false" testId="a20ed876-00c3-4cdb-8138-c57f398c88d8" executionId="3e405aca-ff6c-4cf6-9e20-272f20943ab3" testListId="8c84fa94-04c1-424b-9868-57a2d4851a1d" />
  </TestEntries>
  <Results>
    <WebTestResult executionId="3e405aca-ff6c-4cf6-9e20-272f20943ab3" testId="a20ed876-00c3-4cdb-8138-c57f398c88d8" testName="WebTest1" computerName="MATVAIO" duration="00:00:20.6031791" startTime="2016-12-20T16:27:11.4886864+09:00" testType="4e7599fa-5ecb-43e9-a887-cd63cf72d207" testListId="8c84fa94-04c1-424b-9868-57a2d4851a1d" relativeResultsDirectory="3e405aca-ff6c-4cf6-9e20-272f20943ab3">
      <Output>
        <ErrorInfo>
          <Message>テスト 'WebTest1' の実行中に、テスト アダプター 'WebTestAdapter' が例外をスローしました。スレッドを中止しようとしました。</Message>
        </ErrorInfo>
      </Output>
      <ResultFiles>
        <ResultFile path="WebTest1.webtestResult" />
      </ResultFiles>
      <TestSettings name="ローカル" id="af615b3f-2787-4d40-8c72-eb877e5b5b59">
        <Description>これらはローカル テスト実行用の既定のテスト設定です。</Description>
        <Execution>
          <TestTypeSpecific>
            <WebTestRunConfiguration testTypeId="4e7599fa-5ecb-43e9-a887-cd63cf72d207">
              <Browser name="Internet Explorer 9.0" MaxConnections="6">
                <Headers>
                  <Header name="User-Agent" value="Mozilla/5.0 (compatible; MSIE 9.0; Windows NT 6.1; Trident/5.0)" />
                  <Header name="Accept" value="*/*" />
                  <Header name="Accept-Language" value="{{$IEAcceptLanguage}}" />
                  <Header name="Accept-Encoding" value="GZIP" />
                </Headers>
              </Browser>
            </WebTestRunConfiguration>
          </TestTypeSpecific>
          <AgentRule name="Execution Agents">
          </AgentRule>
        </Execution>
        <Deployment runDeploymentRoot="yuta_MATVAIO 2016-12-20 16_27_11" />
        <Properties>
          <Property name="TestSettingsUIType" value="LoadTest" />
        </Properties>
      </TestSettings>
      <WebTestResultFilePath>yuta_MATVAIO 2016-12-20 16_27_11\In\3e405aca-ff6c-4cf6-9e20-272f20943ab3\WebTest1.webtestResult</WebTestResultFilePath>
    </WebTestResult>
  </Results>
</TestRun>