<?xml version="1.0" encoding="UTF-8"?>
<TestRun id="296b60d1-9400-479a-a99c-be3b6e1971ab" name="yuta@MATVAIO 2016-12-02 17:29:02" runUser="MATVAIO\yuta" xmlns="http://microsoft.com/schemas/VisualStudio/TeamTest/2010">
  <TestSettings name="ローカル" id="af615b3f-2787-4d40-8c72-eb877e5b5b59">
    <Description>これらはローカル テスト実行用の既定のテスト設定です。</Description>
    <Execution>
      <TestTypeSpecific />
      <AgentRule name="Execution Agents">
      </AgentRule>
    </Execution>
    <Deployment runDeploymentRoot="yuta_MATVAIO 2016-12-02 17_29_02" />
    <Properties>
      <Property name="TestSettingsUIType" value="LoadTest" />
    </Properties>
  </TestSettings>
  <Times creation="2016-12-02T17:29:02.0343424+09:00" queuing="2016-12-02T17:29:02.3321774+09:00" start="2016-12-02T17:29:02.4299525+09:00" finish="2016-12-02T17:29:26.9673413+09:00" />
  <ResultSummary outcome="Failed">
    <Counters total="1" executed="1" error="0" failed="1" timeout="0" aborted="0" inconclusive="0" passedButRunAborted="0" notRunnable="0" notExecuted="0" disconnected="0" warning="0" passed="0" completed="0" inProgress="0" pending="0" />
  </ResultSummary>
  <TestDefinitions>
    <WebTest name="WebTest1" storage="d:\src\yuta\webandloadtestproject1\webandloadtestproject1\webtest1.webtest" id="a20ed876-00c3-4cdb-8138-c57f398c88d8" persistedWebTest="77u/PD94bWwgdmVyc2lvbj0iMS4wIiBlbmNvZGluZz0iVVRGLTgiIHN0YW5kYWxvbmU9InllcyI/Pg0KPFdlYlRlc3QgTmFtZT0iV2ViVGVzdDEiIElkPSJhMjBlZDg3Ni0wMGMzLTRjZGItODEzOC1jNTdmMzk4Yzg4ZDgiIE93bmVyPSIiIFByaW9yaXR5PSIyMTQ3NDgzNjQ3IiBFbmFibGVkPSJUcnVlIiBDc3NQcm9qZWN0U3RydWN0dXJlPSIiIENzc0l0ZXJhdGlvbj0iIiBUaW1lb3V0PSIwIiBXb3JrSXRlbUlkcz0iIiB4bWxucz0iaHR0cDovL21pY3Jvc29mdC5jb20vc2NoZW1hcy9WaXN1YWxTdHVkaW8vVGVhbVRlc3QvMjAxMCIgRGVzY3JpcHRpb249IiIgQ3JlZGVudGlhbFVzZXJOYW1lPSIiIENyZWRlbnRpYWxQYXNzd29yZD0iIiBQcmVBdXRoZW50aWNhdGU9IlRydWUiIFByb3h5PSJkZWZhdWx0IiBTdG9wT25FcnJvcj0iRmFsc2UiIFJlY29yZGVkUmVzdWx0RmlsZT0iV2ViVGVzdDEuYzQzMWIyNzAtMWJlNi00OTM1LWIxYzAtNWVmYmY1NmY3ZGEzLnJlYy53ZWJ0ZXN0cmVzdWx0IiBSZXN1bHRzTG9jYWxlPSIiPg0KICA8SXRlbXM+DQogICAgPFJlcXVlc3QgTWV0aG9kPSJHRVQiIEd1aWQ9ImZjOTJmZDc2LTYxMGQtNDQ5Ni1hNGI2LWIxMjgxMjM4ZGZhYiIgVmVyc2lvbj0iMS4xIiBVcmw9Imh0dHA6Ly9hcGkuYmluZy5jb20vcXNtbC5hc3B4IiBUaGlua1RpbWU9IjAiIFRpbWVvdXQ9IjMwMCIgUGFyc2VEZXBlbmRlbnRSZXF1ZXN0cz0iVHJ1ZSIgRm9sbG93UmVkaXJlY3RzPSJUcnVlIiBSZWNvcmRSZXN1bHQ9IlRydWUiIENhY2hlPSJGYWxzZSIgUmVzcG9uc2VUaW1lR29hbD0iMCIgRW5jb2Rpbmc9InV0Zi04IiBFeHBlY3RlZEh0dHBTdGF0dXNDb2RlPSIwIiBFeHBlY3RlZFJlc3BvbnNlVXJsPSIiIFJlcG9ydGluZ05hbWU9IiIgSWdub3JlSHR0cFN0YXR1c0NvZGU9IkZhbHNlIj4NCiAgICAgIDxRdWVyeVN0cmluZ1BhcmFtZXRlcnM+DQogICAgICAgIDxRdWVyeVN0cmluZ1BhcmFtZXRlciBOYW1lPSJxdWVyeSIgVmFsdWU9Imh0dHAlM0ElMkYlMkZteXNhdWNlZmFjdG9yeS1kZW1vLmF6dXJld2Vic2l0ZXMubmV0JTJGIiBSZWNvcmRlZFZhbHVlPSJodHRwJTNBJTJGJTJGbXlzYXVjZWZhY3RvcnktZGVtby5henVyZXdlYnNpdGVzLm5ldCUyRiIgQ29ycmVsYXRpb25CaW5kaW5nPSIiIFVybEVuY29kZT0iRmFsc2UiIFVzZVRvR3JvdXBSZXN1bHRzPSJGYWxzZSIgLz4NCiAgICAgICAgPFF1ZXJ5U3RyaW5nUGFyYW1ldGVyIE5hbWU9Im1heHdpZHRoIiBWYWx1ZT0iMzI3NjUiIFJlY29yZGVkVmFsdWU9IjMyNzY1IiBDb3JyZWxhdGlvbkJpbmRpbmc9IiIgVXJsRW5jb2RlPSJGYWxzZSIgVXNlVG9Hcm91cFJlc3VsdHM9IkZhbHNlIiAvPg0KICAgICAgICA8UXVlcnlTdHJpbmdQYXJhbWV0ZXIgTmFtZT0icm93aGVpZ2h0IiBWYWx1ZT0iMjAiIFJlY29yZGVkVmFsdWU9IjIwIiBDb3JyZWxhdGlvbkJpbmRpbmc9IiIgVXJsRW5jb2RlPSJGYWxzZSIgVXNlVG9Hcm91cFJlc3VsdHM9IkZhbHNlIiAvPg0KICAgICAgICA8UXVlcnlTdHJpbmdQYXJhbWV0ZXIgTmFtZT0ic2VjdGlvbkhlaWdodCIgVmFsdWU9IjE2MCIgUmVjb3JkZWRWYWx1ZT0iMTYwIiBDb3JyZWxhdGlvbkJpbmRpbmc9IiIgVXJsRW5jb2RlPSJGYWxzZSIgVXNlVG9Hcm91cFJlc3VsdHM9IkZhbHNlIiAvPg0KICAgICAgICA8UXVlcnlTdHJpbmdQYXJhbWV0ZXIgTmFtZT0iRk9STSIgVmFsdWU9IklFU1MwMiIgUmVjb3JkZWRWYWx1ZT0iSUVTUzAyIiBDb3JyZWxhdGlvbkJpbmRpbmc9IiIgVXJsRW5jb2RlPSJGYWxzZSIgVXNlVG9Hcm91cFJlc3VsdHM9IkZhbHNlIiAvPg0KICAgICAgICA8UXVlcnlTdHJpbmdQYXJhbWV0ZXIgTmFtZT0ibWFya2V0IiBWYWx1ZT0iamEiIFJlY29yZGVkVmFsdWU9ImphIiBDb3JyZWxhdGlvbkJpbmRpbmc9IiIgVXJsRW5jb2RlPSJGYWxzZSIgVXNlVG9Hcm91cFJlc3VsdHM9IkZhbHNlIiAvPg0KICAgICAgPC9RdWVyeVN0cmluZ1BhcmFtZXRlcnM+DQogICAgPC9SZXF1ZXN0Pg0KICAgIDxSZXF1ZXN0IE1ldGhvZD0iR0VUIiBHdWlkPSJkZDIxYjhiZS03NmNkLTRlMjEtYjhhNi1hNzYwNDA4YTBkYjMiIFZlcnNpb249IjEuMSIgVXJsPSJodHRwOi8vYXBpLmJpbmcuY29tL3FzbWwuYXNweCIgVGhpbmtUaW1lPSIxIiBUaW1lb3V0PSIzMDAiIFBhcnNlRGVwZW5kZW50UmVxdWVzdHM9IlRydWUiIEZvbGxvd1JlZGlyZWN0cz0iVHJ1ZSIgUmVjb3JkUmVzdWx0PSJUcnVlIiBDYWNoZT0iRmFsc2UiIFJlc3BvbnNlVGltZUdvYWw9IjAiIEVuY29kaW5nPSJ1dGYtOCIgRXhwZWN0ZWRIdHRwU3RhdHVzQ29kZT0iMCIgRXhwZWN0ZWRSZXNwb25zZVVybD0iIiBSZXBvcnRpbmdOYW1lPSIiIElnbm9yZUh0dHBTdGF0dXNDb2RlPSJGYWxzZSI+DQogICAgICA8UXVlcnlTdHJpbmdQYXJhbWV0ZXJzPg0KICAgICAgICA8UXVlcnlTdHJpbmdQYXJhbWV0ZXIgTmFtZT0icXVlcnkiIFZhbHVlPSJodHRwJTNBJTJGJTJGbXlzYXVjZWZhY3RvcnktZGVtby5henVyZXdlYnNpdGVzLm5ldCUyRiIgUmVjb3JkZWRWYWx1ZT0iaHR0cCUzQSUyRiUyRm15c2F1Y2VmYWN0b3J5LWRlbW8uYXp1cmV3ZWJzaXRlcy5uZXQlMkYiIENvcnJlbGF0aW9uQmluZGluZz0iIiBVcmxFbmNvZGU9IkZhbHNlIiBVc2VUb0dyb3VwUmVzdWx0cz0iRmFsc2UiIC8+DQogICAgICAgIDxRdWVyeVN0cmluZ1BhcmFtZXRlciBOYW1lPSJtYXh3aWR0aCIgVmFsdWU9IjMyNzY1IiBSZWNvcmRlZFZhbHVlPSIzMjc2NSIgQ29ycmVsYXRpb25CaW5kaW5nPSIiIFVybEVuY29kZT0iRmFsc2UiIFVzZVRvR3JvdXBSZXN1bHRzPSJGYWxzZSIgLz4NCiAgICAgICAgPFF1ZXJ5U3RyaW5nUGFyYW1ldGVyIE5hbWU9InJvd2hlaWdodCIgVmFsdWU9IjIwIiBSZWNvcmRlZFZhbHVlPSIyMCIgQ29ycmVsYXRpb25CaW5kaW5nPSIiIFVybEVuY29kZT0iRmFsc2UiIFVzZVRvR3JvdXBSZXN1bHRzPSJGYWxzZSIgLz4NCiAgICAgICAgPFF1ZXJ5U3RyaW5nUGFyYW1ldGVyIE5hbWU9InNlY3Rpb25IZWlnaHQiIFZhbHVlPSIxNjAiIFJlY29yZGVkVmFsdWU9IjE2MCIgQ29ycmVsYXRpb25CaW5kaW5nPSIiIFVybEVuY29kZT0iRmFsc2UiIFVzZVRvR3JvdXBSZXN1bHRzPSJGYWxzZSIgLz4NCiAgICAgICAgPFF1ZXJ5U3RyaW5nUGFyYW1ldGVyIE5hbWU9IkZPUk0iIFZhbHVlPSJJRVNTMDIiIFJlY29yZGVkVmFsdWU9IklFU1MwMiIgQ29ycmVsYXRpb25CaW5kaW5nPSIiIFVybEVuY29kZT0iRmFsc2UiIFVzZVRvR3JvdXBSZXN1bHRzPSJGYWxzZSIgLz4NCiAgICAgICAgPFF1ZXJ5U3RyaW5nUGFyYW1ldGVyIE5hbWU9Im1hcmtldCIgVmFsdWU9ImphIiBSZWNvcmRlZFZhbHVlPSJqYSIgQ29ycmVsYXRpb25CaW5kaW5nPSIiIFVybEVuY29kZT0iRmFsc2UiIFVzZVRvR3JvdXBSZXN1bHRzPSJGYWxzZSIgLz4NCiAgICAgIDwvUXVlcnlTdHJpbmdQYXJhbWV0ZXJzPg0KICAgIDwvUmVxdWVzdD4NCiAgICA8UmVxdWVzdCBNZXRob2Q9IkdFVCIgR3VpZD0iMjJmMDIxYTctOWFhMy00OWU4LTgwMWEtMzUwOTk3ZTVmNWIyIiBWZXJzaW9uPSIxLjEiIFVybD0iaHR0cDovL215c2F1Y2VmYWN0b3J5LWRlbW8uYXp1cmV3ZWJzaXRlcy5uZXQvIiBUaGlua1RpbWU9IjAiIFRpbWVvdXQ9IjMwMCIgUGFyc2VEZXBlbmRlbnRSZXF1ZXN0cz0iVHJ1ZSIgRm9sbG93UmVkaXJlY3RzPSJUcnVlIiBSZWNvcmRSZXN1bHQ9IlRydWUiIENhY2hlPSJGYWxzZSIgUmVzcG9uc2VUaW1lR29hbD0iMCIgRW5jb2Rpbmc9InV0Zi04IiBFeHBlY3RlZEh0dHBTdGF0dXNDb2RlPSIwIiBFeHBlY3RlZFJlc3BvbnNlVXJsPSIiIFJlcG9ydGluZ05hbWU9IiIgSWdub3JlSHR0cFN0YXR1c0NvZGU9IkZhbHNlIj4NCiAgICAgIDxEZXBlbmRlbnRSZXF1ZXN0cz4NCiAgICAgICAgPFJlcXVlc3QgTWV0aG9kPSJHRVQiIEd1aWQ9IjNjNDM4N2EzLTlmN2ItNGJmMS04MjJhLTVkNjdjMTUyNDMwMiIgVmVyc2lvbj0iMS4xIiBVcmw9Imh0dHA6Ly9teXNhdWNlZmFjdG9yeS1kZW1vLmF6dXJld2Vic2l0ZXMubmV0L2ZvbnRzL2ZvbnRhd2Vzb21lLXdlYmZvbnQuZW90IiBUaGlua1RpbWU9IjAiIFRpbWVvdXQ9IjMwMCIgUGFyc2VEZXBlbmRlbnRSZXF1ZXN0cz0iVHJ1ZSIgRm9sbG93UmVkaXJlY3RzPSJUcnVlIiBSZWNvcmRSZXN1bHQ9IlRydWUiIENhY2hlPSJGYWxzZSIgUmVzcG9uc2VUaW1lR29hbD0iMCIgRW5jb2Rpbmc9InV0Zi04IiBFeHBlY3RlZEh0dHBTdGF0dXNDb2RlPSIwIiBFeHBlY3RlZFJlc3BvbnNlVXJsPSIiIFJlcG9ydGluZ05hbWU9IiIgSWdub3JlSHR0cFN0YXR1c0NvZGU9IkZhbHNlIj4NCiAgICAgICAgICA8SGVhZGVycz4NCiAgICAgICAgICAgIDxIZWFkZXIgTmFtZT0iUmVmZXJlciIgVmFsdWU9Imh0dHA6Ly9teXNhdWNlZmFjdG9yeS1kZW1vLmF6dXJld2Vic2l0ZXMubmV0LyIgLz4NCiAgICAgICAgICA8L0hlYWRlcnM+DQogICAgICAgICAgPFF1ZXJ5U3RyaW5nUGFyYW1ldGVycz4NCiAgICAgICAgICAgIDxRdWVyeVN0cmluZ1BhcmFtZXRlciBOYW1lPSIiIFZhbHVlPSIiIFJlY29yZGVkVmFsdWU9IiIgQ29ycmVsYXRpb25CaW5kaW5nPSIiIFVybEVuY29kZT0iRmFsc2UiIFVzZVRvR3JvdXBSZXN1bHRzPSJGYWxzZSIgLz4NCiAgICAgICAgICA8L1F1ZXJ5U3RyaW5nUGFyYW1ldGVycz4NCiAgICAgICAgPC9SZXF1ZXN0Pg0KICAgICAgICA8UmVxdWVzdCBNZXRob2Q9Ik9QVElPTlMiIEd1aWQ9IjY0OTcwYThkLTkyOWItNGVhMC1iMTM5LTg4ZDcyMDk1MjY3MiIgVmVyc2lvbj0iMS4xIiBVcmw9Imh0dHBzOi8vZ3cubXlzYXVjZWZhY3RvcnkuY29tL2Rldi9teXNhdWNlLWFwaS1wcm94eS1kZXYvdjEuMC9mZWF0dXJlZHByb2R1Y3RzIiBUaGlua1RpbWU9IjAiIFRpbWVvdXQ9IjMwMCIgUGFyc2VEZXBlbmRlbnRSZXF1ZXN0cz0iVHJ1ZSIgRm9sbG93UmVkaXJlY3RzPSJUcnVlIiBSZWNvcmRSZXN1bHQ9IlRydWUiIENhY2hlPSJGYWxzZSIgUmVzcG9uc2VUaW1lR29hbD0iMCIgRW5jb2Rpbmc9InV0Zi04IiBFeHBlY3RlZEh0dHBTdGF0dXNDb2RlPSIwIiBFeHBlY3RlZFJlc3BvbnNlVXJsPSIiIFJlcG9ydGluZ05hbWU9IiIgSWdub3JlSHR0cFN0YXR1c0NvZGU9IkZhbHNlIj4NCiAgICAgICAgICA8UXVlcnlTdHJpbmdQYXJhbWV0ZXJzPg0KICAgICAgICAgICAgPFF1ZXJ5U3RyaW5nUGFyYW1ldGVyIE5hbWU9ImZpZWxkcyIgVmFsdWU9ImlkJTJDcHJvZHVjdF9pZCUyQ3RpdGxlJTJDcGljdHVyZSIgUmVjb3JkZWRWYWx1ZT0iaWQlMkNwcm9kdWN0X2lkJTJDdGl0bGUlMkNwaWN0dXJlIiBDb3JyZWxhdGlvbkJpbmRpbmc9IiIgVXJsRW5jb2RlPSJGYWxzZSIgVXNlVG9Hcm91cFJlc3VsdHM9IkZhbHNlIiAvPg0KICAgICAgICAgICAgPFF1ZXJ5U3RyaW5nUGFyYW1ldGVyIE5hbWU9ImxpbWl0IiBWYWx1ZT0iNSIgUmVjb3JkZWRWYWx1ZT0iNSIgQ29ycmVsYXRpb25CaW5kaW5nPSIiIFVybEVuY29kZT0iRmFsc2UiIFVzZVRvR3JvdXBSZXN1bHRzPSJGYWxzZSIgLz4NCiAgICAgICAgICAgIDxRdWVyeVN0cmluZ1BhcmFtZXRlciBOYW1lPSJvZmZzZXQiIFZhbHVlPSIwIiBSZWNvcmRlZFZhbHVlPSIwIiBDb3JyZWxhdGlvbkJpbmRpbmc9IiIgVXJsRW5jb2RlPSJGYWxzZSIgVXNlVG9Hcm91cFJlc3VsdHM9IkZhbHNlIiAvPg0KICAgICAgICAgICAgPFF1ZXJ5U3RyaW5nUGFyYW1ldGVyIE5hbWU9InNvcnQiIFZhbHVlPSJwcm9kdWN0X2lkIiBSZWNvcmRlZFZhbHVlPSJwcm9kdWN0X2lkIiBDb3JyZWxhdGlvbkJpbmRpbmc9IiIgVXJsRW5jb2RlPSJGYWxzZSIgVXNlVG9Hcm91cFJlc3VsdHM9IkZhbHNlIiAvPg0KICAgICAgICAgICAgPFF1ZXJ5U3RyaW5nUGFyYW1ldGVyIE5hbWU9ImFzYyIgVmFsdWU9InRydWUiIFJlY29yZGVkVmFsdWU9InRydWUiIENvcnJlbGF0aW9uQmluZGluZz0iIiBVcmxFbmNvZGU9IkZhbHNlIiBVc2VUb0dyb3VwUmVzdWx0cz0iRmFsc2UiIC8+DQogICAgICAgICAgPC9RdWVyeVN0cmluZ1BhcmFtZXRlcnM+DQogICAgICAgICAgPFN0cmluZ0h0dHBCb2R5IENvbnRlbnRUeXBlPSIiIEluc2VydEJ5dGVPcmRlck1hcms9IkZhbHNlIj4NCiAgICAgICAgICA8L1N0cmluZ0h0dHBCb2R5Pg0KICAgICAgICA8L1JlcXVlc3Q+DQogICAgICAgIDxSZXF1ZXN0IE1ldGhvZD0iR0VUIiBHdWlkPSIzNzllODg5Yy00MDIyLTRmMWYtOTdiZS0zNzMwNTUzN2Y1ZDYiIFZlcnNpb249IjEuMSIgVXJsPSJodHRwczovL2d3Lm15c2F1Y2VmYWN0b3J5LmNvbS9kZXYvbXlzYXVjZS1hcGktcHJveHktZGV2L3YxLjAvZmVhdHVyZWRwcm9kdWN0cyIgVGhpbmtUaW1lPSIwIiBUaW1lb3V0PSIzMDAiIFBhcnNlRGVwZW5kZW50UmVxdWVzdHM9IlRydWUiIEZvbGxvd1JlZGlyZWN0cz0iVHJ1ZSIgUmVjb3JkUmVzdWx0PSJUcnVlIiBDYWNoZT0iRmFsc2UiIFJlc3BvbnNlVGltZUdvYWw9IjAiIEVuY29kaW5nPSJ1dGYtOCIgRXhwZWN0ZWRIdHRwU3RhdHVzQ29kZT0iMCIgRXhwZWN0ZWRSZXNwb25zZVVybD0iIiBSZXBvcnRpbmdOYW1lPSIiIElnbm9yZUh0dHBTdGF0dXNDb2RlPSJGYWxzZSI+DQogICAgICAgICAgPEhlYWRlcnM+DQogICAgICAgICAgICA8SGVhZGVyIE5hbWU9IkFjY2VwdCIgVmFsdWU9IiovKiIgLz4NCiAgICAgICAgICAgIDxIZWFkZXIgTmFtZT0iUmVmZXJlciIgVmFsdWU9Imh0dHA6Ly9teXNhdWNlZmFjdG9yeS1kZW1vLmF6dXJld2Vic2l0ZXMubmV0LyIgLz4NCiAgICAgICAgICA8L0hlYWRlcnM+DQogICAgICAgICAgPFF1ZXJ5U3RyaW5nUGFyYW1ldGVycz4NCiAgICAgICAgICAgIDxRdWVyeVN0cmluZ1BhcmFtZXRlciBOYW1lPSJmaWVsZHMiIFZhbHVlPSJpZCUyQ3Byb2R1Y3RfaWQlMkN0aXRsZSUyQ3BpY3R1cmUiIFJlY29yZGVkVmFsdWU9ImlkJTJDcHJvZHVjdF9pZCUyQ3RpdGxlJTJDcGljdHVyZSIgQ29ycmVsYXRpb25CaW5kaW5nPSIiIFVybEVuY29kZT0iRmFsc2UiIFVzZVRvR3JvdXBSZXN1bHRzPSJGYWxzZSIgLz4NCiAgICAgICAgICAgIDxRdWVyeVN0cmluZ1BhcmFtZXRlciBOYW1lPSJsaW1pdCIgVmFsdWU9IjUiIFJlY29yZGVkVmFsdWU9IjUiIENvcnJlbGF0aW9uQmluZGluZz0iIiBVcmxFbmNvZGU9IkZhbHNlIiBVc2VUb0dyb3VwUmVzdWx0cz0iRmFsc2UiIC8+DQogICAgICAgICAgICA8UXVlcnlTdHJpbmdQYXJhbWV0ZXIgTmFtZT0ib2Zmc2V0IiBWYWx1ZT0iMCIgUmVjb3JkZWRWYWx1ZT0iMCIgQ29ycmVsYXRpb25CaW5kaW5nPSIiIFVybEVuY29kZT0iRmFsc2UiIFVzZVRvR3JvdXBSZXN1bHRzPSJGYWxzZSIgLz4NCiAgICAgICAgICAgIDxRdWVyeVN0cmluZ1BhcmFtZXRlciBOYW1lPSJzb3J0IiBWYWx1ZT0icHJvZHVjdF9pZCIgUmVjb3JkZWRWYWx1ZT0icHJvZHVjdF9pZCIgQ29ycmVsYXRpb25CaW5kaW5nPSIiIFVybEVuY29kZT0iRmFsc2UiIFVzZVRvR3JvdXBSZXN1bHRzPSJGYWxzZSIgLz4NCiAgICAgICAgICAgIDxRdWVyeVN0cmluZ1BhcmFtZXRlciBOYW1lPSJhc2MiIFZhbHVlPSJ0cnVlIiBSZWNvcmRlZFZhbHVlPSJ0cnVlIiBDb3JyZWxhdGlvbkJpbmRpbmc9IiIgVXJsRW5jb2RlPSJGYWxzZSIgVXNlVG9Hcm91cFJlc3VsdHM9IkZhbHNlIiAvPg0KICAgICAgICAgIDwvUXVlcnlTdHJpbmdQYXJhbWV0ZXJzPg0KICAgICAgICA8L1JlcXVlc3Q+DQogICAgICAgIDxSZXF1ZXN0IE1ldGhvZD0iT1BUSU9OUyIgR3VpZD0iMTg3OGVhMmUtNDYxNy00NjJmLWI2MTktNzc1ZGFjMzJkNTI5IiBWZXJzaW9uPSIxLjEiIFVybD0iaHR0cHM6Ly9ndy5teXNhdWNlZmFjdG9yeS5jb20vZGV2L215c2F1Y2UtYXBpLXByb3h5LWRldi92MS4wL3Byb2R1Y3RzLzVjYjg0ZjQ3LWM5MTMtNDA2NS03NTRjLTA4ZDQxNDBiZmIzOCIgVGhpbmtUaW1lPSIwIiBUaW1lb3V0PSIzMDAiIFBhcnNlRGVwZW5kZW50UmVxdWVzdHM9IlRydWUiIEZvbGxvd1JlZGlyZWN0cz0iVHJ1ZSIgUmVjb3JkUmVzdWx0PSJUcnVlIiBDYWNoZT0iRmFsc2UiIFJlc3BvbnNlVGltZUdvYWw9IjAiIEVuY29kaW5nPSJ1dGYtOCIgRXhwZWN0ZWRIdHRwU3RhdHVzQ29kZT0iMCIgRXhwZWN0ZWRSZXNwb25zZVVybD0iIiBSZXBvcnRpbmdOYW1lPSIiIElnbm9yZUh0dHBTdGF0dXNDb2RlPSJGYWxzZSI+DQogICAgICAgICAgPEhlYWRlcnM+DQogICAgICAgICAgICA8SGVhZGVyIE5hbWU9IkF1dGhvcml6YXRpb24iIFZhbHVlPSJ4eHgiIC8+DQogICAgICAgICAgPC9IZWFkZXJzPg0KICAgICAgICAgIDxRdWVyeVN0cmluZ1BhcmFtZXRlcnM+DQogICAgICAgICAgICA8UXVlcnlTdHJpbmdQYXJhbWV0ZXIgTmFtZT0iZmllbGRzIiBWYWx1ZT0ibmFtZSIgUmVjb3JkZWRWYWx1ZT0ibmFtZSIgQ29ycmVsYXRpb25CaW5kaW5nPSIiIFVybEVuY29kZT0iRmFsc2UiIFVzZVRvR3JvdXBSZXN1bHRzPSJGYWxzZSIgLz4NCiAgICAgICAgICA8L1F1ZXJ5U3RyaW5nUGFyYW1ldGVycz4NCiAgICAgICAgICA8U3RyaW5nSHR0cEJvZHkgQ29udGVudFR5cGU9IiIgSW5zZXJ0Qnl0ZU9yZGVyTWFyaz0iRmFsc2UiPg0KICAgICAgICAgIDwvU3RyaW5nSHR0cEJvZHk+DQogICAgICAgIDwvUmVxdWVzdD4NCiAgICAgICAgPFJlcXVlc3QgTWV0aG9kPSJHRVQiIEd1aWQ9IjRmNTg2ZTBiLWNiYmEtNDU5OC1iN2NkLTE2NmViZmUyZTNkZiIgVmVyc2lvbj0iMS4xIiBVcmw9Imh0dHBzOi8vZ3cubXlzYXVjZWZhY3RvcnkuY29tL2Rldi9teXNhdWNlLWFwaS1wcm94eS1kZXYvdjEuMC9wcm9kdWN0cy81Y2I4NGY0Ny1jOTEzLTQwNjUtNzU0Yy0wOGQ0MTQwYmZiMzgiIFRoaW5rVGltZT0iMCIgVGltZW91dD0iMzAwIiBQYXJzZURlcGVuZGVudFJlcXVlc3RzPSJUcnVlIiBGb2xsb3dSZWRpcmVjdHM9IlRydWUiIFJlY29yZFJlc3VsdD0iVHJ1ZSIgQ2FjaGU9IkZhbHNlIiBSZXNwb25zZVRpbWVHb2FsPSIwIiBFbmNvZGluZz0idXRmLTgiIEV4cGVjdGVkSHR0cFN0YXR1c0NvZGU9IjAiIEV4cGVjdGVkUmVzcG9uc2VVcmw9IiIgUmVwb3J0aW5nTmFtZT0iIiBJZ25vcmVIdHRwU3RhdHVzQ29kZT0iRmFsc2UiPg0KICAgICAgICAgIDxIZWFkZXJzPg0KICAgICAgICAgICAgPEhlYWRlciBOYW1lPSJBY2NlcHQiIFZhbHVlPSIqLyoiIC8+DQogICAgICAgICAgICA8SGVhZGVyIE5hbWU9IlJlZmVyZXIiIFZhbHVlPSJodHRwOi8vbXlzYXVjZWZhY3RvcnktZGVtby5henVyZXdlYnNpdGVzLm5ldC8iIC8+DQogICAgICAgICAgICA8SGVhZGVyIE5hbWU9IkF1dGhvcml6YXRpb24iIFZhbHVlPSJ4eHgiIC8+DQogICAgICAgICAgPC9IZWFkZXJzPg0KICAgICAgICAgIDxRdWVyeVN0cmluZ1BhcmFtZXRlcnM+DQogICAgICAgICAgICA8UXVlcnlTdHJpbmdQYXJhbWV0ZXIgTmFtZT0iZmllbGRzIiBWYWx1ZT0ibmFtZSIgUmVjb3JkZWRWYWx1ZT0ibmFtZSIgQ29ycmVsYXRpb25CaW5kaW5nPSIiIFVybEVuY29kZT0iRmFsc2UiIFVzZVRvR3JvdXBSZXN1bHRzPSJGYWxzZSIgLz4NCiAgICAgICAgICA8L1F1ZXJ5U3RyaW5nUGFyYW1ldGVycz4NCiAgICAgICAgPC9SZXF1ZXN0Pg0KICAgICAgICA8UmVxdWVzdCBNZXRob2Q9Ik9QVElPTlMiIEd1aWQ9IjAyYWNiODNlLTEyYTYtNDIyNC05YjY2LWQzODhlZjY0OWQ0NSIgVmVyc2lvbj0iMS4xIiBVcmw9Imh0dHBzOi8vZ3cubXlzYXVjZWZhY3RvcnkuY29tL2Rldi9teXNhdWNlLWFwaS1wcm94eS1kZXYvdjEuMC9wcm9kdWN0cy9jNDhmNWJmNS1kZjI4LTQzMDktNzU0ZS0wOGQ0MTQwYmZiMzgiIFRoaW5rVGltZT0iMCIgVGltZW91dD0iMzAwIiBQYXJzZURlcGVuZGVudFJlcXVlc3RzPSJUcnVlIiBGb2xsb3dSZWRpcmVjdHM9IlRydWUiIFJlY29yZFJlc3VsdD0iVHJ1ZSIgQ2FjaGU9IkZhbHNlIiBSZXNwb25zZVRpbWVHb2FsPSIwIiBFbmNvZGluZz0idXRmLTgiIEV4cGVjdGVkSHR0cFN0YXR1c0NvZGU9IjAiIEV4cGVjdGVkUmVzcG9uc2VVcmw9IiIgUmVwb3J0aW5nTmFtZT0iIiBJZ25vcmVIdHRwU3RhdHVzQ29kZT0iRmFsc2UiPg0KICAgICAgICAgIDxIZWFkZXJzPg0KICAgICAgICAgICAgPEhlYWRlciBOYW1lPSJBdXRob3JpemF0aW9uIiBWYWx1ZT0ieHh4IiAvPg0KICAgICAgICAgIDwvSGVhZGVycz4NCiAgICAgICAgICA8UXVlcnlTdHJpbmdQYXJhbWV0ZXJzPg0KICAgICAgICAgICAgPFF1ZXJ5U3RyaW5nUGFyYW1ldGVyIE5hbWU9ImZpZWxkcyIgVmFsdWU9Im5hbWUiIFJlY29yZGVkVmFsdWU9Im5hbWUiIENvcnJlbGF0aW9uQmluZGluZz0iIiBVcmxFbmNvZGU9IkZhbHNlIiBVc2VUb0dyb3VwUmVzdWx0cz0iRmFsc2UiIC8+DQogICAgICAgICAgPC9RdWVyeVN0cmluZ1BhcmFtZXRlcnM+DQogICAgICAgICAgPFN0cmluZ0h0dHBCb2R5IENvbnRlbnRUeXBlPSIiIEluc2VydEJ5dGVPcmRlck1hcms9IkZhbHNlIj4NCiAgICAgICAgICA8L1N0cmluZ0h0dHBCb2R5Pg0KICAgICAgICA8L1JlcXVlc3Q+DQogICAgICAgIDxSZXF1ZXN0IE1ldGhvZD0iR0VUIiBHdWlkPSI5MTQ1Zjk3NS00MmU1LTRjOGMtYjg2MS01M2FlZDE2MjgzOTEiIFZlcnNpb249IjEuMSIgVXJsPSJodHRwczovL2d3Lm15c2F1Y2VmYWN0b3J5LmNvbS9kZXYvbXlzYXVjZS1hcGktcHJveHktZGV2L3YxLjAvcHJvZHVjdHMvYzQ4ZjViZjUtZGYyOC00MzA5LTc1NGUtMDhkNDE0MGJmYjM4IiBUaGlua1RpbWU9IjAiIFRpbWVvdXQ9IjMwMCIgUGFyc2VEZXBlbmRlbnRSZXF1ZXN0cz0iVHJ1ZSIgRm9sbG93UmVkaXJlY3RzPSJUcnVlIiBSZWNvcmRSZXN1bHQ9IlRydWUiIENhY2hlPSJGYWxzZSIgUmVzcG9uc2VUaW1lR29hbD0iMCIgRW5jb2Rpbmc9InV0Zi04IiBFeHBlY3RlZEh0dHBTdGF0dXNDb2RlPSIwIiBFeHBlY3RlZFJlc3BvbnNlVXJsPSIiIFJlcG9ydGluZ05hbWU9IiIgSWdub3JlSHR0cFN0YXR1c0NvZGU9IkZhbHNlIj4NCiAgICAgICAgICA8SGVhZGVycz4NCiAgICAgICAgICAgIDxIZWFkZXIgTmFtZT0iQWNjZXB0IiBWYWx1ZT0iKi8qIiAvPg0KICAgICAgICAgICAgPEhlYWRlciBOYW1lPSJSZWZlcmVyIiBWYWx1ZT0iaHR0cDovL215c2F1Y2VmYWN0b3J5LWRlbW8uYXp1cmV3ZWJzaXRlcy5uZXQvIiAvPg0KICAgICAgICAgICAgPEhlYWRlciBOYW1lPSJBdXRob3JpemF0aW9uIiBWYWx1ZT0ieHh4IiAvPg0KICAgICAgICAgIDwvSGVhZGVycz4NCiAgICAgICAgICA8UXVlcnlTdHJpbmdQYXJhbWV0ZXJzPg0KICAgICAgICAgICAgPFF1ZXJ5U3RyaW5nUGFyYW1ldGVyIE5hbWU9ImZpZWxkcyIgVmFsdWU9Im5hbWUiIFJlY29yZGVkVmFsdWU9Im5hbWUiIENvcnJlbGF0aW9uQmluZGluZz0iIiBVcmxFbmNvZGU9IkZhbHNlIiBVc2VUb0dyb3VwUmVzdWx0cz0iRmFsc2UiIC8+DQogICAgICAgICAgPC9RdWVyeVN0cmluZ1BhcmFtZXRlcnM+DQogICAgICAgIDwvUmVxdWVzdD4NCiAgICAgICAgPFJlcXVlc3QgTWV0aG9kPSJPUFRJT05TIiBHdWlkPSI0NmMwYjVkZC0wMWE0LTRiMDctYTRjYy0yYjNkMTJkMDE2NTciIFZlcnNpb249IjEuMSIgVXJsPSJodHRwczovL2d3Lm15c2F1Y2VmYWN0b3J5LmNvbS9kZXYvbXlzYXVjZS1hcGktcHJveHktZGV2L3YxLjAvcHJvZHVjdHMvYTBhYTQ5YjktOWI5ZC00YTVlLTc1NTAtMDhkNDE0MGJmYjM4IiBUaGlua1RpbWU9IjAiIFRpbWVvdXQ9IjMwMCIgUGFyc2VEZXBlbmRlbnRSZXF1ZXN0cz0iVHJ1ZSIgRm9sbG93UmVkaXJlY3RzPSJUcnVlIiBSZWNvcmRSZXN1bHQ9IlRydWUiIENhY2hlPSJGYWxzZSIgUmVzcG9uc2VUaW1lR29hbD0iMCIgRW5jb2Rpbmc9InV0Zi04IiBFeHBlY3RlZEh0dHBTdGF0dXNDb2RlPSIwIiBFeHBlY3RlZFJlc3BvbnNlVXJsPSIiIFJlcG9ydGluZ05hbWU9IiIgSWdub3JlSHR0cFN0YXR1c0NvZGU9IkZhbHNlIj4NCiAgICAgICAgICA8SGVhZGVycz4NCiAgICAgICAgICAgIDxIZWFkZXIgTmFtZT0iQXV0aG9yaXphdGlvbiIgVmFsdWU9Inh4eCIgLz4NCiAgICAgICAgICA8L0hlYWRlcnM+DQogICAgICAgICAgPFF1ZXJ5U3RyaW5nUGFyYW1ldGVycz4NCiAgICAgICAgICAgIDxRdWVyeVN0cmluZ1BhcmFtZXRlciBOYW1lPSJmaWVsZHMiIFZhbHVlPSJuYW1lIiBSZWNvcmRlZFZhbHVlPSJuYW1lIiBDb3JyZWxhdGlvbkJpbmRpbmc9IiIgVXJsRW5jb2RlPSJGYWxzZSIgVXNlVG9Hcm91cFJlc3VsdHM9IkZhbHNlIiAvPg0KICAgICAgICAgIDwvUXVlcnlTdHJpbmdQYXJhbWV0ZXJzPg0KICAgICAgICAgIDxTdHJpbmdIdHRwQm9keSBDb250ZW50VHlwZT0iIiBJbnNlcnRCeXRlT3JkZXJNYXJrPSJGYWxzZSI+DQogICAgICAgICAgPC9TdHJpbmdIdHRwQm9keT4NCiAgICAgICAgPC9SZXF1ZXN0Pg0KICAgICAgICA8UmVxdWVzdCBNZXRob2Q9IkdFVCIgR3VpZD0iZWEyZDRjYzEtZWEwYi00NmI1LWE2ODMtYWQxMTEyYjg2MThhIiBWZXJzaW9uPSIxLjEiIFVybD0iaHR0cHM6Ly9ndy5teXNhdWNlZmFjdG9yeS5jb20vZGV2L215c2F1Y2UtYXBpLXByb3h5LWRldi92MS4wL3Byb2R1Y3RzL2EwYWE0OWI5LTliOWQtNGE1ZS03NTUwLTA4ZDQxNDBiZmIzOCIgVGhpbmtUaW1lPSIwIiBUaW1lb3V0PSIzMDAiIFBhcnNlRGVwZW5kZW50UmVxdWVzdHM9IlRydWUiIEZvbGxvd1JlZGlyZWN0cz0iVHJ1ZSIgUmVjb3JkUmVzdWx0PSJUcnVlIiBDYWNoZT0iRmFsc2UiIFJlc3BvbnNlVGltZUdvYWw9IjAiIEVuY29kaW5nPSJ1dGYtOCIgRXhwZWN0ZWRIdHRwU3RhdHVzQ29kZT0iMCIgRXhwZWN0ZWRSZXNwb25zZVVybD0iIiBSZXBvcnRpbmdOYW1lPSIiIElnbm9yZUh0dHBTdGF0dXNDb2RlPSJGYWxzZSI+DQogICAgICAgICAgPEhlYWRlcnM+DQogICAgICAgICAgICA8SGVhZGVyIE5hbWU9IkFjY2VwdCIgVmFsdWU9IiovKiIgLz4NCiAgICAgICAgICAgIDxIZWFkZXIgTmFtZT0iUmVmZXJlciIgVmFsdWU9Imh0dHA6Ly9teXNhdWNlZmFjdG9yeS1kZW1vLmF6dXJld2Vic2l0ZXMubmV0LyIgLz4NCiAgICAgICAgICAgIDxIZWFkZXIgTmFtZT0iQXV0aG9yaXphdGlvbiIgVmFsdWU9Inh4eCIgLz4NCiAgICAgICAgICA8L0hlYWRlcnM+DQogICAgICAgICAgPFF1ZXJ5U3RyaW5nUGFyYW1ldGVycz4NCiAgICAgICAgICAgIDxRdWVyeVN0cmluZ1BhcmFtZXRlciBOYW1lPSJmaWVsZHMiIFZhbHVlPSJuYW1lIiBSZWNvcmRlZFZhbHVlPSJuYW1lIiBDb3JyZWxhdGlvbkJpbmRpbmc9IiIgVXJsRW5jb2RlPSJGYWxzZSIgVXNlVG9Hcm91cFJlc3VsdHM9IkZhbHNlIiAvPg0KICAgICAgICAgIDwvUXVlcnlTdHJpbmdQYXJhbWV0ZXJzPg0KICAgICAgICA8L1JlcXVlc3Q+DQogICAgICAgIDxSZXF1ZXN0IE1ldGhvZD0iT1BUSU9OUyIgR3VpZD0iYTBiOWFiZDYtMjEzZC00Y2U1LWFjYjUtNjRiNGI4M2JhOTg1IiBWZXJzaW9uPSIxLjEiIFVybD0iaHR0cHM6Ly9ndy5teXNhdWNlZmFjdG9yeS5jb20vZGV2L215c2F1Y2UtYXBpLXByb3h5LWRldi92MS4wL3Byb2R1Y3RzLzY1OWJlMjQ0LTVmNGItNDQ1ZS03NTUyLTA4ZDQxNDBiZmIzOCIgVGhpbmtUaW1lPSIwIiBUaW1lb3V0PSIzMDAiIFBhcnNlRGVwZW5kZW50UmVxdWVzdHM9IlRydWUiIEZvbGxvd1JlZGlyZWN0cz0iVHJ1ZSIgUmVjb3JkUmVzdWx0PSJUcnVlIiBDYWNoZT0iRmFsc2UiIFJlc3BvbnNlVGltZUdvYWw9IjAiIEVuY29kaW5nPSJ1dGYtOCIgRXhwZWN0ZWRIdHRwU3RhdHVzQ29kZT0iMCIgRXhwZWN0ZWRSZXNwb25zZVVybD0iIiBSZXBvcnRpbmdOYW1lPSIiIElnbm9yZUh0dHBTdGF0dXNDb2RlPSJGYWxzZSI+DQogICAgICAgICAgPEhlYWRlcnM+DQogICAgICAgICAgICA8SGVhZGVyIE5hbWU9IkF1dGhvcml6YXRpb24iIFZhbHVlPSJ4eHgiIC8+DQogICAgICAgICAgPC9IZWFkZXJzPg0KICAgICAgICAgIDxRdWVyeVN0cmluZ1BhcmFtZXRlcnM+DQogICAgICAgICAgICA8UXVlcnlTdHJpbmdQYXJhbWV0ZXIgTmFtZT0iZmllbGRzIiBWYWx1ZT0ibmFtZSIgUmVjb3JkZWRWYWx1ZT0ibmFtZSIgQ29ycmVsYXRpb25CaW5kaW5nPSIiIFVybEVuY29kZT0iRmFsc2UiIFVzZVRvR3JvdXBSZXN1bHRzPSJGYWxzZSIgLz4NCiAgICAgICAgICA8L1F1ZXJ5U3RyaW5nUGFyYW1ldGVycz4NCiAgICAgICAgICA8U3RyaW5nSHR0cEJvZHkgQ29udGVudFR5cGU9IiIgSW5zZXJ0Qnl0ZU9yZGVyTWFyaz0iRmFsc2UiPg0KICAgICAgICAgIDwvU3RyaW5nSHR0cEJvZHk+DQogICAgICAgIDwvUmVxdWVzdD4NCiAgICAgICAgPFJlcXVlc3QgTWV0aG9kPSJHRVQiIEd1aWQ9IjljMTQ5Y2JjLWMzZTMtNDIyNS1hNmQ1LTdlYWM0MGZjYTVkZiIgVmVyc2lvbj0iMS4xIiBVcmw9Imh0dHBzOi8vZ3cubXlzYXVjZWZhY3RvcnkuY29tL2Rldi9teXNhdWNlLWFwaS1wcm94eS1kZXYvdjEuMC9wcm9kdWN0cy82NTliZTI0NC01ZjRiLTQ0NWUtNzU1Mi0wOGQ0MTQwYmZiMzgiIFRoaW5rVGltZT0iMCIgVGltZW91dD0iMzAwIiBQYXJzZURlcGVuZGVudFJlcXVlc3RzPSJUcnVlIiBGb2xsb3dSZWRpcmVjdHM9IlRydWUiIFJlY29yZFJlc3VsdD0iVHJ1ZSIgQ2FjaGU9IkZhbHNlIiBSZXNwb25zZVRpbWVHb2FsPSIwIiBFbmNvZGluZz0idXRmLTgiIEV4cGVjdGVkSHR0cFN0YXR1c0NvZGU9IjAiIEV4cGVjdGVkUmVzcG9uc2VVcmw9IiIgUmVwb3J0aW5nTmFtZT0iIiBJZ25vcmVIdHRwU3RhdHVzQ29kZT0iRmFsc2UiPg0KICAgICAgICAgIDxIZWFkZXJzPg0KICAgICAgICAgICAgPEhlYWRlciBOYW1lPSJBY2NlcHQiIFZhbHVlPSIqLyoiIC8+DQogICAgICAgICAgICA8SGVhZGVyIE5hbWU9IlJlZmVyZXIiIFZhbHVlPSJodHRwOi8vbXlzYXVjZWZhY3RvcnktZGVtby5henVyZXdlYnNpdGVzLm5ldC8iIC8+DQogICAgICAgICAgICA8SGVhZGVyIE5hbWU9IkF1dGhvcml6YXRpb24iIFZhbHVlPSJ4eHgiIC8+DQogICAgICAgICAgPC9IZWFkZXJzPg0KICAgICAgICAgIDxRdWVyeVN0cmluZ1BhcmFtZXRlcnM+DQogICAgICAgICAgICA8UXVlcnlTdHJpbmdQYXJhbWV0ZXIgTmFtZT0iZmllbGRzIiBWYWx1ZT0ibmFtZSIgUmVjb3JkZWRWYWx1ZT0ibmFtZSIgQ29ycmVsYXRpb25CaW5kaW5nPSIiIFVybEVuY29kZT0iRmFsc2UiIFVzZVRvR3JvdXBSZXN1bHRzPSJGYWxzZSIgLz4NCiAgICAgICAgICA8L1F1ZXJ5U3RyaW5nUGFyYW1ldGVycz4NCiAgICAgICAgPC9SZXF1ZXN0Pg0KICAgICAgICA8UmVxdWVzdCBNZXRob2Q9Ik9QVElPTlMiIEd1aWQ9IjM2NzZjOGM3LTJkN2YtNDlkMC04NmU2LWZhNmQ4ZWI5NmM1NyIgVmVyc2lvbj0iMS4xIiBVcmw9Imh0dHBzOi8vZ3cubXlzYXVjZWZhY3RvcnkuY29tL2Rldi9teXNhdWNlLWFwaS1wcm94eS1kZXYvdjEuMC9wcm9kdWN0cy9lMWNlMTBmNi0xZWEyLTRmNGQtNzU1Ni0wOGQ0MTQwYmZiMzgiIFRoaW5rVGltZT0iMCIgVGltZW91dD0iMzAwIiBQYXJzZURlcGVuZGVudFJlcXVlc3RzPSJUcnVlIiBGb2xsb3dSZWRpcmVjdHM9IlRydWUiIFJlY29yZFJlc3VsdD0iVHJ1ZSIgQ2FjaGU9IkZhbHNlIiBSZXNwb25zZVRpbWVHb2FsPSIwIiBFbmNvZGluZz0idXRmLTgiIEV4cGVjdGVkSHR0cFN0YXR1c0NvZGU9IjAiIEV4cGVjdGVkUmVzcG9uc2VVcmw9IiIgUmVwb3J0aW5nTmFtZT0iIiBJZ25vcmVIdHRwU3RhdHVzQ29kZT0iRmFsc2UiPg0KICAgICAgICAgIDxIZWFkZXJzPg0KICAgICAgICAgICAgPEhlYWRlciBOYW1lPSJBdXRob3JpemF0aW9uIiBWYWx1ZT0ieHh4IiAvPg0KICAgICAgICAgIDwvSGVhZGVycz4NCiAgICAgICAgICA8UXVlcnlTdHJpbmdQYXJhbWV0ZXJzPg0KICAgICAgICAgICAgPFF1ZXJ5U3RyaW5nUGFyYW1ldGVyIE5hbWU9ImZpZWxkcyIgVmFsdWU9Im5hbWUiIFJlY29yZGVkVmFsdWU9Im5hbWUiIENvcnJlbGF0aW9uQmluZGluZz0iIiBVcmxFbmNvZGU9IkZhbHNlIiBVc2VUb0dyb3VwUmVzdWx0cz0iRmFsc2UiIC8+DQogICAgICAgICAgPC9RdWVyeVN0cmluZ1BhcmFtZXRlcnM+DQogICAgICAgICAgPFN0cmluZ0h0dHBCb2R5IENvbnRlbnRUeXBlPSIiIEluc2VydEJ5dGVPcmRlck1hcms9IkZhbHNlIj4NCiAgICAgICAgICA8L1N0cmluZ0h0dHBCb2R5Pg0KICAgICAgICA8L1JlcXVlc3Q+DQogICAgICAgIDxSZXF1ZXN0IE1ldGhvZD0iR0VUIiBHdWlkPSIxNGI2Y2I5OC00YzMzLTQ4MGEtYTU4Yi1iZmM2MTQzY2FiZWYiIFZlcnNpb249IjEuMSIgVXJsPSJodHRwczovL2d3Lm15c2F1Y2VmYWN0b3J5LmNvbS9kZXYvbXlzYXVjZS1hcGktcHJveHktZGV2L3YxLjAvcHJvZHVjdHMvZTFjZTEwZjYtMWVhMi00ZjRkLTc1NTYtMDhkNDE0MGJmYjM4IiBUaGlua1RpbWU9IjEiIFRpbWVvdXQ9IjMwMCIgUGFyc2VEZXBlbmRlbnRSZXF1ZXN0cz0iVHJ1ZSIgRm9sbG93UmVkaXJlY3RzPSJUcnVlIiBSZWNvcmRSZXN1bHQ9IlRydWUiIENhY2hlPSJGYWxzZSIgUmVzcG9uc2VUaW1lR29hbD0iMCIgRW5jb2Rpbmc9InV0Zi04IiBFeHBlY3RlZEh0dHBTdGF0dXNDb2RlPSIwIiBFeHBlY3RlZFJlc3BvbnNlVXJsPSIiIFJlcG9ydGluZ05hbWU9IiIgSWdub3JlSHR0cFN0YXR1c0NvZGU9IkZhbHNlIj4NCiAgICAgICAgICA8SGVhZGVycz4NCiAgICAgICAgICAgIDxIZWFkZXIgTmFtZT0iQWNjZXB0IiBWYWx1ZT0iKi8qIiAvPg0KICAgICAgICAgICAgPEhlYWRlciBOYW1lPSJSZWZlcmVyIiBWYWx1ZT0iaHR0cDovL215c2F1Y2VmYWN0b3J5LWRlbW8uYXp1cmV3ZWJzaXRlcy5uZXQvIiAvPg0KICAgICAgICAgICAgPEhlYWRlciBOYW1lPSJBdXRob3JpemF0aW9uIiBWYWx1ZT0ieHh4IiAvPg0KICAgICAgICAgIDwvSGVhZGVycz4NCiAgICAgICAgICA8UXVlcnlTdHJpbmdQYXJhbWV0ZXJzPg0KICAgICAgICAgICAgPFF1ZXJ5U3RyaW5nUGFyYW1ldGVyIE5hbWU9ImZpZWxkcyIgVmFsdWU9Im5hbWUiIFJlY29yZGVkVmFsdWU9Im5hbWUiIENvcnJlbGF0aW9uQmluZGluZz0iIiBVcmxFbmNvZGU9IkZhbHNlIiBVc2VUb0dyb3VwUmVzdWx0cz0iRmFsc2UiIC8+DQogICAgICAgICAgPC9RdWVyeVN0cmluZ1BhcmFtZXRlcnM+DQogICAgICAgIDwvUmVxdWVzdD4NCiAgICAgIDwvRGVwZW5kZW50UmVxdWVzdHM+DQogICAgPC9SZXF1ZXN0Pg0KICAgIDxSZXF1ZXN0IE1ldGhvZD0iT1BUSU9OUyIgR3VpZD0iNjgwMDFmMmQtMDcwMS00NWE5LThiOTItYmE1YWU1MTJlNTFiIiBWZXJzaW9uPSIxLjEiIFVybD0iaHR0cHM6Ly9kYy5zZXJ2aWNlcy52aXN1YWxzdHVkaW8uY29tL3YyL3RyYWNrIiBUaGlua1RpbWU9IjAiIFRpbWVvdXQ9IjMwMCIgUGFyc2VEZXBlbmRlbnRSZXF1ZXN0cz0iVHJ1ZSIgRm9sbG93UmVkaXJlY3RzPSJUcnVlIiBSZWNvcmRSZXN1bHQ9IlRydWUiIENhY2hlPSJGYWxzZSIgUmVzcG9uc2VUaW1lR29hbD0iMCIgRW5jb2Rpbmc9InV0Zi04IiBFeHBlY3RlZEh0dHBTdGF0dXNDb2RlPSIwIiBFeHBlY3RlZFJlc3BvbnNlVXJsPSIiIFJlcG9ydGluZ05hbWU9IiIgSWdub3JlSHR0cFN0YXR1c0NvZGU9IkZhbHNlIj4NCiAgICAgIDxTdHJpbmdIdHRwQm9keSBDb250ZW50VHlwZT0iIiBJbnNlcnRCeXRlT3JkZXJNYXJrPSJGYWxzZSI+DQogICAgICA8L1N0cmluZ0h0dHBCb2R5Pg0KICAgIDwvUmVxdWVzdD4NCiAgICA8UmVxdWVzdCBNZXRob2Q9IlBPU1QiIEd1aWQ9IjNmNjdiMjUyLWY0YjYtNGM3Mi05OWRhLTRhMTEyMGU5YjExZCIgVmVyc2lvbj0iMS4xIiBVcmw9Imh0dHBzOi8vZGMuc2VydmljZXMudmlzdWFsc3R1ZGlvLmNvbS92Mi90cmFjayIgVGhpbmtUaW1lPSI1IiBUaW1lb3V0PSIzMDAiIFBhcnNlRGVwZW5kZW50UmVxdWVzdHM9IlRydWUiIEZvbGxvd1JlZGlyZWN0cz0iVHJ1ZSIgUmVjb3JkUmVzdWx0PSJUcnVlIiBDYWNoZT0iRmFsc2UiIFJlc3BvbnNlVGltZUdvYWw9IjAiIEVuY29kaW5nPSJ1dGYtOCIgRXhwZWN0ZWRIdHRwU3RhdHVzQ29kZT0iMCIgRXhwZWN0ZWRSZXNwb25zZVVybD0iIiBSZXBvcnRpbmdOYW1lPSIiIElnbm9yZUh0dHBTdGF0dXNDb2RlPSJGYWxzZSI+DQogICAgICA8SGVhZGVycz4NCiAgICAgICAgPEhlYWRlciBOYW1lPSJSZWZlcmVyIiBWYWx1ZT0iaHR0cDovL215c2F1Y2VmYWN0b3J5LWRlbW8uYXp1cmV3ZWJzaXRlcy5uZXQvIiAvPg0KICAgICAgPC9IZWFkZXJzPg0KICAgICAgPFN0cmluZ0h0dHBCb2R5IENvbnRlbnRUeXBlPSJhcHBsaWNhdGlvbi9qc29uIiBJbnNlcnRCeXRlT3JkZXJNYXJrPSJGYWxzZSI+V3dCN0FDSUFkQUJwQUcwQVpRQWlBRG9BSWdBeUFEQUFNUUEyQUMwQU1RQXlBQzBBTUFBeUFGUUFNQUE0QURvQU1RQTVBRG9BTWdBM0FDNEFPQUE1QURRQVdnQWlBQ3dBSWdCcEFFc0FaUUI1QUNJQU9nQWlBRGdBT1FCbEFEZ0FOUUJoQUdVQU5BQXRBR0VBTmdBNUFEQUFMUUEwQUdZQU9BQXhBQzBBT0FBekFEWUFOd0F0QURjQU1BQmhBR1VBTWdBMUFHVUFPQUJsQURJQVlnQTVBQ0lBTEFBaUFHNEFZUUJ0QUdVQUlnQTZBQ0lBVFFCcEFHTUFjZ0J2QUhNQWJ3Qm1BSFFBTGdCQkFIQUFjQUJzQUdrQVl3QmhBSFFBYVFCdkFHNEFTUUJ1QUhNQWFRQm5BR2dBZEFCekFDNEFPQUE1QUdVQU9BQTFBR0VBWlFBMEFHRUFOZ0E1QURBQU5BQm1BRGdBTVFBNEFETUFOZ0EzQURjQU1BQmhBR1VBTWdBMUFHVUFPQUJsQURJQVlnQTVBQzRBVUFCaEFHY0FaUUIyQUdrQVpRQjNBQ0lBTEFBaUFIUUFZUUJuQUhNQUlnQTZBSHNBSWdCaEFHa0FMZ0J6QUdVQWN3QnpBR2tBYndCdUFDNEFhUUJrQUNJQU9nQWlBRkFBTlFCSUFGTUFVQUFpQUN3QUlnQmhBR2tBTGdCekFHVUFjd0J6QUdrQWJ3QnVBQzRBYVFCekFFWUFhUUJ5QUhNQWRBQWlBRG9BSWdCMEFISUFkUUJsQUNJQUxBQWlBR0VBYVFBdUFHUUFaUUIyQUdrQVl3QmxBQzRBYVFCa0FDSUFPZ0FpQUdJQWNnQnZBSGNBY3dCbEFISUFJZ0FzQUNJQVlRQnBBQzRBWkFCbEFIWUFhUUJqQUdVQUxnQjBBSGtBY0FCbEFDSUFPZ0FpQUVJQWNnQnZBSGNBY3dCbEFISUFJZ0FzQUNJQVlRQnBBQzRBYVFCdUFIUUFaUUJ5QUc0QVlRQnNBQzRBWVFCbkFHVUFiZ0IwQUZZQVpRQnlBSE1BYVFCdkFHNEFJZ0E2QUNJQWN3QnVBR2tBY0FCd0FHVUFkQUE2QURFQUxnQXdBQ0lBTEFBaUFHRUFhUUF1QUdrQWJnQjBBR1VBY2dCdUFHRUFiQUF1QUhNQVpBQnJBRllBWlFCeUFITUFhUUJ2QUc0QUlnQTZBQ0lBYWdCaEFIWUFZUUJ6QUdNQWNnQnBBSEFBZEFBNkFERUFMZ0F3QUM0QU5BQWlBQ3dBSWdCaEFHa0FMZ0IxQUhNQVpRQnlBQzRBYVFCa0FDSUFPZ0FpQURBQVVRQjRBRmNBYVFBaUFDd0FJZ0JoQUdrQUxnQnZBSEFBWlFCeUFHRUFkQUJwQUc4QWJnQXVBR2tBWkFBaUFEb0FJZ0JKQUVzQVp3QjFBR2tBSWdBc0FDSUFZUUJwQUM0QWJ3QndBR1VBY2dCaEFIUUFhUUJ2QUc0QUxnQnVBR0VBYlFCbEFDSUFPZ0FpQUM4QUlnQjlBQ3dBSWdCa0FHRUFkQUJoQUNJQU9nQjdBQ0lBWWdCaEFITUFaUUJVQUhrQWNBQmxBQ0lBT2dBaUFGQUFZUUJuQUdVQWRnQnBBR1VBZHdCRUFHRUFkQUJoQUNJQUxBQWlBR0lBWVFCekFHVUFSQUJoQUhRQVlRQWlBRG9BZXdBaUFIWUFaUUJ5QUNJQU9nQXlBQ3dBSWdCdUFHRUFiUUJsQUNJQU9nQWlBRTBBZVFCVEFHRUFkUUJqQUdVQVJnQmhBR01BZEFCdkFISUFlUUFJLzk0d3BEQzlNUHd3dVREVk1LRXdyekRJTU9vdy9EQUoveUlBTEFBaUFIVUFjZ0JzQUNJQU9nQWlBR2dBZEFCMEFIQUFPZ0F2QUM4QWJRQjVBSE1BWVFCMUFHTUFaUUJtQUdFQVl3QjBBRzhBY2dCNUFDMEFaQUJsQUcwQWJ3QXVBR0VBZWdCMUFISUFaUUIzQUdVQVlnQnpBR2tBZEFCbEFITUFMZ0J1QUdVQWRBQXZBQ0lBTEFBaUFHUUFkUUJ5QUdFQWRBQnBBRzhBYmdBaUFEb0FJZ0F3QURBQU9nQXdBREFBT2dBd0FEUUFMZ0EyQURnQU5BQWlBSDBBZlFCOUFDd0Fld0FpQUhRQWFRQnRBR1VBSWdBNkFDSUFNZ0F3QURFQU5nQXRBREVBTWdBdEFEQUFNZ0JVQURBQU9BQTZBREVBT1FBNkFESUFOd0F1QURrQU1RQTJBRm9BSWdBc0FDSUFhUUJMQUdVQWVRQWlBRG9BSWdBNEFEa0FaUUE0QURVQVlRQmxBRFFBTFFCaEFEWUFPUUF3QUMwQU5BQm1BRGdBTVFBdEFEZ0FNd0EyQURjQUxRQTNBREFBWVFCbEFESUFOUUJsQURnQVpRQXlBR0lBT1FBaUFDd0FJZ0J1QUdFQWJRQmxBQ0lBT2dBaUFFMEFhUUJqQUhJQWJ3QnpBRzhBWmdCMEFDNEFRUUJ3QUhBQWJBQnBBR01BWVFCMEFHa0Fid0J1QUVrQWJnQnpBR2tBWndCb0FIUUFjd0F1QURnQU9RQmxBRGdBTlFCaEFHVUFOQUJoQURZQU9RQXdBRFFBWmdBNEFERUFPQUF6QURZQU53QTNBREFBWVFCbEFESUFOUUJsQURnQVpRQXlBR0lBT1FBdUFGQUFZUUJuQUdVQWRnQnBBR1VBZHdCUUFHVUFjZ0JtQUc4QWNnQnRBR0VBYmdCakFHVUFJZ0FzQUNJQWRBQmhBR2NBY3dBaUFEb0Fld0FpQUdFQWFRQXVBSE1BWlFCekFITUFhUUJ2QUc0QUxnQnBBR1FBSWdBNkFDSUFVQUExQUVnQVV3QlFBQ0lBTEFBaUFHRUFhUUF1QUhNQVpRQnpBSE1BYVFCdkFHNEFMZ0JwQUhNQVJnQnBBSElBY3dCMEFDSUFPZ0FpQUhRQWNnQjFBR1VBSWdBc0FDSUFZUUJwQUM0QVpBQmxBSFlBYVFCakFHVUFMZ0JwQUdRQUlnQTZBQ0lBWWdCeUFHOEFkd0J6QUdVQWNnQWlBQ3dBSWdCaEFHa0FMZ0JrQUdVQWRnQnBBR01BWlFBdUFIUUFlUUJ3QUdVQUlnQTZBQ0lBUWdCeUFHOEFkd0J6QUdVQWNnQWlBQ3dBSWdCaEFHa0FMZ0JwQUc0QWRBQmxBSElBYmdCaEFHd0FMZ0JoQUdjQVpRQnVBSFFBVmdCbEFISUFjd0JwQUc4QWJnQWlBRG9BSWdCekFHNEFhUUJ3QUhBQVpRQjBBRG9BTVFBdUFEQUFJZ0FzQUNJQVlRQnBBQzRBYVFCdUFIUUFaUUJ5QUc0QVlRQnNBQzRBY3dCa0FHc0FWZ0JsQUhJQWN3QnBBRzhBYmdBaUFEb0FJZ0JxQUdFQWRnQmhBSE1BWXdCeUFHa0FjQUIwQURvQU1RQXVBREFBTGdBMEFDSUFMQUFpQUdFQWFRQXVBSFVBY3dCbEFISUFMZ0JwQUdRQUlnQTZBQ0lBTUFCUkFIZ0FWd0JwQUNJQUxBQWlBR0VBYVFBdUFHOEFjQUJsQUhJQVlRQjBBR2tBYndCdUFDNEFhUUJrQUNJQU9nQWlBRWtBU3dCbkFIVUFhUUFpQUN3QUlnQmhBR2tBTGdCdkFIQUFaUUJ5QUdFQWRBQnBBRzhBYmdBdUFHNEFZUUJ0QUdVQUlnQTZBQ0lBTHdBaUFIMEFMQUFpQUdRQVlRQjBBR0VBSWdBNkFIc0FJZ0JpQUdFQWN3QmxBRlFBZVFCd0FHVUFJZ0E2QUNJQVVBQmhBR2NBWlFCMkFHa0FaUUIzQUZBQVpRQnlBR1lBYndCeUFHMEFZUUJ1QUdNQVpRQkVBR0VBZEFCaEFDSUFMQUFpQUdJQVlRQnpBR1VBUkFCaEFIUUFZUUFpQURvQWV3QWlBSFlBWlFCeUFDSUFPZ0F5QUN3QUlnQnVBR0VBYlFCbEFDSUFPZ0FpQUUwQWVRQlRBR0VBZFFCakFHVUFSZ0JoQUdNQWRBQnZBSElBZVFBSS85NHdwREM5TVB3d3VURFZNS0V3cnpESU1Pb3cvREFKL3lJQUxBQWlBSFVBY2dCc0FDSUFPZ0FpQUdnQWRBQjBBSEFBT2dBdkFDOEFiUUI1QUhNQVlRQjFBR01BWlFCbUFHRUFZd0IwQUc4QWNnQjVBQzBBWkFCbEFHMEFid0F1QUdFQWVnQjFBSElBWlFCM0FHVUFZZ0J6QUdrQWRBQmxBSE1BTGdCdUFHVUFkQUF2QUNJQUxBQWlBR1FBZFFCeUFHRUFkQUJwQUc4QWJnQWlBRG9BSWdBd0FEQUFPZ0F3QURBQU9nQXdBRFFBTGdBMkFEZ0FOQUFpQUN3QUlnQndBR1VBY2dCbUFGUUFid0IwQUdFQWJBQWlBRG9BSWdBd0FEQUFPZ0F3QURBQU9nQXdBRFFBTGdBMkFEZ0FOQUFpQUN3QUlnQnVBR1VBZEFCM0FHOEFjZ0JyQUVNQWJ3QnVBRzRBWlFCakFIUUFJZ0E2QUNJQU1BQXdBRG9BTUFBd0FEb0FNQUF3QUM0QU1BQXdBREFBSWdBc0FDSUFjd0JsQUc0QWRBQlNBR1VBY1FCMUFHVUFjd0IwQUNJQU9nQWlBREFBTUFBNkFEQUFNQUE2QURBQU1BQXVBREFBTUFBeUFDSUFMQUFpQUhJQVpRQmpBR1VBYVFCMkFHVUFaQUJTQUdVQWN3QndBRzhBYmdCekFHVUFJZ0E2QUNJQU1BQXdBRG9BTUFBd0FEb0FNQUF3QUM0QU1BQXdBRGdBSWdBc0FDSUFaQUJ2QUcwQVVBQnlBRzhBWXdCbEFITUFjd0JwQUc0QVp3QWlBRG9BSWdBd0FEQUFPZ0F3QURBQU9nQXdBRFFBTGdBMUFEZ0FNUUFpQUgwQWZRQjlBRjBBPC9TdHJpbmdIdHRwQm9keT4NCiAgICA8L1JlcXVlc3Q+DQogICAgPFJlcXVlc3QgTWV0aG9kPSJHRVQiIEd1aWQ9ImVhZWMwZTY1LWVkMjktNGI0OS1iOGViLWU0N2JjZmYxOTU5MSIgVmVyc2lvbj0iMS4xIiBVcmw9Imh0dHA6Ly9teXNhdWNlZmFjdG9yeS1kZW1vLmF6dXJld2Vic2l0ZXMubmV0L3Byb2R1Y3RzL2xpc3QuaHRtbCIgVGhpbmtUaW1lPSIwIiBUaW1lb3V0PSIzMDAiIFBhcnNlRGVwZW5kZW50UmVxdWVzdHM9IlRydWUiIEZvbGxvd1JlZGlyZWN0cz0iVHJ1ZSIgUmVjb3JkUmVzdWx0PSJUcnVlIiBDYWNoZT0iRmFsc2UiIFJlc3BvbnNlVGltZUdvYWw9IjAiIEVuY29kaW5nPSJ1dGYtOCIgRXhwZWN0ZWRIdHRwU3RhdHVzQ29kZT0iMCIgRXhwZWN0ZWRSZXNwb25zZVVybD0iIiBSZXBvcnRpbmdOYW1lPSIiIElnbm9yZUh0dHBTdGF0dXNDb2RlPSJGYWxzZSI+DQogICAgICA8RGVwZW5kZW50UmVxdWVzdHM+DQogICAgICAgIDxSZXF1ZXN0IE1ldGhvZD0iT1BUSU9OUyIgR3VpZD0iNzgwMDQ0NjEtNjI0OS00ZThjLThhYmEtMDMzNmZhNDdlYjkyIiBWZXJzaW9uPSIxLjEiIFVybD0iaHR0cHM6Ly9ndy5teXNhdWNlZmFjdG9yeS5jb20vZGV2L215c2F1Y2UtYXBpLXByb3h5LWRldi92MS4wL3Byb2R1Y3RzIiBUaGlua1RpbWU9IjAiIFRpbWVvdXQ9IjMwMCIgUGFyc2VEZXBlbmRlbnRSZXF1ZXN0cz0iVHJ1ZSIgRm9sbG93UmVkaXJlY3RzPSJUcnVlIiBSZWNvcmRSZXN1bHQ9IlRydWUiIENhY2hlPSJGYWxzZSIgUmVzcG9uc2VUaW1lR29hbD0iMCIgRW5jb2Rpbmc9InV0Zi04IiBFeHBlY3RlZEh0dHBTdGF0dXNDb2RlPSIwIiBFeHBlY3RlZFJlc3BvbnNlVXJsPSIiIFJlcG9ydGluZ05hbWU9IiIgSWdub3JlSHR0cFN0YXR1c0NvZGU9IkZhbHNlIj4NCiAgICAgICAgICA8UXVlcnlTdHJpbmdQYXJhbWV0ZXJzPg0KICAgICAgICAgICAgPFF1ZXJ5U3RyaW5nUGFyYW1ldGVyIE5hbWU9Im5hbWUiIFZhbHVlPSIiIFJlY29yZGVkVmFsdWU9IiIgQ29ycmVsYXRpb25CaW5kaW5nPSIiIFVybEVuY29kZT0iRmFsc2UiIFVzZVRvR3JvdXBSZXN1bHRzPSJGYWxzZSIgLz4NCiAgICAgICAgICAgIDxRdWVyeVN0cmluZ1BhcmFtZXRlciBOYW1lPSJmaWVsZHMiIFZhbHVlPSJpZCUyQ25hbWUlMkNvdmVydmlldyUyQ3BpY3R1cmUiIFJlY29yZGVkVmFsdWU9ImlkJTJDbmFtZSUyQ292ZXJ2aWV3JTJDcGljdHVyZSIgQ29ycmVsYXRpb25CaW5kaW5nPSIiIFVybEVuY29kZT0iRmFsc2UiIFVzZVRvR3JvdXBSZXN1bHRzPSJGYWxzZSIgLz4NCiAgICAgICAgICAgIDxRdWVyeVN0cmluZ1BhcmFtZXRlciBOYW1lPSJzdGF0dXMiIFZhbHVlPSJ0cnVlIiBSZWNvcmRlZFZhbHVlPSJ0cnVlIiBDb3JyZWxhdGlvbkJpbmRpbmc9IiIgVXJsRW5jb2RlPSJGYWxzZSIgVXNlVG9Hcm91cFJlc3VsdHM9IkZhbHNlIiAvPg0KICAgICAgICAgICAgPFF1ZXJ5U3RyaW5nUGFyYW1ldGVyIE5hbWU9ImxpbWl0IiBWYWx1ZT0iMjAiIFJlY29yZGVkVmFsdWU9IjIwIiBDb3JyZWxhdGlvbkJpbmRpbmc9IiIgVXJsRW5jb2RlPSJGYWxzZSIgVXNlVG9Hcm91cFJlc3VsdHM9IkZhbHNlIiAvPg0KICAgICAgICAgICAgPFF1ZXJ5U3RyaW5nUGFyYW1ldGVyIE5hbWU9Im9mZnNldCIgVmFsdWU9IjAiIFJlY29yZGVkVmFsdWU9IjAiIENvcnJlbGF0aW9uQmluZGluZz0iIiBVcmxFbmNvZGU9IkZhbHNlIiBVc2VUb0dyb3VwUmVzdWx0cz0iRmFsc2UiIC8+DQogICAgICAgICAgICA8UXVlcnlTdHJpbmdQYXJhbWV0ZXIgTmFtZT0ic29ydCIgVmFsdWU9Im5hbWUiIFJlY29yZGVkVmFsdWU9Im5hbWUiIENvcnJlbGF0aW9uQmluZGluZz0iIiBVcmxFbmNvZGU9IkZhbHNlIiBVc2VUb0dyb3VwUmVzdWx0cz0iRmFsc2UiIC8+DQogICAgICAgICAgICA8UXVlcnlTdHJpbmdQYXJhbWV0ZXIgTmFtZT0iYXNjIiBWYWx1ZT0idHJ1ZSIgUmVjb3JkZWRWYWx1ZT0idHJ1ZSIgQ29ycmVsYXRpb25CaW5kaW5nPSIiIFVybEVuY29kZT0iRmFsc2UiIFVzZVRvR3JvdXBSZXN1bHRzPSJGYWxzZSIgLz4NCiAgICAgICAgICA8L1F1ZXJ5U3RyaW5nUGFyYW1ldGVycz4NCiAgICAgICAgICA8U3RyaW5nSHR0cEJvZHkgQ29udGVudFR5cGU9IiIgSW5zZXJ0Qnl0ZU9yZGVyTWFyaz0iRmFsc2UiPg0KICAgICAgICAgIDwvU3RyaW5nSHR0cEJvZHk+DQogICAgICAgIDwvUmVxdWVzdD4NCiAgICAgIDwvRGVwZW5kZW50UmVxdWVzdHM+DQogICAgICA8SGVhZGVycz4NCiAgICAgICAgPEhlYWRlciBOYW1lPSJSZWZlcmVyIiBWYWx1ZT0iaHR0cDovL215c2F1Y2VmYWN0b3J5LWRlbW8uYXp1cmV3ZWJzaXRlcy5uZXQvIiAvPg0KICAgICAgPC9IZWFkZXJzPg0KICAgIDwvUmVxdWVzdD4NCiAgICA8UmVxdWVzdCBNZXRob2Q9IkdFVCIgR3VpZD0iYjQ5ZmU2ODYtZTQ2Ni00YmRiLTgxYWUtN2FlZDFmYWFlZTFjIiBWZXJzaW9uPSIxLjEiIFVybD0iaHR0cHM6Ly9ndy5teXNhdWNlZmFjdG9yeS5jb20vZGV2L215c2F1Y2UtYXBpLXByb3h5LWRldi92MS4wL3Byb2R1Y3RzIiBUaGlua1RpbWU9IjQiIFRpbWVvdXQ9IjMwMCIgUGFyc2VEZXBlbmRlbnRSZXF1ZXN0cz0iVHJ1ZSIgRm9sbG93UmVkaXJlY3RzPSJUcnVlIiBSZWNvcmRSZXN1bHQ9IlRydWUiIENhY2hlPSJGYWxzZSIgUmVzcG9uc2VUaW1lR29hbD0iMCIgRW5jb2Rpbmc9InV0Zi04IiBFeHBlY3RlZEh0dHBTdGF0dXNDb2RlPSIwIiBFeHBlY3RlZFJlc3BvbnNlVXJsPSIiIFJlcG9ydGluZ05hbWU9IiIgSWdub3JlSHR0cFN0YXR1c0NvZGU9IkZhbHNlIj4NCiAgICAgIDxIZWFkZXJzPg0KICAgICAgICA8SGVhZGVyIE5hbWU9IkFjY2VwdCIgVmFsdWU9IiovKiIgLz4NCiAgICAgICAgPEhlYWRlciBOYW1lPSJSZWZlcmVyIiBWYWx1ZT0iaHR0cDovL215c2F1Y2VmYWN0b3J5LWRlbW8uYXp1cmV3ZWJzaXRlcy5uZXQvcHJvZHVjdHMvbGlzdC5odG1sIiAvPg0KICAgICAgPC9IZWFkZXJzPg0KICAgICAgPFF1ZXJ5U3RyaW5nUGFyYW1ldGVycz4NCiAgICAgICAgPFF1ZXJ5U3RyaW5nUGFyYW1ldGVyIE5hbWU9Im5hbWUiIFZhbHVlPSIiIFJlY29yZGVkVmFsdWU9IiIgQ29ycmVsYXRpb25CaW5kaW5nPSIiIFVybEVuY29kZT0iRmFsc2UiIFVzZVRvR3JvdXBSZXN1bHRzPSJGYWxzZSIgLz4NCiAgICAgICAgPFF1ZXJ5U3RyaW5nUGFyYW1ldGVyIE5hbWU9ImZpZWxkcyIgVmFsdWU9ImlkJTJDbmFtZSUyQ292ZXJ2aWV3JTJDcGljdHVyZSIgUmVjb3JkZWRWYWx1ZT0iaWQlMkNuYW1lJTJDb3ZlcnZpZXclMkNwaWN0dXJlIiBDb3JyZWxhdGlvbkJpbmRpbmc9IiIgVXJsRW5jb2RlPSJGYWxzZSIgVXNlVG9Hcm91cFJlc3VsdHM9IkZhbHNlIiAvPg0KICAgICAgICA8UXVlcnlTdHJpbmdQYXJhbWV0ZXIgTmFtZT0ic3RhdHVzIiBWYWx1ZT0idHJ1ZSIgUmVjb3JkZWRWYWx1ZT0idHJ1ZSIgQ29ycmVsYXRpb25CaW5kaW5nPSIiIFVybEVuY29kZT0iRmFsc2UiIFVzZVRvR3JvdXBSZXN1bHRzPSJGYWxzZSIgLz4NCiAgICAgICAgPFF1ZXJ5U3RyaW5nUGFyYW1ldGVyIE5hbWU9ImxpbWl0IiBWYWx1ZT0iMjAiIFJlY29yZGVkVmFsdWU9IjIwIiBDb3JyZWxhdGlvbkJpbmRpbmc9IiIgVXJsRW5jb2RlPSJGYWxzZSIgVXNlVG9Hcm91cFJlc3VsdHM9IkZhbHNlIiAvPg0KICAgICAgICA8UXVlcnlTdHJpbmdQYXJhbWV0ZXIgTmFtZT0ib2Zmc2V0IiBWYWx1ZT0iMCIgUmVjb3JkZWRWYWx1ZT0iMCIgQ29ycmVsYXRpb25CaW5kaW5nPSIiIFVybEVuY29kZT0iRmFsc2UiIFVzZVRvR3JvdXBSZXN1bHRzPSJGYWxzZSIgLz4NCiAgICAgICAgPFF1ZXJ5U3RyaW5nUGFyYW1ldGVyIE5hbWU9InNvcnQiIFZhbHVlPSJuYW1lIiBSZWNvcmRlZFZhbHVlPSJuYW1lIiBDb3JyZWxhdGlvbkJpbmRpbmc9IiIgVXJsRW5jb2RlPSJGYWxzZSIgVXNlVG9Hcm91cFJlc3VsdHM9IkZhbHNlIiAvPg0KICAgICAgICA8UXVlcnlTdHJpbmdQYXJhbWV0ZXIgTmFtZT0iYXNjIiBWYWx1ZT0idHJ1ZSIgUmVjb3JkZWRWYWx1ZT0idHJ1ZSIgQ29ycmVsYXRpb25CaW5kaW5nPSIiIFVybEVuY29kZT0iRmFsc2UiIFVzZVRvR3JvdXBSZXN1bHRzPSJGYWxzZSIgLz4NCiAgICAgIDwvUXVlcnlTdHJpbmdQYXJhbWV0ZXJzPg0KICAgIDwvUmVxdWVzdD4NCiAgICA8UmVxdWVzdCBNZXRob2Q9IkdFVCIgR3VpZD0iZTJlNDc5YmEtNjA3Yi00NThmLWEyNjYtN2ExNjI1ZTE3ZWUxIiBWZXJzaW9uPSIxLjEiIFVybD0iaHR0cDovL215c2F1Y2VmYWN0b3J5LWRlbW8uYXp1cmV3ZWJzaXRlcy5uZXQvcHJvZHVjdHMvZGV0YWlsLmh0bWwiIFRoaW5rVGltZT0iMCIgVGltZW91dD0iMzAwIiBQYXJzZURlcGVuZGVudFJlcXVlc3RzPSJUcnVlIiBGb2xsb3dSZWRpcmVjdHM9IlRydWUiIFJlY29yZFJlc3VsdD0iVHJ1ZSIgQ2FjaGU9IkZhbHNlIiBSZXNwb25zZVRpbWVHb2FsPSIwIiBFbmNvZGluZz0idXRmLTgiIEV4cGVjdGVkSHR0cFN0YXR1c0NvZGU9IjAiIEV4cGVjdGVkUmVzcG9uc2VVcmw9IiIgUmVwb3J0aW5nTmFtZT0iIiBJZ25vcmVIdHRwU3RhdHVzQ29kZT0iRmFsc2UiPg0KICAgICAgPERlcGVuZGVudFJlcXVlc3RzPg0KICAgICAgICA8UmVxdWVzdCBNZXRob2Q9IkdFVCIgR3VpZD0iYjNjNTc0NzItNWI0MS00ZWFmLWE4YjEtYzIxMWNmOTBhOGIxIiBWZXJzaW9uPSIxLjEiIFVybD0iaHR0cDovL215c2F1Y2VmYWN0b3J5LWRlbW8uYXp1cmV3ZWJzaXRlcy5uZXQvZm9udHMvZm9udGF3ZXNvbWUtd2ViZm9udC5lb3QiIFRoaW5rVGltZT0iMCIgVGltZW91dD0iMzAwIiBQYXJzZURlcGVuZGVudFJlcXVlc3RzPSJUcnVlIiBGb2xsb3dSZWRpcmVjdHM9IlRydWUiIFJlY29yZFJlc3VsdD0iVHJ1ZSIgQ2FjaGU9IkZhbHNlIiBSZXNwb25zZVRpbWVHb2FsPSIwIiBFbmNvZGluZz0idXRmLTgiIEV4cGVjdGVkSHR0cFN0YXR1c0NvZGU9IjAiIEV4cGVjdGVkUmVzcG9uc2VVcmw9IiIgUmVwb3J0aW5nTmFtZT0iIiBJZ25vcmVIdHRwU3RhdHVzQ29kZT0iRmFsc2UiPg0KICAgICAgICAgIDxIZWFkZXJzPg0KICAgICAgICAgICAgPEhlYWRlciBOYW1lPSJSZWZlcmVyIiBWYWx1ZT0iaHR0cDovL215c2F1Y2VmYWN0b3J5LWRlbW8uYXp1cmV3ZWJzaXRlcy5uZXQvcHJvZHVjdHMvZGV0YWlsLmh0bWw/aWQ9YTBhYTQ5YjktOWI5ZC00YTVlLTc1NTAtMDhkNDE0MGJmYjM4IiAvPg0KICAgICAgICAgIDwvSGVhZGVycz4NCiAgICAgICAgICA8UXVlcnlTdHJpbmdQYXJhbWV0ZXJzPg0KICAgICAgICAgICAgPFF1ZXJ5U3RyaW5nUGFyYW1ldGVyIE5hbWU9IiIgVmFsdWU9IiIgUmVjb3JkZWRWYWx1ZT0iIiBDb3JyZWxhdGlvbkJpbmRpbmc9IiIgVXJsRW5jb2RlPSJGYWxzZSIgVXNlVG9Hcm91cFJlc3VsdHM9IkZhbHNlIiAvPg0KICAgICAgICAgIDwvUXVlcnlTdHJpbmdQYXJhbWV0ZXJzPg0KICAgICAgICA8L1JlcXVlc3Q+DQogICAgICAgIDxSZXF1ZXN0IE1ldGhvZD0iT1BUSU9OUyIgR3VpZD0iMjdhYmJjNzMtNjhhYi00MzNlLWJkZGUtN2UyODA1YzFlMGUyIiBWZXJzaW9uPSIxLjEiIFVybD0iaHR0cHM6Ly9ndy5teXNhdWNlZmFjdG9yeS5jb20vZGV2L215c2F1Y2UtYXBpLXByb3h5LWRldi92MS4wL3Byb2R1Y3RzL2EwYWE0OWI5LTliOWQtNGE1ZS03NTUwLTA4ZDQxNDBiZmIzOC9hbGwiIFRoaW5rVGltZT0iMCIgVGltZW91dD0iMzAwIiBQYXJzZURlcGVuZGVudFJlcXVlc3RzPSJUcnVlIiBGb2xsb3dSZWRpcmVjdHM9IlRydWUiIFJlY29yZFJlc3VsdD0iVHJ1ZSIgQ2FjaGU9IkZhbHNlIiBSZXNwb25zZVRpbWVHb2FsPSIwIiBFbmNvZGluZz0idXRmLTgiIEV4cGVjdGVkSHR0cFN0YXR1c0NvZGU9IjAiIEV4cGVjdGVkUmVzcG9uc2VVcmw9IiIgUmVwb3J0aW5nTmFtZT0iIiBJZ25vcmVIdHRwU3RhdHVzQ29kZT0iRmFsc2UiPg0KICAgICAgICAgIDxTdHJpbmdIdHRwQm9keSBDb250ZW50VHlwZT0iIiBJbnNlcnRCeXRlT3JkZXJNYXJrPSJGYWxzZSI+DQogICAgICAgICAgPC9TdHJpbmdIdHRwQm9keT4NCiAgICAgICAgPC9SZXF1ZXN0Pg0KICAgICAgICA8UmVxdWVzdCBNZXRob2Q9IkdFVCIgR3VpZD0iYTgzMjVjODctMDNiMi00MDI3LWExZjItMWI0MWFmMDQ4OTY0IiBWZXJzaW9uPSIxLjEiIFVybD0iaHR0cHM6Ly9ndy5teXNhdWNlZmFjdG9yeS5jb20vZGV2L215c2F1Y2UtYXBpLXByb3h5LWRldi92MS4wL3Byb2R1Y3RzL2EwYWE0OWI5LTliOWQtNGE1ZS03NTUwLTA4ZDQxNDBiZmIzOC9hbGwiIFRoaW5rVGltZT0iMCIgVGltZW91dD0iMzAwIiBQYXJzZURlcGVuZGVudFJlcXVlc3RzPSJUcnVlIiBGb2xsb3dSZWRpcmVjdHM9IlRydWUiIFJlY29yZFJlc3VsdD0iVHJ1ZSIgQ2FjaGU9IkZhbHNlIiBSZXNwb25zZVRpbWVHb2FsPSIwIiBFbmNvZGluZz0idXRmLTgiIEV4cGVjdGVkSHR0cFN0YXR1c0NvZGU9IjAiIEV4cGVjdGVkUmVzcG9uc2VVcmw9IiIgUmVwb3J0aW5nTmFtZT0iIiBJZ25vcmVIdHRwU3RhdHVzQ29kZT0iRmFsc2UiPg0KICAgICAgICAgIDxIZWFkZXJzPg0KICAgICAgICAgICAgPEhlYWRlciBOYW1lPSJBY2NlcHQiIFZhbHVlPSIqLyoiIC8+DQogICAgICAgICAgICA8SGVhZGVyIE5hbWU9IlJlZmVyZXIiIFZhbHVlPSJodHRwOi8vbXlzYXVjZWZhY3RvcnktZGVtby5henVyZXdlYnNpdGVzLm5ldC9wcm9kdWN0cy9kZXRhaWwuaHRtbD9pZD1hMGFhNDliOS05YjlkLTRhNWUtNzU1MC0wOGQ0MTQwYmZiMzgiIC8+DQogICAgICAgICAgPC9IZWFkZXJzPg0KICAgICAgICA8L1JlcXVlc3Q+DQogICAgICAgIDxSZXF1ZXN0IE1ldGhvZD0iT1BUSU9OUyIgR3VpZD0iYzVmZTViNzItMWJmZC00OTdjLTk3OGEtYzM3MDY3YmM1ODRjIiBWZXJzaW9uPSIxLjEiIFVybD0iaHR0cHM6Ly9ndy5teXNhdWNlZmFjdG9yeS5jb20vZGV2L215c2F1Y2UtYXBpLXByb3h5LWRldi92MS4wL3Byb2R1Y3Rjb250YWluZXJzIiBUaGlua1RpbWU9IjAiIFRpbWVvdXQ9IjMwMCIgUGFyc2VEZXBlbmRlbnRSZXF1ZXN0cz0iVHJ1ZSIgRm9sbG93UmVkaXJlY3RzPSJUcnVlIiBSZWNvcmRSZXN1bHQ9IlRydWUiIENhY2hlPSJGYWxzZSIgUmVzcG9uc2VUaW1lR29hbD0iMCIgRW5jb2Rpbmc9InV0Zi04IiBFeHBlY3RlZEh0dHBTdGF0dXNDb2RlPSIwIiBFeHBlY3RlZFJlc3BvbnNlVXJsPSIiIFJlcG9ydGluZ05hbWU9IiIgSWdub3JlSHR0cFN0YXR1c0NvZGU9IkZhbHNlIj4NCiAgICAgICAgICA8UXVlcnlTdHJpbmdQYXJhbWV0ZXJzPg0KICAgICAgICAgICAgPFF1ZXJ5U3RyaW5nUGFyYW1ldGVyIE5hbWU9IlByb2R1Y3RJZCIgVmFsdWU9ImEwYWE0OWI5LTliOWQtNGE1ZS03NTUwLTA4ZDQxNDBiZmIzOCIgUmVjb3JkZWRWYWx1ZT0iYTBhYTQ5YjktOWI5ZC00YTVlLTc1NTAtMDhkNDE0MGJmYjM4IiBDb3JyZWxhdGlvbkJpbmRpbmc9IiIgVXJsRW5jb2RlPSJGYWxzZSIgVXNlVG9Hcm91cFJlc3VsdHM9IkZhbHNlIiAvPg0KICAgICAgICAgIDwvUXVlcnlTdHJpbmdQYXJhbWV0ZXJzPg0KICAgICAgICAgIDxTdHJpbmdIdHRwQm9keSBDb250ZW50VHlwZT0iIiBJbnNlcnRCeXRlT3JkZXJNYXJrPSJGYWxzZSI+DQogICAgICAgICAgPC9TdHJpbmdIdHRwQm9keT4NCiAgICAgICAgPC9SZXF1ZXN0Pg0KICAgICAgICA8UmVxdWVzdCBNZXRob2Q9IkdFVCIgR3VpZD0iZDU5ODczODYtYzBhMy00NjAwLWFjYzktZDhlMmFjMjVlNjIxIiBWZXJzaW9uPSIxLjEiIFVybD0iaHR0cHM6Ly9ndy5teXNhdWNlZmFjdG9yeS5jb20vZGV2L215c2F1Y2UtYXBpLXByb3h5LWRldi92MS4wL3Byb2R1Y3Rjb250YWluZXJzIiBUaGlua1RpbWU9IjAiIFRpbWVvdXQ9IjMwMCIgUGFyc2VEZXBlbmRlbnRSZXF1ZXN0cz0iVHJ1ZSIgRm9sbG93UmVkaXJlY3RzPSJUcnVlIiBSZWNvcmRSZXN1bHQ9IlRydWUiIENhY2hlPSJGYWxzZSIgUmVzcG9uc2VUaW1lR29hbD0iMCIgRW5jb2Rpbmc9InV0Zi04IiBFeHBlY3RlZEh0dHBTdGF0dXNDb2RlPSIwIiBFeHBlY3RlZFJlc3BvbnNlVXJsPSIiIFJlcG9ydGluZ05hbWU9IiIgSWdub3JlSHR0cFN0YXR1c0NvZGU9IkZhbHNlIj4NCiAgICAgICAgICA8SGVhZGVycz4NCiAgICAgICAgICAgIDxIZWFkZXIgTmFtZT0iQWNjZXB0IiBWYWx1ZT0iKi8qIiAvPg0KICAgICAgICAgICAgPEhlYWRlciBOYW1lPSJSZWZlcmVyIiBWYWx1ZT0iaHR0cDovL215c2F1Y2VmYWN0b3J5LWRlbW8uYXp1cmV3ZWJzaXRlcy5uZXQvcHJvZHVjdHMvZGV0YWlsLmh0bWw/aWQ9YTBhYTQ5YjktOWI5ZC00YTVlLTc1NTAtMDhkNDE0MGJmYjM4IiAvPg0KICAgICAgICAgIDwvSGVhZGVycz4NCiAgICAgICAgICA8UXVlcnlTdHJpbmdQYXJhbWV0ZXJzPg0KICAgICAgICAgICAgPFF1ZXJ5U3RyaW5nUGFyYW1ldGVyIE5hbWU9IlByb2R1Y3RJZCIgVmFsdWU9ImEwYWE0OWI5LTliOWQtNGE1ZS03NTUwLTA4ZDQxNDBiZmIzOCIgUmVjb3JkZWRWYWx1ZT0iYTBhYTQ5YjktOWI5ZC00YTVlLTc1NTAtMDhkNDE0MGJmYjM4IiBDb3JyZWxhdGlvbkJpbmRpbmc9IiIgVXJsRW5jb2RlPSJGYWxzZSIgVXNlVG9Hcm91cFJlc3VsdHM9IkZhbHNlIiAvPg0KICAgICAgICAgIDwvUXVlcnlTdHJpbmdQYXJhbWV0ZXJzPg0KICAgICAgICA8L1JlcXVlc3Q+DQogICAgICAgIDxSZXF1ZXN0IE1ldGhvZD0iT1BUSU9OUyIgR3VpZD0iYzRiMTM0NWYtNTlkNS00MTNjLTk3MTEtODVjYjE5ZTExNjQ1IiBWZXJzaW9uPSIxLjEiIFVybD0iaHR0cHM6Ly9ndy5teXNhdWNlZmFjdG9yeS5jb20vZGV2L215c2F1Y2UtYXBpLXByb3h5LWRldi92MS4wL2NvbnRhaW5lcnMvODI1MzgyMjYtYWQ0Zi00MDUzLTE5ZTctMDhkNDE0MGJmYTQ2IiBUaGlua1RpbWU9IjAiIFRpbWVvdXQ9IjMwMCIgUGFyc2VEZXBlbmRlbnRSZXF1ZXN0cz0iVHJ1ZSIgRm9sbG93UmVkaXJlY3RzPSJUcnVlIiBSZWNvcmRSZXN1bHQ9IlRydWUiIENhY2hlPSJGYWxzZSIgUmVzcG9uc2VUaW1lR29hbD0iMCIgRW5jb2Rpbmc9InV0Zi04IiBFeHBlY3RlZEh0dHBTdGF0dXNDb2RlPSIwIiBFeHBlY3RlZFJlc3BvbnNlVXJsPSIiIFJlcG9ydGluZ05hbWU9IiIgSWdub3JlSHR0cFN0YXR1c0NvZGU9IkZhbHNlIj4NCiAgICAgICAgICA8U3RyaW5nSHR0cEJvZHkgQ29udGVudFR5cGU9IiIgSW5zZXJ0Qnl0ZU9yZGVyTWFyaz0iRmFsc2UiPg0KICAgICAgICAgIDwvU3RyaW5nSHR0cEJvZHk+DQogICAgICAgIDwvUmVxdWVzdD4NCiAgICAgICAgPFJlcXVlc3QgTWV0aG9kPSJHRVQiIEd1aWQ9IjllOTYzMTQ5LWU0NDUtNDIzYy1iZDFhLTU1OWQ3NmQzNDAxZSIgVmVyc2lvbj0iMS4xIiBVcmw9Imh0dHBzOi8vZ3cubXlzYXVjZWZhY3RvcnkuY29tL2Rldi9teXNhdWNlLWFwaS1wcm94eS1kZXYvdjEuMC9jb250YWluZXJzLzgyNTM4MjI2LWFkNGYtNDA1My0xOWU3LTA4ZDQxNDBiZmE0NiIgVGhpbmtUaW1lPSIxNiIgVGltZW91dD0iMzAwIiBQYXJzZURlcGVuZGVudFJlcXVlc3RzPSJUcnVlIiBGb2xsb3dSZWRpcmVjdHM9IlRydWUiIFJlY29yZFJlc3VsdD0iVHJ1ZSIgQ2FjaGU9IkZhbHNlIiBSZXNwb25zZVRpbWVHb2FsPSIwIiBFbmNvZGluZz0idXRmLTgiIEV4cGVjdGVkSHR0cFN0YXR1c0NvZGU9IjAiIEV4cGVjdGVkUmVzcG9uc2VVcmw9IiIgUmVwb3J0aW5nTmFtZT0iIiBJZ25vcmVIdHRwU3RhdHVzQ29kZT0iRmFsc2UiPg0KICAgICAgICAgIDxIZWFkZXJzPg0KICAgICAgICAgICAgPEhlYWRlciBOYW1lPSJBY2NlcHQiIFZhbHVlPSIqLyoiIC8+DQogICAgICAgICAgICA8SGVhZGVyIE5hbWU9IlJlZmVyZXIiIFZhbHVlPSJodHRwOi8vbXlzYXVjZWZhY3RvcnktZGVtby5henVyZXdlYnNpdGVzLm5ldC9wcm9kdWN0cy9kZXRhaWwuaHRtbD9pZD1hMGFhNDliOS05YjlkLTRhNWUtNzU1MC0wOGQ0MTQwYmZiMzgiIC8+DQogICAgICAgICAgPC9IZWFkZXJzPg0KICAgICAgICA8L1JlcXVlc3Q+DQogICAgICA8L0RlcGVuZGVudFJlcXVlc3RzPg0KICAgICAgPEhlYWRlcnM+DQogICAgICAgIDxIZWFkZXIgTmFtZT0iUmVmZXJlciIgVmFsdWU9Imh0dHA6Ly9teXNhdWNlZmFjdG9yeS1kZW1vLmF6dXJld2Vic2l0ZXMubmV0L3Byb2R1Y3RzL2xpc3QuaHRtbCIgLz4NCiAgICAgIDwvSGVhZGVycz4NCiAgICAgIDxRdWVyeVN0cmluZ1BhcmFtZXRlcnM+DQogICAgICAgIDxRdWVyeVN0cmluZ1BhcmFtZXRlciBOYW1lPSJpZCIgVmFsdWU9ImEwYWE0OWI5LTliOWQtNGE1ZS03NTUwLTA4ZDQxNDBiZmIzOCIgUmVjb3JkZWRWYWx1ZT0iYTBhYTQ5YjktOWI5ZC00YTVlLTc1NTAtMDhkNDE0MGJmYjM4IiBDb3JyZWxhdGlvbkJpbmRpbmc9IiIgVXJsRW5jb2RlPSJGYWxzZSIgVXNlVG9Hcm91cFJlc3VsdHM9IkZhbHNlIiAvPg0KICAgICAgPC9RdWVyeVN0cmluZ1BhcmFtZXRlcnM+DQogICAgPC9SZXF1ZXN0Pg0KICAgIDxSZXF1ZXN0IE1ldGhvZD0iR0VUIiBHdWlkPSJlYjNkMzk2MS03ZjkyLTQ0ZjgtODI1MS0zYjc5MDY4OTk1NTMiIFZlcnNpb249IjEuMSIgVXJsPSJodHRwOi8vbXlzYXVjZWZhY3RvcnktZGVtby5henVyZXdlYnNpdGVzLm5ldC9vcmRlci9wcm9kdWN0Lmh0bWwiIFRoaW5rVGltZT0iMCIgVGltZW91dD0iMzAwIiBQYXJzZURlcGVuZGVudFJlcXVlc3RzPSJUcnVlIiBGb2xsb3dSZWRpcmVjdHM9IlRydWUiIFJlY29yZFJlc3VsdD0iVHJ1ZSIgQ2FjaGU9IkZhbHNlIiBSZXNwb25zZVRpbWVHb2FsPSIwIiBFbmNvZGluZz0idXRmLTgiIEV4cGVjdGVkSHR0cFN0YXR1c0NvZGU9IjAiIEV4cGVjdGVkUmVzcG9uc2VVcmw9IiIgUmVwb3J0aW5nTmFtZT0iIiBJZ25vcmVIdHRwU3RhdHVzQ29kZT0iRmFsc2UiPg0KICAgICAgPERlcGVuZGVudFJlcXVlc3RzPg0KICAgICAgICA8UmVxdWVzdCBNZXRob2Q9IkdFVCIgR3VpZD0iMWM4N2EwZTktNzZlZi00NTRjLTkxMTktOGMyNjczMjIxZjgzIiBWZXJzaW9uPSIxLjEiIFVybD0iaHR0cDovL215c2F1Y2VmYWN0b3J5LWRlbW8uYXp1cmV3ZWJzaXRlcy5uZXQvZm9udHMvZm9udGF3ZXNvbWUtd2ViZm9udC5lb3QiIFRoaW5rVGltZT0iMCIgVGltZW91dD0iMzAwIiBQYXJzZURlcGVuZGVudFJlcXVlc3RzPSJUcnVlIiBGb2xsb3dSZWRpcmVjdHM9IlRydWUiIFJlY29yZFJlc3VsdD0iVHJ1ZSIgQ2FjaGU9IkZhbHNlIiBSZXNwb25zZVRpbWVHb2FsPSIwIiBFbmNvZGluZz0idXRmLTgiIEV4cGVjdGVkSHR0cFN0YXR1c0NvZGU9IjAiIEV4cGVjdGVkUmVzcG9uc2VVcmw9IiIgUmVwb3J0aW5nTmFtZT0iIiBJZ25vcmVIdHRwU3RhdHVzQ29kZT0iRmFsc2UiPg0KICAgICAgICAgIDxIZWFkZXJzPg0KICAgICAgICAgICAgPEhlYWRlciBOYW1lPSJSZWZlcmVyIiBWYWx1ZT0iaHR0cDovL215c2F1Y2VmYWN0b3J5LWRlbW8uYXp1cmV3ZWJzaXRlcy5uZXQvb3JkZXIvcHJvZHVjdC5odG1sIiAvPg0KICAgICAgICAgIDwvSGVhZGVycz4NCiAgICAgICAgICA8UXVlcnlTdHJpbmdQYXJhbWV0ZXJzPg0KICAgICAgICAgICAgPFF1ZXJ5U3RyaW5nUGFyYW1ldGVyIE5hbWU9IiIgVmFsdWU9IiIgUmVjb3JkZWRWYWx1ZT0iIiBDb3JyZWxhdGlvbkJpbmRpbmc9IiIgVXJsRW5jb2RlPSJGYWxzZSIgVXNlVG9Hcm91cFJlc3VsdHM9IkZhbHNlIiAvPg0KICAgICAgICAgIDwvUXVlcnlTdHJpbmdQYXJhbWV0ZXJzPg0KICAgICAgICA8L1JlcXVlc3Q+DQogICAgICAgIDxSZXF1ZXN0IE1ldGhvZD0iT1BUSU9OUyIgR3VpZD0iNjdkNmU5YjctNDNhNS00MWY1LThhMDItYTk2MGFhYmViNjRiIiBWZXJzaW9uPSIxLjEiIFVybD0iaHR0cHM6Ly9ndy5teXNhdWNlZmFjdG9yeS5jb20vZGV2L215c2F1Y2UtYXBpLXByb3h5LWRldi92MS4wL3Byb2R1Y3RzL2EwYWE0OWI5LTliOWQtNGE1ZS03NTUwLTA4ZDQxNDBiZmIzOC9sYWJlbHMvIiBUaGlua1RpbWU9IjAiIFRpbWVvdXQ9IjMwMCIgUGFyc2VEZXBlbmRlbnRSZXF1ZXN0cz0iVHJ1ZSIgRm9sbG93UmVkaXJlY3RzPSJUcnVlIiBSZWNvcmRSZXN1bHQ9IlRydWUiIENhY2hlPSJGYWxzZSIgUmVzcG9uc2VUaW1lR29hbD0iMCIgRW5jb2Rpbmc9InV0Zi04IiBFeHBlY3RlZEh0dHBTdGF0dXNDb2RlPSIwIiBFeHBlY3RlZFJlc3BvbnNlVXJsPSIiIFJlcG9ydGluZ05hbWU9IiIgSWdub3JlSHR0cFN0YXR1c0NvZGU9IkZhbHNlIj4NCiAgICAgICAgICA8U3RyaW5nSHR0cEJvZHkgQ29udGVudFR5cGU9IiIgSW5zZXJ0Qnl0ZU9yZGVyTWFyaz0iRmFsc2UiPg0KICAgICAgICAgIDwvU3RyaW5nSHR0cEJvZHk+DQogICAgICAgIDwvUmVxdWVzdD4NCiAgICAgIDwvRGVwZW5kZW50UmVxdWVzdHM+DQogICAgICA8SGVhZGVycz4NCiAgICAgICAgPEhlYWRlciBOYW1lPSJSZWZlcmVyIiBWYWx1ZT0iaHR0cDovL215c2F1Y2VmYWN0b3J5LWRlbW8uYXp1cmV3ZWJzaXRlcy5uZXQvcHJvZHVjdHMvZGV0YWlsLmh0bWw/aWQ9YTBhYTQ5YjktOWI5ZC00YTVlLTc1NTAtMDhkNDE0MGJmYjM4IiAvPg0KICAgICAgPC9IZWFkZXJzPg0KICAgIDwvUmVxdWVzdD4NCiAgICA8UmVxdWVzdCBNZXRob2Q9IkdFVCIgR3VpZD0iZWExYjE2ZDAtZTM1ZS00ZDU5LThlNDUtNThmMDg2MDM4ZDdlIiBWZXJzaW9uPSIxLjEiIFVybD0iaHR0cHM6Ly9ndy5teXNhdWNlZmFjdG9yeS5jb20vZGV2L215c2F1Y2UtYXBpLXByb3h5LWRldi92MS4wL3Byb2R1Y3RzL2EwYWE0OWI5LTliOWQtNGE1ZS03NTUwLTA4ZDQxNDBiZmIzOC9sYWJlbHMvIiBUaGlua1RpbWU9IjAiIFRpbWVvdXQ9IjMwMCIgUGFyc2VEZXBlbmRlbnRSZXF1ZXN0cz0iVHJ1ZSIgRm9sbG93UmVkaXJlY3RzPSJUcnVlIiBSZWNvcmRSZXN1bHQ9IlRydWUiIENhY2hlPSJGYWxzZSIgUmVzcG9uc2VUaW1lR29hbD0iMCIgRW5jb2Rpbmc9InV0Zi04IiBFeHBlY3RlZEh0dHBTdGF0dXNDb2RlPSIwIiBFeHBlY3RlZFJlc3BvbnNlVXJsPSIiIFJlcG9ydGluZ05hbWU9IiIgSWdub3JlSHR0cFN0YXR1c0NvZGU9IkZhbHNlIj4NCiAgICAgIDxIZWFkZXJzPg0KICAgICAgICA8SGVhZGVyIE5hbWU9IkFjY2VwdCIgVmFsdWU9IiovKiIgLz4NCiAgICAgICAgPEhlYWRlciBOYW1lPSJSZWZlcmVyIiBWYWx1ZT0iaHR0cDovL215c2F1Y2VmYWN0b3J5LWRlbW8uYXp1cmV3ZWJzaXRlcy5uZXQvb3JkZXIvcHJvZHVjdC5odG1sIiAvPg0KICAgICAgPC9IZWFkZXJzPg0KICAgIDwvUmVxdWVzdD4NCiAgICA8UmVxdWVzdCBNZXRob2Q9Ik9QVElPTlMiIEd1aWQ9ImI5OWUzODNlLTljNjgtNGIyZC1hNjc4LWEwYWE0YzA3ZTA3MyIgVmVyc2lvbj0iMS4xIiBVcmw9Imh0dHBzOi8vZ3cubXlzYXVjZWZhY3RvcnkuY29tL2Rldi9teXNhdWNlLWFwaS1wcm94eS1kZXYvdjEuMC9wcm9kdWN0cy9hMGFhNDliOS05YjlkLTRhNWUtNzU1MC0wOGQ0MTQwYmZiMzgvbWF0dGVyIiBUaGlua1RpbWU9IjAiIFRpbWVvdXQ9IjMwMCIgUGFyc2VEZXBlbmRlbnRSZXF1ZXN0cz0iVHJ1ZSIgRm9sbG93UmVkaXJlY3RzPSJUcnVlIiBSZWNvcmRSZXN1bHQ9IlRydWUiIENhY2hlPSJGYWxzZSIgUmVzcG9uc2VUaW1lR29hbD0iMCIgRW5jb2Rpbmc9InV0Zi04IiBFeHBlY3RlZEh0dHBTdGF0dXNDb2RlPSIwIiBFeHBlY3RlZFJlc3BvbnNlVXJsPSIiIFJlcG9ydGluZ05hbWU9IiIgSWdub3JlSHR0cFN0YXR1c0NvZGU9IkZhbHNlIj4NCiAgICAgIDxTdHJpbmdIdHRwQm9keSBDb250ZW50VHlwZT0iIiBJbnNlcnRCeXRlT3JkZXJNYXJrPSJGYWxzZSI+DQogICAgICA8L1N0cmluZ0h0dHBCb2R5Pg0KICAgIDwvUmVxdWVzdD4NCiAgICA8UmVxdWVzdCBNZXRob2Q9IlBPU1QiIEd1aWQ9IjM0NjdkODhmLWUyYmYtNDQ5Yy05Mjc4LWM1OTcxYzgyZDE4YSIgVmVyc2lvbj0iMS4xIiBVcmw9Imh0dHBzOi8vZ3cubXlzYXVjZWZhY3RvcnkuY29tL2Rldi9teXNhdWNlLWFwaS1wcm94eS1kZXYvdjEuMC9wcm9kdWN0cy9hMGFhNDliOS05YjlkLTRhNWUtNzU1MC0wOGQ0MTQwYmZiMzgvbWF0dGVyIiBUaGlua1RpbWU9IjYiIFRpbWVvdXQ9IjMwMCIgUGFyc2VEZXBlbmRlbnRSZXF1ZXN0cz0iVHJ1ZSIgRm9sbG93UmVkaXJlY3RzPSJUcnVlIiBSZWNvcmRSZXN1bHQ9IlRydWUiIENhY2hlPSJGYWxzZSIgUmVzcG9uc2VUaW1lR29hbD0iMCIgRW5jb2Rpbmc9InV0Zi04IiBFeHBlY3RlZEh0dHBTdGF0dXNDb2RlPSIwIiBFeHBlY3RlZFJlc3BvbnNlVXJsPSIiIFJlcG9ydGluZ05hbWU9IiIgSWdub3JlSHR0cFN0YXR1c0NvZGU9IkZhbHNlIj4NCiAgICAgIDxIZWFkZXJzPg0KICAgICAgICA8SGVhZGVyIE5hbWU9IkFjY2VwdCIgVmFsdWU9ImFwcGxpY2F0aW9uL2pzb24sIHRleHQvamF2YXNjcmlwdCwgKi8qOyBxPTAuMDEiIC8+DQogICAgICAgIDxIZWFkZXIgTmFtZT0iUmVmZXJlciIgVmFsdWU9Imh0dHA6Ly9teXNhdWNlZmFjdG9yeS1kZW1vLmF6dXJld2Vic2l0ZXMubmV0L29yZGVyL3Byb2R1Y3QuaHRtbCIgLz4NCiAgICAgIDwvSGVhZGVycz4NCiAgICAgIDxTdHJpbmdIdHRwQm9keSBDb250ZW50VHlwZT0iYXBwbGljYXRpb24vanNvbiIgSW5zZXJ0Qnl0ZU9yZGVyTWFyaz0iRmFsc2UiPmV3QWlBRzBBWVFCMEFHVUFjZ0JwQUdFQWJBQnpBQ0lBT2dCYkFIc0FJZ0JwQUdRQUlnQTZBQ0lBTUFBMEFHUUFOd0EwQUdVQU1RQXhBQzBBTVFBekFESUFaZ0F0QURRQU5BQm1BR01BTFFCbEFEY0FaQUExQUMwQU1BQTRBR1FBTkFBeEFEUUFNQUJpQUdZQVlnQTRBR0lBSWdBc0FDSUFjQUJoQUhJQVlRQnRBR1VBZEFCbEFISUFJZ0E2QUNJQU1RQWlBQ3dBSWdCdkFISUFaQUJsQUhJQVh3QnBBR1FBSWdBNkFEQUFMQUFpQUc4QWNnQmtBR1VBY2dBaUFEb0FiZ0IxQUd3QWJBQjlBQ3dBZXdBaUFHa0FaQUFpQURvQUlnQXhBR0VBTWdCbEFHWUFNQUF4QURjQUxRQmlBRE1BWVFCbEFDMEFOQUJpQURBQU1nQXRBR1VBTndCa0FEWUFMUUF3QURnQVpBQTBBREVBTkFBd0FHSUFaZ0JpQURnQVlnQWlBQ3dBSWdCd0FHRUFjZ0JoQUcwQVpRQjBBR1VBY2dBaUFEb0FJZ0F5QUNJQUxBQWlBRzhBY2dCa0FHVUFjZ0JmQUdrQVpBQWlBRG9BTUFBc0FDSUFid0J5QUdRQVpRQnlBQ0lBT2dCdUFIVUFiQUJzQUgwQUxBQjdBQ0lBYVFCa0FDSUFPZ0FpQUdFQU1RQXlBRGtBT0FBeUFHRUFOd0F0QURnQU53QmpBRGNBTFFBMEFEVUFNZ0JoQUMwQVpRQTNBR1FBTndBdEFEQUFPQUJrQURRQU1RQTBBREFBWWdCbUFHSUFPQUJpQUNJQUxBQWlBSEFBWVFCeUFHRUFiUUJsQUhRQVpRQnlBQ0lBT2dBaUFERUFJZ0FzQUNJQWJ3QnlBR1FBWlFCeUFGOEFhUUJrQUNJQU9nQXdBQ3dBSWdCdkFISUFaQUJsQUhJQUlnQTZBRzRBZFFCc0FHd0FmUUFzQUhzQUlnQnBBR1FBSWdBNkFDSUFZUUJsQUdVQU5RQmhBRGdBTkFBeEFDMEFNd0F3QUdJQU5RQXRBRFFBTWdBeEFHTUFMUUJsQURjQVpBQTRBQzBBTUFBNEFHUUFOQUF4QURRQU1BQmlBR1lBWWdBNEFHSUFJZ0FzQUNJQWNBQmhBSElBWVFCdEFHVUFkQUJsQUhJQUlnQTZBQ0lBTWdBaUFDd0FJZ0J2QUhJQVpBQmxBSElBWHdCcEFHUUFJZ0E2QURBQUxBQWlBRzhBY2dCa0FHVUFjZ0FpQURvQWJnQjFBR3dBYkFCOUFDd0Fld0FpQUdrQVpBQWlBRG9BSWdCaUFHSUFOQUEwQURrQVpnQTVBRGNBTFFBeUFHUUFaZ0F3QUMwQU5BQTRBR0lBWWdBdEFHVUFOd0JrQURrQUxRQXdBRGdBWkFBMEFERUFOQUF3QUdJQVpnQmlBRGdBWWdBaUFDd0FJZ0J3QUdFQWNnQmhBRzBBWlFCMEFHVUFjZ0FpQURvQUlnQXhBQ0lBTEFBaUFHOEFjZ0JrQUdVQWNnQmZBR2tBWkFBaUFEb0FNQUFzQUNJQWJ3QnlBR1FBWlFCeUFDSUFPZ0J1QUhVQWJBQnNBSDBBWFFCOUFBPT08L1N0cmluZ0h0dHBCb2R5Pg0KICAgIDwvUmVxdWVzdD4NCiAgICA8UmVxdWVzdCBNZXRob2Q9IkdFVCIgR3VpZD0iMjlkYjVmODAtMDJiOC00ZTdjLWE5ZDYtY2RjOWJkNzk5MzM5IiBWZXJzaW9uPSIxLjEiIFVybD0iaHR0cDovL215c2F1Y2VmYWN0b3J5LWRlbW8uYXp1cmV3ZWJzaXRlcy5uZXQvbG9naW4uaHRtbCIgVGhpbmtUaW1lPSIwIiBUaW1lb3V0PSIzMDAiIFBhcnNlRGVwZW5kZW50UmVxdWVzdHM9IlRydWUiIEZvbGxvd1JlZGlyZWN0cz0iVHJ1ZSIgUmVjb3JkUmVzdWx0PSJUcnVlIiBDYWNoZT0iRmFsc2UiIFJlc3BvbnNlVGltZUdvYWw9IjAiIEVuY29kaW5nPSJ1dGYtOCIgRXhwZWN0ZWRIdHRwU3RhdHVzQ29kZT0iMCIgRXhwZWN0ZWRSZXNwb25zZVVybD0iIiBSZXBvcnRpbmdOYW1lPSIiIElnbm9yZUh0dHBTdGF0dXNDb2RlPSJGYWxzZSI+DQogICAgICA8SGVhZGVycz4NCiAgICAgICAgPEhlYWRlciBOYW1lPSJSZWZlcmVyIiBWYWx1ZT0iaHR0cDovL215c2F1Y2VmYWN0b3J5LWRlbW8uYXp1cmV3ZWJzaXRlcy5uZXQvb3JkZXIvcHJvZHVjdC5odG1sIiAvPg0KICAgICAgPC9IZWFkZXJzPg0KICAgICAgPFF1ZXJ5U3RyaW5nUGFyYW1ldGVycz4NCiAgICAgICAgPFF1ZXJ5U3RyaW5nUGFyYW1ldGVyIE5hbWU9Im1vZGUiIFZhbHVlPSJzaG9wcGluZyIgUmVjb3JkZWRWYWx1ZT0ic2hvcHBpbmciIENvcnJlbGF0aW9uQmluZGluZz0iIiBVcmxFbmNvZGU9IkZhbHNlIiBVc2VUb0dyb3VwUmVzdWx0cz0iRmFsc2UiIC8+DQogICAgICA8L1F1ZXJ5U3RyaW5nUGFyYW1ldGVycz4NCiAgICA8L1JlcXVlc3Q+DQogICAgPFJlcXVlc3QgTWV0aG9kPSJHRVQiIEd1aWQ9IjY2MDM5Zjk1LTU2YTktNDk3OC1hYWI3LWMzNzZjN2E4MDgxYiIgVmVyc2lvbj0iMS4xIiBVcmw9Imh0dHA6Ly9hcGkuYmluZy5jb20vcXNtbC5hc3B4IiBUaGlua1RpbWU9IjAiIFRpbWVvdXQ9IjMwMCIgUGFyc2VEZXBlbmRlbnRSZXF1ZXN0cz0iVHJ1ZSIgRm9sbG93UmVkaXJlY3RzPSJUcnVlIiBSZWNvcmRSZXN1bHQ9IlRydWUiIENhY2hlPSJGYWxzZSIgUmVzcG9uc2VUaW1lR29hbD0iMCIgRW5jb2Rpbmc9InV0Zi04IiBFeHBlY3RlZEh0dHBTdGF0dXNDb2RlPSIwIiBFeHBlY3RlZFJlc3BvbnNlVXJsPSIiIFJlcG9ydGluZ05hbWU9IiIgSWdub3JlSHR0cFN0YXR1c0NvZGU9IkZhbHNlIj4NCiAgICAgIDxRdWVyeVN0cmluZ1BhcmFtZXRlcnM+DQogICAgICAgIDxRdWVyeVN0cmluZ1BhcmFtZXRlciBOYW1lPSJxdWVyeSIgVmFsdWU9Imh0dHAlM0ElMkYlMkZteXNhdWNlZmFjdG9yeS1kZW1vLmF6dXJld2Vic2l0ZXMubmV0JTJGIiBSZWNvcmRlZFZhbHVlPSJodHRwJTNBJTJGJTJGbXlzYXVjZWZhY3RvcnktZGVtby5henVyZXdlYnNpdGVzLm5ldCUyRiIgQ29ycmVsYXRpb25CaW5kaW5nPSIiIFVybEVuY29kZT0iRmFsc2UiIFVzZVRvR3JvdXBSZXN1bHRzPSJGYWxzZSIgLz4NCiAgICAgICAgPFF1ZXJ5U3RyaW5nUGFyYW1ldGVyIE5hbWU9Im1heHdpZHRoIiBWYWx1ZT0iMzI3NjUiIFJlY29yZGVkVmFsdWU9IjMyNzY1IiBDb3JyZWxhdGlvbkJpbmRpbmc9IiIgVXJsRW5jb2RlPSJGYWxzZSIgVXNlVG9Hcm91cFJlc3VsdHM9IkZhbHNlIiAvPg0KICAgICAgICA8UXVlcnlTdHJpbmdQYXJhbWV0ZXIgTmFtZT0icm93aGVpZ2h0IiBWYWx1ZT0iMjAiIFJlY29yZGVkVmFsdWU9IjIwIiBDb3JyZWxhdGlvbkJpbmRpbmc9IiIgVXJsRW5jb2RlPSJGYWxzZSIgVXNlVG9Hcm91cFJlc3VsdHM9IkZhbHNlIiAvPg0KICAgICAgICA8UXVlcnlTdHJpbmdQYXJhbWV0ZXIgTmFtZT0ic2VjdGlvbkhlaWdodCIgVmFsdWU9IjE2MCIgUmVjb3JkZWRWYWx1ZT0iMTYwIiBDb3JyZWxhdGlvbkJpbmRpbmc9IiIgVXJsRW5jb2RlPSJGYWxzZSIgVXNlVG9Hcm91cFJlc3VsdHM9IkZhbHNlIiAvPg0KICAgICAgICA8UXVlcnlTdHJpbmdQYXJhbWV0ZXIgTmFtZT0iRk9STSIgVmFsdWU9IklFU1MwMiIgUmVjb3JkZWRWYWx1ZT0iSUVTUzAyIiBDb3JyZWxhdGlvbkJpbmRpbmc9IiIgVXJsRW5jb2RlPSJGYWxzZSIgVXNlVG9Hcm91cFJlc3VsdHM9IkZhbHNlIiAvPg0KICAgICAgICA8UXVlcnlTdHJpbmdQYXJhbWV0ZXIgTmFtZT0ibWFya2V0IiBWYWx1ZT0iamEiIFJlY29yZGVkVmFsdWU9ImphIiBDb3JyZWxhdGlvbkJpbmRpbmc9IiIgVXJsRW5jb2RlPSJGYWxzZSIgVXNlVG9Hcm91cFJlc3VsdHM9IkZhbHNlIiAvPg0KICAgICAgPC9RdWVyeVN0cmluZ1BhcmFtZXRlcnM+DQogICAgPC9SZXF1ZXN0Pg0KICAgIDxSZXF1ZXN0IE1ldGhvZD0iR0VUIiBHdWlkPSIyMTBkODYxOS1iMGY4LTRkNTEtODA1YS0wYTNhMTc3YWUyZjMiIFZlcnNpb249IjEuMSIgVXJsPSJodHRwOi8vYXBpLmJpbmcuY29tL3FzbWwuYXNweCIgVGhpbmtUaW1lPSIxIiBUaW1lb3V0PSIzMDAiIFBhcnNlRGVwZW5kZW50UmVxdWVzdHM9IlRydWUiIEZvbGxvd1JlZGlyZWN0cz0iVHJ1ZSIgUmVjb3JkUmVzdWx0PSJUcnVlIiBDYWNoZT0iRmFsc2UiIFJlc3BvbnNlVGltZUdvYWw9IjAiIEVuY29kaW5nPSJ1dGYtOCIgRXhwZWN0ZWRIdHRwU3RhdHVzQ29kZT0iMCIgRXhwZWN0ZWRSZXNwb25zZVVybD0iIiBSZXBvcnRpbmdOYW1lPSIiIElnbm9yZUh0dHBTdGF0dXNDb2RlPSJGYWxzZSI+DQogICAgICA8UXVlcnlTdHJpbmdQYXJhbWV0ZXJzPg0KICAgICAgICA8UXVlcnlTdHJpbmdQYXJhbWV0ZXIgTmFtZT0icXVlcnkiIFZhbHVlPSJodHRwJTNBJTJGJTJGbXlzYXVjZWZhY3RvcnktZGVtby5henVyZXdlYnNpdGVzLm5ldCUyRiIgUmVjb3JkZWRWYWx1ZT0iaHR0cCUzQSUyRiUyRm15c2F1Y2VmYWN0b3J5LWRlbW8uYXp1cmV3ZWJzaXRlcy5uZXQlMkYiIENvcnJlbGF0aW9uQmluZGluZz0iIiBVcmxFbmNvZGU9IkZhbHNlIiBVc2VUb0dyb3VwUmVzdWx0cz0iRmFsc2UiIC8+DQogICAgICAgIDxRdWVyeVN0cmluZ1BhcmFtZXRlciBOYW1lPSJtYXh3aWR0aCIgVmFsdWU9IjMyNzY1IiBSZWNvcmRlZFZhbHVlPSIzMjc2NSIgQ29ycmVsYXRpb25CaW5kaW5nPSIiIFVybEVuY29kZT0iRmFsc2UiIFVzZVRvR3JvdXBSZXN1bHRzPSJGYWxzZSIgLz4NCiAgICAgICAgPFF1ZXJ5U3RyaW5nUGFyYW1ldGVyIE5hbWU9InJvd2hlaWdodCIgVmFsdWU9IjIwIiBSZWNvcmRlZFZhbHVlPSIyMCIgQ29ycmVsYXRpb25CaW5kaW5nPSIiIFVybEVuY29kZT0iRmFsc2UiIFVzZVRvR3JvdXBSZXN1bHRzPSJGYWxzZSIgLz4NCiAgICAgICAgPFF1ZXJ5U3RyaW5nUGFyYW1ldGVyIE5hbWU9InNlY3Rpb25IZWlnaHQiIFZhbHVlPSIxNjAiIFJlY29yZGVkVmFsdWU9IjE2MCIgQ29ycmVsYXRpb25CaW5kaW5nPSIiIFVybEVuY29kZT0iRmFsc2UiIFVzZVRvR3JvdXBSZXN1bHRzPSJGYWxzZSIgLz4NCiAgICAgICAgPFF1ZXJ5U3RyaW5nUGFyYW1ldGVyIE5hbWU9IkZPUk0iIFZhbHVlPSJJRVNTMDIiIFJlY29yZGVkVmFsdWU9IklFU1MwMiIgQ29ycmVsYXRpb25CaW5kaW5nPSIiIFVybEVuY29kZT0iRmFsc2UiIFVzZVRvR3JvdXBSZXN1bHRzPSJGYWxzZSIgLz4NCiAgICAgICAgPFF1ZXJ5U3RyaW5nUGFyYW1ldGVyIE5hbWU9Im1hcmtldCIgVmFsdWU9ImphIiBSZWNvcmRlZFZhbHVlPSJqYSIgQ29ycmVsYXRpb25CaW5kaW5nPSIiIFVybEVuY29kZT0iRmFsc2UiIFVzZVRvR3JvdXBSZXN1bHRzPSJGYWxzZSIgLz4NCiAgICAgIDwvUXVlcnlTdHJpbmdQYXJhbWV0ZXJzPg0KICAgIDwvUmVxdWVzdD4NCiAgICA8UmVxdWVzdCBNZXRob2Q9IkdFVCIgR3VpZD0iM2QwYThjOTYtYWQ4Ni00NjlhLWI2ZTctZjcyNzRhZmY3MDhkIiBWZXJzaW9uPSIxLjEiIFVybD0iaHR0cDovL215c2F1Y2VmYWN0b3J5LWRlbW8uYXp1cmV3ZWJzaXRlcy5uZXQvIiBUaGlua1RpbWU9IjAiIFRpbWVvdXQ9IjMwMCIgUGFyc2VEZXBlbmRlbnRSZXF1ZXN0cz0iVHJ1ZSIgRm9sbG93UmVkaXJlY3RzPSJUcnVlIiBSZWNvcmRSZXN1bHQ9IlRydWUiIENhY2hlPSJGYWxzZSIgUmVzcG9uc2VUaW1lR29hbD0iMCIgRW5jb2Rpbmc9InV0Zi04IiBFeHBlY3RlZEh0dHBTdGF0dXNDb2RlPSIwIiBFeHBlY3RlZFJlc3BvbnNlVXJsPSIiIFJlcG9ydGluZ05hbWU9IiIgSWdub3JlSHR0cFN0YXR1c0NvZGU9IkZhbHNlIj4NCiAgICAgIDxEZXBlbmRlbnRSZXF1ZXN0cz4NCiAgICAgICAgPFJlcXVlc3QgTWV0aG9kPSJHRVQiIEd1aWQ9IjUxMWQ3NzYyLTRiNWUtNDAxMC04NTZlLTI3OTE5MDg3ZDhmYyIgVmVyc2lvbj0iMS4xIiBVcmw9Imh0dHA6Ly9teXNhdWNlZmFjdG9yeS1kZW1vLmF6dXJld2Vic2l0ZXMubmV0L2ZvbnRzL2ZvbnRhd2Vzb21lLXdlYmZvbnQuZW90IiBUaGlua1RpbWU9IjAiIFRpbWVvdXQ9IjMwMCIgUGFyc2VEZXBlbmRlbnRSZXF1ZXN0cz0iVHJ1ZSIgRm9sbG93UmVkaXJlY3RzPSJUcnVlIiBSZWNvcmRSZXN1bHQ9IlRydWUiIENhY2hlPSJGYWxzZSIgUmVzcG9uc2VUaW1lR29hbD0iMCIgRW5jb2Rpbmc9InV0Zi04IiBFeHBlY3RlZEh0dHBTdGF0dXNDb2RlPSIwIiBFeHBlY3RlZFJlc3BvbnNlVXJsPSIiIFJlcG9ydGluZ05hbWU9IiIgSWdub3JlSHR0cFN0YXR1c0NvZGU9IkZhbHNlIj4NCiAgICAgICAgICA8SGVhZGVycz4NCiAgICAgICAgICAgIDxIZWFkZXIgTmFtZT0iUmVmZXJlciIgVmFsdWU9Imh0dHA6Ly9teXNhdWNlZmFjdG9yeS1kZW1vLmF6dXJld2Vic2l0ZXMubmV0LyIgLz4NCiAgICAgICAgICA8L0hlYWRlcnM+DQogICAgICAgICAgPFF1ZXJ5U3RyaW5nUGFyYW1ldGVycz4NCiAgICAgICAgICAgIDxRdWVyeVN0cmluZ1BhcmFtZXRlciBOYW1lPSIiIFZhbHVlPSIiIFJlY29yZGVkVmFsdWU9IiIgQ29ycmVsYXRpb25CaW5kaW5nPSIiIFVybEVuY29kZT0iRmFsc2UiIFVzZVRvR3JvdXBSZXN1bHRzPSJGYWxzZSIgLz4NCiAgICAgICAgICA8L1F1ZXJ5U3RyaW5nUGFyYW1ldGVycz4NCiAgICAgICAgPC9SZXF1ZXN0Pg0KICAgICAgICA8UmVxdWVzdCBNZXRob2Q9Ik9QVElPTlMiIEd1aWQ9IjNlNzAyNDU4LTJjZDMtNDNkYS1hMWNhLWYzNjNiZDY3ZTczZiIgVmVyc2lvbj0iMS4xIiBVcmw9Imh0dHBzOi8vZ3cubXlzYXVjZWZhY3RvcnkuY29tL2Rldi9teXNhdWNlLWFwaS1wcm94eS1kZXYvdjEuMC9mZWF0dXJlZHByb2R1Y3RzIiBUaGlua1RpbWU9IjAiIFRpbWVvdXQ9IjMwMCIgUGFyc2VEZXBlbmRlbnRSZXF1ZXN0cz0iVHJ1ZSIgRm9sbG93UmVkaXJlY3RzPSJUcnVlIiBSZWNvcmRSZXN1bHQ9IlRydWUiIENhY2hlPSJGYWxzZSIgUmVzcG9uc2VUaW1lR29hbD0iMCIgRW5jb2Rpbmc9InV0Zi04IiBFeHBlY3RlZEh0dHBTdGF0dXNDb2RlPSIwIiBFeHBlY3RlZFJlc3BvbnNlVXJsPSIiIFJlcG9ydGluZ05hbWU9IiIgSWdub3JlSHR0cFN0YXR1c0NvZGU9IkZhbHNlIj4NCiAgICAgICAgICA8UXVlcnlTdHJpbmdQYXJhbWV0ZXJzPg0KICAgICAgICAgICAgPFF1ZXJ5U3RyaW5nUGFyYW1ldGVyIE5hbWU9ImZpZWxkcyIgVmFsdWU9ImlkJTJDcHJvZHVjdF9pZCUyQ3RpdGxlJTJDcGljdHVyZSIgUmVjb3JkZWRWYWx1ZT0iaWQlMkNwcm9kdWN0X2lkJTJDdGl0bGUlMkNwaWN0dXJlIiBDb3JyZWxhdGlvbkJpbmRpbmc9IiIgVXJsRW5jb2RlPSJGYWxzZSIgVXNlVG9Hcm91cFJlc3VsdHM9IkZhbHNlIiAvPg0KICAgICAgICAgICAgPFF1ZXJ5U3RyaW5nUGFyYW1ldGVyIE5hbWU9ImxpbWl0IiBWYWx1ZT0iNSIgUmVjb3JkZWRWYWx1ZT0iNSIgQ29ycmVsYXRpb25CaW5kaW5nPSIiIFVybEVuY29kZT0iRmFsc2UiIFVzZVRvR3JvdXBSZXN1bHRzPSJGYWxzZSIgLz4NCiAgICAgICAgICAgIDxRdWVyeVN0cmluZ1BhcmFtZXRlciBOYW1lPSJvZmZzZXQiIFZhbHVlPSIwIiBSZWNvcmRlZFZhbHVlPSIwIiBDb3JyZWxhdGlvbkJpbmRpbmc9IiIgVXJsRW5jb2RlPSJGYWxzZSIgVXNlVG9Hcm91cFJlc3VsdHM9IkZhbHNlIiAvPg0KICAgICAgICAgICAgPFF1ZXJ5U3RyaW5nUGFyYW1ldGVyIE5hbWU9InNvcnQiIFZhbHVlPSJwcm9kdWN0X2lkIiBSZWNvcmRlZFZhbHVlPSJwcm9kdWN0X2lkIiBDb3JyZWxhdGlvbkJpbmRpbmc9IiIgVXJsRW5jb2RlPSJGYWxzZSIgVXNlVG9Hcm91cFJlc3VsdHM9IkZhbHNlIiAvPg0KICAgICAgICAgICAgPFF1ZXJ5U3RyaW5nUGFyYW1ldGVyIE5hbWU9ImFzYyIgVmFsdWU9InRydWUiIFJlY29yZGVkVmFsdWU9InRydWUiIENvcnJlbGF0aW9uQmluZGluZz0iIiBVcmxFbmNvZGU9IkZhbHNlIiBVc2VUb0dyb3VwUmVzdWx0cz0iRmFsc2UiIC8+DQogICAgICAgICAgPC9RdWVyeVN0cmluZ1BhcmFtZXRlcnM+DQogICAgICAgICAgPFN0cmluZ0h0dHBCb2R5IENvbnRlbnRUeXBlPSIiIEluc2VydEJ5dGVPcmRlck1hcms9IkZhbHNlIj4NCiAgICAgICAgICA8L1N0cmluZ0h0dHBCb2R5Pg0KICAgICAgICA8L1JlcXVlc3Q+DQogICAgICAgIDxSZXF1ZXN0IE1ldGhvZD0iR0VUIiBHdWlkPSJlOGFiYWE2My0zMjRkLTRhMGYtOGQ5Ni1mNjU5ODJjZjI1ZmYiIFZlcnNpb249IjEuMSIgVXJsPSJodHRwczovL2d3Lm15c2F1Y2VmYWN0b3J5LmNvbS9kZXYvbXlzYXVjZS1hcGktcHJveHktZGV2L3YxLjAvZmVhdHVyZWRwcm9kdWN0cyIgVGhpbmtUaW1lPSIwIiBUaW1lb3V0PSIzMDAiIFBhcnNlRGVwZW5kZW50UmVxdWVzdHM9IlRydWUiIEZvbGxvd1JlZGlyZWN0cz0iVHJ1ZSIgUmVjb3JkUmVzdWx0PSJUcnVlIiBDYWNoZT0iRmFsc2UiIFJlc3BvbnNlVGltZUdvYWw9IjAiIEVuY29kaW5nPSJ1dGYtOCIgRXhwZWN0ZWRIdHRwU3RhdHVzQ29kZT0iMCIgRXhwZWN0ZWRSZXNwb25zZVVybD0iIiBSZXBvcnRpbmdOYW1lPSIiIElnbm9yZUh0dHBTdGF0dXNDb2RlPSJGYWxzZSI+DQogICAgICAgICAgPEhlYWRlcnM+DQogICAgICAgICAgICA8SGVhZGVyIE5hbWU9IkFjY2VwdCIgVmFsdWU9IiovKiIgLz4NCiAgICAgICAgICAgIDxIZWFkZXIgTmFtZT0iUmVmZXJlciIgVmFsdWU9Imh0dHA6Ly9teXNhdWNlZmFjdG9yeS1kZW1vLmF6dXJld2Vic2l0ZXMubmV0LyIgLz4NCiAgICAgICAgICA8L0hlYWRlcnM+DQogICAgICAgICAgPFF1ZXJ5U3RyaW5nUGFyYW1ldGVycz4NCiAgICAgICAgICAgIDxRdWVyeVN0cmluZ1BhcmFtZXRlciBOYW1lPSJmaWVsZHMiIFZhbHVlPSJpZCUyQ3Byb2R1Y3RfaWQlMkN0aXRsZSUyQ3BpY3R1cmUiIFJlY29yZGVkVmFsdWU9ImlkJTJDcHJvZHVjdF9pZCUyQ3RpdGxlJTJDcGljdHVyZSIgQ29ycmVsYXRpb25CaW5kaW5nPSIiIFVybEVuY29kZT0iRmFsc2UiIFVzZVRvR3JvdXBSZXN1bHRzPSJGYWxzZSIgLz4NCiAgICAgICAgICAgIDxRdWVyeVN0cmluZ1BhcmFtZXRlciBOYW1lPSJsaW1pdCIgVmFsdWU9IjUiIFJlY29yZGVkVmFsdWU9IjUiIENvcnJlbGF0aW9uQmluZGluZz0iIiBVcmxFbmNvZGU9IkZhbHNlIiBVc2VUb0dyb3VwUmVzdWx0cz0iRmFsc2UiIC8+DQogICAgICAgICAgICA8UXVlcnlTdHJpbmdQYXJhbWV0ZXIgTmFtZT0ib2Zmc2V0IiBWYWx1ZT0iMCIgUmVjb3JkZWRWYWx1ZT0iMCIgQ29ycmVsYXRpb25CaW5kaW5nPSIiIFVybEVuY29kZT0iRmFsc2UiIFVzZVRvR3JvdXBSZXN1bHRzPSJGYWxzZSIgLz4NCiAgICAgICAgICAgIDxRdWVyeVN0cmluZ1BhcmFtZXRlciBOYW1lPSJzb3J0IiBWYWx1ZT0icHJvZHVjdF9pZCIgUmVjb3JkZWRWYWx1ZT0icHJvZHVjdF9pZCIgQ29ycmVsYXRpb25CaW5kaW5nPSIiIFVybEVuY29kZT0iRmFsc2UiIFVzZVRvR3JvdXBSZXN1bHRzPSJGYWxzZSIgLz4NCiAgICAgICAgICAgIDxRdWVyeVN0cmluZ1BhcmFtZXRlciBOYW1lPSJhc2MiIFZhbHVlPSJ0cnVlIiBSZWNvcmRlZFZhbHVlPSJ0cnVlIiBDb3JyZWxhdGlvbkJpbmRpbmc9IiIgVXJsRW5jb2RlPSJGYWxzZSIgVXNlVG9Hcm91cFJlc3VsdHM9IkZhbHNlIiAvPg0KICAgICAgICAgIDwvUXVlcnlTdHJpbmdQYXJhbWV0ZXJzPg0KICAgICAgICA8L1JlcXVlc3Q+DQogICAgICAgIDxSZXF1ZXN0IE1ldGhvZD0iT1BUSU9OUyIgR3VpZD0iZmUxMGEwN2QtNGRhZC00MTg3LWE2MTMtYTNmNGFiZWUwZTE2IiBWZXJzaW9uPSIxLjEiIFVybD0iaHR0cHM6Ly9ndy5teXNhdWNlZmFjdG9yeS5jb20vZGV2L215c2F1Y2UtYXBpLXByb3h5LWRldi92MS4wL3Byb2R1Y3RzLzVjYjg0ZjQ3LWM5MTMtNDA2NS03NTRjLTA4ZDQxNDBiZmIzOCIgVGhpbmtUaW1lPSIwIiBUaW1lb3V0PSIzMDAiIFBhcnNlRGVwZW5kZW50UmVxdWVzdHM9IlRydWUiIEZvbGxvd1JlZGlyZWN0cz0iVHJ1ZSIgUmVjb3JkUmVzdWx0PSJUcnVlIiBDYWNoZT0iRmFsc2UiIFJlc3BvbnNlVGltZUdvYWw9IjAiIEVuY29kaW5nPSJ1dGYtOCIgRXhwZWN0ZWRIdHRwU3RhdHVzQ29kZT0iMCIgRXhwZWN0ZWRSZXNwb25zZVVybD0iIiBSZXBvcnRpbmdOYW1lPSIiIElnbm9yZUh0dHBTdGF0dXNDb2RlPSJGYWxzZSI+DQogICAgICAgICAgPEhlYWRlcnM+DQogICAgICAgICAgICA8SGVhZGVyIE5hbWU9IkF1dGhvcml6YXRpb24iIFZhbHVlPSJ4eHgiIC8+DQogICAgICAgICAgPC9IZWFkZXJzPg0KICAgICAgICAgIDxRdWVyeVN0cmluZ1BhcmFtZXRlcnM+DQogICAgICAgICAgICA8UXVlcnlTdHJpbmdQYXJhbWV0ZXIgTmFtZT0iZmllbGRzIiBWYWx1ZT0ibmFtZSIgUmVjb3JkZWRWYWx1ZT0ibmFtZSIgQ29ycmVsYXRpb25CaW5kaW5nPSIiIFVybEVuY29kZT0iRmFsc2UiIFVzZVRvR3JvdXBSZXN1bHRzPSJGYWxzZSIgLz4NCiAgICAgICAgICA8L1F1ZXJ5U3RyaW5nUGFyYW1ldGVycz4NCiAgICAgICAgICA8U3RyaW5nSHR0cEJvZHkgQ29udGVudFR5cGU9IiIgSW5zZXJ0Qnl0ZU9yZGVyTWFyaz0iRmFsc2UiPg0KICAgICAgICAgIDwvU3RyaW5nSHR0cEJvZHk+DQogICAgICAgIDwvUmVxdWVzdD4NCiAgICAgICAgPFJlcXVlc3QgTWV0aG9kPSJHRVQiIEd1aWQ9Ijg3ZTBmOTI0LTNkMDYtNGNjMi04NzQ4LTRiY2UwYmU3NTIwZSIgVmVyc2lvbj0iMS4xIiBVcmw9Imh0dHBzOi8vZ3cubXlzYXVjZWZhY3RvcnkuY29tL2Rldi9teXNhdWNlLWFwaS1wcm94eS1kZXYvdjEuMC9wcm9kdWN0cy81Y2I4NGY0Ny1jOTEzLTQwNjUtNzU0Yy0wOGQ0MTQwYmZiMzgiIFRoaW5rVGltZT0iMCIgVGltZW91dD0iMzAwIiBQYXJzZURlcGVuZGVudFJlcXVlc3RzPSJUcnVlIiBGb2xsb3dSZWRpcmVjdHM9IlRydWUiIFJlY29yZFJlc3VsdD0iVHJ1ZSIgQ2FjaGU9IkZhbHNlIiBSZXNwb25zZVRpbWVHb2FsPSIwIiBFbmNvZGluZz0idXRmLTgiIEV4cGVjdGVkSHR0cFN0YXR1c0NvZGU9IjAiIEV4cGVjdGVkUmVzcG9uc2VVcmw9IiIgUmVwb3J0aW5nTmFtZT0iIiBJZ25vcmVIdHRwU3RhdHVzQ29kZT0iRmFsc2UiPg0KICAgICAgICAgIDxIZWFkZXJzPg0KICAgICAgICAgICAgPEhlYWRlciBOYW1lPSJBY2NlcHQiIFZhbHVlPSIqLyoiIC8+DQogICAgICAgICAgICA8SGVhZGVyIE5hbWU9IlJlZmVyZXIiIFZhbHVlPSJodHRwOi8vbXlzYXVjZWZhY3RvcnktZGVtby5henVyZXdlYnNpdGVzLm5ldC8iIC8+DQogICAgICAgICAgICA8SGVhZGVyIE5hbWU9IkF1dGhvcml6YXRpb24iIFZhbHVlPSJ4eHgiIC8+DQogICAgICAgICAgPC9IZWFkZXJzPg0KICAgICAgICAgIDxRdWVyeVN0cmluZ1BhcmFtZXRlcnM+DQogICAgICAgICAgICA8UXVlcnlTdHJpbmdQYXJhbWV0ZXIgTmFtZT0iZmllbGRzIiBWYWx1ZT0ibmFtZSIgUmVjb3JkZWRWYWx1ZT0ibmFtZSIgQ29ycmVsYXRpb25CaW5kaW5nPSIiIFVybEVuY29kZT0iRmFsc2UiIFVzZVRvR3JvdXBSZXN1bHRzPSJGYWxzZSIgLz4NCiAgICAgICAgICA8L1F1ZXJ5U3RyaW5nUGFyYW1ldGVycz4NCiAgICAgICAgPC9SZXF1ZXN0Pg0KICAgICAgICA8UmVxdWVzdCBNZXRob2Q9Ik9QVElPTlMiIEd1aWQ9ImZlMjJkNGMyLTNjMWItNDAzYy04ODEwLTQ1NjQ5ZTkyZjRlZiIgVmVyc2lvbj0iMS4xIiBVcmw9Imh0dHBzOi8vZ3cubXlzYXVjZWZhY3RvcnkuY29tL2Rldi9teXNhdWNlLWFwaS1wcm94eS1kZXYvdjEuMC9wcm9kdWN0cy9jNDhmNWJmNS1kZjI4LTQzMDktNzU0ZS0wOGQ0MTQwYmZiMzgiIFRoaW5rVGltZT0iMCIgVGltZW91dD0iMzAwIiBQYXJzZURlcGVuZGVudFJlcXVlc3RzPSJUcnVlIiBGb2xsb3dSZWRpcmVjdHM9IlRydWUiIFJlY29yZFJlc3VsdD0iVHJ1ZSIgQ2FjaGU9IkZhbHNlIiBSZXNwb25zZVRpbWVHb2FsPSIwIiBFbmNvZGluZz0idXRmLTgiIEV4cGVjdGVkSHR0cFN0YXR1c0NvZGU9IjAiIEV4cGVjdGVkUmVzcG9uc2VVcmw9IiIgUmVwb3J0aW5nTmFtZT0iIiBJZ25vcmVIdHRwU3RhdHVzQ29kZT0iRmFsc2UiPg0KICAgICAgICAgIDxIZWFkZXJzPg0KICAgICAgICAgICAgPEhlYWRlciBOYW1lPSJBdXRob3JpemF0aW9uIiBWYWx1ZT0ieHh4IiAvPg0KICAgICAgICAgIDwvSGVhZGVycz4NCiAgICAgICAgICA8UXVlcnlTdHJpbmdQYXJhbWV0ZXJzPg0KICAgICAgICAgICAgPFF1ZXJ5U3RyaW5nUGFyYW1ldGVyIE5hbWU9ImZpZWxkcyIgVmFsdWU9Im5hbWUiIFJlY29yZGVkVmFsdWU9Im5hbWUiIENvcnJlbGF0aW9uQmluZGluZz0iIiBVcmxFbmNvZGU9IkZhbHNlIiBVc2VUb0dyb3VwUmVzdWx0cz0iRmFsc2UiIC8+DQogICAgICAgICAgPC9RdWVyeVN0cmluZ1BhcmFtZXRlcnM+DQogICAgICAgICAgPFN0cmluZ0h0dHBCb2R5IENvbnRlbnRUeXBlPSIiIEluc2VydEJ5dGVPcmRlck1hcms9IkZhbHNlIj4NCiAgICAgICAgICA8L1N0cmluZ0h0dHBCb2R5Pg0KICAgICAgICA8L1JlcXVlc3Q+DQogICAgICAgIDxSZXF1ZXN0IE1ldGhvZD0iR0VUIiBHdWlkPSI5Yjg2OWExZi1lNzg1LTQwYzktYWFlNi1lNDFhODc4ZThhOWUiIFZlcnNpb249IjEuMSIgVXJsPSJodHRwczovL2d3Lm15c2F1Y2VmYWN0b3J5LmNvbS9kZXYvbXlzYXVjZS1hcGktcHJveHktZGV2L3YxLjAvcHJvZHVjdHMvYzQ4ZjViZjUtZGYyOC00MzA5LTc1NGUtMDhkNDE0MGJmYjM4IiBUaGlua1RpbWU9IjAiIFRpbWVvdXQ9IjMwMCIgUGFyc2VEZXBlbmRlbnRSZXF1ZXN0cz0iVHJ1ZSIgRm9sbG93UmVkaXJlY3RzPSJUcnVlIiBSZWNvcmRSZXN1bHQ9IlRydWUiIENhY2hlPSJGYWxzZSIgUmVzcG9uc2VUaW1lR29hbD0iMCIgRW5jb2Rpbmc9InV0Zi04IiBFeHBlY3RlZEh0dHBTdGF0dXNDb2RlPSIwIiBFeHBlY3RlZFJlc3BvbnNlVXJsPSIiIFJlcG9ydGluZ05hbWU9IiIgSWdub3JlSHR0cFN0YXR1c0NvZGU9IkZhbHNlIj4NCiAgICAgICAgICA8SGVhZGVycz4NCiAgICAgICAgICAgIDxIZWFkZXIgTmFtZT0iQWNjZXB0IiBWYWx1ZT0iKi8qIiAvPg0KICAgICAgICAgICAgPEhlYWRlciBOYW1lPSJSZWZlcmVyIiBWYWx1ZT0iaHR0cDovL215c2F1Y2VmYWN0b3J5LWRlbW8uYXp1cmV3ZWJzaXRlcy5uZXQvIiAvPg0KICAgICAgICAgICAgPEhlYWRlciBOYW1lPSJBdXRob3JpemF0aW9uIiBWYWx1ZT0ieHh4IiAvPg0KICAgICAgICAgIDwvSGVhZGVycz4NCiAgICAgICAgICA8UXVlcnlTdHJpbmdQYXJhbWV0ZXJzPg0KICAgICAgICAgICAgPFF1ZXJ5U3RyaW5nUGFyYW1ldGVyIE5hbWU9ImZpZWxkcyIgVmFsdWU9Im5hbWUiIFJlY29yZGVkVmFsdWU9Im5hbWUiIENvcnJlbGF0aW9uQmluZGluZz0iIiBVcmxFbmNvZGU9IkZhbHNlIiBVc2VUb0dyb3VwUmVzdWx0cz0iRmFsc2UiIC8+DQogICAgICAgICAgPC9RdWVyeVN0cmluZ1BhcmFtZXRlcnM+DQogICAgICAgIDwvUmVxdWVzdD4NCiAgICAgICAgPFJlcXVlc3QgTWV0aG9kPSJPUFRJT05TIiBHdWlkPSIwZDVmM2RlOC1jYzcwLTQxZTgtYmFjOS0yNjlkNTc3MjM3ODIiIFZlcnNpb249IjEuMSIgVXJsPSJodHRwczovL2d3Lm15c2F1Y2VmYWN0b3J5LmNvbS9kZXYvbXlzYXVjZS1hcGktcHJveHktZGV2L3YxLjAvcHJvZHVjdHMvYTBhYTQ5YjktOWI5ZC00YTVlLTc1NTAtMDhkNDE0MGJmYjM4IiBUaGlua1RpbWU9IjAiIFRpbWVvdXQ9IjMwMCIgUGFyc2VEZXBlbmRlbnRSZXF1ZXN0cz0iVHJ1ZSIgRm9sbG93UmVkaXJlY3RzPSJUcnVlIiBSZWNvcmRSZXN1bHQ9IlRydWUiIENhY2hlPSJGYWxzZSIgUmVzcG9uc2VUaW1lR29hbD0iMCIgRW5jb2Rpbmc9InV0Zi04IiBFeHBlY3RlZEh0dHBTdGF0dXNDb2RlPSIwIiBFeHBlY3RlZFJlc3BvbnNlVXJsPSIiIFJlcG9ydGluZ05hbWU9IiIgSWdub3JlSHR0cFN0YXR1c0NvZGU9IkZhbHNlIj4NCiAgICAgICAgICA8SGVhZGVycz4NCiAgICAgICAgICAgIDxIZWFkZXIgTmFtZT0iQXV0aG9yaXphdGlvbiIgVmFsdWU9Inh4eCIgLz4NCiAgICAgICAgICA8L0hlYWRlcnM+DQogICAgICAgICAgPFF1ZXJ5U3RyaW5nUGFyYW1ldGVycz4NCiAgICAgICAgICAgIDxRdWVyeVN0cmluZ1BhcmFtZXRlciBOYW1lPSJmaWVsZHMiIFZhbHVlPSJuYW1lIiBSZWNvcmRlZFZhbHVlPSJuYW1lIiBDb3JyZWxhdGlvbkJpbmRpbmc9IiIgVXJsRW5jb2RlPSJGYWxzZSIgVXNlVG9Hcm91cFJlc3VsdHM9IkZhbHNlIiAvPg0KICAgICAgICAgIDwvUXVlcnlTdHJpbmdQYXJhbWV0ZXJzPg0KICAgICAgICAgIDxTdHJpbmdIdHRwQm9keSBDb250ZW50VHlwZT0iIiBJbnNlcnRCeXRlT3JkZXJNYXJrPSJGYWxzZSI+DQogICAgICAgICAgPC9TdHJpbmdIdHRwQm9keT4NCiAgICAgICAgPC9SZXF1ZXN0Pg0KICAgICAgICA8UmVxdWVzdCBNZXRob2Q9IkdFVCIgR3VpZD0iNjk3YTJlMTItMWY3ZS00NzJjLTlhMGQtZGQ1NWFjNzRjMzE4IiBWZXJzaW9uPSIxLjEiIFVybD0iaHR0cHM6Ly9ndy5teXNhdWNlZmFjdG9yeS5jb20vZGV2L215c2F1Y2UtYXBpLXByb3h5LWRldi92MS4wL3Byb2R1Y3RzL2EwYWE0OWI5LTliOWQtNGE1ZS03NTUwLTA4ZDQxNDBiZmIzOCIgVGhpbmtUaW1lPSIwIiBUaW1lb3V0PSIzMDAiIFBhcnNlRGVwZW5kZW50UmVxdWVzdHM9IlRydWUiIEZvbGxvd1JlZGlyZWN0cz0iVHJ1ZSIgUmVjb3JkUmVzdWx0PSJUcnVlIiBDYWNoZT0iRmFsc2UiIFJlc3BvbnNlVGltZUdvYWw9IjAiIEVuY29kaW5nPSJ1dGYtOCIgRXhwZWN0ZWRIdHRwU3RhdHVzQ29kZT0iMCIgRXhwZWN0ZWRSZXNwb25zZVVybD0iIiBSZXBvcnRpbmdOYW1lPSIiIElnbm9yZUh0dHBTdGF0dXNDb2RlPSJGYWxzZSI+DQogICAgICAgICAgPEhlYWRlcnM+DQogICAgICAgICAgICA8SGVhZGVyIE5hbWU9IkFjY2VwdCIgVmFsdWU9IiovKiIgLz4NCiAgICAgICAgICAgIDxIZWFkZXIgTmFtZT0iUmVmZXJlciIgVmFsdWU9Imh0dHA6Ly9teXNhdWNlZmFjdG9yeS1kZW1vLmF6dXJld2Vic2l0ZXMubmV0LyIgLz4NCiAgICAgICAgICAgIDxIZWFkZXIgTmFtZT0iQXV0aG9yaXphdGlvbiIgVmFsdWU9Inh4eCIgLz4NCiAgICAgICAgICA8L0hlYWRlcnM+DQogICAgICAgICAgPFF1ZXJ5U3RyaW5nUGFyYW1ldGVycz4NCiAgICAgICAgICAgIDxRdWVyeVN0cmluZ1BhcmFtZXRlciBOYW1lPSJmaWVsZHMiIFZhbHVlPSJuYW1lIiBSZWNvcmRlZFZhbHVlPSJuYW1lIiBDb3JyZWxhdGlvbkJpbmRpbmc9IiIgVXJsRW5jb2RlPSJGYWxzZSIgVXNlVG9Hcm91cFJlc3VsdHM9IkZhbHNlIiAvPg0KICAgICAgICAgIDwvUXVlcnlTdHJpbmdQYXJhbWV0ZXJzPg0KICAgICAgICA8L1JlcXVlc3Q+DQogICAgICAgIDxSZXF1ZXN0IE1ldGhvZD0iT1BUSU9OUyIgR3VpZD0iMDhhZDdlNjktNzkzZS00ZDEyLTljNDMtNzEzOTJhYzAxZTE0IiBWZXJzaW9uPSIxLjEiIFVybD0iaHR0cHM6Ly9ndy5teXNhdWNlZmFjdG9yeS5jb20vZGV2L215c2F1Y2UtYXBpLXByb3h5LWRldi92MS4wL3Byb2R1Y3RzLzY1OWJlMjQ0LTVmNGItNDQ1ZS03NTUyLTA4ZDQxNDBiZmIzOCIgVGhpbmtUaW1lPSIwIiBUaW1lb3V0PSIzMDAiIFBhcnNlRGVwZW5kZW50UmVxdWVzdHM9IlRydWUiIEZvbGxvd1JlZGlyZWN0cz0iVHJ1ZSIgUmVjb3JkUmVzdWx0PSJUcnVlIiBDYWNoZT0iRmFsc2UiIFJlc3BvbnNlVGltZUdvYWw9IjAiIEVuY29kaW5nPSJ1dGYtOCIgRXhwZWN0ZWRIdHRwU3RhdHVzQ29kZT0iMCIgRXhwZWN0ZWRSZXNwb25zZVVybD0iIiBSZXBvcnRpbmdOYW1lPSIiIElnbm9yZUh0dHBTdGF0dXNDb2RlPSJGYWxzZSI+DQogICAgICAgICAgPEhlYWRlcnM+DQogICAgICAgICAgICA8SGVhZGVyIE5hbWU9IkF1dGhvcml6YXRpb24iIFZhbHVlPSJ4eHgiIC8+DQogICAgICAgICAgPC9IZWFkZXJzPg0KICAgICAgICAgIDxRdWVyeVN0cmluZ1BhcmFtZXRlcnM+DQogICAgICAgICAgICA8UXVlcnlTdHJpbmdQYXJhbWV0ZXIgTmFtZT0iZmllbGRzIiBWYWx1ZT0ibmFtZSIgUmVjb3JkZWRWYWx1ZT0ibmFtZSIgQ29ycmVsYXRpb25CaW5kaW5nPSIiIFVybEVuY29kZT0iRmFsc2UiIFVzZVRvR3JvdXBSZXN1bHRzPSJGYWxzZSIgLz4NCiAgICAgICAgICA8L1F1ZXJ5U3RyaW5nUGFyYW1ldGVycz4NCiAgICAgICAgICA8U3RyaW5nSHR0cEJvZHkgQ29udGVudFR5cGU9IiIgSW5zZXJ0Qnl0ZU9yZGVyTWFyaz0iRmFsc2UiPg0KICAgICAgICAgIDwvU3RyaW5nSHR0cEJvZHk+DQogICAgICAgIDwvUmVxdWVzdD4NCiAgICAgICAgPFJlcXVlc3QgTWV0aG9kPSJHRVQiIEd1aWQ9ImU1OWY3MTk5LWZlYTUtNGQxMi05NDc3LTRkMTg2MTgxNGVjOSIgVmVyc2lvbj0iMS4xIiBVcmw9Imh0dHBzOi8vZ3cubXlzYXVjZWZhY3RvcnkuY29tL2Rldi9teXNhdWNlLWFwaS1wcm94eS1kZXYvdjEuMC9wcm9kdWN0cy82NTliZTI0NC01ZjRiLTQ0NWUtNzU1Mi0wOGQ0MTQwYmZiMzgiIFRoaW5rVGltZT0iMCIgVGltZW91dD0iMzAwIiBQYXJzZURlcGVuZGVudFJlcXVlc3RzPSJUcnVlIiBGb2xsb3dSZWRpcmVjdHM9IlRydWUiIFJlY29yZFJlc3VsdD0iVHJ1ZSIgQ2FjaGU9IkZhbHNlIiBSZXNwb25zZVRpbWVHb2FsPSIwIiBFbmNvZGluZz0idXRmLTgiIEV4cGVjdGVkSHR0cFN0YXR1c0NvZGU9IjAiIEV4cGVjdGVkUmVzcG9uc2VVcmw9IiIgUmVwb3J0aW5nTmFtZT0iIiBJZ25vcmVIdHRwU3RhdHVzQ29kZT0iRmFsc2UiPg0KICAgICAgICAgIDxIZWFkZXJzPg0KICAgICAgICAgICAgPEhlYWRlciBOYW1lPSJBY2NlcHQiIFZhbHVlPSIqLyoiIC8+DQogICAgICAgICAgICA8SGVhZGVyIE5hbWU9IlJlZmVyZXIiIFZhbHVlPSJodHRwOi8vbXlzYXVjZWZhY3RvcnktZGVtby5henVyZXdlYnNpdGVzLm5ldC8iIC8+DQogICAgICAgICAgICA8SGVhZGVyIE5hbWU9IkF1dGhvcml6YXRpb24iIFZhbHVlPSJ4eHgiIC8+DQogICAgICAgICAgPC9IZWFkZXJzPg0KICAgICAgICAgIDxRdWVyeVN0cmluZ1BhcmFtZXRlcnM+DQogICAgICAgICAgICA8UXVlcnlTdHJpbmdQYXJhbWV0ZXIgTmFtZT0iZmllbGRzIiBWYWx1ZT0ibmFtZSIgUmVjb3JkZWRWYWx1ZT0ibmFtZSIgQ29ycmVsYXRpb25CaW5kaW5nPSIiIFVybEVuY29kZT0iRmFsc2UiIFVzZVRvR3JvdXBSZXN1bHRzPSJGYWxzZSIgLz4NCiAgICAgICAgICA8L1F1ZXJ5U3RyaW5nUGFyYW1ldGVycz4NCiAgICAgICAgPC9SZXF1ZXN0Pg0KICAgICAgICA8UmVxdWVzdCBNZXRob2Q9Ik9QVElPTlMiIEd1aWQ9ImU2YzAyNjM3LTczNmEtNDRiNC05OGE1LTU4Mzc1MTczNjRmNiIgVmVyc2lvbj0iMS4xIiBVcmw9Imh0dHBzOi8vZ3cubXlzYXVjZWZhY3RvcnkuY29tL2Rldi9teXNhdWNlLWFwaS1wcm94eS1kZXYvdjEuMC9wcm9kdWN0cy9lMWNlMTBmNi0xZWEyLTRmNGQtNzU1Ni0wOGQ0MTQwYmZiMzgiIFRoaW5rVGltZT0iMCIgVGltZW91dD0iMzAwIiBQYXJzZURlcGVuZGVudFJlcXVlc3RzPSJUcnVlIiBGb2xsb3dSZWRpcmVjdHM9IlRydWUiIFJlY29yZFJlc3VsdD0iVHJ1ZSIgQ2FjaGU9IkZhbHNlIiBSZXNwb25zZVRpbWVHb2FsPSIwIiBFbmNvZGluZz0idXRmLTgiIEV4cGVjdGVkSHR0cFN0YXR1c0NvZGU9IjAiIEV4cGVjdGVkUmVzcG9uc2VVcmw9IiIgUmVwb3J0aW5nTmFtZT0iIiBJZ25vcmVIdHRwU3RhdHVzQ29kZT0iRmFsc2UiPg0KICAgICAgICAgIDxIZWFkZXJzPg0KICAgICAgICAgICAgPEhlYWRlciBOYW1lPSJBdXRob3JpemF0aW9uIiBWYWx1ZT0ieHh4IiAvPg0KICAgICAgICAgIDwvSGVhZGVycz4NCiAgICAgICAgICA8UXVlcnlTdHJpbmdQYXJhbWV0ZXJzPg0KICAgICAgICAgICAgPFF1ZXJ5U3RyaW5nUGFyYW1ldGVyIE5hbWU9ImZpZWxkcyIgVmFsdWU9Im5hbWUiIFJlY29yZGVkVmFsdWU9Im5hbWUiIENvcnJlbGF0aW9uQmluZGluZz0iIiBVcmxFbmNvZGU9IkZhbHNlIiBVc2VUb0dyb3VwUmVzdWx0cz0iRmFsc2UiIC8+DQogICAgICAgICAgPC9RdWVyeVN0cmluZ1BhcmFtZXRlcnM+DQogICAgICAgICAgPFN0cmluZ0h0dHBCb2R5IENvbnRlbnRUeXBlPSIiIEluc2VydEJ5dGVPcmRlck1hcms9IkZhbHNlIj4NCiAgICAgICAgICA8L1N0cmluZ0h0dHBCb2R5Pg0KICAgICAgICA8L1JlcXVlc3Q+DQogICAgICAgIDxSZXF1ZXN0IE1ldGhvZD0iR0VUIiBHdWlkPSIyN2I3NGQ2OC02NDRjLTRmNDYtOGE4Yi1lNmY3N2ZiNzg5YTQiIFZlcnNpb249IjEuMSIgVXJsPSJodHRwczovL2d3Lm15c2F1Y2VmYWN0b3J5LmNvbS9kZXYvbXlzYXVjZS1hcGktcHJveHktZGV2L3YxLjAvcHJvZHVjdHMvZTFjZTEwZjYtMWVhMi00ZjRkLTc1NTYtMDhkNDE0MGJmYjM4IiBUaGlua1RpbWU9IjEiIFRpbWVvdXQ9IjMwMCIgUGFyc2VEZXBlbmRlbnRSZXF1ZXN0cz0iVHJ1ZSIgRm9sbG93UmVkaXJlY3RzPSJUcnVlIiBSZWNvcmRSZXN1bHQ9IlRydWUiIENhY2hlPSJGYWxzZSIgUmVzcG9uc2VUaW1lR29hbD0iMCIgRW5jb2Rpbmc9InV0Zi04IiBFeHBlY3RlZEh0dHBTdGF0dXNDb2RlPSIwIiBFeHBlY3RlZFJlc3BvbnNlVXJsPSIiIFJlcG9ydGluZ05hbWU9IiIgSWdub3JlSHR0cFN0YXR1c0NvZGU9IkZhbHNlIj4NCiAgICAgICAgICA8SGVhZGVycz4NCiAgICAgICAgICAgIDxIZWFkZXIgTmFtZT0iQWNjZXB0IiBWYWx1ZT0iKi8qIiAvPg0KICAgICAgICAgICAgPEhlYWRlciBOYW1lPSJSZWZlcmVyIiBWYWx1ZT0iaHR0cDovL215c2F1Y2VmYWN0b3J5LWRlbW8uYXp1cmV3ZWJzaXRlcy5uZXQvIiAvPg0KICAgICAgICAgICAgPEhlYWRlciBOYW1lPSJBdXRob3JpemF0aW9uIiBWYWx1ZT0ieHh4IiAvPg0KICAgICAgICAgIDwvSGVhZGVycz4NCiAgICAgICAgICA8UXVlcnlTdHJpbmdQYXJhbWV0ZXJzPg0KICAgICAgICAgICAgPFF1ZXJ5U3RyaW5nUGFyYW1ldGVyIE5hbWU9ImZpZWxkcyIgVmFsdWU9Im5hbWUiIFJlY29yZGVkVmFsdWU9Im5hbWUiIENvcnJlbGF0aW9uQmluZGluZz0iIiBVcmxFbmNvZGU9IkZhbHNlIiBVc2VUb0dyb3VwUmVzdWx0cz0iRmFsc2UiIC8+DQogICAgICAgICAgPC9RdWVyeVN0cmluZ1BhcmFtZXRlcnM+DQogICAgICAgIDwvUmVxdWVzdD4NCiAgICAgIDwvRGVwZW5kZW50UmVxdWVzdHM+DQogICAgPC9SZXF1ZXN0Pg0KICAgIDxSZXF1ZXN0IE1ldGhvZD0iT1BUSU9OUyIgR3VpZD0iNWJjZTkwNjItZDFkYS00ZmQyLTg0ZmMtMzRkMmE0OWViMmYxIiBWZXJzaW9uPSIxLjEiIFVybD0iaHR0cHM6Ly9kYy5zZXJ2aWNlcy52aXN1YWxzdHVkaW8uY29tL3YyL3RyYWNrIiBUaGlua1RpbWU9IjAiIFRpbWVvdXQ9IjMwMCIgUGFyc2VEZXBlbmRlbnRSZXF1ZXN0cz0iVHJ1ZSIgRm9sbG93UmVkaXJlY3RzPSJUcnVlIiBSZWNvcmRSZXN1bHQ9IlRydWUiIENhY2hlPSJGYWxzZSIgUmVzcG9uc2VUaW1lR29hbD0iMCIgRW5jb2Rpbmc9InV0Zi04IiBFeHBlY3RlZEh0dHBTdGF0dXNDb2RlPSIwIiBFeHBlY3RlZFJlc3BvbnNlVXJsPSIiIFJlcG9ydGluZ05hbWU9IiIgSWdub3JlSHR0cFN0YXR1c0NvZGU9IkZhbHNlIj4NCiAgICAgIDxTdHJpbmdIdHRwQm9keSBDb250ZW50VHlwZT0iIiBJbnNlcnRCeXRlT3JkZXJNYXJrPSJGYWxzZSI+DQogICAgICA8L1N0cmluZ0h0dHBCb2R5Pg0KICAgIDwvUmVxdWVzdD4NCiAgICA8UmVxdWVzdCBNZXRob2Q9IlBPU1QiIEd1aWQ9IjQ5MWY5MTc4LTk4MDktNDlkMC1iNTFlLTk2ZjNiOTM5MzNmYiIgVmVyc2lvbj0iMS4xIiBVcmw9Imh0dHBzOi8vZGMuc2VydmljZXMudmlzdWFsc3R1ZGlvLmNvbS92Mi90cmFjayIgVGhpbmtUaW1lPSI2IiBUaW1lb3V0PSIzMDAiIFBhcnNlRGVwZW5kZW50UmVxdWVzdHM9IlRydWUiIEZvbGxvd1JlZGlyZWN0cz0iVHJ1ZSIgUmVjb3JkUmVzdWx0PSJUcnVlIiBDYWNoZT0iRmFsc2UiIFJlc3BvbnNlVGltZUdvYWw9IjAiIEVuY29kaW5nPSJ1dGYtOCIgRXhwZWN0ZWRIdHRwU3RhdHVzQ29kZT0iMCIgRXhwZWN0ZWRSZXNwb25zZVVybD0iIiBSZXBvcnRpbmdOYW1lPSIiIElnbm9yZUh0dHBTdGF0dXNDb2RlPSJGYWxzZSI+DQogICAgICA8SGVhZGVycz4NCiAgICAgICAgPEhlYWRlciBOYW1lPSJSZWZlcmVyIiBWYWx1ZT0iaHR0cDovL215c2F1Y2VmYWN0b3J5LWRlbW8uYXp1cmV3ZWJzaXRlcy5uZXQvIiAvPg0KICAgICAgPC9IZWFkZXJzPg0KICAgICAgPFN0cmluZ0h0dHBCb2R5IENvbnRlbnRUeXBlPSJhcHBsaWNhdGlvbi9qc29uIiBJbnNlcnRCeXRlT3JkZXJNYXJrPSJGYWxzZSI+V3dCN0FDSUFkQUJwQUcwQVpRQWlBRG9BSWdBeUFEQUFNUUEyQUMwQU1RQXlBQzBBTUFBeUFGUUFNQUE0QURvQU1nQXlBRG9BTWdBMkFDNEFOd0F3QURRQVdnQWlBQ3dBSWdCcEFFc0FaUUI1QUNJQU9nQWlBRGdBT1FCbEFEZ0FOUUJoQUdVQU5BQXRBR0VBTmdBNUFEQUFMUUEwQUdZQU9BQXhBQzBBT0FBekFEWUFOd0F0QURjQU1BQmhBR1VBTWdBMUFHVUFPQUJsQURJQVlnQTVBQ0lBTEFBaUFHNEFZUUJ0QUdVQUlnQTZBQ0lBVFFCcEFHTUFjZ0J2QUhNQWJ3Qm1BSFFBTGdCQkFIQUFjQUJzQUdrQVl3QmhBSFFBYVFCdkFHNEFTUUJ1QUhNQWFRQm5BR2dBZEFCekFDNEFPQUE1QUdVQU9BQTFBR0VBWlFBMEFHRUFOZ0E1QURBQU5BQm1BRGdBTVFBNEFETUFOZ0EzQURjQU1BQmhBR1VBTWdBMUFHVUFPQUJsQURJQVlnQTVBQzRBVUFCaEFHY0FaUUIyQUdrQVpRQjNBQ0lBTEFBaUFIUUFZUUJuQUhNQUlnQTZBSHNBSWdCaEFHa0FMZ0J6QUdVQWN3QnpBR2tBYndCdUFDNEFhUUJrQUNJQU9nQWlBR01BUWdCVEFHa0FZd0FpQUN3QUlnQmhBR2tBTGdCekFHVUFjd0J6QUdrQWJ3QnVBQzRBYVFCekFFWUFhUUJ5QUhNQWRBQWlBRG9BSWdCMEFISUFkUUJsQUNJQUxBQWlBR0VBYVFBdUFHUUFaUUIyQUdrQVl3QmxBQzRBYVFCa0FDSUFPZ0FpQUdJQWNnQnZBSGNBY3dCbEFISUFJZ0FzQUNJQVlRQnBBQzRBWkFCbEFIWUFhUUJqQUdVQUxnQjBBSGtBY0FCbEFDSUFPZ0FpQUVJQWNnQnZBSGNBY3dCbEFISUFJZ0FzQUNJQVlRQnBBQzRBYVFCdUFIUUFaUUJ5QUc0QVlRQnNBQzRBWVFCbkFHVUFiZ0IwQUZZQVpRQnlBSE1BYVFCdkFHNEFJZ0E2QUNJQWN3QnVBR2tBY0FCd0FHVUFkQUE2QURFQUxnQXdBQ0lBTEFBaUFHRUFhUUF1QUdrQWJnQjBBR1VBY2dCdUFHRUFiQUF1QUhNQVpBQnJBRllBWlFCeUFITUFhUUJ2QUc0QUlnQTZBQ0lBYWdCaEFIWUFZUUJ6QUdNQWNnQnBBSEFBZEFBNkFERUFMZ0F3QUM0QU5BQWlBQ3dBSWdCaEFHa0FMZ0IxQUhNQVpRQnlBQzRBYVFCa0FDSUFPZ0FpQUhRQWJnQk1BRVFBZEFBaUFDd0FJZ0JoQUdrQUxnQnZBSEFBWlFCeUFHRUFkQUJwQUc4QWJnQXVBR2tBWkFBaUFEb0FJZ0JhQUVjQU1BQkxBREVBSWdBc0FDSUFZUUJwQUM0QWJ3QndBR1VBY2dCaEFIUUFhUUJ2QUc0QUxnQnVBR0VBYlFCbEFDSUFPZ0FpQUM4QUlnQjlBQ3dBSWdCa0FHRUFkQUJoQUNJQU9nQjdBQ0lBWWdCaEFITUFaUUJVQUhrQWNBQmxBQ0lBT2dBaUFGQUFZUUJuQUdVQWRnQnBBR1VBZHdCRUFHRUFkQUJoQUNJQUxBQWlBR0lBWVFCekFHVUFSQUJoQUhRQVlRQWlBRG9BZXdBaUFIWUFaUUJ5QUNJQU9nQXlBQ3dBSWdCdUFHRUFiUUJsQUNJQU9nQWlBRTBBZVFCVEFHRUFkUUJqQUdVQVJnQmhBR01BZEFCdkFISUFlUUFJLzk0d3BEQzlNUHd3dVREVk1LRXdyekRJTU9vdy9EQUoveUlBTEFBaUFIVUFjZ0JzQUNJQU9nQWlBR2dBZEFCMEFIQUFPZ0F2QUM4QWJRQjVBSE1BWVFCMUFHTUFaUUJtQUdFQVl3QjBBRzhBY2dCNUFDMEFaQUJsQUcwQWJ3QXVBR0VBZWdCMUFISUFaUUIzQUdVQVlnQnpBR2tBZEFCbEFITUFMZ0J1QUdVQWRBQXZBQ0lBTEFBaUFHUUFkUUJ5QUdFQWRBQnBBRzhBYmdBaUFEb0FJZ0F3QURBQU9nQXdBREFBT2dBd0FEUUFMZ0ExQURFQU5RQWlBSDBBZlFCOUFDd0Fld0FpQUhRQWFRQnRBR1VBSWdBNkFDSUFNZ0F3QURFQU5nQXRBREVBTWdBdEFEQUFNZ0JVQURBQU9BQTZBRElBTWdBNkFESUFOZ0F1QURjQU1nQXlBRm9BSWdBc0FDSUFhUUJMQUdVQWVRQWlBRG9BSWdBNEFEa0FaUUE0QURVQVlRQmxBRFFBTFFCaEFEWUFPUUF3QUMwQU5BQm1BRGdBTVFBdEFEZ0FNd0EyQURjQUxRQTNBREFBWVFCbEFESUFOUUJsQURnQVpRQXlBR0lBT1FBaUFDd0FJZ0J1QUdFQWJRQmxBQ0lBT2dBaUFFMEFhUUJqQUhJQWJ3QnpBRzhBWmdCMEFDNEFRUUJ3QUhBQWJBQnBBR01BWVFCMEFHa0Fid0J1QUVrQWJnQnpBR2tBWndCb0FIUUFjd0F1QURnQU9RQmxBRGdBTlFCaEFHVUFOQUJoQURZQU9RQXdBRFFBWmdBNEFERUFPQUF6QURZQU53QTNBREFBWVFCbEFESUFOUUJsQURnQVpRQXlBR0lBT1FBdUFGQUFZUUJuQUdVQWRnQnBBR1VBZHdCUUFHVUFjZ0JtQUc4QWNnQnRBR0VBYmdCakFHVUFJZ0FzQUNJQWRBQmhBR2NBY3dBaUFEb0Fld0FpQUdFQWFRQXVBSE1BWlFCekFITUFhUUJ2QUc0QUxnQnBBR1FBSWdBNkFDSUFZd0JDQUZNQWFRQmpBQ0lBTEFBaUFHRUFhUUF1QUhNQVpRQnpBSE1BYVFCdkFHNEFMZ0JwQUhNQVJnQnBBSElBY3dCMEFDSUFPZ0FpQUhRQWNnQjFBR1VBSWdBc0FDSUFZUUJwQUM0QVpBQmxBSFlBYVFCakFHVUFMZ0JwQUdRQUlnQTZBQ0lBWWdCeUFHOEFkd0J6QUdVQWNnQWlBQ3dBSWdCaEFHa0FMZ0JrQUdVQWRnQnBBR01BWlFBdUFIUUFlUUJ3QUdVQUlnQTZBQ0lBUWdCeUFHOEFkd0J6QUdVQWNnQWlBQ3dBSWdCaEFHa0FMZ0JwQUc0QWRBQmxBSElBYmdCaEFHd0FMZ0JoQUdjQVpRQnVBSFFBVmdCbEFISUFjd0JwQUc4QWJnQWlBRG9BSWdCekFHNEFhUUJ3QUhBQVpRQjBBRG9BTVFBdUFEQUFJZ0FzQUNJQVlRQnBBQzRBYVFCdUFIUUFaUUJ5QUc0QVlRQnNBQzRBY3dCa0FHc0FWZ0JsQUhJQWN3QnBBRzhBYmdBaUFEb0FJZ0JxQUdFQWRnQmhBSE1BWXdCeUFHa0FjQUIwQURvQU1RQXVBREFBTGdBMEFDSUFMQUFpQUdFQWFRQXVBSFVBY3dCbEFISUFMZ0JwQUdRQUlnQTZBQ0lBZEFCdUFFd0FSQUIwQUNJQUxBQWlBR0VBYVFBdUFHOEFjQUJsQUhJQVlRQjBBR2tBYndCdUFDNEFhUUJrQUNJQU9nQWlBRm9BUndBd0FFc0FNUUFpQUN3QUlnQmhBR2tBTGdCdkFIQUFaUUJ5QUdFQWRBQnBBRzhBYmdBdUFHNEFZUUJ0QUdVQUlnQTZBQ0lBTHdBaUFIMEFMQUFpQUdRQVlRQjBBR0VBSWdBNkFIc0FJZ0JpQUdFQWN3QmxBRlFBZVFCd0FHVUFJZ0E2QUNJQVVBQmhBR2NBWlFCMkFHa0FaUUIzQUZBQVpRQnlBR1lBYndCeUFHMEFZUUJ1QUdNQVpRQkVBR0VBZEFCaEFDSUFMQUFpQUdJQVlRQnpBR1VBUkFCaEFIUUFZUUFpQURvQWV3QWlBSFlBWlFCeUFDSUFPZ0F5QUN3QUlnQnVBR0VBYlFCbEFDSUFPZ0FpQUUwQWVRQlRBR0VBZFFCakFHVUFSZ0JoQUdNQWRBQnZBSElBZVFBSS85NHdwREM5TVB3d3VURFZNS0V3cnpESU1Pb3cvREFKL3lJQUxBQWlBSFVBY2dCc0FDSUFPZ0FpQUdnQWRBQjBBSEFBT2dBdkFDOEFiUUI1QUhNQVlRQjFBR01BWlFCbUFHRUFZd0IwQUc4QWNnQjVBQzBBWkFCbEFHMEFid0F1QUdFQWVnQjFBSElBWlFCM0FHVUFZZ0J6QUdrQWRBQmxBSE1BTGdCdUFHVUFkQUF2QUNJQUxBQWlBR1FBZFFCeUFHRUFkQUJwQUc4QWJnQWlBRG9BSWdBd0FEQUFPZ0F3QURBQU9nQXdBRFFBTGdBMUFERUFOUUFpQUN3QUlnQndBR1VBY2dCbUFGUUFid0IwQUdFQWJBQWlBRG9BSWdBd0FEQUFPZ0F3QURBQU9nQXdBRFFBTGdBMUFERUFOUUFpQUN3QUlnQnVBR1VBZEFCM0FHOEFjZ0JyQUVNQWJ3QnVBRzRBWlFCakFIUUFJZ0E2QUNJQU1BQXdBRG9BTUFBd0FEb0FNQUF3QUM0QU1BQXdBREFBSWdBc0FDSUFjd0JsQUc0QWRBQlNBR1VBY1FCMUFHVUFjd0IwQUNJQU9nQWlBREFBTUFBNkFEQUFNQUE2QURBQU1BQXVBREFBTUFBekFDSUFMQUFpQUhJQVpRQmpBR1VBYVFCMkFHVUFaQUJTQUdVQWN3QndBRzhBYmdCekFHVUFJZ0E2QUNJQU1BQXdBRG9BTUFBd0FEb0FNQUF3QUM0QU1BQXdBRFlBSWdBc0FDSUFaQUJ2QUcwQVVBQnlBRzhBWXdCbEFITUFjd0JwQUc0QVp3QWlBRG9BSWdBd0FEQUFPZ0F3QURBQU9nQXdBRFFBTGdBekFEa0FPQUFpQUgwQWZRQjlBRjBBPC9TdHJpbmdIdHRwQm9keT4NCiAgICA8L1JlcXVlc3Q+DQogICAgPFJlcXVlc3QgTWV0aG9kPSJHRVQiIEd1aWQ9ImRlNGFhOWU4LWIwOWYtNGNiYy1hNzBhLTJjOTIzMjU4OTZjMCIgVmVyc2lvbj0iMS4xIiBVcmw9Imh0dHA6Ly9teXNhdWNlZmFjdG9yeS1kZW1vLmF6dXJld2Vic2l0ZXMubmV0L2xvZ2luLmh0bWwiIFRoaW5rVGltZT0iMTAiIFRpbWVvdXQ9IjMwMCIgUGFyc2VEZXBlbmRlbnRSZXF1ZXN0cz0iVHJ1ZSIgRm9sbG93UmVkaXJlY3RzPSJUcnVlIiBSZWNvcmRSZXN1bHQ9IlRydWUiIENhY2hlPSJGYWxzZSIgUmVzcG9uc2VUaW1lR29hbD0iMCIgRW5jb2Rpbmc9InV0Zi04IiBFeHBlY3RlZEh0dHBTdGF0dXNDb2RlPSIwIiBFeHBlY3RlZFJlc3BvbnNlVXJsPSIiIFJlcG9ydGluZ05hbWU9IiIgSWdub3JlSHR0cFN0YXR1c0NvZGU9IkZhbHNlIj4NCiAgICAgIDxIZWFkZXJzPg0KICAgICAgICA8SGVhZGVyIE5hbWU9IlJlZmVyZXIiIFZhbHVlPSJodHRwOi8vbXlzYXVjZWZhY3RvcnktZGVtby5henVyZXdlYnNpdGVzLm5ldC8iIC8+DQogICAgICA8L0hlYWRlcnM+DQogICAgPC9SZXF1ZXN0Pg0KICAgIDxSZXF1ZXN0IE1ldGhvZD0iR0VUIiBHdWlkPSI4OGE0YzRiZi1jOGIyLTQ3NTktYTU4YS1lMjkyNzIxMDM4MjciIFZlcnNpb249IjEuMSIgVXJsPSJodHRwOi8vbXlzYXVjZWZhY3RvcnktZGVtby5henVyZXdlYnNpdGVzLm5ldC9mb250cy9mb250YXdlc29tZS13ZWJmb250LmVvdCIgVGhpbmtUaW1lPSIxIiBUaW1lb3V0PSIzMDAiIFBhcnNlRGVwZW5kZW50UmVxdWVzdHM9IlRydWUiIEZvbGxvd1JlZGlyZWN0cz0iVHJ1ZSIgUmVjb3JkUmVzdWx0PSJUcnVlIiBDYWNoZT0iRmFsc2UiIFJlc3BvbnNlVGltZUdvYWw9IjAiIEVuY29kaW5nPSJ1dGYtOCIgRXhwZWN0ZWRIdHRwU3RhdHVzQ29kZT0iMCIgRXhwZWN0ZWRSZXNwb25zZVVybD0iIiBSZXBvcnRpbmdOYW1lPSIiIElnbm9yZUh0dHBTdGF0dXNDb2RlPSJGYWxzZSI+DQogICAgICA8SGVhZGVycz4NCiAgICAgICAgPEhlYWRlciBOYW1lPSJSZWZlcmVyIiBWYWx1ZT0iaHR0cDovL215c2F1Y2VmYWN0b3J5LWRlbW8uYXp1cmV3ZWJzaXRlcy5uZXQvbG9naW4uaHRtbCIgLz4NCiAgICAgIDwvSGVhZGVycz4NCiAgICAgIDxRdWVyeVN0cmluZ1BhcmFtZXRlcnM+DQogICAgICAgIDxRdWVyeVN0cmluZ1BhcmFtZXRlciBOYW1lPSIiIFZhbHVlPSIiIFJlY29yZGVkVmFsdWU9IiIgQ29ycmVsYXRpb25CaW5kaW5nPSIiIFVybEVuY29kZT0iRmFsc2UiIFVzZVRvR3JvdXBSZXN1bHRzPSJGYWxzZSIgLz4NCiAgICAgIDwvUXVlcnlTdHJpbmdQYXJhbWV0ZXJzPg0KICAgIDwvUmVxdWVzdD4NCiAgICA8UmVxdWVzdCBNZXRob2Q9Ik9QVElPTlMiIEd1aWQ9IjRiMDgxODdkLTk3M2UtNGVkMS1iODA4LWEyZjA5ZjFhNzhmNCIgVmVyc2lvbj0iMS4xIiBVcmw9Imh0dHBzOi8vY29nbml0by1pZGVudGl0eS5hcC1ub3J0aGVhc3QtMS5hbWF6b25hd3MuY29tLyIgVGhpbmtUaW1lPSIwIiBUaW1lb3V0PSIzMDAiIFBhcnNlRGVwZW5kZW50UmVxdWVzdHM9IlRydWUiIEZvbGxvd1JlZGlyZWN0cz0iVHJ1ZSIgUmVjb3JkUmVzdWx0PSJUcnVlIiBDYWNoZT0iRmFsc2UiIFJlc3BvbnNlVGltZUdvYWw9IjAiIEVuY29kaW5nPSJ1dGYtOCIgRXhwZWN0ZWRIdHRwU3RhdHVzQ29kZT0iMCIgRXhwZWN0ZWRSZXNwb25zZVVybD0iIiBSZXBvcnRpbmdOYW1lPSIiIElnbm9yZUh0dHBTdGF0dXNDb2RlPSJGYWxzZSI+DQogICAgICA8U3RyaW5nSHR0cEJvZHkgQ29udGVudFR5cGU9IiIgSW5zZXJ0Qnl0ZU9yZGVyTWFyaz0iRmFsc2UiPg0KICAgICAgPC9TdHJpbmdIdHRwQm9keT4NCiAgICA8L1JlcXVlc3Q+DQogICAgPFJlcXVlc3QgTWV0aG9kPSJQT1NUIiBHdWlkPSJkMzcyNGJmMC1hZTVkLTQ2MWYtYWFiNi0zNTg2NGZmMGE1YWUiIFZlcnNpb249IjEuMSIgVXJsPSJodHRwczovL2NvZ25pdG8taWRlbnRpdHkuYXAtbm9ydGhlYXN0LTEuYW1hem9uYXdzLmNvbS8iIFRoaW5rVGltZT0iMCIgVGltZW91dD0iMzAwIiBQYXJzZURlcGVuZGVudFJlcXVlc3RzPSJUcnVlIiBGb2xsb3dSZWRpcmVjdHM9IlRydWUiIFJlY29yZFJlc3VsdD0iVHJ1ZSIgQ2FjaGU9IkZhbHNlIiBSZXNwb25zZVRpbWVHb2FsPSIwIiBFbmNvZGluZz0idXRmLTgiIEV4cGVjdGVkSHR0cFN0YXR1c0NvZGU9IjAiIEV4cGVjdGVkUmVzcG9uc2VVcmw9IiIgUmVwb3J0aW5nTmFtZT0iIiBJZ25vcmVIdHRwU3RhdHVzQ29kZT0iRmFsc2UiPg0KICAgICAgPEhlYWRlcnM+DQogICAgICAgIDxIZWFkZXIgTmFtZT0iUmVmZXJlciIgVmFsdWU9Imh0dHA6Ly9teXNhdWNlZmFjdG9yeS1kZW1vLmF6dXJld2Vic2l0ZXMubmV0L2xvZ2luLmh0bWwiIC8+DQogICAgICA8L0hlYWRlcnM+DQogICAgICA8U3RyaW5nSHR0cEJvZHkgQ29udGVudFR5cGU9ImFwcGxpY2F0aW9uL3gtYW16LWpzb24tMS4xIiBJbnNlcnRCeXRlT3JkZXJNYXJrPSJGYWxzZSI+ZXdBaUFFa0FaQUJsQUc0QWRBQnBBSFFBZVFCUUFHOEFid0JzQUVrQVpBQWlBRG9BSWdCaEFIQUFMUUJ1QUc4QWNnQjBBR2dBWlFCaEFITUFkQUF0QURFQU9nQmhBRFFBTmdBMUFEVUFZUUEwQUdFQUxRQTVBREFBTndCaEFDMEFOQUF3QURNQU1BQXRBRGtBT1FBMkFHTUFMUUEyQUdNQU5RQmxBREFBT1FBNEFETUFaZ0F3QUdRQVpnQWlBSDBBPC9TdHJpbmdIdHRwQm9keT4NCiAgICA8L1JlcXVlc3Q+DQogICAgPFJlcXVlc3QgTWV0aG9kPSJQT1NUIiBHdWlkPSJmZDlhMzI3Mi00NDVkLTQ4MDQtOTU2OC1mNTMyZGQyMmU5ZTUiIFZlcnNpb249IjEuMSIgVXJsPSJodHRwczovL2NvZ25pdG8taWRlbnRpdHkuYXAtbm9ydGhlYXN0LTEuYW1hem9uYXdzLmNvbS8iIFRoaW5rVGltZT0iMCIgVGltZW91dD0iMzAwIiBQYXJzZURlcGVuZGVudFJlcXVlc3RzPSJUcnVlIiBGb2xsb3dSZWRpcmVjdHM9IlRydWUiIFJlY29yZFJlc3VsdD0iVHJ1ZSIgQ2FjaGU9IkZhbHNlIiBSZXNwb25zZVRpbWVHb2FsPSIwIiBFbmNvZGluZz0idXRmLTgiIEV4cGVjdGVkSHR0cFN0YXR1c0NvZGU9IjAiIEV4cGVjdGVkUmVzcG9uc2VVcmw9IiIgUmVwb3J0aW5nTmFtZT0iIiBJZ25vcmVIdHRwU3RhdHVzQ29kZT0iRmFsc2UiPg0KICAgICAgPEhlYWRlcnM+DQogICAgICAgIDxIZWFkZXIgTmFtZT0iUmVmZXJlciIgVmFsdWU9Imh0dHA6Ly9teXNhdWNlZmFjdG9yeS1kZW1vLmF6dXJld2Vic2l0ZXMubmV0L2xvZ2luLmh0bWwiIC8+DQogICAgICA8L0hlYWRlcnM+DQogICAgICA8U3RyaW5nSHR0cEJvZHkgQ29udGVudFR5cGU9ImFwcGxpY2F0aW9uL3gtYW16LWpzb24tMS4xIiBJbnNlcnRCeXRlT3JkZXJNYXJrPSJGYWxzZSI+ZXdBaUFFa0FaQUJsQUc0QWRBQnBBSFFBZVFCSkFHUUFJZ0E2QUNJQVlRQndBQzBBYmdCdkFISUFkQUJvQUdVQVlRQnpBSFFBTFFBeEFEb0FZUUJpQUdJQVlnQTNBRElBTmdBekFDMEFZUUE0QUdRQVl3QXRBRFFBT0FBNUFHTUFMUUJoQURrQU5BQmxBQzBBTmdBeUFEUUFPQUEwQURRQU5BQTBBRE1BTXdCakFHSUFJZ0I5QUE9PTwvU3RyaW5nSHR0cEJvZHk+DQogICAgPC9SZXF1ZXN0Pg0KICAgIDxSZXF1ZXN0IE1ldGhvZD0iT1BUSU9OUyIgR3VpZD0iYjM5OWM5MjMtZDI3OC00MGEzLTkxNTktYTY5MmJjOTJmMGZmIiBWZXJzaW9uPSIxLjEiIFVybD0iaHR0cHM6Ly9jb2duaXRvLWlkcC5hcC1ub3J0aGVhc3QtMS5hbWF6b25hd3MuY29tLyIgVGhpbmtUaW1lPSIwIiBUaW1lb3V0PSIzMDAiIFBhcnNlRGVwZW5kZW50UmVxdWVzdHM9IlRydWUiIEZvbGxvd1JlZGlyZWN0cz0iVHJ1ZSIgUmVjb3JkUmVzdWx0PSJUcnVlIiBDYWNoZT0iRmFsc2UiIFJlc3BvbnNlVGltZUdvYWw9IjAiIEVuY29kaW5nPSJ1dGYtOCIgRXhwZWN0ZWRIdHRwU3RhdHVzQ29kZT0iMCIgRXhwZWN0ZWRSZXNwb25zZVVybD0iIiBSZXBvcnRpbmdOYW1lPSIiIElnbm9yZUh0dHBTdGF0dXNDb2RlPSJGYWxzZSI+DQogICAgICA8U3RyaW5nSHR0cEJvZHkgQ29udGVudFR5cGU9IiIgSW5zZXJ0Qnl0ZU9yZGVyTWFyaz0iRmFsc2UiPg0KICAgICAgPC9TdHJpbmdIdHRwQm9keT4NCiAgICA8L1JlcXVlc3Q+DQogICAgPFJlcXVlc3QgTWV0aG9kPSJQT1NUIiBHdWlkPSIyOGI1MjViNi04YzNmLTRkN2QtOWQ0Mi0xOTc5MGJmNzhlMmYiIFZlcnNpb249IjEuMSIgVXJsPSJodHRwczovL2NvZ25pdG8taWRwLmFwLW5vcnRoZWFzdC0xLmFtYXpvbmF3cy5jb20vIiBUaGlua1RpbWU9IjIiIFRpbWVvdXQ9IjMwMCIgUGFyc2VEZXBlbmRlbnRSZXF1ZXN0cz0iVHJ1ZSIgRm9sbG93UmVkaXJlY3RzPSJUcnVlIiBSZWNvcmRSZXN1bHQ9IlRydWUiIENhY2hlPSJGYWxzZSIgUmVzcG9uc2VUaW1lR29hbD0iMCIgRW5jb2Rpbmc9InV0Zi04IiBFeHBlY3RlZEh0dHBTdGF0dXNDb2RlPSIwIiBFeHBlY3RlZFJlc3BvbnNlVXJsPSIiIFJlcG9ydGluZ05hbWU9IiIgSWdub3JlSHR0cFN0YXR1c0NvZGU9IkZhbHNlIj4NCiAgICAgIDxIZWFkZXJzPg0KICAgICAgICA8SGVhZGVyIE5hbWU9IlJlZmVyZXIiIFZhbHVlPSJodHRwOi8vbXlzYXVjZWZhY3RvcnktZGVtby5henVyZXdlYnNpdGVzLm5ldC9sb2dpbi5odG1sIiAvPg0KICAgICAgPC9IZWFkZXJzPg0KICAgICAgPFN0cmluZ0h0dHBCb2R5IENvbnRlbnRUeXBlPSJhcHBsaWNhdGlvbi94LWFtei1qc29uLTEuMSIgSW5zZXJ0Qnl0ZU9yZGVyTWFyaz0iRmFsc2UiPmV3QWlBRU1BYkFCcEFHVUFiZ0IwQUVrQVpBQWlBRG9BSWdBMkFERUFNd0JqQURjQWNRQnZBR3dBYUFCaEFERUFNUUJrQUhVQWJBQXhBRElBTndBekFHNEFaQUJ0QUcwQVpBQnJBSElBSWdBc0FDSUFWUUJ6QUdVQWNnQnVBR0VBYlFCbEFDSUFPZ0FpQUhRQWF3QnRBR0lBYlFCaUFISUFRQUJuQUcwQVlRQnBBR3dBTGdCakFHOEFiUUFpQUN3QUlnQlRBSElBY0FCQkFDSUFPZ0FpQUdZQU9RQTRBRGNBWVFBMUFETUFNZ0JoQURFQU9RQmxBR1lBT1FCbUFHUUFNd0EyQURJQVpBQTFBRFVBWVFCakFHTUFNQUJsQUdRQU5nQmtBR1VBTWdBMkFHWUFaUUJtQURVQU13QmxBRGNBWXdCakFEZ0FNZ0JqQURVQVlRQXhBRFVBT1FBMUFHUUFZd0F4QURVQU5BQTJBRGdBTVFCaUFHVUFZUUE1QUdFQU1RQXdBRFFBT0FBMkFEWUFNZ0JpQUdFQU5BQmxBRE1BT0FBNEFHTUFaUUE1QURVQU5BQTNBR1VBTXdCbEFEY0FaQUF3QURVQVlnQTRBR01BTUFBeUFEUUFZd0JtQURFQVl3QXpBR01BTWdCbEFEY0FZZ0F3QURJQU53QXlBRFlBWVFCaUFEWUFPQUE1QURBQU1nQXhBRGtBT1FCaEFERUFNQUF4QURRQVlnQXlBRFFBTVFCaEFEVUFaQUEwQURFQVl3QmlBRGdBTndCbEFHWUFNZ0F4QURVQU9RQXhBRFVBWXdBMEFHSUFOd0ExQURJQU5RQmpBREVBWXdBNUFEWUFNQUEzQUdZQU1nQm1BRGdBWkFBeUFETUFNd0JqQURRQU1RQXpBREVBWkFBNEFEQUFOd0E1QURZQVlnQmhBR1lBTVFBMEFHUUFaQUJsQURBQU9RQXdBRGdBTXdBekFHTUFZUUJsQUdJQU1RQXpBR0VBWXdBMEFEVUFaZ0F5QURnQVpnQXpBRGtBWlFBeUFHVUFZd0F5QURFQU53QTBBRE1BTlFBd0FESUFNQUE0QURRQU5RQXlBRGtBTXdCakFHWUFaQUEwQUdFQU53QmlBRFVBTlFBd0FEVUFaUUJtQURnQU9RQXpBRFFBTWdBeUFHTUFOZ0JsQURjQU1RQmxBREFBTndBMUFEUUFPQUF4QURFQU1BQXdBRElBTWdBekFHUUFOd0F4QURBQU9BQXlBRGdBWlFCakFHRUFZd0F5QURnQU5BQTFBRGdBT0FCakFEUUFPUUJrQURBQVl3QTNBRFFBWmdBeEFHTUFNUUJsQUdFQVpBQTBBR01BTkFBM0FHWUFaZ0F3QUdZQU9RQXpBRGtBTUFCaEFHSUFZd0F5QURnQU9RQmtBRGNBWkFBNUFEVUFOZ0JtQURBQU5nQTBBR1VBWlFBeUFHUUFaUUJsQUdFQU5BQmlBR0VBTlFBNEFEQUFNQUExQUdVQVlRQTJBREVBTmdCaEFEVUFaUUEwQURZQU1RQTNBREFBT1FBeEFHVUFOQUJoQURVQU9RQTBBR0lBWVFBeEFERUFaQUF5QURNQVlnQTRBRFlBWXdBMEFHSUFOd0JpQUdJQU1nQXpBRE1BTlFBNUFHRUFaQUEwQURjQU5nQXhBREVBTlFBekFEQUFaZ0F6QURFQU1nQTFBR1VBT1FCa0FEa0FNZ0JrQURBQVpnQTRBR1lBTndBeEFEVUFaQUEzQURrQVpBQTNBRFVBTUFCaEFHVUFaZ0F5QURJQU1RQm1BREFBWWdCbUFEUUFZUUJtQURZQU1nQmlBR1lBWmdCaEFHSUFNd0JsQUdNQU5nQTNBRE1BTkFBekFEVUFaQUJrQUdFQVpnQXhBRFVBWkFCa0FEY0FPUUJtQURjQVlnQmxBR1VBWkFBekFEUUFNUUF5QUdZQVlnQTRBRGdBTmdBekFHWUFOUUF3QUdRQU53QmtBR1VBWVFBMUFHUUFPQUF5QURJQU9BQTBBREFBTVFBNUFHSUFOQUF4QUdZQVl3QmhBR0lBT1FCbUFERUFZd0EwQURjQU5nQmtBRGdBWVFBd0FEUUFOZ0ExQUdFQU5RQXdBR0lBTmdCaUFEa0FNZ0F4QUdZQU1BQXhBRE1BTlFCbUFHSUFPUUEwQUdJQVpnQTJBR1FBTndBd0FHUUFOZ0F4QURVQVlnQmpBR1FBTmdBNEFEUUFOd0ExQURnQU9RQXlBR0lBT0FCa0FHSUFOUUJqQUdVQU9BQXdBRGdBWWdCaEFEUUFNQUJpQURBQU5nQXpBR01BWkFBeUFEVUFZZ0F3QURBQVl3QmhBR1lBTXdBeUFEVUFPUUF4QUdJQU53QXpBRFFBTUFCbUFHWUFaUUJsQURnQVl3QXdBR1FBTmdBNUFETUFOQUF5QURFQU5nQXlBR0VBWVFBekFHUUFNQUEzQUdZQU1RQTNBR0lBTmdBMUFEWUFPUUJtQUdJQU5nQTRBREFBTlFBeUFETUFNd0JsQUdJQU1RQTNBRE1BTUFCaUFEVUFPQUE0QURBQU5RQmtBR1FBTWdBekFHSUFZZ0EzQUdNQVlRQXdBRGNBTkFBNEFESUFPUUF6QUdVQU13QXhBRElBTmdCbEFHSUFZUUEyQUdVQU1RQTNBRGtBTVFBd0FETUFZZ0JtQURrQU9RQXhBRGtBTndCaUFEZ0FaZ0ExQUdJQVpRQTBBREVBWXdBNEFEWUFZUUF3QUdJQVl3QXpBR01BWkFBMEFHTUFOd0JtQUdJQVlRQTRBRFlBTVFCaEFESUFaQUJrQUdNQVl3QTNBR1FBT1FCaEFEa0FOQUF5QUdZQU1RQmlBR1lBT0FBeEFERUFPUUF5QUdRQU9RQTVBRE1BTkFCaUFEVUFOd0F3QURRQVl3QTBBRGNBTlFBeEFHSUFaZ0E1QURVQU1BQmlBR1FBTlFBd0FESUFOd0E0QUdRQU5nQXdBRFlBWVFBekFEY0FPQUJrQURRQU9RQTRBQ0lBTEFBaUFGWUFZUUJzQUdrQVpBQmhBSFFBYVFCdkFHNEFSQUJoQUhRQVlRQWlBRG9BV3dCZEFIMEE8L1N0cmluZ0h0dHBCb2R5Pg0KICAgIDwvUmVxdWVzdD4NCiAgICA8UmVxdWVzdCBNZXRob2Q9IlBPU1QiIEd1aWQ9IjA1NWE5M2MwLWY5YmYtNGZkMS05YTdmLTE1MzYzNjgwYTkxNSIgVmVyc2lvbj0iMS4xIiBVcmw9Imh0dHBzOi8vY29nbml0by1pZHAuYXAtbm9ydGhlYXN0LTEuYW1hem9uYXdzLmNvbS8iIFRoaW5rVGltZT0iMCIgVGltZW91dD0iMzAwIiBQYXJzZURlcGVuZGVudFJlcXVlc3RzPSJUcnVlIiBGb2xsb3dSZWRpcmVjdHM9IlRydWUiIFJlY29yZFJlc3VsdD0iVHJ1ZSIgQ2FjaGU9IkZhbHNlIiBSZXNwb25zZVRpbWVHb2FsPSIwIiBFbmNvZGluZz0idXRmLTgiIEV4cGVjdGVkSHR0cFN0YXR1c0NvZGU9IjAiIEV4cGVjdGVkUmVzcG9uc2VVcmw9IiIgUmVwb3J0aW5nTmFtZT0iIiBJZ25vcmVIdHRwU3RhdHVzQ29kZT0iRmFsc2UiPg0KICAgICAgPEhlYWRlcnM+DQogICAgICAgIDxIZWFkZXIgTmFtZT0iUmVmZXJlciIgVmFsdWU9Imh0dHA6Ly9teXNhdWNlZmFjdG9yeS1kZW1vLmF6dXJld2Vic2l0ZXMubmV0L2xvZ2luLmh0bWwiIC8+DQogICAgICA8L0hlYWRlcnM+DQogICAgICA8U3RyaW5nSHR0cEJvZHkgQ29udGVudFR5cGU9ImFwcGxpY2F0aW9uL3gtYW16LWpzb24tMS4xIiBJbnNlcnRCeXRlT3JkZXJNYXJrPSJGYWxzZSI+ZXdBaUFFTUFiQUJwQUdVQWJnQjBBRWtBWkFBaUFEb0FJZ0EyQURFQU13QmpBRGNBY1FCdkFHd0FhQUJoQURFQU1RQmtBSFVBYkFBeEFESUFOd0F6QUc0QVpBQnRBRzBBWkFCckFISUFJZ0FzQUNJQVZRQnpBR1VBY2dCdUFHRUFiUUJsQUNJQU9nQWlBSFFBYXdCdEFHSUFiUUJpQUhJQVFBQm5BRzBBWVFCcEFHd0FMZ0JqQUc4QWJRQWlBQ3dBSWdCUUFHRUFjd0J6QUhjQWJ3QnlBR1FBUXdCc0FHRUFhUUJ0QUNJQU9nQjdBQ0lBVXdCbEFHTUFjZ0JsQUhRQVFnQnNBRzhBWXdCckFDSUFPZ0FpQUc4QWRBQkVBREVBVGdBd0FHWUFRd0J1QUhvQU1RQkNBRFlBUWdCREFHa0FMd0JPQUVNQVFRQXpBRXNBWmdCSEFGWUFkQUE0QUU0QU9BQnFBSGNBZUFCckFIZ0FPUUJhQUZrQWFnQmxBRWdBU1FCWEFHOEFkd0JqQUVzQUx3Qk5BR1FBZGdBMEFEWUFhUUE1QUZZQVl3QkVBRzhBUVFCQ0FGQUFNd0JYQUdVQUt3Qm5BRFVBTVFCMUFISUFXZ0J1QUdFQWNBQjRBRklBVXdCeEFHa0FTQUJ6QUUwQWRRQkVBSEVBT0FBMUFFY0Fhd0I2QUc0QVl3QmpBSFFBVXdCSUFEY0FSQUJ3QURZQWN3QXpBRUlBYVFCREFHUUFZZ0JDQURNQVNBQlRBRmdBU3dCV0FIWUFMd0F2QUhJQVdRQjRBRTRBUkFCa0FDc0FNUUJyQUZjQWN3QnpBSGdBTlFCcEFFRUFid0ExQUhVQVdRQXZBRTRBWWdBNEFFTUFNUUJEQUVvQWRRQlJBRTRBU0FCQkFFNEFWUUE1QUNzQVF3QkZBRVVBWXdCVkFFa0FTZ0JMQUZVQVlRQmFBRkFBWVFCdkFGb0FXUUJwQUVrQVNBQkJBQzhBY2dCMkFDc0Fid0JLQUZvQVR3QTNBRFFBUndCaUFFZ0FUZ0EzQURZQVZ3QlJBRmtBVndCbEFFTUFLd0JDQUVvQVpnQlBBSG9BZFFCSkFEUUFlZ0IwQUV3QWVnQkpBR1VBY3dCakFEUUFkUUJIQUVZQVdRQlJBRmtBZVFCeUFISUFVZ0JTQUU4QU13QXdBRFlBV0FCU0FIa0FlZ0JWQURjQVRBQktBRVlBZUFCaEFGb0FjUUJIQUZJQVp3QTJBSEFBVlFCSEFFUUFlQUF3QURjQUt3QlVBRFVBU3dCekFFc0FZd0JWQUVVQVlRQjRBRFFBU1FCUkFERUFLd0ExQUZnQWRnQkZBR1lBYVFBckFIVUFVd0JqQUc0QU13QjFBSE1BYUFCMEFHZ0FXUUFyQUVFQVVBQjZBR2tBWWdBMUFGb0FkUUJyQUVzQWVBQlJBRmdBWXdCSUFFSUFhUUJNQUdZQU13QXpBSEVBZEFCRUFHY0FiQUJQQURjQWJRQXJBR0VBUmdCd0FFd0FXZ0ExQUZJQVZRQnFBR1FBTUFCNEFFd0FUZ0JvQUUwQVlnQklBR2dBVmdCNEFEQUFVQUIwQUVrQWN3QjRBR3NBUXdCeEFHZ0FXUUF5QUZnQVFnQkZBRm9BV1FCd0FIZ0FOd0JuQUVFQWR3QlhBRzBBWXdCTkFFSUFhUUJDQUhZQVNnQjFBRWdBWVFBeEFEQUFZd0JaQUhvQWFBQTVBRE1BVXdCb0FHWUFRZ0JaQUZvQVlnQkJBRzhBVHdCeEFFZ0FOd0FyQUU0QVdRQTVBRXdBTUFCVEFFSUFaQUIxQURFQWRnQlJBRkFBWlFCM0FERUFiUUJNQUZFQWFBQXZBR3dBUkFCaEFHa0Fad0I1QUZZQU9RQTNBRGdBWlFCVEFFSUFXZ0JEQUNzQVFRQTVBRE1BWndCWEFGY0Fad0JHQUZnQVlnQTFBRkFBZVFCaUFEZ0FSUUJTQUVZQVNnQmtBSG9BVHdBM0FFOEFiZ0JLQUhvQWVnQTJBRllBUkFCVUFDc0FPUUI2QUU4QUx3QlRBRGdBZUFCdUFHVUFVQUIyQURnQU5RQkhBRlVBVGdCeUFHSUFhZ0JRQUZjQU9BQnVBR1VBUWdBd0FFMEFiUUJaQUdvQU53QktBRkVBUWdCNUFGZ0FVd0E1QUhvQVZ3QnFBRGNBUkFBekFIVUFVZ0J0QUV3QWN3QXhBQzhBU0FCQkFERUFhd0E0QUZvQVZ3Qk9BQ3NBUmdCV0FFUUFad0F4QUhjQU5BQTVBR0lBUlFCRUFFd0FaQUJGQUdZQWNnQkxBRElBZWdCSkFGVUFad0I1QURrQVRnQlJBSGtBWlFCTEFESUFVZ0EyQUZnQVNBQnBBRThBWlFBNEFERUFTZ0JEQUVnQVpnQnJBR0lBVUFCS0FFRUFOUUJKQUZZQVpnQnpBREFBZGdCekFFTUFlUUJWQUU0QVpnQk9BRllBTlFCUUFIVUFZd0JMQUUwQVN3QXhBRVlBYndCbUFGY0FZUUI1QURRQVlnQm9BSGdBYkFCdEFDc0FNUUF3QUhJQVRnQmFBRGNBUVFCTEFFSUFOd0IxQURrQVpnQlpBRmtBUlFBNUFGTUFhUUJ4QURRQWFBQnJBRkVBUWdCcEFEQUFaQUJ1QUdFQVN3QnZBRUVBUkFBekFFa0FlQUF6QUhJQVFRQklBSFlBVUFCbUFIa0FNQUJSQUZBQVRBQlhBR29BU1FCRkFIa0FkZ0JTQUVJQWFnQndBRGdBTWdBeEFIb0FTUUJGQUdzQVZBQTNBRkFBVFFBMUFESUFNUUIyQURRQWRBQk1BRm9BVXdCckFHY0FTUUJZQUhBQWF3QjZBRUlBWVFCWEFFNEFTZ0JNQUc0QU5BQTBBSGtBUkFBd0FFMEFhQUJGQUM4QWRBQlpBR1VBZFFCMUFHb0FSZ0F2QUZRQWN3QXZBR1VBUXdBMEFFSUFPQUJHQUhNQWJBQnhBR1VBWndCMUFIVUFkUUJyQUZZQVNnQkVBRlFBU3dCVUFERUFOd0JPQUZNQWR3QlZBSElBZHdCa0FIZ0FPUUJoQUdzQU53QXhBRE1BTHdCS0FDOEFPQUJPQUc0QWJBQlRBSEFBY3dCV0FHMEFXUUEzQUdJQVdRQTNBSFFBY0FCTkFHa0FRZ0J5QUhvQVRBQlBBSE1BZWdCNUFFOEFNd0ExQUdZQVRnQkVBRE1BUVFCVEFHUUFiUUJ1QUdNQWJnQnRBR2tBU0FCUUFHOEFTQUJ5QUVvQWRnQnhBRmNBU0FCVkFIUUFWd0JLQUhnQWNRQjVBSE1BZUFCcUFHRUFjd0JIQUU0QVdBQnBBSFFBYndBM0FIQUFTd0J5QUVRQU13QTNBSG9BWlFCUkFGZ0FhQUJIQUVvQU53QlRBRWNBV2dCd0FHWUFaZ0JCQURrQWVBQTRBRllBTVFCbUFIY0FjUUE1QUc0QWNnQmFBRXdBV1FCUkFHZ0FWd0JTQURFQWRBQkpBREFBTHdCWEFHb0FlUUJvQURrQU1RQmpBR0VBU0FCWEFIQUFTZ0JCQUVVQUt3QkdBRlVBY1FCYUFGSUFSd0JRQUVNQWJBQkRBSGNBTndBckFGY0Fid0JGQUdzQVFRQlZBRGtBTWdCT0FEQUFPQUF6QUVNQVJnQXdBRGtBYndCeEFGa0FNd0JpQUhjQWNBQlFBSGtBZGdCUEFEY0FMd0JNQUdnQVNnQktBRFVBUmdCa0FGRUFjUUJ0QURRQUt3QnRBRGtBVUFCS0FGb0FjQUJNQUU4QU1BQnVBRlFBTUFCaUFEWUFOZ0JQQUZVQVdBQkRBRlVBZFFCeUFGTUFiQUJyQUdrQVFnQTVBR1VBYlFCWUFIRUFRUUJVQUdRQWFnQkNBRThBV2dBckFHVUFWQUIyQURBQU9BQXlBSGdBUWdBekFDc0FOZ0I2QUVjQWR3QTBBRllBT0FCdUFHRUFRZ0JwQUVVQVpnQmxBRU1BS3dCbkFIUUFTZ0J0QUZjQVFRQkNBRFVBUmdCakFEVUFUQUJ1QUc4QVFnQlhBSEFBVEFCdUFEVUFiQUJGQUZvQU13QXlBRklBUVFCakFHRUFRUUFyQURrQVNnQnlBSFVBTkFCekFIb0FlZ0JRQUVzQWRnQlRBRklBV1FCWUFFZ0FUd0JwQUhNQUt3QXJBRE1BUndCaEFIQUFUd0JHQUdnQWVRQnhBRU1BTlFCaUFHc0FRZ0E0QUdvQVdBQlRBRE1BVmdCaUFHc0FTd0JyQUZBQVZRQklBRTRBTkFCSkFHOEFid0JPQUhjQU1RQnNBSE1BYkFCREFERUFVUUJOQUdFQWNBQnNBRUVBV1FCeEFETUFiZ0EzQUdvQVlnQXhBR2tBY2dBeUFHTUFZZ0I1QUVZQVdnQXZBRllBVkFCUkFFVUFjd0JuQUZjQVNRQTBBRk1BYXdBeEFFTUFid0J5QUcwQVJnQlpBRklBWlFCNEFGQUFiUUJJQUhNQWRRQnBBRlFBZUFBeUFDc0FSZ0JJQUVNQVVBQlJBSE1BVmdCckFIUUFlQUJpQUdFQVVRQXZBRElBZUFCbUFGWUFZd0J1QUVnQWNRQnJBRFVBZWdCbUFGUUFkUUEwQUVFQUx3Qk9BSEFBZGdCTEFEZ0FNd0IzQUZnQWJRQk5BRThBZVFCV0FIY0Fhd0JaQUhrQVpRQjFBSFlBV1FCM0FHVUFUZ0JaQUNzQU5BQnpBRllBUlFCT0FISUFOQUF6QUZZQVNBQTVBRVVBVlFCeEFEZ0Fad0JMQUZZQWJBQXdBRUVBVEFCWEFGTUFOd0IxQUZNQU5BQXdBRmNBYUFCQ0FHZ0FUQUJVQUZBQU13QjVBRThBZHdBM0FETUFXUUExQUdjQWVRQnVBRzRBVHdCNkFHY0FkZ0EyQUdJQU5nQTBBRllBTVFCMEFGZ0FjQUJIQUZFQWNBQnhBRXNBU1FCVUFERUFRUUJRQUdvQWFRQXhBRVlBTVFCSEFGWUFTUUJhQUVVQU1RQndBRXdBYVFCT0FDc0FZd0J5QURVQWN3QjRBRVVBTndCekFIRUFlQUJTQUU0QWNRQXJBR2tBWlFCdEFFb0Fad0JMQUhBQWJnQlhBRU1BVGdBNEFISUFVUUJpQURrQWRnQkZBRE1BYUFCdUFFSUFTd0E1QUhFQVdBQlFBRzBBWXdCbkFEUUFZZ0JzQUVRQWJ3QldBRFVBUWdCb0FFSUFhUUJZQUdnQWR3QnFBRklBTlFCNkFHWUFkd0JwQUhVQVJ3QTRBR0lBYlFCdEFFNEFiQUJVQURrQVV3QlFBRVVBTXdCRUFGQUFVQUJMQUhrQVFRQTNBRUVBTlFCNEFFVUFTZ0IxQUcwQVdBQllBR0lBWXdBdkFGUUFjUUJ2QUZjQVNnQlpBRklBVWdCR0FHUUFaQUF3QUdFQU1nQktBSG9BWndCVkFIZ0FiUUJDQUVzQVZRQlhBRFVBWWdCWEFIWUFlZ0JFQURrQVp3QlZBR01BYUFCWEFIb0FTUUJvQUhrQVVRQjZBQ3NBY3dCREFFY0FkZ0JCQUUwQWNBQTNBRlFBUmdCdEFHd0FPUUJLQURrQWF3QXhBSE1BZFFBMUFFOEFNUUF6QURBQWNBQnhBR29BVEFCV0FIa0Fid0JNQUdZQU1RQnRBRGdBWWdCcEFIY0FNZ0JDQUdJQVRRQnVBRGtBYVFCSUFHVUFhd0JJQUZjQUx3QlhBSE1BYUFCSkFERUFlUUJtQUhBQUx3QlVBREFBVndCd0FDc0FUQUJ6QURNQVZ3QkpBRVlBVXdCbkFHc0FlZ0JJQUZZQVRRQXdBSE1BZWdCbEFIVUFaQUJ6QUdVQVdBQmtBRW9BZVFCekFFc0FMd0JLQUVRQVRRQnNBRzBBV1FCTkFHa0FXZ0JSQUZFQVlRQk5BREVBVHdCUEFESUFNZ0JWQURVQU13QXZBRTRBV1FBMEFETUFhd0J0QUdZQVVnQlRBRTRBYndCTUFGRUFaUUJwQUdZQVNBQlFBRVFBUlFCa0FGTUFPUUF5QUM4QWFnQnpBRkVBYkFCREFEWUFSd0I0QURBQVVBQnZBSEVBVHdCQkFHb0FjZ0JpQUcwQU5RQktBRU1BT1FCdkFEY0FOZ0J4QUdNQVFRQTNBRlFBVHdCVEFFa0FVUUJNQUhnQWR3QXdBRXdBTkFCS0FGSUFUUUJvQURNQWJBQkpBRzhBYndCM0FIQUFid0J1QUVjQVN3QkxBRkFBS3dCMkFFMEFWQUJ4QUhBQWRnQlpBRkVBVXdCc0FFd0FiUUJUQUhNQVRRQTNBRThBYWdCeEFEZ0FXQUJpQUZjQU5BQlJBSEFBTlFCd0FFd0FWZ0J4QUVvQWRnQTFBREFBVGdBMkFEQUFhQUJ2QUhFQWFnQndBR01BUndCM0FETUFOUUJxQUdjQVFnQnRBRGtBUXdCeUFGWUFSZ0JhQUhFQU9RQkNBSGdBUmdCUEFGZ0FaUUJOQUhNQVBRQWlBQ3dBSWdCVEFHa0Fad0J1QUdFQWRBQjFBSElBWlFBaUFEb0FJZ0JZQUhvQVdBQklBRmtBYVFCMUFISUFNZ0JhQUhZQU1nQkNBR2dBYlFCWUFIRUFOZ0JPQUNzQVJBQkRBRzRBZFFBMEFFa0FaQUJPQUdvQVR3QXlBRzhBUlFBd0FEZ0FOUUJrQUhNQWFnQndBRTBBZVFCM0FEMEFJZ0I5QUN3QUlnQlVBR2tBYlFCbEFITUFkQUJoQUcwQWNBQWlBRG9BTVFBMEFEZ0FNQUEyQURZQU5nQTVBRFlBTndCOUFBPT08L1N0cmluZ0h0dHBCb2R5Pg0KICAgIDwvUmVxdWVzdD4NCiAgICA8UmVxdWVzdCBNZXRob2Q9IlBPU1QiIEd1aWQ9IjI0ZGUxZjg4LWNkOWItNDU5My04YWUzLTIwMTBhZTBjNTZhOSIgVmVyc2lvbj0iMS4xIiBVcmw9Imh0dHBzOi8vY29nbml0by1pZHAuYXAtbm9ydGhlYXN0LTEuYW1hem9uYXdzLmNvbS8iIFRoaW5rVGltZT0iMCIgVGltZW91dD0iMzAwIiBQYXJzZURlcGVuZGVudFJlcXVlc3RzPSJUcnVlIiBGb2xsb3dSZWRpcmVjdHM9IlRydWUiIFJlY29yZFJlc3VsdD0iVHJ1ZSIgQ2FjaGU9IkZhbHNlIiBSZXNwb25zZVRpbWVHb2FsPSIwIiBFbmNvZGluZz0idXRmLTgiIEV4cGVjdGVkSHR0cFN0YXR1c0NvZGU9IjAiIEV4cGVjdGVkUmVzcG9uc2VVcmw9IiIgUmVwb3J0aW5nTmFtZT0iIiBJZ25vcmVIdHRwU3RhdHVzQ29kZT0iRmFsc2UiPg0KICAgICAgPEhlYWRlcnM+DQogICAgICAgIDxIZWFkZXIgTmFtZT0iUmVmZXJlciIgVmFsdWU9Imh0dHA6Ly9teXNhdWNlZmFjdG9yeS1kZW1vLmF6dXJld2Vic2l0ZXMubmV0L2xvZ2luLmh0bWwiIC8+DQogICAgICA8L0hlYWRlcnM+DQogICAgICA8U3RyaW5nSHR0cEJvZHkgQ29udGVudFR5cGU9ImFwcGxpY2F0aW9uL3gtYW16LWpzb24tMS4xIiBJbnNlcnRCeXRlT3JkZXJNYXJrPSJGYWxzZSI+ZXdBaUFFRUFZd0JqQUdVQWN3QnpBRlFBYndCckFHVUFiZ0FpQURvQUlnQmxBSGtBU2dCeUFHRUFWd0JSQUdrQVR3QnBBRW9BTlFCTEFESUFVZ0JZQUZZQVJRQTBBSG9BVmdCNkFFWUFkQUJPQUhvQVNnQnBBRllBYXdCYUFGWUFUZ0JYQUVvQVFnQk5BRlFBYkFCTkFFNEFNUUJ3QUdvQVlRQlZBR2dBZGdCaUFIb0FUZ0JYQUZZQVJnQkNBRlVBV1FCVUFFb0FlUUJQQUZjQU9RQkdBR01BV0FCT0FFNEFVQUJUQUVrQWN3QkpBRzBBUmdCekFGb0FlUUJKQURZQVNRQnNBRW9BVkFCTkFHb0FWUUF5QUVrQWJnQXdBQzRBWlFCNUFFb0FlZ0JrQUZjQVNRQnBBRThBYVFCS0FHd0FUUUF5QUZJQWFnQk5BR29BVVFBd0FGb0FRd0F3QURRQVRnQnFBR2NBTVFCTUFGUUFVUUI2QUUwQWVnQm5BSFFBV1FCcUFHc0FNd0JaQUZNQU1BQXdBRTBBZWdCckFERUFUUUJFQUdjQU5RQmFBRVFBV1FBMEFFNEFWQUJCQUdrQVRBQkRBRW9BTUFCaUFESUFkQUJzQUdJQWJBQTVBREVBWXdBeUFGVUFhUUJQQUdrQVNnQm9BRmtBTWdCT0FHd0FZd0F6QUUwQWFRQk1BRU1BU2dCNkFGa0FNZ0E1QUhjQVdnQlRBRWtBTmdCSkFHMEFSZ0F6QUdNQWVRQTFBR29BWWdBeUFHUUFkUUJoQUZnQVVnQjJBRXdBYmdCT0FIQUFXZ0F5QURVQWNBQmlBR2tBTlFBeEFHTUFNZ0JXQUhrQVRBQnRBRVlBYXdCaUFGY0FiQUIxQUVrQWFRQjNBR2tBWVFCWUFFNEFlZ0JKQUdvQWJ3QnBBR0VBU0FCU0FEQUFZd0JJQUUwQU5nQllBRU1BT1FCakFFd0FNZ0JPQUhZQVdnQXlBRFVBY0FCa0FFY0FPQUIwQUdFQVZ3QlNBSGNBVEFCdEFFWUFkd0JNQUZjQU5RQjJBR01BYmdCU0FHOEFXZ0JYQUVZQWVnQmtBRU1BTUFCNEFFd0FiUUJHQUhRQVdRQllBSEFBZGdCaUFHMEFSZ0F6QUdNQWVRQTFBR29BWWdBeUFERUFZd0JNQURJQVJnQjNBRXdBVndBMUFIWUFZd0J1QUZJQWJ3QmFBRmNBUmdCNkFHUUFRd0F3QUhnQVdBQXlBRFVBU2dCTkFGY0FWUUF4QUU4QVdBQnNBR2tBVmdCVEFFa0Fjd0JKQUcwQVZnQTBBR01BUXdCSkFEWUFUUUJVQUZFQU5BQk5BRVFBV1FBekFFMEFSQUJWQURJQVRnQjVBSGNBYVFCaEFGY0FSZ0F3QUVrQWFnQnZBSGdBVGdCRUFHY0Fkd0JPQUdvQVdRQXlBRThBVkFCWkFETUFUQUJEQUVvQWNRQmtBRWNBYXdCcEFFOEFhUUJKQUhrQVRRQjZBRlVBZHdCTkFGUUFad0IzQUZvQVF3QXdBREFBVGdCcUFFWUFhQUJNQUZRQVVRQXhBRTBBUndCUkFIUUFXUUJVQUZFQWVRQk9BR2tBTUFBd0FFOEFSQUJGQUhvQVR3QkhBRWtBZVFCT0FIb0FaQUJyQUZrQU1nQkpBR2tBVEFCREFFb0FhZ0JpQUVjQWJBQnNBR0lBYmdCU0FHWUFZUUJYQUZFQWFRQlBBR2tBU1FBeUFFMEFWQUJPQUdvQVRnQXpBRVlBZGdCaUFFY0FhQUJvQUUwQVZBQkdBR3NBWkFCWEFIY0FlQUJOQUdvQVl3QjZBR0lBYlFCU0FIUUFZZ0JYQUZJQWNnQmpBR2tBU1FCekFFa0FiZ0JXQUhvQVdnQllBRW9BZFFCWkFGY0FNUUJzQUVrQWFnQnZBR2tBWkFCSEFIUUFkQUJaQUcwQU1RQnBBR01BYXdCQ0FHNEFZZ0JYQUVZQWNBQmlBRU1BTlFCcUFHSUFNZ0F3QUdrQVpnQlJBQzRBVUFCRkFIRUFkQUE0QUZBQU1nQldBR2NBVlFCdEFFNEFOZ0JrQUZJQVZ3QkpBSFFBZUFBM0FEa0FUQUJCQUc0QVJBQkhBRjhBTmdCdEFIWUFWd0F0QUdzQWNnQjRBSElBTXdCTEFFOEFWZ0JCQUdFQWFRQk1BRWtBZHdBd0FHa0FkUUJNQUZNQWNnQkRBR2tBVFFCdkFGY0FUUUJXQUhrQVRBQlNBRWtBVWdCRUFEa0FVZ0JOQUhrQVZnQk5BRzBBTWdCR0FGOEFTQUJzQUhjQVdBQkxBR3NBT0FCWEFGUUFOQUJIQUVVQVFnQmhBSFlBTndCWUFHY0FUUUJDQURFQWF3QXRBSElBVHdCbkFHZ0FVQUJvQUU4QVdBQlBBRk1BTWdBeUFEY0FOd0JrQUdvQWNRQnpBRzBBY2dBdEFEUUFXUUJ5QUZjQWN3QnJBR1VBTlFBeEFFNEFad0J5QUVVQWJRQkxBSGtBTmdCYUFFVUFkQUJ3QUZJQU1nQjNBSG9BYndBeUFERUFOd0E1QURJQVZBQnZBRzhBVUFCUUFGUUFOd0JNQUdFQVdnQXhBR1lBYlFCVEFHWUFhd0JvQUhBQVdRQnJBRjhBVWdCMkFGb0FaZ0JXQUdvQWNBQlVBRFFBWWdCSUFHb0FNZ0IyQUhVQWFBQldBSGtBV2dCaUFIY0FNQUExQUdRQVNBQlFBRklBYXdCaEFFY0FNUUI1QUdFQWNRQTRBR1VBZVFCZkFERUFOUUIxQURJQVpnQlZBRXdBV1FCVEFIZ0FTUUJGQURnQWRBQjZBQzBBTlFCb0FFa0FSd0JqQUhFQWJRQk9BSFFBUlFCbEFFY0FSQUJhQUc4QVVnQnlBRk1BTXdCNkFHMEFSQUF3QUVJQVRRQkNBSFlBVmdCdkFHY0FRUUJWQUdjQWJ3QnJBSEVBYVFCakFGRUFkUUJ6QUhNQWNRQklBSEVBVFFCUkFGVUFhUUJOQURZQVpRQkhBR01BUndBdEFFc0FNQUEwQUdFQU5BQjBBRFVBZEFCSUFIRUFiZ0JRQUhBQWFRQlFBRUlBU0FBMUFFY0FSZ0JIQUVnQU1RQnJBRTRBTFFBeUFFb0FXUUJhQUVZQVR3QmZBSEVBY3dCV0FFUUFSQUJhQUdNQWRRQjZBRzhBUWdCMEFHb0FlQUJhQUVRQWJBQmxBRzRBWWdCeEFHd0Fkd0IzQUhZQVpBQllBR2NBSWdCOUFBPT08L1N0cmluZ0h0dHBCb2R5Pg0KICAgIDwvUmVxdWVzdD4NCiAgICA8UmVxdWVzdCBNZXRob2Q9IkdFVCIgR3VpZD0iZDhiN2U5MzItZDdjZi00ZjQ0LTljODQtODk5NjRmNWZmMmYzIiBWZXJzaW9uPSIxLjEiIFVybD0iaHR0cDovL215c2F1Y2VmYWN0b3J5LWRlbW8uYXp1cmV3ZWJzaXRlcy5uZXQvbXlwYWdlLyIgVGhpbmtUaW1lPSIwIiBUaW1lb3V0PSIzMDAiIFBhcnNlRGVwZW5kZW50UmVxdWVzdHM9IlRydWUiIEZvbGxvd1JlZGlyZWN0cz0iVHJ1ZSIgUmVjb3JkUmVzdWx0PSJUcnVlIiBDYWNoZT0iRmFsc2UiIFJlc3BvbnNlVGltZUdvYWw9IjAiIEVuY29kaW5nPSJ1dGYtOCIgRXhwZWN0ZWRIdHRwU3RhdHVzQ29kZT0iMCIgRXhwZWN0ZWRSZXNwb25zZVVybD0iIiBSZXBvcnRpbmdOYW1lPSIiIElnbm9yZUh0dHBTdGF0dXNDb2RlPSJGYWxzZSI+DQogICAgICA8RGVwZW5kZW50UmVxdWVzdHM+DQogICAgICAgIDxSZXF1ZXN0IE1ldGhvZD0iT1BUSU9OUyIgR3VpZD0iN2JkOGEwZDktOTU5Mi00MDEyLTlmYWUtMjUyZDc2YTFhYjhhIiBWZXJzaW9uPSIxLjEiIFVybD0iaHR0cHM6Ly9ndy5teXNhdWNlZmFjdG9yeS5jb20vZGV2L215c2F1Y2UtYXBpLXByb3h5LWRldi92MS4wL2RvY3VtZW50cy9zaG9wcGluZ2NhcnQiIFRoaW5rVGltZT0iMCIgVGltZW91dD0iMzAwIiBQYXJzZURlcGVuZGVudFJlcXVlc3RzPSJUcnVlIiBGb2xsb3dSZWRpcmVjdHM9IlRydWUiIFJlY29yZFJlc3VsdD0iVHJ1ZSIgQ2FjaGU9IkZhbHNlIiBSZXNwb25zZVRpbWVHb2FsPSIwIiBFbmNvZGluZz0idXRmLTgiIEV4cGVjdGVkSHR0cFN0YXR1c0NvZGU9IjAiIEV4cGVjdGVkUmVzcG9uc2VVcmw9IiIgUmVwb3J0aW5nTmFtZT0iIiBJZ25vcmVIdHRwU3RhdHVzQ29kZT0iRmFsc2UiPg0KICAgICAgICAgIDxRdWVyeVN0cmluZ1BhcmFtZXRlcnM+DQogICAgICAgICAgICA8UXVlcnlTdHJpbmdQYXJhbWV0ZXIgTmFtZT0iVXNlcklkIiBWYWx1ZT0iMmUwNmM5NTAtYTM4NS00NGM0LWYzNTMtMDhkNDE1MGRlYWYyIiBSZWNvcmRlZFZhbHVlPSIyZTA2Yzk1MC1hMzg1LTQ0YzQtZjM1My0wOGQ0MTUwZGVhZjIiIENvcnJlbGF0aW9uQmluZGluZz0iIiBVcmxFbmNvZGU9IkZhbHNlIiBVc2VUb0dyb3VwUmVzdWx0cz0iRmFsc2UiIC8+DQogICAgICAgICAgICA8UXVlcnlTdHJpbmdQYXJhbWV0ZXIgTmFtZT0iXyIgVmFsdWU9IjE0ODA2NjY5Njg4ODQiIFJlY29yZGVkVmFsdWU9IjE0ODA2NjY5Njg4ODQiIENvcnJlbGF0aW9uQmluZGluZz0iIiBVcmxFbmNvZGU9IkZhbHNlIiBVc2VUb0dyb3VwUmVzdWx0cz0iRmFsc2UiIC8+DQogICAgICAgICAgPC9RdWVyeVN0cmluZ1BhcmFtZXRlcnM+DQogICAgICAgICAgPFN0cmluZ0h0dHBCb2R5IENvbnRlbnRUeXBlPSIiIEluc2VydEJ5dGVPcmRlck1hcms9IkZhbHNlIj4NCiAgICAgICAgICA8L1N0cmluZ0h0dHBCb2R5Pg0KICAgICAgICA8L1JlcXVlc3Q+DQogICAgICAgIDxSZXF1ZXN0IE1ldGhvZD0iT1BUSU9OUyIgR3VpZD0iNmI5ZGRjODctMGRmZS00OGU1LWI5ZDktOGNkMDFmZmEyNGQ1IiBWZXJzaW9uPSIxLjEiIFVybD0iaHR0cHM6Ly9ndy5teXNhdWNlZmFjdG9yeS5jb20vZGV2L215c2F1Y2UtYXBpLXByb3h5LWRldi92MS4wL2RvY3VtZW50cy9wdXJjaGFzZWhpc3RvcnkiIFRoaW5rVGltZT0iMCIgVGltZW91dD0iMzAwIiBQYXJzZURlcGVuZGVudFJlcXVlc3RzPSJUcnVlIiBGb2xsb3dSZWRpcmVjdHM9IlRydWUiIFJlY29yZFJlc3VsdD0iVHJ1ZSIgQ2FjaGU9IkZhbHNlIiBSZXNwb25zZVRpbWVHb2FsPSIwIiBFbmNvZGluZz0idXRmLTgiIEV4cGVjdGVkSHR0cFN0YXR1c0NvZGU9IjAiIEV4cGVjdGVkUmVzcG9uc2VVcmw9IiIgUmVwb3J0aW5nTmFtZT0iIiBJZ25vcmVIdHRwU3RhdHVzQ29kZT0iRmFsc2UiPg0KICAgICAgICAgIDxRdWVyeVN0cmluZ1BhcmFtZXRlcnM+DQogICAgICAgICAgICA8UXVlcnlTdHJpbmdQYXJhbWV0ZXIgTmFtZT0iVXNlcklkIiBWYWx1ZT0iMmUwNmM5NTAtYTM4NS00NGM0LWYzNTMtMDhkNDE1MGRlYWYyIiBSZWNvcmRlZFZhbHVlPSIyZTA2Yzk1MC1hMzg1LTQ0YzQtZjM1My0wOGQ0MTUwZGVhZjIiIENvcnJlbGF0aW9uQmluZGluZz0iIiBVcmxFbmNvZGU9IkZhbHNlIiBVc2VUb0dyb3VwUmVzdWx0cz0iRmFsc2UiIC8+DQogICAgICAgICAgICA8UXVlcnlTdHJpbmdQYXJhbWV0ZXIgTmFtZT0iYXNjIiBWYWx1ZT0iZmFsc2UiIFJlY29yZGVkVmFsdWU9ImZhbHNlIiBDb3JyZWxhdGlvbkJpbmRpbmc9IiIgVXJsRW5jb2RlPSJGYWxzZSIgVXNlVG9Hcm91cFJlc3VsdHM9IkZhbHNlIiAvPg0KICAgICAgICAgICAgPFF1ZXJ5U3RyaW5nUGFyYW1ldGVyIE5hbWU9Il8iIFZhbHVlPSIxNDgwNjY2OTY4ODg1IiBSZWNvcmRlZFZhbHVlPSIxNDgwNjY2OTY4ODg1IiBDb3JyZWxhdGlvbkJpbmRpbmc9IiIgVXJsRW5jb2RlPSJGYWxzZSIgVXNlVG9Hcm91cFJlc3VsdHM9IkZhbHNlIiAvPg0KICAgICAgICAgIDwvUXVlcnlTdHJpbmdQYXJhbWV0ZXJzPg0KICAgICAgICAgIDxTdHJpbmdIdHRwQm9keSBDb250ZW50VHlwZT0iIiBJbnNlcnRCeXRlT3JkZXJNYXJrPSJGYWxzZSI+DQogICAgICAgICAgPC9TdHJpbmdIdHRwQm9keT4NCiAgICAgICAgPC9SZXF1ZXN0Pg0KICAgICAgPC9EZXBlbmRlbnRSZXF1ZXN0cz4NCiAgICAgIDxIZWFkZXJzPg0KICAgICAgICA8SGVhZGVyIE5hbWU9IlJlZmVyZXIiIFZhbHVlPSJodHRwOi8vbXlzYXVjZWZhY3RvcnktZGVtby5henVyZXdlYnNpdGVzLm5ldC9sb2dpbi5odG1sIiAvPg0KICAgICAgPC9IZWFkZXJzPg0KICAgIDwvUmVxdWVzdD4NCiAgICA8UmVxdWVzdCBNZXRob2Q9IkdFVCIgR3VpZD0iMTc2NzZhNWEtY2ZiOC00ODA2LWE5NDEtYjlkYmExZmFlYzA3IiBWZXJzaW9uPSIxLjEiIFVybD0iaHR0cHM6Ly9ndy5teXNhdWNlZmFjdG9yeS5jb20vZGV2L215c2F1Y2UtYXBpLXByb3h5LWRldi92MS4wL2RvY3VtZW50cy9zaG9wcGluZ2NhcnQiIFRoaW5rVGltZT0iMCIgVGltZW91dD0iMzAwIiBQYXJzZURlcGVuZGVudFJlcXVlc3RzPSJUcnVlIiBGb2xsb3dSZWRpcmVjdHM9IlRydWUiIFJlY29yZFJlc3VsdD0iVHJ1ZSIgQ2FjaGU9IkZhbHNlIiBSZXNwb25zZVRpbWVHb2FsPSIwIiBFbmNvZGluZz0idXRmLTgiIEV4cGVjdGVkSHR0cFN0YXR1c0NvZGU9IjAiIEV4cGVjdGVkUmVzcG9uc2VVcmw9IiIgUmVwb3J0aW5nTmFtZT0iIiBJZ25vcmVIdHRwU3RhdHVzQ29kZT0iRmFsc2UiPg0KICAgICAgPEhlYWRlcnM+DQogICAgICAgIDxIZWFkZXIgTmFtZT0iQWNjZXB0IiBWYWx1ZT0iKi8qIiAvPg0KICAgICAgICA8SGVhZGVyIE5hbWU9IlJlZmVyZXIiIFZhbHVlPSJodHRwOi8vbXlzYXVjZWZhY3RvcnktZGVtby5henVyZXdlYnNpdGVzLm5ldC9teXBhZ2UvIiAvPg0KICAgICAgPC9IZWFkZXJzPg0KICAgICAgPFF1ZXJ5U3RyaW5nUGFyYW1ldGVycz4NCiAgICAgICAgPFF1ZXJ5U3RyaW5nUGFyYW1ldGVyIE5hbWU9IlVzZXJJZCIgVmFsdWU9IjJlMDZjOTUwLWEzODUtNDRjNC1mMzUzLTA4ZDQxNTBkZWFmMiIgUmVjb3JkZWRWYWx1ZT0iMmUwNmM5NTAtYTM4NS00NGM0LWYzNTMtMDhkNDE1MGRlYWYyIiBDb3JyZWxhdGlvbkJpbmRpbmc9IiIgVXJsRW5jb2RlPSJGYWxzZSIgVXNlVG9Hcm91cFJlc3VsdHM9IkZhbHNlIiAvPg0KICAgICAgICA8UXVlcnlTdHJpbmdQYXJhbWV0ZXIgTmFtZT0iXyIgVmFsdWU9IjE0ODA2NjY5Njg4ODQiIFJlY29yZGVkVmFsdWU9IjE0ODA2NjY5Njg4ODQiIENvcnJlbGF0aW9uQmluZGluZz0iIiBVcmxFbmNvZGU9IkZhbHNlIiBVc2VUb0dyb3VwUmVzdWx0cz0iRmFsc2UiIC8+DQogICAgICA8L1F1ZXJ5U3RyaW5nUGFyYW1ldGVycz4NCiAgICA8L1JlcXVlc3Q+DQogICAgPFJlcXVlc3QgTWV0aG9kPSJHRVQiIEd1aWQ9IjU3NGMyYzk4LTY2OGUtNDUwZC04NDI1LWJlMTIzYjcyODExNiIgVmVyc2lvbj0iMS4xIiBVcmw9Imh0dHBzOi8vZ3cubXlzYXVjZWZhY3RvcnkuY29tL2Rldi9teXNhdWNlLWFwaS1wcm94eS1kZXYvdjEuMC9kb2N1bWVudHMvcHVyY2hhc2VoaXN0b3J5IiBUaGlua1RpbWU9IjAiIFRpbWVvdXQ9IjMwMCIgUGFyc2VEZXBlbmRlbnRSZXF1ZXN0cz0iVHJ1ZSIgRm9sbG93UmVkaXJlY3RzPSJUcnVlIiBSZWNvcmRSZXN1bHQ9IlRydWUiIENhY2hlPSJGYWxzZSIgUmVzcG9uc2VUaW1lR29hbD0iMCIgRW5jb2Rpbmc9InV0Zi04IiBFeHBlY3RlZEh0dHBTdGF0dXNDb2RlPSIwIiBFeHBlY3RlZFJlc3BvbnNlVXJsPSIiIFJlcG9ydGluZ05hbWU9IiIgSWdub3JlSHR0cFN0YXR1c0NvZGU9IkZhbHNlIj4NCiAgICAgIDxIZWFkZXJzPg0KICAgICAgICA8SGVhZGVyIE5hbWU9IkFjY2VwdCIgVmFsdWU9IiovKiIgLz4NCiAgICAgICAgPEhlYWRlciBOYW1lPSJSZWZlcmVyIiBWYWx1ZT0iaHR0cDovL215c2F1Y2VmYWN0b3J5LWRlbW8uYXp1cmV3ZWJzaXRlcy5uZXQvbXlwYWdlLyIgLz4NCiAgICAgIDwvSGVhZGVycz4NCiAgICAgIDxRdWVyeVN0cmluZ1BhcmFtZXRlcnM+DQogICAgICAgIDxRdWVyeVN0cmluZ1BhcmFtZXRlciBOYW1lPSJVc2VySWQiIFZhbHVlPSIyZTA2Yzk1MC1hMzg1LTQ0YzQtZjM1My0wOGQ0MTUwZGVhZjIiIFJlY29yZGVkVmFsdWU9IjJlMDZjOTUwLWEzODUtNDRjNC1mMzUzLTA4ZDQxNTBkZWFmMiIgQ29ycmVsYXRpb25CaW5kaW5nPSIiIFVybEVuY29kZT0iRmFsc2UiIFVzZVRvR3JvdXBSZXN1bHRzPSJGYWxzZSIgLz4NCiAgICAgICAgPFF1ZXJ5U3RyaW5nUGFyYW1ldGVyIE5hbWU9ImFzYyIgVmFsdWU9ImZhbHNlIiBSZWNvcmRlZFZhbHVlPSJmYWxzZSIgQ29ycmVsYXRpb25CaW5kaW5nPSIiIFVybEVuY29kZT0iRmFsc2UiIFVzZVRvR3JvdXBSZXN1bHRzPSJGYWxzZSIgLz4NCiAgICAgICAgPFF1ZXJ5U3RyaW5nUGFyYW1ldGVyIE5hbWU9Il8iIFZhbHVlPSIxNDgwNjY2OTY4ODg1IiBSZWNvcmRlZFZhbHVlPSIxNDgwNjY2OTY4ODg1IiBDb3JyZWxhdGlvbkJpbmRpbmc9IiIgVXJsRW5jb2RlPSJGYWxzZSIgVXNlVG9Hcm91cFJlc3VsdHM9IkZhbHNlIiAvPg0KICAgICAgPC9RdWVyeVN0cmluZ1BhcmFtZXRlcnM+DQogICAgPC9SZXF1ZXN0Pg0KICA8L0l0ZW1zPg0KICA8VmFsaWRhdGlvblJ1bGVzPg0KICAgIDxWYWxpZGF0aW9uUnVsZSBDbGFzc25hbWU9Ik1pY3Jvc29mdC5WaXN1YWxTdHVkaW8uVGVzdFRvb2xzLldlYlRlc3RpbmcuUnVsZXMuVmFsaWRhdGVSZXNwb25zZVVybCwgTWljcm9zb2Z0LlZpc3VhbFN0dWRpby5RdWFsaXR5VG9vbHMuV2ViVGVzdEZyYW1ld29yaywgVmVyc2lvbj0xMC4wLjAuMCwgQ3VsdHVyZT1uZXV0cmFsLCBQdWJsaWNLZXlUb2tlbj1iMDNmNWY3ZjExZDUwYTNhIiBEaXNwbGF5TmFtZT0i5b+c562UIFVSTCIgRGVzY3JpcHRpb249IuODquODgOOCpOODrOOCr+ODiOW+jOOBruW/nOetlCBVUkwg44GM44CB6KiY6Yyy44GV44KM44Gf5b+c562UIFVSTCDjgajlkIzjgZjjgYvjganjgYbjgYvjgpLmpJzoqLzjgZfjgb7jgZnjgIJRdWVyeVN0cmluZyDjg5Hjg6njg6Hjg7zjgr/jg7zjga/nhKHoppbjgZXjgozjgb7jgZnjgIIiIExldmVsPSJMb3ciIEV4ZWN0dWlvbk9yZGVyPSJCZWZvcmVEZXBlbmRlbnRzIiAvPg0KICAgIDxWYWxpZGF0aW9uUnVsZSBDbGFzc25hbWU9Ik1pY3Jvc29mdC5WaXN1YWxTdHVkaW8uVGVzdFRvb2xzLldlYlRlc3RpbmcuUnVsZXMuVmFsaWRhdGlvblJ1bGVSZXNwb25zZVRpbWVHb2FsLCBNaWNyb3NvZnQuVmlzdWFsU3R1ZGlvLlF1YWxpdHlUb29scy5XZWJUZXN0RnJhbWV3b3JrLCBWZXJzaW9uPTEwLjAuMC4wLCBDdWx0dXJlPW5ldXRyYWwsIFB1YmxpY0tleVRva2VuPWIwM2Y1ZjdmMTFkNTBhM2EiIERpc3BsYXlOYW1lPSLlv5znrZTmmYLplpPjga7nm67mqJkiIERlc2NyaXB0aW9uPSLopoHmsYLjga7lv5znrZTmmYLplpPjgYzjgIHopoHmsYLjgafmjIflrprjgZXjgozjgZ/nm67mqJnlgKTku6XkuIvjgafjgYLjgovjgYvjganjgYbjgYvmpJzoqLzjgZfjgb7jgZnjgILlv5znrZTmmYLplpPjga7nm67mqJnlgKTjgYwgMCDjga7loLTlkIjjgIHjgZPjga7nm67mqJnlgKTjga/nhKHoppbjgZXjgozjgb7jgZnjgIIiIExldmVsPSJMb3ciIEV4ZWN0dWlvbk9yZGVyPSJBZnRlckRlcGVuZGVudHMiPg0KICAgICAgPFJ1bGVQYXJhbWV0ZXJzPg0KICAgICAgICA8UnVsZVBhcmFtZXRlciBOYW1lPSJUb2xlcmFuY2UiIFZhbHVlPSIwIiAvPg0KICAgICAgPC9SdWxlUGFyYW1ldGVycz4NCiAgICA8L1ZhbGlkYXRpb25SdWxlPg0KICA8L1ZhbGlkYXRpb25SdWxlcz4NCjwvV2ViVGVzdD4=">
      <Execution id="b1f296f3-42b6-4918-b58a-2689d6274516" />
    </WebTest>
  </TestDefinitions>
  <TestLists>
    <TestList name="一覧に存在しない結果" id="8c84fa94-04c1-424b-9868-57a2d4851a1d" />
    <TestList name="読み込まれたすべての結果" id="19431567-8539-422a-85d7-44ee4e166bda" />
  </TestLists>
  <TestEntries>
    <TestEntry isTransparent="false" testId="a20ed876-00c3-4cdb-8138-c57f398c88d8" executionId="b1f296f3-42b6-4918-b58a-2689d6274516" testListId="8c84fa94-04c1-424b-9868-57a2d4851a1d" />
  </TestEntries>
  <Results>
    <WebTestResult executionId="b1f296f3-42b6-4918-b58a-2689d6274516" testId="a20ed876-00c3-4cdb-8138-c57f398c88d8" testName="WebTest1" computerName="MATVAIO" duration="00:00:13.6538147" startTime="2016-12-02T17:29:02.4900077+09:00" endTime="2016-12-02T17:29:26.7853751+09:00" testType="4e7599fa-5ecb-43e9-a887-cd63cf72d207" outcome="Failed" testListId="8c84fa94-04c1-424b-9868-57a2d4851a1d" relativeResultsDirectory="b1f296f3-42b6-4918-b58a-2689d6274516">
      <Output>
        <ErrorInfo>
          <Message>12 件のプライマリ要求、5 件の依存要求、および 0 件の条件付き規則に失敗しました</Message>
        </ErrorInfo>
      </Output>
      <ResultFiles>
        <ResultFile path="WebTest1.webtestResult" />
      </ResultFiles>
      <TestSettings name="ローカル" id="af615b3f-2787-4d40-8c72-eb877e5b5b59">
        <Description>これらはローカル テスト実行用の既定のテスト設定です。</Description>
        <Execution>
          <TestTypeSpecific>
            <WebTestRunConfiguration testTypeId="4e7599fa-5ecb-43e9-a887-cd63cf72d207">
              <Browser name="Internet Explorer 9.0" MaxConnections="6">
                <Headers>
                  <Header name="User-Agent" value="Mozilla/5.0 (compatible; MSIE 9.0; Windows NT 6.1; Trident/5.0)" />
                  <Header name="Accept" value="*/*" />
                  <Header name="Accept-Language" value="{{$IEAcceptLanguage}}" />
                  <Header name="Accept-Encoding" value="GZIP" />
                </Headers>
              </Browser>
            </WebTestRunConfiguration>
          </TestTypeSpecific>
          <AgentRule name="Execution Agents">
          </AgentRule>
        </Execution>
        <Deployment runDeploymentRoot="yuta_MATVAIO 2016-12-02 17_29_02" />
        <Properties>
          <Property name="TestSettingsUIType" value="LoadTest" />
        </Properties>
      </TestSettings>
      <WebTestResultFilePath>yuta_MATVAIO 2016-12-02 17_29_02\In\b1f296f3-42b6-4918-b58a-2689d6274516\WebTest1.webtestResult</WebTestResultFilePath>
    </WebTestResult>
  </Results>
</TestRun>